-*- mode: compilation; default-directory: "~/projects/rusticate/" -*-
Compilation started at Wed Dec 10 06:39:09

cd /home/milnes/projects/rusticate && ./target/release/rusticate-mirify -C /home/milnes/projects/RustCodebases --clean --clean-artifacts -j 6
rusticate-mirify
=================
Codebase: /home/milnes/projects/RustCodebases
Jobs: 6

Found 2682 projects

  [CLEAN+BUILD] AEADs ... OK+CLEANED (10.71s)
  [CLEAN+BUILD] aead-stream ... OK+CLEANED (1.46s)
  [CLEAN+BUILD] aes-gcm ... OK+CLEANED (9.10s)
  [CLEAN+BUILD] aes-gcm-siv ... OK+CLEANED (2.05s)
  [CLEAN+BUILD] aes-siv ... OK+CLEANED (2.18s)
  [CLEAN+BUILD] ascon-aead128 ... OK+CLEANED (2.39s)
  [CLEAN+BUILD] belt-dwp ... OK+CLEANED (1.87s)
  [CLEAN+BUILD] benches ... OK+CLEANED (0.15s)
  [CLEAN+BUILD] ccm ... OK+CLEANED (4.51s)
  [CLEAN+BUILD] chacha20poly1305 ... OK+CLEANED (2.44s)
  [CLEAN+BUILD] deoxys ... OK+CLEANED (3.01s)
  [CLEAN+BUILD] eax ... OK+CLEANED (2.51s)
  [CLEAN+BUILD] mgm ... OK+CLEANED (2.16s)
  [CLEAN+BUILD] ocb3 ... OK+CLEANED (2.94s)
  [CLEAN+BUILD] xaes-256-gcm ... OK+CLEANED (2.55s)
  [CLEAN+BUILD] BLAKE3 ... OK+CLEANED (7.45s)
  [CLEAN+BUILD] b3sum ... OK+CLEANED (5.54s)
  [CLEAN+BUILD] reference_impl ... OK+CLEANED (0.22s)
  [CLEAN+BUILD] test_vectors ... OK+CLEANED (5.68s)
  [CLEAN+BUILD] Figment ... FAILED: Build failed (see rusticate-mirify.errs) (7.06s)
  [CLEAN+BUILD] HdrHistogram_rust ... OK+CLEANED (93.23s)
  [CLEAN+BUILD] KDFs ... OK+CLEANED (19.53s)
  [CLEAN+BUILD] ansi-x963-kdf ... OK+CLEANED (3.25s)
  [CLEAN+BUILD] bake-kdf ... OK+CLEANED (2.30s)
  [CLEAN+BUILD] hkdf ... OK+CLEANED (3.80s)
  [CLEAN+BUILD] kbkdf ... OK+CLEANED (18.43s)
  [CLEAN+BUILD] one-step-kdf ... OK+CLEANED (3.17s)
  [CLEAN+BUILD] MACs ... OK+CLEANED (8.90s)
  [CLEAN+BUILD] belt-mac ... OK+CLEANED (2.15s)
  [CLEAN+BUILD] cbc-mac ... OK+CLEANED (2.42s)
  [CLEAN+BUILD] cmac ... OK+CLEANED (8.38s)
  [CLEAN+BUILD] hmac ... OK+CLEANED (3.06s)
  [CLEAN+BUILD] pmac ... OK+CLEANED (2.65s)
  [CLEAN+BUILD] retail-mac ... OK+CLEANED (2.44s)
  [CLEAN+BUILD] Pear ... OK+CLEANED (8.69s)
  [CLEAN+BUILD] codegen ... OK+CLEANED (4.28s)
  [CLEAN+BUILD] lib ... OK+CLEANED (4.26s)
  [CLEAN+BUILD] RSA ... OK+CLEANED (27.15s)
  [CLEAN+BUILD] TinyTemplate ... OK+CLEANED (9.09s)
  [CLEAN+BUILD] fuzz ... OK+CLEANED (0.17s)
  [CLEAN+BUILD] ab-glyph ... OK+CLEANED (11.60s)
  [CLEAN+BUILD] dev ... OK+CLEANED (10.52s)
  [CLEAN+BUILD] glyph ... OK+CLEANED (1.47s)
  [CLEAN+BUILD] rasterizer ... OK+CLEANED (0.23s)
  [CLEAN+BUILD] actix ... OK+CLEANED (22.40s)
  [CLEAN+BUILD] actix ... OK+CLEANED (6.19s)
  [CLEAN+BUILD] actix-broker ... OK+CLEANED (21.72s)
  [CLEAN+BUILD] actix-derive ... OK+CLEANED (6.88s)
  [CLEAN+BUILD] actix-net ... OK+CLEANED (30.40s)
  [CLEAN+BUILD] actix-codec ... OK+CLEANED (8.03s)
  [CLEAN+BUILD] actix-macros ... OK+CLEANED (6.56s)
  [CLEAN+BUILD] actix-rt ... OK+CLEANED (6.84s)
  [CLEAN+BUILD] actix-server ... OK+CLEANED (8.59s)
  [CLEAN+BUILD] actix-service ... OK+CLEANED (4.42s)
  [CLEAN+BUILD] actix-tls ... OK+CLEANED (21.83s)
  [CLEAN+BUILD] actix-tracing ... OK+CLEANED (4.87s)
  [CLEAN+BUILD] actix-utils ... OK+CLEANED (3.82s)
  [CLEAN+BUILD] bytestring ... OK+CLEANED (2.21s)
  [CLEAN+BUILD] local-channel ... OK+CLEANED (4.06s)
  [CLEAN+BUILD] local-waker ... OK+CLEANED (0.19s)
  [CLEAN+BUILD] actix-web ... FAILED: Build failed (see rusticate-mirify.errs) (4.66s)
  [CLEAN+BUILD] actix-files ... OK+CLEANED (21.85s)
  [CLEAN+BUILD] actix-http ... FAILED: Build failed (see rusticate-mirify.errs) (5.45s)
  [CLEAN+BUILD] actix-http-test ... OK+CLEANED (10.75s)
  [CLEAN+BUILD] actix-multipart ... OK+CLEANED (26.98s)
  [CLEAN+BUILD] actix-multipart-derive ... OK+CLEANED (23.90s)
  [CLEAN+BUILD] actix-router ... OK+CLEANED (8.72s)
  [CLEAN+BUILD] actix-test ... OK+CLEANED (16.22s)
  [CLEAN+BUILD] actix-web ... FAILED: Build failed (see rusticate-mirify.errs) (6.00s)
  [CLEAN+BUILD] actix-web-actors ... OK+CLEANED (24.88s)
  [CLEAN+BUILD] actix-web-codegen ... OK+CLEANED (25.08s)
  [CLEAN+BUILD] awc ... FAILED: Build failed (see rusticate-mirify.errs) (6.88s)
  [CLEAN+BUILD] addr ... OK+CLEANED (13.55s)
  [CLEAN+BUILD] addr2line ... OK+CLEANED (13.80s)
  [CLEAN+BUILD] adler ... OK+CLEANED (9.58s)
  [CLEAN+BUILD] adler2 ... OK+CLEANED (0.24s)
  [CLEAN+BUILD] adler32-rs ... OK+CLEANED (11.02s)
  [CLEAN+BUILD] ahash ... OK+CLEANED (9.86s)
  [CLEAN+BUILD] benchmark_tools ... FAILED: Build failed (see rusticate-mirify.errs) (1.39s)
  [CLEAN+BUILD] compare ... OK+CLEANED (10.42s)
  [CLEAN+BUILD] no_std_test ... FAILED: Build failed (see rusticate-mirify.errs) (1.47s)
  [CLEAN+BUILD] aho-corasick ... OK+CLEANED (2.32s)
  [CLEAN+BUILD] aho-corasick-debug ... OK+CLEANED (2.34s)
  [CLEAN+BUILD] fuzz ... OK+CLEANED (0.16s)
  [CLEAN+BUILD] algebra ... OK+CLEANED (23.54s)
  [CLEAN+BUILD] bench-templates ... OK+CLEANED (15.43s)
  [CLEAN+BUILD] curves ... OK+CLEANED (34.14s)
  [CLEAN+BUILD] ec ... OK+CLEANED (16.79s)
  [CLEAN+BUILD] ff ... OK+CLEANED (20.19s)
  [CLEAN+BUILD] ff-asm ... OK+CLEANED (2.98s)
  [CLEAN+BUILD] ff-macros ... OK+CLEANED (3.33s)
  [CLEAN+BUILD] poly ... OK+CLEANED (18.18s)
  [CLEAN+BUILD] serialize ... OK+CLEANED (15.35s)
  [CLEAN+BUILD] serialize-derive ... OK+CLEANED (2.09s)
  [CLEAN+BUILD] test-curves ... OK+CLEANED (16.84s)
  [CLEAN+BUILD] test-templates ... OK+CLEANED (13.63s)
  [CLEAN+BUILD] aligned-vec ... OK+CLEANED (10.62s)
  [CLEAN+BUILD] allocator-api2 ... OK+CLEANED (0.40s)
  [CLEAN+BUILD] tests ... OK+CLEANED (0.47s)
  [CLEAN+BUILD] android-ndk-rs ... FAILED: Build failed (see rusticate-mirify.errs) (1.44s)
  [CLEAN+BUILD] ndk ... FAILED: Build failed (see rusticate-mirify.errs) (1.44s)
  [CLEAN+BUILD] ndk-sys ... FAILED: Build failed (see rusticate-mirify.errs) (0.19s)
  [CLEAN+BUILD] android-tzdata ... OK+CLEANED (8.13s)
  [CLEAN+BUILD] android_log-sys-rs ... OK+CLEANED (0.24s)
  [CLEAN+BUILD] api_gen ... OK+CLEANED (6.94s)
  [CLEAN+BUILD] android_logger-rs ... OK+CLEANED (3.08s)
  [CLEAN+BUILD] android_system_properties ... OK+CLEANED (0.82s)
  [CLEAN+BUILD] anes-rs ... OK+CLEANED (8.85s)
  [CLEAN+BUILD] anes ... OK+CLEANED (8.15s)
  [CLEAN+BUILD] fuzzer ... OK+CLEANED (0.78s)
  [CLEAN+BUILD] interactive-test ... OK+CLEANED (3.07s)
  [CLEAN+BUILD] annotate-snippets-rs ... OK+CLEANED (7.20s)
  [CLEAN+BUILD] anstyle ... OK+CLEANED (8.80s)
  [CLEAN+BUILD] anyhow ... OK+CLEANED (6.40s)
  [CLEAN+BUILD] approx ... OK+CLEANED (0.96s)
  [CLEAN+BUILD] arbitrary ... OK+CLEANED (1.11s)
  [CLEAN+BUILD] derive ... OK+CLEANED (1.87s)
  [CLEAN+BUILD] fuzz ... OK+CLEANED (0.11s)
  [CLEAN+BUILD] arboard ... OK+CLEANED (4.72s)
  [CLEAN+BUILD] arc-swap ... OK+CLEANED (10.07s)
  [CLEAN+BUILD] arg_enum_proc_macro ... OK+CLEANED (5.46s)
  [CLEAN+BUILD] array-init ... OK+CLEANED (0.20s)
  [CLEAN+BUILD] arraydeque ... OK+CLEANED (0.43s)
  [CLEAN+BUILD] arrayref ... OK+CLEANED (3.51s)
  [CLEAN+BUILD] arrayvec ... OK+CLEANED (2.23s)
  [CLEAN+BUILD] arrow-rs ... OK+CLEANED (57.19s)
  [CLEAN+BUILD] arrow ... OK+CLEANED (18.13s)
  [CLEAN+BUILD] arrow-arith ... OK+CLEANED (10.18s)
  [CLEAN+BUILD] arrow-array ... OK+CLEANED (12.34s)
  [CLEAN+BUILD] arrow-avro ... OK+CLEANED (23.78s)
  [CLEAN+BUILD] arrow-buffer ... OK+CLEANED (8.09s)
  [CLEAN+BUILD] arrow-cast ... OK+CLEANED (17.54s)
  [CLEAN+BUILD] arrow-csv ... OK+CLEANED (16.75s)
  [CLEAN+BUILD] arrow-data ... OK+CLEANED (5.36s)
  [CLEAN+BUILD] arrow-flight ... OK+CLEANED (20.48s)
  [CLEAN+BUILD] arrow-integration-test ... OK+CLEANED (17.29s)
  [CLEAN+BUILD] arrow-integration-testing ... OK+CLEANED (23.60s)
  [CLEAN+BUILD] arrow-ipc ... OK+CLEANED (13.04s)
  [CLEAN+BUILD] arrow-json ... OK+CLEANED (18.32s)
  [CLEAN+BUILD] arrow-ord ... OK+CLEANED (15.22s)
  [CLEAN+BUILD] arrow-pyarrow ... OK+CLEANED (8.49s)
  [CLEAN+BUILD] arrow-pyarrow-integration-testing ... OK+CLEANED (19.18s)
  [CLEAN+BUILD] arrow-pyarrow-testing ... OK+CLEANED (8.61s)
  [CLEAN+BUILD] arrow-row ... OK+CLEANED (20.24s)
  [CLEAN+BUILD] arrow-schema ... OK+CLEANED (9.85s)
  [CLEAN+BUILD] arrow-select ... OK+CLEANED (14.48s)
  [CLEAN+BUILD] arrow-string ... OK+CLEANED (15.68s)
  [CLEAN+BUILD] parquet ... OK+CLEANED (45.03s)
  [CLEAN+BUILD] parquet-geospatial ... OK+CLEANED (4.50s)
  [CLEAN+BUILD] parquet-variant ... OK+CLEANED (10.04s)
  [CLEAN+BUILD] parquet-variant-compute ... OK+CLEANED (21.93s)
  [CLEAN+BUILD] parquet-variant-json ... OK+CLEANED (6.16s)
  [CLEAN+BUILD] parquet_derive ... OK+CLEANED (10.89s)
  [CLEAN+BUILD] parquet_derive_test ... OK+CLEANED (14.16s)
  [CLEAN+BUILD] arrow-rs-object-store ... FAILED: Build failed (see rusticate-mirify.errs) (5.31s)
  [CLEAN+BUILD] ascii-canvas ... OK+CLEANED (0.65s)
  [CLEAN+BUILD] ascii_utils ... OK+CLEANED (0.26s)
  [CLEAN+BUILD] ash ... OK+CLEANED (30.18s)
  [CLEAN+BUILD] analysis ... OK+CLEANED (0.25s)
  [CLEAN+BUILD] ash ... OK+CLEANED (11.67s)
  [CLEAN+BUILD] ash-examples ... OK+CLEANED (16.29s)
  [CLEAN+BUILD] ash-rewrite ... OK+CLEANED (0.43s)
  [CLEAN+BUILD] ash-window ... OK+CLEANED (13.51s)
  [CLEAN+BUILD] generator ... OK+CLEANED (8.63s)
  [CLEAN+BUILD] generator-rewrite ... OK+CLEANED (0.20s)
  [CLEAN+BUILD] askama ... OK+CLEANED (14.36s)
  [CLEAN+BUILD] askama ... OK+CLEANED (10.46s)
  [CLEAN+BUILD] askama_derive ... OK+CLEANED (9.52s)
  [CLEAN+BUILD] askama_escape ... OK+CLEANED (8.32s)
  [CLEAN+BUILD] askama_macros ... OK+CLEANED (7.61s)
  [CLEAN+BUILD] askama_parser ... OK+CLEANED (9.94s)
  [CLEAN+BUILD] bench-build ... OK+CLEANED (9.17s)
  [CLEAN+BUILD] fuzzing ... OK+CLEANED (12.09s)
  [CLEAN+BUILD] testing ... OK+CLEANED (13.60s)
  [CLEAN+BUILD] testing-alloc ... OK+CLEANED (5.64s)
  [CLEAN+BUILD] testing-no-std ... OK+CLEANED (5.98s)
  [CLEAN+BUILD] testing-renamed ... OK+CLEANED (5.33s)
  [CLEAN+BUILD] asn1-rs ... OK+CLEANED (9.11s)
  [CLEAN+BUILD] derive ... OK+CLEANED (2.82s)
  [CLEAN+BUILD] impl ... OK+CLEANED (2.11s)
  [CLEAN+BUILD] assert-json-diff ... OK+CLEANED (5.43s)
  [CLEAN+BUILD] assert_cmd ... OK+CLEANED (5.99s)
  [CLEAN+BUILD] assert_matches ... OK+CLEANED (0.20s)
  [CLEAN+BUILD] async ... OK+CLEANED (2.46s)
  [CLEAN+BUILD] async-attributes ... OK+CLEANED (5.28s)
  [CLEAN+BUILD] async-broadcast ... OK+CLEANED (6.93s)
  [CLEAN+BUILD] async-channel ... OK+CLEANED (1.01s)
  [CLEAN+BUILD] async-compression ... OK+CLEANED (10.80s)
  [CLEAN+BUILD] async-executor ... OK+CLEANED (6.93s)
  [CLEAN+BUILD] async-fs ... OK+CLEANED (1.05s)
  [CLEAN+BUILD] async-global-executor ... OK+CLEANED (2.83s)
  [CLEAN+BUILD] async-graphql ... FAILED: Build failed (see rusticate-mirify.errs) (22.63s)
  [CLEAN+BUILD] derive ... OK+CLEANED (11.10s)
  [CLEAN+BUILD] parser ... OK+CLEANED (6.47s)
  [CLEAN+BUILD] value ... OK+CLEANED (5.28s)
  [CLEAN+BUILD] async-io ... OK+CLEANED (10.03s)
  [CLEAN+BUILD] async-lock ... OK+CLEANED (2.20s)
  [CLEAN+BUILD] async-net ... OK+CLEANED (3.91s)
  [CLEAN+BUILD] async-object-pool ... OK+CLEANED (0.91s)
  [CLEAN+BUILD] async-process ... OK+CLEANED (4.48s)
  [CLEAN+BUILD] async-recursion ... OK+CLEANED (6.41s)
  [CLEAN+BUILD] async-signal ... OK+CLEANED (3.62s)
  [CLEAN+BUILD] async-std ... OK+CLEANED (9.33s)
  [CLEAN+BUILD] async-stream ... OK+CLEANED (10.29s)
  [CLEAN+BUILD] async-stream ... OK+CLEANED (8.88s)
  [CLEAN+BUILD] async-stream-impl ... OK+CLEANED (6.44s)
  [CLEAN+BUILD] async-task ... OK+CLEANED (5.20s)
  [CLEAN+BUILD] async-trait ... OK+CLEANED (9.43s)
  [CLEAN+BUILD] asynchronous-codec ... OK+CLEANED (6.63s)
  [CLEAN+BUILD] atoi-rs ... FAILED: Build failed (see rusticate-mirify.errs) (1.33s)
  [CLEAN+BUILD] atomic-rs ... OK+CLEANED (5.70s)
  [CLEAN+BUILD] atomic-waker ... OK+CLEANED (9.38s)
  [CLEAN+BUILD] attohttpc ... FAILED: Build failed (see rusticate-mirify.errs) (5.80s)
  [CLEAN+BUILD] attribute-derive ... OK+CLEANED (6.70s)
  [CLEAN+BUILD] example ... OK+CLEANED (11.24s)
  [CLEAN+BUILD] macro ... OK+CLEANED (3.56s)
  [CLEAN+BUILD] atty ... OK+CLEANED (1.00s)
  [CLEAN+BUILD] auto_impl ... OK+CLEANED (8.27s)
  [CLEAN+BUILD] autocfg ... OK+CLEANED (0.98s)
  [CLEAN+BUILD] av1-grain ... OK+CLEANED (5.97s)
  [CLEAN+BUILD] avif-serialize ... OK+CLEANED (3.30s)
  [CLEAN+BUILD] axum ... OK+CLEANED (30.84s)
  [CLEAN+BUILD] axum ... OK+CLEANED (23.96s)
  [CLEAN+BUILD] axum-core ... OK+CLEANED (14.14s)
  [CLEAN+BUILD] axum-extra ... OK+CLEANED (13.67s)
  [CLEAN+BUILD] axum-macros ... OK+CLEANED (13.93s)
  [CLEAN+BUILD] examples ... FAILED: Build failed (see rusticate-mirify.errs) (28.11s)
  [CLEAN+BUILD] azure-sdk-for-rust ... FAILED: Build failed (see rusticate-mirify.errs) (6.36s)
  [CLEAN+BUILD] backoff ... FAILED: Build failed (see rusticate-mirify.errs) (4.68s)
  [CLEAN+BUILD] backon ... FAILED: Build failed (see rusticate-mirify.errs) (5.25s)
  [CLEAN+BUILD] backon ... FAILED: Build failed (see rusticate-mirify.errs) (4.80s)
  [CLEAN+BUILD] backon-macros ... OK+CLEANED (6.25s)
  [CLEAN+BUILD] backtrace-rs ... OK+CLEANED (3.40s)
  [CLEAN+BUILD] base-x-rs ... OK+CLEANED (2.37s)
  [CLEAN+BUILD] base32 ... OK+CLEANED (3.38s)
  [CLEAN+BUILD] basic-toml ... OK+CLEANED (4.89s)
  [CLEAN+BUILD] bb8 ... OK+CLEANED (13.79s)
  [CLEAN+BUILD] bb8 ... OK+CLEANED (5.36s)
  [CLEAN+BUILD] postgres ... OK+CLEANED (7.56s)
  [CLEAN+BUILD] redis ... OK+CLEANED (12.32s)
  [CLEAN+BUILD] beef ... OK+CLEANED (3.53s)
  [CLEAN+BUILD] bigdecimal-rs ... OK+CLEANED (4.92s)
  [CLEAN+BUILD] bimap-rs ... OK+CLEANED (2.80s)
  [CLEAN+BUILD] bit-set ... OK+CLEANED (2.30s)
  [CLEAN+BUILD] bit-vec ... OK+CLEANED (2.31s)
  [CLEAN+BUILD] bitflags ... OK+CLEANED (7.37s)
  [CLEAN+BUILD] bitmaps ... OK+CLEANED (5.35s)
  [CLEAN+BUILD] bitstream-io ... OK+CLEANED (1.26s)
  [CLEAN+BUILD] bitvec ... FAILED: Build failed (see rusticate-mirify.errs) (1.76s)
  [CLEAN+BUILD] blake2_simd ... OK+CLEANED (4.53s)
  [CLEAN+BUILD] blake2_bin ... OK+CLEANED (4.82s)
  [CLEAN+BUILD] blake2b ... OK+CLEANED (0.69s)
  [CLEAN+BUILD] blake2s ... OK+CLEANED (0.89s)
  [CLEAN+BUILD] run_all_tests ... OK+CLEANED (0.19s)
  [CLEAN+BUILD] block-ciphers ... OK+CLEANED (14.11s)
  [CLEAN+BUILD] aes ... OK+CLEANED (8.48s)
  [CLEAN+BUILD] aria ... OK+CLEANED (2.65s)
  [CLEAN+BUILD] belt-block ... OK+CLEANED (2.77s)
  [CLEAN+BUILD] blowfish ... OK+CLEANED (2.75s)
  [CLEAN+BUILD] camellia ... OK+CLEANED (4.38s)
  [CLEAN+BUILD] cast5 ... OK+CLEANED (3.08s)
  [CLEAN+BUILD] cast6 ... OK+CLEANED (2.24s)
  [CLEAN+BUILD] des ... OK+CLEANED (3.37s)
  [CLEAN+BUILD] gift ... OK+CLEANED (2.35s)
  [CLEAN+BUILD] idea ... OK+CLEANED (2.48s)
  [CLEAN+BUILD] kuznyechik ... OK+CLEANED (9.48s)
  [CLEAN+BUILD] magma ... OK+CLEANED (2.85s)
  [CLEAN+BUILD] rc2 ... OK+CLEANED (2.53s)
  [CLEAN+BUILD] rc5 ... OK+CLEANED (3.14s)
  [CLEAN+BUILD] rc6 ... OK+CLEANED (3.70s)
  [CLEAN+BUILD] serpent ... OK+CLEANED (4.18s)
  [CLEAN+BUILD] sm4 ... OK+CLEANED (2.31s)
  [CLEAN+BUILD] speck ... OK+CLEANED (2.91s)
  [CLEAN+BUILD] threefish ... OK+CLEANED (2.87s)
  [CLEAN+BUILD] twofish ... OK+CLEANED (2.80s)
  [CLEAN+BUILD] xtea ... OK+CLEANED (2.52s)
  [CLEAN+BUILD] block-modes ... OK+CLEANED (11.78s)
  [CLEAN+BUILD] belt-ctr ... OK+CLEANED (3.30s)
  [CLEAN+BUILD] cbc ... OK+CLEANED (4.33s)
  [CLEAN+BUILD] cfb-mode ... OK+CLEANED (3.73s)
  [CLEAN+BUILD] cfb8 ... OK+CLEANED (2.97s)
  [CLEAN+BUILD] ctr ... OK+CLEANED (9.53s)
  [CLEAN+BUILD] cts ... OK+CLEANED (3.22s)
  [CLEAN+BUILD] ige ... OK+CLEANED (3.23s)
  [CLEAN+BUILD] ofb ... OK+CLEANED (4.05s)
  [CLEAN+BUILD] pcbc ... OK+CLEANED (3.09s)
  [CLEAN+BUILD] blocking ... OK+CLEANED (1.29s)
  [CLEAN+BUILD] bollard ... OK+CLEANED (19.97s)
  [CLEAN+BUILD] borsh-rs ... OK+CLEANED (11.36s)
  [CLEAN+BUILD] benchmarks ... OK+CLEANED (9.36s)
  [CLEAN+BUILD] borsh ... OK+CLEANED (3.34s)
  [CLEAN+BUILD] borsh-derive ... OK+CLEANED (3.73s)
  [CLEAN+BUILD] bs58-rs ... OK+CLEANED (8.14s)
  [CLEAN+BUILD] cli ... OK+CLEANED (3.68s)
  [CLEAN+BUILD] bstr ... OK+CLEANED (2.41s)
  [CLEAN+BUILD] bench ... OK+CLEANED (6.59s)
  [CLEAN+BUILD] buf_redux ... OK+CLEANED (1.29s)
  [CLEAN+BUILD] build_const ... OK+CLEANED (0.16s)
  [CLEAN+BUILD] built ... OK+CLEANED (1.70s)
  [CLEAN+BUILD] example_project ... OK+CLEANED (12.31s)
  [CLEAN+BUILD] semver_check ... OK+CLEANED (12.35s)
  [CLEAN+BUILD] bumpalo ... OK+CLEANED (8.03s)
  [CLEAN+BUILD] byte-unit ... OK+CLEANED (2.27s)
  [CLEAN+BUILD] bytecheck ... OK+CLEANED (3.49s)
  [CLEAN+BUILD] bytecheck ... OK+CLEANED (3.31s)
  [CLEAN+BUILD] bytecheck_derive ... OK+CLEANED (2.22s)
  [CLEAN+BUILD] bytecount ... OK+CLEANED (7.39s)
  [CLEAN+BUILD] bytemuck ... OK+CLEANED (0.41s)
  [CLEAN+BUILD] contiguous_bitset ... FAILED: Build failed (see rusticate-mirify.errs) (0.12s)
  [CLEAN+BUILD] derive ... OK+CLEANED (3.22s)
  [CLEAN+BUILD] byteorder ... OK+CLEANED (3.31s)
  [CLEAN+BUILD] byteorder-lite ... OK+CLEANED (3.43s)
  [CLEAN+BUILD] bytes ... OK+CLEANED (5.50s)
  [CLEAN+BUILD] bytes-num-slice-cast ... OK+CLEANED (0.34s)
  [CLEAN+BUILD] bytes-utils ... OK+CLEANED (5.00s)
  [CLEAN+BUILD] bytesize ... OK+CLEANED (6.66s)
  [CLEAN+BUILD] ensure-no-std ... FAILED: Build failed (see rusticate-mirify.errs) (0.24s)
  [CLEAN+BUILD] bzip2-rs ... OK+CLEANED (4.02s)
  [CLEAN+BUILD] bzip2-sys ... OK+CLEANED (1.37s)
  [CLEAN+BUILD] cache-padded ... OK+CLEANED (0.22s)
  [CLEAN+BUILD] cached ... OK+CLEANED (10.53s)
  [CLEAN+BUILD] cached_proc_macro ... OK+CLEANED (5.47s)
  [CLEAN+BUILD] cached_proc_macro_types ... OK+CLEANED (0.21s)
  [CLEAN+BUILD] cadence ... OK+CLEANED (1.75s)
  [CLEAN+BUILD] cadence ... OK+CLEANED (1.70s)
  [CLEAN+BUILD] cadence-macros ... OK+CLEANED (1.42s)
  [CLEAN+BUILD] calloop ... OK+CLEANED (12.09s)
  [CLEAN+BUILD] doc ... OK+CLEANED (19.44s)
  [CLEAN+BUILD] calloop-wayland-source ... OK+CLEANED (7.00s)
  [CLEAN+BUILD] camino ... OK+CLEANED (6.31s)
  [CLEAN+BUILD] camino-examples ... OK+CLEANED (12.44s)
  [CLEAN+BUILD] cargo ... FAILED: Build failed (see rusticate-mirify.errs) (0.63s)
  [CLEAN+BUILD] cargo_metadata ... OK+CLEANED (8.37s)
  [CLEAN+BUILD] cassowary-rs ... OK+CLEANED (0.72s)
  [CLEAN+BUILD] cast.rs ... OK+CLEANED (5.46s)
  [CLEAN+BUILD] castaway ... OK+CLEANED (1.03s)
  [CLEAN+BUILD] cavif-rs ... FAILED: Build failed (see rusticate-mirify.errs) (19.56s)
  [CLEAN+BUILD] ravif ... FAILED: Build failed (see rusticate-mirify.errs) (18.48s)
  [CLEAN+BUILD] cbindgen ... OK+CLEANED (14.90s)
  [CLEAN+BUILD] cbor ... OK+CLEANED (5.25s)
  [CLEAN+BUILD] fuzz ... OK+CLEANED (11.41s)
  [CLEAN+BUILD] cc-rs ... FAILED: Build failed (see rusticate-mirify.errs) (1.30s)
  [CLEAN+BUILD] find-msvc-tools ... OK+CLEANED (0.18s)
  [CLEAN+BUILD] cesu8-rs ... OK+CLEANED (0.22s)
  [CLEAN+BUILD] cfg-expr ... OK+CLEANED (1.87s)
  [CLEAN+BUILD] update ... OK+CLEANED (0.22s)
  [CLEAN+BUILD] cfg-if ... OK+CLEANED (0.17s)
  [CLEAN+BUILD] cfg_aliases ... OK+CLEANED (0.23s)
  [CLEAN+BUILD] chrono ... OK+CLEANED (12.05s)
  [CLEAN+BUILD] bench ... OK+CLEANED (7.74s)
  [CLEAN+BUILD] fuzz ... OK+CLEANED (5.47s)
  [CLEAN+BUILD] chrono-tz ... OK+CLEANED (3.48s)
  [CLEAN+BUILD] chrono-tz ... OK+CLEANED (3.17s)
  [CLEAN+BUILD] chrono-tz-build ... OK+CLEANED (0.57s)
  [CLEAN+BUILD] parse-zoneinfo ... OK+CLEANED (2.18s)
  [CLEAN+BUILD] ciborium ... OK+CLEANED (8.50s)
  [CLEAN+BUILD] ciborium ... OK+CLEANED (8.31s)
  [CLEAN+BUILD] ciborium-io ... OK+CLEANED (0.21s)
  [CLEAN+BUILD] ciborium-ll ... OK+CLEANED (4.34s)
  [CLEAN+BUILD] clang-sys ... FAILED: Build failed (see rusticate-mirify.errs) (1.26s)
  [CLEAN+BUILD] bindgen-test ... OK+CLEANED (7.97s)
  [CLEAN+BUILD] clap ... OK+CLEANED (12.97s)
  [CLEAN+BUILD] clap_bench ... OK+CLEANED (4.21s)
  [CLEAN+BUILD] clap_builder ... OK+CLEANED (6.81s)
  [CLEAN+BUILD] clap_complete ... OK+CLEANED (11.49s)
  [CLEAN+BUILD] clap_complete_nushell ... OK+CLEANED (8.88s)
  [CLEAN+BUILD] clap_derive ... OK+CLEANED (2.83s)
  [CLEAN+BUILD] clap_lex ... OK+CLEANED (2.40s)
  [CLEAN+BUILD] clap_mangen ... OK+CLEANED (2.60s)
  [CLEAN+BUILD] client-toolkit ... FAILED: Build failed (see rusticate-mirify.errs) (8.82s)
  [CLEAN+BUILD] client_rust ... OK+CLEANED (29.19s)
  [CLEAN+BUILD] derive-encode ... FAILED: Build failed (see rusticate-mirify.errs) (7.78s)
  [CLEAN+BUILD] clipboard-win ... FAILED: Build failed (see rusticate-mirify.errs) (0.27s)
  [CLEAN+BUILD] rust ... OK+CLEANED (0.49s)
  [CLEAN+BUILD] clru-rs ... OK+CLEANED (0.68s)
  [CLEAN+BUILD] cmake-rs ... OK+CLEANED (0.87s)
  [CLEAN+BUILD] test-crate ... FAILED: Build failed (see rusticate-mirify.errs) (1.24s)
  [CLEAN+BUILD] cobs.rs ... OK+CLEANED (4.05s)
  [CLEAN+BUILD] codespan ... OK+CLEANED (11.48s)
  [CLEAN+BUILD] codespan ... OK+CLEANED (0.77s)
  [CLEAN+BUILD] codespan-lsp ... OK+CLEANED (9.78s)
  [CLEAN+BUILD] codespan-reporting ... OK+CLEANED (3.84s)
  [CLEAN+BUILD] collection_literals ... OK+CLEANED (0.44s)
  [CLEAN+BUILD] color_quant ... OK+CLEANED (0.20s)
  [CLEAN+BUILD] colored ... OK+CLEANED (5.21s)
  [CLEAN+BUILD] combine ... OK+CLEANED (16.38s)
  [CLEAN+BUILD] comfy-table ... OK+CLEANED (10.81s)
  [CLEAN+BUILD] compact_str ... OK+CLEANED (30.95s)
  [CLEAN+BUILD] bench ... OK+CLEANED (7.12s)
  [CLEAN+BUILD] compact_str ... OK+CLEANED (13.07s)
  [CLEAN+BUILD] fuzz ... OK+CLEANED (4.70s)
  [CLEAN+BUILD] compiler-builtins ... FAILED: Build failed (see rusticate-mirify.errs) (5.13s)
  [CLEAN+BUILD] builtins-shim ... OK+CLEANED (0.21s)
  [CLEAN+BUILD] builtins-test ... FAILED: Build failed (see rusticate-mirify.errs) (4.41s)
  [CLEAN+BUILD] builtins-test-intrinsics ... FAILED: Build failed (see rusticate-mirify.errs) (1.19s)
  [CLEAN+BUILD] compiler-builtins ... FAILED: Build failed (see rusticate-mirify.errs) (0.14s)
  [CLEAN+BUILD] libm ... OK+CLEANED (5.25s)
  [CLEAN+BUILD] libm-test ... FAILED: Build failed (see rusticate-mirify.errs) (8.39s)
  [CLEAN+BUILD] concurrent-queue ... OK+CLEANED (9.89s)
  [CLEAN+BUILD] config-rs ... OK+CLEANED (25.18s)
  [CLEAN+BUILD] configparser-rs ... OK+CLEANED (5.55s)
  [CLEAN+BUILD] console ... OK+CLEANED (6.11s)
  [CLEAN+BUILD] console_error_panic_hook ... OK+CLEANED (5.60s)
  [CLEAN+BUILD] console_log ... OK+CLEANED (7.77s)
  [CLEAN+BUILD] const-hex ... OK+CLEANED (9.07s)
  [CLEAN+BUILD] fuzz ... OK+CLEANED (0.15s)
  [CLEAN+BUILD] const_fn ... OK+CLEANED (0.39s)
  [CLEAN+BUILD] test_suite ... OK+CLEANED (0.70s)
  [CLEAN+BUILD] const_format_crates ... FAILED: Build failed (see rusticate-mirify.errs) (3.85s)
  [CLEAN+BUILD] const_format ... FAILED: Build failed (see rusticate-mirify.errs) (1.96s)
  [CLEAN+BUILD] const_format_proc_macros ... OK+CLEANED (1.00s)
  [CLEAN+BUILD] print_errors ... FAILED: Build failed (see rusticate-mirify.errs) (1.69s)
  [CLEAN+BUILD] print_warnings ... OK+CLEANED (1.69s)
  [CLEAN+BUILD] constant_time_eq ... OK+CLEANED (8.34s)
  [CLEAN+BUILD] constrandom ... OK+CLEANED (1.13s)
  [CLEAN+BUILD] macro ... OK+CLEANED (0.92s)
  [CLEAN+BUILD] convert-case ... FAILED: Build failed (see rusticate-mirify.errs) (8.61s)
  [CLEAN+BUILD] cookie-rs ... OK+CLEANED (2.17s)
  [CLEAN+BUILD] fuzz ... OK+CLEANED (0.14s)
  [CLEAN+BUILD] cookie_store ... OK+CLEANED (7.15s)
  [CLEAN+BUILD] core-foundation-rs ... FAILED: Build failed (see rusticate-mirify.errs) (2.69s)
  [CLEAN+BUILD] cocoa ... FAILED: Build failed (see rusticate-mirify.errs) (2.77s)
  [CLEAN+BUILD] cocoa-foundation ... FAILED: Build failed (see rusticate-mirify.errs) (1.03s)
  [CLEAN+BUILD] core-foundation ... OK+CLEANED (1.18s)
  [CLEAN+BUILD] core-foundation-sys ... OK+CLEANED (0.23s)
  [CLEAN+BUILD] core-graphics ... FAILED: Build failed (see rusticate-mirify.errs) (2.67s)
  [CLEAN+BUILD] core-graphics-types ... FAILED: Build failed (see rusticate-mirify.errs) (1.01s)
  [CLEAN+BUILD] core-text ... FAILED: Build failed (see rusticate-mirify.errs) (2.62s)
  [CLEAN+BUILD] io-surface ... FAILED: Build failed (see rusticate-mirify.errs) (1.03s)
  [CLEAN+BUILD] core2 ... OK+CLEANED (0.53s)
  [CLEAN+BUILD] core_affinity_rs ... OK+CLEANED (0.95s)
  [CLEAN+BUILD] cpp_demangle ... OK+CLEANED (5.95s)
  [CLEAN+BUILD] c_api ... OK+CLEANED (1.59s)
  [CLEAN+BUILD] fuzz ... FAILED: Build failed (see rusticate-mirify.errs) (10.49s)
  [CLEAN+BUILD] cpu-time ... OK+CLEANED (0.83s)
  [CLEAN+BUILD] crates ... OK+CLEANED (6.40s)
  [CLEAN+BUILD] bip32 ... OK+CLEANED (3.14s)
  [CLEAN+BUILD] canonical-path ... OK+CLEANED (1.31s)
  [CLEAN+BUILD] hkd32 ... OK+CLEANED (1.34s)
  [CLEAN+BUILD] iqhttp ... OK+CLEANED (5.82s)
  [CLEAN+BUILD] secrecy ... OK+CLEANED (0.25s)
  [CLEAN+BUILD] signatory ... OK+CLEANED (1.53s)
  [CLEAN+BUILD] subtle-encoding ... OK+CLEANED (0.30s)
  [CLEAN+BUILD] crc-catalog ... OK+CLEANED (0.29s)
  [CLEAN+BUILD] generate-catalog ... OK+CLEANED (9.22s)
  [CLEAN+BUILD] crc-rs ... OK+CLEANED (0.33s)
  [CLEAN+BUILD] crc32c ... OK+CLEANED (7.42s)
  [CLEAN+BUILD] criterion.rs ... OK+CLEANED (9.01s)
  [CLEAN+BUILD] bencher_compat ... OK+CLEANED (6.92s)
  [CLEAN+BUILD] macro ... FAILED: Build failed (see rusticate-mirify.errs) (0.10s)
  [CLEAN+BUILD] plot ... OK+CLEANED (2.21s)
  [CLEAN+BUILD] critical-section ... OK+CLEANED (0.16s)
  [CLEAN+BUILD] crossbeam ... OK+CLEANED (1.17s)
  [CLEAN+BUILD] crossbeam-channel ... OK+CLEANED (2.66s)
  [CLEAN+BUILD] crossbeam-deque ... OK+CLEANED (1.21s)
  [CLEAN+BUILD] crossbeam-epoch ... OK+CLEANED (1.06s)
  [CLEAN+BUILD] crossbeam-queue ... OK+CLEANED (0.65s)
  [CLEAN+BUILD] crossbeam-skiplist ... OK+CLEANED (1.46s)
  [CLEAN+BUILD] crossbeam-utils ... FAILED: Build failed (see rusticate-mirify.errs) (0.64s)
  [CLEAN+BUILD] crossterm ... OK+CLEANED (7.52s)
  [CLEAN+BUILD] crossterm-winapi ... FAILED: Build failed (see rusticate-mirify.errs) (0.34s)
  [CLEAN+BUILD] crunchy ... OK+CLEANED (0.31s)
  [CLEAN+BUILD] crypto-bigint ... OK+CLEANED (41.86s)
  [CLEAN+BUILD] cryptocorrosion ... OK+CLEANED (1.91s)
  [CLEAN+BUILD] cty ... FAILED: Build failed (see rusticate-mirify.errs) (0.13s)
  [CLEAN+BUILD] curl-rust ... FAILED: Build failed (see rusticate-mirify.errs) (1.34s)
  [CLEAN+BUILD] curl-sys ... FAILED: Build failed (see rusticate-mirify.errs) (1.22s)
  [CLEAN+BUILD] systest ... FAILED: Build failed (see rusticate-mirify.errs) (2.32s)
  [CLEAN+BUILD] curve25519-dalek ... OK+CLEANED (31.28s)
  [CLEAN+BUILD] curve25519-dalek ... OK+CLEANED (27.28s)
  [CLEAN+BUILD] curve25519-dalek-derive ... OK+CLEANED (8.41s)
  [CLEAN+BUILD] ed25519-dalek ... OK+CLEANED (24.67s)
  [CLEAN+BUILD] x25519-dalek ... OK+CLEANED (21.89s)
  [CLEAN+BUILD] cxx ... OK+CLEANED (8.37s)
  [CLEAN+BUILD] demo ... OK+CLEANED (5.37s)
  [CLEAN+BUILD] flags ... OK+CLEANED (0.15s)
  [CLEAN+BUILD] macro ... OK+CLEANED (6.79s)
  [CLEAN+BUILD] third-party ... OK+CLEANED (4.23s)
  [CLEAN+BUILD] darling ... OK+CLEANED (5.30s)
  [CLEAN+BUILD] core ... OK+CLEANED (3.83s)
  [CLEAN+BUILD] macro ... OK+CLEANED (3.20s)
  [CLEAN+BUILD] dary_heap ... OK+CLEANED (2.24s)
  [CLEAN+BUILD] criterion ... OK+CLEANED (0.14s)
  [CLEAN+BUILD] fuzz ... OK+CLEANED (0.13s)
  [CLEAN+BUILD] dashmap ... FAILED: Build failed (see rusticate-mirify.errs) (1.76s)
  [CLEAN+BUILD] bin ... OK+CLEANED (0.48s)
  [CLEAN+BUILD] cmp ... FAILED: Build failed (see rusticate-mirify.errs) (1.08s)
  [CLEAN+BUILD] lib ... OK+CLEANED (0.54s)
  [CLEAN+BUILD] nostd ... FAILED: Build failed (see rusticate-mirify.errs) (1.36s)
  [CLEAN+BUILD] www ... OK+CLEANED (4.30s)
  [CLEAN+BUILD] xtask ... OK+CLEANED (5.29s)
  [CLEAN+BUILD] datafusion ... FAILED: Build failed (see rusticate-mirify.errs) (46.25s)
  [CLEAN+BUILD] benchmarks ... OK+CLEANED (111.62s)
  [CLEAN+BUILD] datafusion-cli ... OK+CLEANED (144.18s)
  [CLEAN+BUILD] datafusion-examples ... OK+CLEANED (0.59s)
  [CLEAN+BUILD] test-utils ... OK+CLEANED (18.37s)
  [CLEAN+BUILD] datafusion-sqlparser-rs ... OK+CLEANED (12.85s)
  [CLEAN+BUILD] derive ... OK+CLEANED (1.75s)
  [CLEAN+BUILD] fuzz ... OK+CLEANED (9.09s)
  [CLEAN+BUILD] sqlparser_bench ... OK+CLEANED (0.16s)
  [CLEAN+BUILD] dbus-rs ... FAILED: Build failed (see rusticate-mirify.errs) (0.86s)
  [CLEAN+BUILD] dbus ... FAILED: Build failed (see rusticate-mirify.errs) (1.11s)
  [CLEAN+BUILD] dbus-codegen ... FAILED: Build failed (see rusticate-mirify.errs) (1.62s)
  [CLEAN+BUILD] dbus-codegen-tests ... FAILED: Build failed (see rusticate-mirify.errs) (1.98s)
  [CLEAN+BUILD] dbus-crossroads ... FAILED: Build failed (see rusticate-mirify.errs) (0.86s)
  [CLEAN+BUILD] dbus-native ... OK+CLEANED (1.15s)
  [CLEAN+BUILD] dbus-native-channel ... OK+CLEANED (0.94s)
  [CLEAN+BUILD] dbus-strings ... OK+CLEANED (0.25s)
  [CLEAN+BUILD] dbus-tokio ... FAILED: Build failed (see rusticate-mirify.errs) (0.82s)
  [CLEAN+BUILD] dbus-tree ... FAILED: Build failed (see rusticate-mirify.errs) (0.73s)
  [CLEAN+BUILD] libdbus-sys ... FAILED: Build failed (see rusticate-mirify.errs) (0.42s)
  [CLEAN+BUILD] ddbase ... FAILED: Build failed (see rusticate-mirify.errs) (7.48s)
  [CLEAN+BUILD] deflate-rs ... OK+CLEANED (0.86s)
  [CLEAN+BUILD] deflate-fuzz-target ... OK+CLEANED (3.99s)
  [CLEAN+BUILD] deflate64-rs ... OK+CLEANED (4.66s)
  [CLEAN+BUILD] der-parser ... OK+CLEANED (4.99s)
  [CLEAN+BUILD] der-oid-macro ... OK+CLEANED (1.41s)
  [CLEAN+BUILD] fuzz ... OK+CLEANED (0.15s)
  [CLEAN+BUILD] deranged ... OK+CLEANED (4.06s)
  [CLEAN+BUILD] deranged ... OK+CLEANED (3.62s)
  [CLEAN+BUILD] deranged-macros ... OK+CLEANED (0.18s)
  [CLEAN+BUILD] derive-new ... OK+CLEANED (2.06s)
  [CLEAN+BUILD] testcrate ... FAILED: Build failed (see rusticate-mirify.errs) (7.54s)
  [CLEAN+BUILD] derive-where ... OK+CLEANED (7.94s)
  [CLEAN+BUILD] derive_more ... FAILED: Build failed (see rusticate-mirify.errs) (4.43s)
  [CLEAN+BUILD] impl ... OK+CLEANED (7.75s)
  [CLEAN+BUILD] deunicode ... OK+CLEANED (0.33s)
  [CLEAN+BUILD] scripts ... OK+CLEANED (3.99s)
  [CLEAN+BUILD] dialoguer ... OK+CLEANED (1.49s)
  [CLEAN+BUILD] diesel ... FAILED: Build failed (see rusticate-mirify.errs) (53.40s)
  [CLEAN+BUILD] diesel ... FAILED: Build failed (see rusticate-mirify.errs) (13.33s)
  [CLEAN+BUILD] diesel_bench ... OK+CLEANED (0.20s)
  [CLEAN+BUILD] diesel_cli ... FAILED: Build failed (see rusticate-mirify.errs) (6.88s)
  [CLEAN+BUILD] diesel_compile_tests ... OK+CLEANED (8.81s)
  [CLEAN+BUILD] diesel_derives ... FAILED: Build failed (see rusticate-mirify.errs) (16.92s)
  [CLEAN+BUILD] diesel_dynamic_schema ... FAILED: Build failed (see rusticate-mirify.errs) (11.43s)
  [CLEAN+BUILD] diesel_infer_query ... OK+CLEANED (13.30s)
  [CLEAN+BUILD] diesel_migrations ... OK+CLEANED (11.80s)
  [CLEAN+BUILD] diesel_table_macro_syntax ... OK+CLEANED (2.62s)
  [CLEAN+BUILD] diesel_test_helper ... FAILED: Build failed (see rusticate-mirify.errs) (1.74s)
  [CLEAN+BUILD] diesel_tests ... FAILED: Build failed (see rusticate-mirify.errs) (23.80s)
  [CLEAN+BUILD] dsl_auto_type ... OK+CLEANED (12.88s)
  [CLEAN+BUILD] xtask ... OK+CLEANED (5.49s)
  [CLEAN+BUILD] diff.rs ... OK+CLEANED (7.69s)
  [CLEAN+BUILD] difference.rs ... FAILED: Build failed (see rusticate-mirify.errs) (1.40s)
  [CLEAN+BUILD] difflib ... OK+CLEANED (0.50s)
  [CLEAN+BUILD] directories-rs ... OK+CLEANED (0.91s)
  [CLEAN+BUILD] dirs ... OK+CLEANED (0.86s)
  [CLEAN+BUILD] directories ... OK+CLEANED (0.88s)
  [CLEAN+BUILD] dirs ... OK+CLEANED (0.83s)
  [CLEAN+BUILD] dirs-sys ... OK+CLEANED (0.81s)
  [CLEAN+BUILD] dirs-rs ... OK+CLEANED (0.85s)
  [CLEAN+BUILD] dirs-sys-rs ... OK+CLEANED (0.82s)
  [CLEAN+BUILD] displaydoc ... OK+CLEANED (5.06s)
  [CLEAN+BUILD] dissimilar ... OK+CLEANED (0.47s)
  [CLEAN+BUILD] fuzz ... OK+CLEANED (0.15s)
  [CLEAN+BUILD] dlib ... OK+CLEANED (0.28s)
  [CLEAN+BUILD] dlib-test ... OK+CLEANED (0.28s)
  [CLEAN+BUILD] dlv-list-rs ... OK+CLEANED (2.31s)
  [CLEAN+BUILD] doc-comment ... OK+CLEANED (0.17s)
  [CLEAN+BUILD] ci-tests ... OK+CLEANED (0.33s)
  [CLEAN+BUILD] docopt.rs ... OK+CLEANED (4.72s)
  [CLEAN+BUILD] document-features ... OK+CLEANED (0.72s)
  [CLEAN+BUILD] dotenv ... OK+CLEANED (2.43s)
  [CLEAN+BUILD] dotenv ... OK+CLEANED (1.54s)
  [CLEAN+BUILD] dotenv_codegen ... OK+CLEANED (1.92s)
  [CLEAN+BUILD] dotenv_codegen_implementation ... OK+CLEANED (1.40s)
  [CLEAN+BUILD] dotenvy ... OK+CLEANED (4.35s)
  [CLEAN+BUILD] dotenv_codegen ... OK+CLEANED (2.12s)
  [CLEAN+BUILD] dotenvy ... OK+CLEANED (1.28s)
  [CLEAN+BUILD] dotenvy-macros ... OK+CLEANED (1.91s)
  [CLEAN+BUILD] downcast-rs ... OK+CLEANED (0.89s)
  [CLEAN+BUILD] dtoa ... OK+CLEANED (0.26s)
  [CLEAN+BUILD] dtoa-short ... OK+CLEANED (1.07s)
  [CLEAN+BUILD] projects ... FAILED: Build failed (see rusticate-mirify.errs) (4.86s)
  [CLEAN+BUILD] duct.rs ... OK+CLEANED (1.78s)
  [CLEAN+BUILD] duct_sh ... OK+CLEANED (1.32s)
  [CLEAN+BUILD] dyn-clone ... OK+CLEANED (4.71s)
  [CLEAN+BUILD] educe ... OK+CLEANED (5.08s)
  [CLEAN+BUILD] either ... OK+CLEANED (1.89s)
  [CLEAN+BUILD] elasticsearch-rs ... FAILED: Build failed (see rusticate-mirify.errs) (4.15s)
  [CLEAN+BUILD] api_generator ... FAILED: Build failed (see rusticate-mirify.errs) (3.55s)
  [CLEAN+BUILD] elasticsearch ... FAILED: Build failed (see rusticate-mirify.errs) (3.44s)
  [CLEAN+BUILD] xtask ... FAILED: Build failed (see rusticate-mirify.errs) (3.68s)
  [CLEAN+BUILD] elliptic-curves ... OK+CLEANED (42.80s)
  [CLEAN+BUILD] bignp256 ... OK+CLEANED (33.53s)
  [CLEAN+BUILD] bp256 ... OK+CLEANED (3.85s)
  [CLEAN+BUILD] bp384 ... OK+CLEANED (4.25s)
  [CLEAN+BUILD] ed448-goldilocks ... OK+CLEANED (29.78s)
  [CLEAN+BUILD] hash2curve ... OK+CLEANED (5.63s)
  [CLEAN+BUILD] k256 ... OK+CLEANED (41.35s)
  [CLEAN+BUILD] p192 ... OK+CLEANED (8.12s)
  [CLEAN+BUILD] p224 ... OK+CLEANED (11.20s)
  [CLEAN+BUILD] p256 ... OK+CLEANED (40.05s)
  [CLEAN+BUILD] p384 ... OK+CLEANED (44.77s)
  [CLEAN+BUILD] p521 ... OK+CLEANED (47.85s)
  [CLEAN+BUILD] primefield ... OK+CLEANED (5.71s)
  [CLEAN+BUILD] primeorder ... OK+CLEANED (5.15s)
  [CLEAN+BUILD] sm2 ... OK+CLEANED (26.57s)
  [CLEAN+BUILD] x448 ... OK+CLEANED (11.85s)
  [CLEAN+BUILD] embedded-hal ... OK+CLEANED (10.05s)
  [CLEAN+BUILD] embedded-can ... OK+CLEANED (0.31s)
  [CLEAN+BUILD] embedded-hal ... OK+CLEANED (0.24s)
  [CLEAN+BUILD] embedded-hal-async ... OK+CLEANED (0.38s)
  [CLEAN+BUILD] embedded-hal-bus ... OK+CLEANED (0.34s)
  [CLEAN+BUILD] embedded-hal-nb ... OK+CLEANED (7.95s)
  [CLEAN+BUILD] embedded-io ... OK+CLEANED (0.24s)
  [CLEAN+BUILD] embedded-io-adapters ... OK+CLEANED (0.27s)
  [CLEAN+BUILD] embedded-io-async ... OK+CLEANED (0.30s)
  [CLEAN+BUILD] ena ... OK+CLEANED (0.53s)
  [CLEAN+BUILD] encode_unicode ... FAILED: Build failed (see rusticate-mirify.errs) (4.13s)
  [CLEAN+BUILD] fuzz ... OK+CLEANED (13.26s)
  [CLEAN+BUILD] encoding_rs ... OK+CLEANED (6.59s)
  [CLEAN+BUILD] fuzz ... FAILED: Cargo clean failed:
error: failed to load manifest for workspace member `/home/milnes/projects/RustCodebases/encoding_rs/fuzz/.`
referenced by workspace at `/home/milnes/projects/RustCodebases/encoding_rs/fuzz/Cargo.toml`

Caused by:
  failed to load manifest for dependency `safe_encoding_rs_mem`

Caused by:
  failed to read `/home/milnes/projects/RustCodebases/safe_encoding_rs_mem/Cargo.toml`

Caused by:
  No such file or directory (os error 2)
 (0.05s)
  [CLEAN+BUILD] endian-type ... OK+CLEANED (0.30s)
  [CLEAN+BUILD] enum-as-inner ... OK+CLEANED (2.76s)
  [CLEAN+BUILD] enum-iterator ... OK+CLEANED (4.81s)
  [CLEAN+BUILD] enum-iterator ... OK+CLEANED (4.24s)
  [CLEAN+BUILD] enum-iterator-derive ... OK+CLEANED (2.01s)
  [CLEAN+BUILD] enum-ordinalize ... OK+CLEANED (2.58s)
  [CLEAN+BUILD] enum-ordinalize ... OK+CLEANED (2.45s)
  [CLEAN+BUILD] enum-ordinalize-derive ... OK+CLEANED (1.79s)
  [CLEAN+BUILD] enumflags2 ... OK+CLEANED (2.24s)
  [CLEAN+BUILD] benchmarks ... OK+CLEANED (0.15s)
  [CLEAN+BUILD] enumflags_derive ... OK+CLEANED (1.57s)
  [CLEAN+BUILD] test_suite ... OK+CLEANED (5.37s)
  [CLEAN+BUILD] enumn ... OK+CLEANED (2.20s)
  [CLEAN+BUILD] enumset ... FAILED: Build failed (see rusticate-mirify.errs) (8.79s)
  [CLEAN+BUILD] enumset ... OK+CLEANED (9.71s)
  [CLEAN+BUILD] enumset_derive ... OK+CLEANED (4.42s)
  [CLEAN+BUILD] enumset_test_embedded ... FAILED: Build failed (see rusticate-mirify.errs) (1.55s)
  [CLEAN+BUILD] enumset_test_nightly ... OK+CLEANED (8.59s)
  [CLEAN+BUILD] env_logger ... OK+CLEANED (2.64s)
  [CLEAN+BUILD] equator ... OK+CLEANED (3.51s)
  [CLEAN+BUILD] equator ... OK+CLEANED (3.26s)
  [CLEAN+BUILD] equator-macro ... OK+CLEANED (0.17s)
  [CLEAN+BUILD] equivalent ... OK+CLEANED (0.15s)
  [CLEAN+BUILD] erased-serde ... OK+CLEANED (5.65s)
  [CLEAN+BUILD] explanation ... OK+CLEANED (0.15s)
  [CLEAN+BUILD] errno-dragonfly-rs ... OK+CLEANED (1.08s)
  [CLEAN+BUILD] error-chain ... FAILED: Build failed (see rusticate-mirify.errs) (3.31s)
  [CLEAN+BUILD] error-code ... OK+CLEANED (0.22s)
  [CLEAN+BUILD] etcetera ... OK+CLEANED (0.21s)
  [CLEAN+BUILD] ethnum-rs ... OK+CLEANED (0.65s)
  [CLEAN+BUILD] bench ... OK+CLEANED (0.14s)
  [CLEAN+BUILD] fuzz ... OK+CLEANED (3.23s)
  [CLEAN+BUILD] intrinsics ... FAILED: Build failed (see rusticate-mirify.errs) (1.05s)
  [CLEAN+BUILD] euclid ... OK+CLEANED (2.75s)
  [CLEAN+BUILD] event-listener ... OK+CLEANED (7.01s)
  [CLEAN+BUILD] event-listener-strategy ... OK+CLEANED (0.72s)
  [CLEAN+BUILD] expect-test ... OK+CLEANED (0.45s)
  [CLEAN+BUILD] xtask ... OK+CLEANED (0.51s)
  [CLEAN+BUILD] exrs ... OK+CLEANED (52.27s)
  [CLEAN+BUILD] eyre ... OK+CLEANED (10.47s)
  [CLEAN+BUILD] color-eyre ... OK+CLEANED (7.67s)
  [CLEAN+BUILD] color-spantrace ... OK+CLEANED (4.21s)
  [CLEAN+BUILD] eyre ... OK+CLEANED (7.42s)
  [CLEAN+BUILD] failure ... FAILED: Build failed (see rusticate-mirify.errs) (3.16s)
  [CLEAN+BUILD] failure_derive ... FAILED: Build failed (see rusticate-mirify.errs) (3.35s)
  [CLEAN+BUILD] fallible-streaming-iterator ... OK+CLEANED (0.19s)
  [CLEAN+BUILD] fancy-regex ... OK+CLEANED (8.87s)
  [CLEAN+BUILD] fuzz ... OK+CLEANED (0.15s)
  [CLEAN+BUILD] playground ... OK+CLEANED (7.03s)
  [CLEAN+BUILD] faster-hex ... OK+CLEANED (8.81s)
  [CLEAN+BUILD] afl ... OK+CLEANED (4.52s)
  [CLEAN+BUILD] fuzz ... OK+CLEANED (10.51s)
  [CLEAN+BUILD] fastrand ... OK+CLEANED (1.87s)
  [CLEAN+BUILD] fastrlp ... OK+CLEANED (8.10s)
  [CLEAN+BUILD] derive ... OK+CLEANED (1.67s)
  [CLEAN+BUILD] fd-lock ... OK+CLEANED (1.40s)
  [CLEAN+BUILD] fdeflate ... OK+CLEANED (2.22s)
  [CLEAN+BUILD] fuzz ... OK+CLEANED (0.14s)
  [CLEAN+BUILD] fern ... OK+CLEANED (2.44s)
  [CLEAN+BUILD] ferrilab ... OK+CLEANED (11.42s)
  [CLEAN+BUILD] bitvec ... FAILED: Build failed (see rusticate-mirify.errs) (1.57s)
  [CLEAN+BUILD] funty ... FAILED: Build failed (see rusticate-mirify.errs) (0.90s)
  [CLEAN+BUILD] radium ... FAILED: Build failed (see rusticate-mirify.errs) (0.90s)
  [CLEAN+BUILD] ff ... FAILED: Build failed (see rusticate-mirify.errs) (2.69s)
  [CLEAN+BUILD] ff_derive ... FAILED: Build failed (see rusticate-mirify.errs) (0.27s)
  [CLEAN+BUILD] ffi_helpers ... OK+CLEANED (2.79s)
  [CLEAN+BUILD] fiat-rust ... OK+CLEANED (6.38s)
  [CLEAN+BUILD] filetime ... OK+CLEANED (1.46s)
  [CLEAN+BUILD] findshlibs ... OK+CLEANED (1.32s)
  [CLEAN+BUILD] finl_unicode ... OK+CLEANED (7.63s)
  [CLEAN+BUILD] generate-sources ... FAILED: Build failed (see rusticate-mirify.errs) (3.62s)
  [CLEAN+BUILD] fixedbitset ... OK+CLEANED (2.15s)
  [CLEAN+BUILD] benches ... OK+CLEANED (0.15s)
  [CLEAN+BUILD] flagset ... OK+CLEANED (4.14s)
  [CLEAN+BUILD] flate2-rs ... OK+CLEANED (2.39s)
  [CLEAN+BUILD] fuzz ... OK+CLEANED (0.13s)
  [CLEAN+BUILD] flexi_logger ... OK+CLEANED (9.91s)
  [CLEAN+BUILD] float-cmp ... OK+CLEANED (0.84s)
  [CLEAN+BUILD] fluent-uri-rs ... OK+CLEANED (2.70s)
  [CLEAN+BUILD] bench ... OK+CLEANED (0.42s)
  [CLEAN+BUILD] fuzz ... OK+CLEANED (0.18s)
  [CLEAN+BUILD] flume ... OK+CLEANED (9.19s)
  [CLEAN+BUILD] foldhash ... OK+CLEANED (7.82s)
  [CLEAN+BUILD] foreign-types ... OK+CLEANED (3.06s)
  [CLEAN+BUILD] foreign-types ... OK+CLEANED (2.91s)
  [CLEAN+BUILD] foreign-types-macros ... OK+CLEANED (2.30s)
  [CLEAN+BUILD] foreign-types-shared ... OK+CLEANED (0.14s)
  [CLEAN+BUILD] formats ... OK+CLEANED (71.70s)
  [CLEAN+BUILD] base16ct ... OK+CLEANED (0.40s)
  [CLEAN+BUILD] base32ct ... OK+CLEANED (8.57s)
  [CLEAN+BUILD] base64ct ... OK+CLEANED (9.00s)
  [CLEAN+BUILD] cmpv2 ... OK+CLEANED (25.79s)
  [CLEAN+BUILD] cms ... OK+CLEANED (20.33s)
  [CLEAN+BUILD] const-oid ... OK+CLEANED (11.30s)
  [CLEAN+BUILD] crmf ... OK+CLEANED (17.42s)
  [CLEAN+BUILD] der ... OK+CLEANED (11.03s)
  [CLEAN+BUILD] der_derive ... OK+CLEANED (3.22s)
  [CLEAN+BUILD] gss-api ... OK+CLEANED (9.24s)
  [CLEAN+BUILD] mcf ... OK+CLEANED (0.66s)
  [CLEAN+BUILD] pem-rfc7468 ... OK+CLEANED (0.65s)
  [CLEAN+BUILD] pkcs1 ... OK+CLEANED (3.77s)
  [CLEAN+BUILD] pkcs12 ... OK+CLEANED (13.86s)
  [CLEAN+BUILD] pkcs5 ... OK+CLEANED (2.21s)
  [CLEAN+BUILD] pkcs8 ... OK+CLEANED (2.76s)
  [CLEAN+BUILD] sec1 ... OK+CLEANED (2.74s)
  [CLEAN+BUILD] serdect ... OK+CLEANED (16.36s)
  [CLEAN+BUILD] spki ... OK+CLEANED (2.61s)
  [CLEAN+BUILD] tai64 ... OK+CLEANED (0.22s)
  [CLEAN+BUILD] tls_codec ... OK+CLEANED (18.13s)
  [CLEAN+BUILD] x509-cert ... OK+CLEANED (18.42s)
  [CLEAN+BUILD] x509-ocsp ... OK+CLEANED (15.50s)
  [CLEAN+BUILD] x509-tsp ... OK+CLEANED (16.43s)
  [CLEAN+BUILD] fraction ... OK+CLEANED (10.52s)
  [CLEAN+BUILD] fragile ... OK+CLEANED (4.18s)
  [CLEAN+BUILD] fs-err ... OK+CLEANED (2.30s)
  [CLEAN+BUILD] fs2-rs ... FAILED: Build failed (see rusticate-mirify.errs) (1.13s)
  [CLEAN+BUILD] fs4-rs ... FAILED: Build failed (see rusticate-mirify.errs) (6.82s)
  [CLEAN+BUILD] fs_extra ... OK+CLEANED (1.14s)
  [CLEAN+BUILD] fsevent-rust ... FAILED: Build failed (see rusticate-mirify.errs) (2.97s)
  [CLEAN+BUILD] fsevent-sys ... OK+CLEANED (0.99s)
  [CLEAN+BUILD] fslock ... OK+CLEANED (1.29s)
  [CLEAN+BUILD] fst ... OK+CLEANED (3.25s)
  [CLEAN+BUILD] bench ... OK+CLEANED (9.50s)
  [CLEAN+BUILD] fst-bin ... OK+CLEANED (6.44s)
  [CLEAN+BUILD] fst-levenshtein ... OK+CLEANED (1.65s)
  [CLEAN+BUILD] fst-regex ... OK+CLEANED (0.82s)
  [CLEAN+BUILD] futf ... FAILED: Build failed (see rusticate-mirify.errs) (0.25s)
  [CLEAN+BUILD] futures-intrusive ... OK+CLEANED (15.36s)
  [CLEAN+BUILD] futures-lite ... OK+CLEANED (1.22s)
  [CLEAN+BUILD] futures-rs ... FAILED: Build failed (see rusticate-mirify.errs) (12.50s)
  [CLEAN+BUILD] futures ... FAILED: Build failed (see rusticate-mirify.errs) (10.55s)
  [CLEAN+BUILD] futures-channel ... OK+CLEANED (9.53s)
  [CLEAN+BUILD] futures-core ... OK+CLEANED (6.18s)
  [CLEAN+BUILD] futures-executor ... OK+CLEANED (5.88s)
  [CLEAN+BUILD] futures-io ... OK+CLEANED (0.18s)
  [CLEAN+BUILD] futures-macro ... OK+CLEANED (2.64s)
  [CLEAN+BUILD] futures-sink ... OK+CLEANED (0.23s)
  [CLEAN+BUILD] futures-task ... OK+CLEANED (6.86s)
  [CLEAN+BUILD] futures-test ... OK+CLEANED (4.96s)
  [CLEAN+BUILD] futures-util ... OK+CLEANED (10.17s)
  [CLEAN+BUILD] futures-rustls ... OK+CLEANED (17.88s)
  [CLEAN+BUILD] futures-timer ... OK+CLEANED (6.96s)
  [CLEAN+BUILD] fxhash ... OK+CLEANED (0.41s)
  [CLEAN+BUILD] gcc-rs ... FAILED: Build failed (see rusticate-mirify.errs) (1.50s)
  [CLEAN+BUILD] find-msvc-tools ... OK+CLEANED (0.21s)
  [CLEAN+BUILD] generator-rs ... OK+CLEANED (2.18s)
  [CLEAN+BUILD] api_gen ... OK+CLEANED (9.41s)
  [CLEAN+BUILD] generic-array ... FAILED: Build failed (see rusticate-mirify.errs) (43.75s)
  [CLEAN+BUILD] getopts ... OK+CLEANED (4.61s)
  [CLEAN+BUILD] getrandom ... OK+CLEANED (2.51s)
  [CLEAN+BUILD] nopanic_check ... OK+CLEANED (0.89s)
  [CLEAN+BUILD] getset ... OK+CLEANED (2.63s)
  [CLEAN+BUILD] ghost ... OK+CLEANED (5.26s)
  [CLEAN+BUILD] gimli ... OK+CLEANED (14.34s)
  [CLEAN+BUILD] fuzz ... OK+CLEANED (13.80s)
  [CLEAN+BUILD] git2-rs ... OK+CLEANED (12.57s)
  [CLEAN+BUILD] git2-curl ... FAILED: Build failed (see rusticate-mirify.errs) (7.26s)
  [CLEAN+BUILD] libgit2-sys ... OK+CLEANED (6.47s)
  [CLEAN+BUILD] systest ... FAILED: Build failed (see rusticate-mirify.errs) (2.33s)
  [CLEAN+BUILD] gitoxide ... FAILED: Build failed (see rusticate-mirify.errs) (10.98s)
  [CLEAN+BUILD] gitoxide-core ... OK+CLEANED (0.31s)
  [CLEAN+BUILD] gix ... FAILED: Build failed (see rusticate-mirify.errs) (29.26s)
  [CLEAN+BUILD] gix-actor ... OK+CLEANED (13.03s)
  [CLEAN+BUILD] gix-archive ... OK+CLEANED (12.68s)
  [CLEAN+BUILD] gix-attributes ... OK+CLEANED (10.95s)
  [CLEAN+BUILD] gix-bitmap ... OK+CLEANED (11.18s)
  [CLEAN+BUILD] gix-blame ... OK+CLEANED (12.40s)
  [CLEAN+BUILD] gix-chunk ... OK+CLEANED (0.26s)
  [CLEAN+BUILD] gix-command ... OK+CLEANED (12.05s)
  [CLEAN+BUILD] gix-commitgraph ... OK+CLEANED (11.71s)
  [CLEAN+BUILD] gix-config ... OK+CLEANED (16.25s)
  [CLEAN+BUILD] gix-config-value ... OK+CLEANED (3.55s)
  [CLEAN+BUILD] gix-credentials ... OK+CLEANED (12.01s)
  [CLEAN+BUILD] gix-date ... OK+CLEANED (12.08s)
  [CLEAN+BUILD] gix-diff ... OK+CLEANED (9.87s)
  [CLEAN+BUILD] gix-dir ... OK+CLEANED (13.95s)
  [CLEAN+BUILD] gix-discover ... OK+CLEANED (17.11s)
  [CLEAN+BUILD] gix-features ... OK+CLEANED (1.45s)
  [CLEAN+BUILD] gix-fetchhead ... OK+CLEANED (0.30s)
  [CLEAN+BUILD] gix-filter ... OK+CLEANED (15.45s)
  [CLEAN+BUILD] gix-fs ... OK+CLEANED (4.21s)
  [CLEAN+BUILD] gix-fsck ... OK+CLEANED (16.83s)
  [CLEAN+BUILD] gix-glob ... OK+CLEANED (18.00s)
  [CLEAN+BUILD] gix-hash ... OK+CLEANED (13.09s)
  [CLEAN+BUILD] gix-hashtable ... OK+CLEANED (3.55s)
  [CLEAN+BUILD] gix-ignore ... OK+CLEANED (12.21s)
  [CLEAN+BUILD] gix-index ... OK+CLEANED (12.77s)
  [CLEAN+BUILD] gix-lfs ... OK+CLEANED (0.29s)
  [CLEAN+BUILD] gix-lock ... OK+CLEANED (3.92s)
  [CLEAN+BUILD] gix-macros ... OK+CLEANED (6.08s)
  [CLEAN+BUILD] gix-mailmap ... OK+CLEANED (12.13s)
  [CLEAN+BUILD] gix-merge ... OK+CLEANED (15.19s)
  [CLEAN+BUILD] gix-negotiate ... OK+CLEANED (15.22s)
  [CLEAN+BUILD] gix-note ... OK+CLEANED (0.32s)
  [CLEAN+BUILD] gix-object ... OK+CLEANED (23.19s)
  [CLEAN+BUILD] gix-odb ... OK+CLEANED (12.28s)
  [CLEAN+BUILD] gix-pack ... OK+CLEANED (16.78s)
  [CLEAN+BUILD] gix-packetline ... OK+CLEANED (14.84s)
  [CLEAN+BUILD] gix-path ... OK+CLEANED (15.78s)
  [CLEAN+BUILD] gix-pathspec ... OK+CLEANED (17.08s)
  [CLEAN+BUILD] gix-prompt ... OK+CLEANED (18.45s)
  [CLEAN+BUILD] gix-protocol ... OK+CLEANED (16.93s)
  [CLEAN+BUILD] gix-quote ... OK+CLEANED (3.66s)
  [CLEAN+BUILD] gix-rebase ... OK+CLEANED (0.30s)
  [CLEAN+BUILD] gix-ref ... OK+CLEANED (18.02s)
  [CLEAN+BUILD] gix-refspec ... OK+CLEANED (17.15s)
  [CLEAN+BUILD] gix-revision ... OK+CLEANED (17.29s)
  [CLEAN+BUILD] gix-revwalk ... OK+CLEANED (17.29s)
  [CLEAN+BUILD] gix-sec ... OK+CLEANED (2.01s)
  [CLEAN+BUILD] gix-sequencer ... OK+CLEANED (0.30s)
  [CLEAN+BUILD] gix-shallow ... OK+CLEANED (0.26s)
  [CLEAN+BUILD] gix-status ... OK+CLEANED (11.67s)
  [CLEAN+BUILD] gix-submodule ... OK+CLEANED (21.76s)
  [CLEAN+BUILD] gix-tempfile ... OK+CLEANED (5.44s)
  [CLEAN+BUILD] gix-tix ... OK+CLEANED (0.33s)
  [CLEAN+BUILD] gix-trace ... OK+CLEANED (0.41s)
  [CLEAN+BUILD] gix-transport ... OK+CLEANED (14.92s)
  [CLEAN+BUILD] gix-traverse ... OK+CLEANED (9.96s)
  [CLEAN+BUILD] gix-tui ... OK+CLEANED (0.34s)
  [CLEAN+BUILD] gix-url ... OK+CLEANED (18.46s)
  [CLEAN+BUILD] gix-utils ... OK+CLEANED (1.23s)
  [CLEAN+BUILD] gix-validate ... OK+CLEANED (16.00s)
  [CLEAN+BUILD] gix-worktree ... OK+CLEANED (13.23s)
  [CLEAN+BUILD] gix-worktree-state ... OK+CLEANED (12.42s)
  [CLEAN+BUILD] gix-worktree-stream ... OK+CLEANED (18.68s)
  [CLEAN+BUILD] gl-rs ... FAILED: Build failed (see rusticate-mirify.errs) (1.47s)
  [CLEAN+BUILD] gl ... FAILED: Build failed (see rusticate-mirify.errs) (3.44s)
  [CLEAN+BUILD] gl_generator ... FAILED: Build failed (see rusticate-mirify.errs) (0.68s)
  [CLEAN+BUILD] khronos_api ... FAILED: Build failed (see rusticate-mirify.errs) (0.32s)
  [CLEAN+BUILD] glam-rs ... FAILED: Cargo clean failed:
error: failed to load manifest for workspace member `/home/milnes/projects/RustCodebases/glam-rs/codegen`
referenced by workspace at `/home/milnes/projects/RustCodebases/glam-rs/Cargo.toml`

Caused by:
  failed to read `/home/milnes/projects/RustCodebases/glam-rs/codegen/Cargo.toml`

Caused by:
  No such file or directory (os error 2)
 (0.05s)
  [CLEAN+BUILD] swizzlegen ... FAILED: Cargo clean failed:
error: failed to load manifest for workspace member `/home/milnes/projects/RustCodebases/glam-rs/codegen`
referenced by workspace at `/home/milnes/projects/RustCodebases/glam-rs/Cargo.toml`

Caused by:
  failed to read `/home/milnes/projects/RustCodebases/glam-rs/codegen/Cargo.toml`

Caused by:
  No such file or directory (os error 2)
 (0.04s)
  [CLEAN+BUILD] test_no_std ... FAILED: Cargo clean failed:
error: failed to load manifest for workspace member `/home/milnes/projects/RustCodebases/glam-rs/codegen`
referenced by workspace at `/home/milnes/projects/RustCodebases/glam-rs/Cargo.toml`

Caused by:
  failed to read `/home/milnes/projects/RustCodebases/glam-rs/codegen/Cargo.toml`

Caused by:
  No such file or directory (os error 2)
 (0.05s)
  [CLEAN+BUILD] glob ... OK+CLEANED (2.31s)
  [CLEAN+BUILD] globwalk ... OK+CLEANED (7.50s)
  [CLEAN+BUILD] gloo ... OK+CLEANED (15.37s)
  [CLEAN+BUILD] glow ... OK+CLEANED (1.64s)
  [CLEAN+BUILD] glutin ... OK+CLEANED (24.87s)
  [CLEAN+BUILD] glutin ... OK+CLEANED (4.74s)
  [CLEAN+BUILD] glutin-winit ... OK+CLEANED (21.78s)
  [CLEAN+BUILD] glutin_egl_sys ... OK+CLEANED (1.60s)
  [CLEAN+BUILD] glutin_examples ... OK+CLEANED (19.59s)
  [CLEAN+BUILD] glutin_glx_sys ... OK+CLEANED (3.33s)
  [CLEAN+BUILD] glutin_wgl_sys ... OK+CLEANED (1.56s)
  [CLEAN+BUILD] goblin ... OK+CLEANED (8.00s)
  [CLEAN+BUILD] fuzz ... OK+CLEANED (13.90s)
  [CLEAN+BUILD] fuzz-afl ... OK+CLEANED (6.73s)
  [CLEAN+BUILD] governor ... OK+CLEANED (11.75s)
  [CLEAN+BUILD] governor ... OK+CLEANED (11.36s)
  [CLEAN+BUILD] graphql-client ... FAILED: Build failed (see rusticate-mirify.errs) (5.26s)
  [CLEAN+BUILD] graphql-introspection-query ... OK+CLEANED (6.64s)
  [CLEAN+BUILD] graphql_client ... OK+CLEANED (14.63s)
  [CLEAN+BUILD] graphql_client_cli ... FAILED: Build failed (see rusticate-mirify.errs) (5.38s)
  [CLEAN+BUILD] graphql_client_codegen ... OK+CLEANED (13.10s)
  [CLEAN+BUILD] graphql_query_derive ... OK+CLEANED (13.48s)
  [CLEAN+BUILD] graphql-parser ... OK+CLEANED (8.35s)
  [CLEAN+BUILD] group ... FAILED: Build failed (see rusticate-mirify.errs) (1.19s)
  [CLEAN+BUILD] gtk-rs-core ... FAILED: Build failed (see rusticate-mirify.errs) (19.94s)
  [CLEAN+BUILD] cairo ... FAILED: Build failed (see rusticate-mirify.errs) (4.54s)
  [CLEAN+BUILD] examples ... OK+CLEANED (28.05s)
  [CLEAN+BUILD] gdk-pixbuf ... FAILED: Build failed (see rusticate-mirify.errs) (3.92s)
  [CLEAN+BUILD] gio ... OK+CLEANED (27.59s)
  [CLEAN+BUILD] gio-unix ... OK+CLEANED (24.04s)
  [CLEAN+BUILD] gio-win32 ... FAILED: Build failed (see rusticate-mirify.errs) (4.75s)
  [CLEAN+BUILD] glib ... OK+CLEANED (18.94s)
  [CLEAN+BUILD] glib-build-tools ... OK+CLEANED (21.88s)
  [CLEAN+BUILD] glib-macros ... OK+CLEANED (14.51s)
  [CLEAN+BUILD] glib-unix ... OK+CLEANED (11.63s)
  [CLEAN+BUILD] glib-win32 ... OK+CLEANED (13.11s)
  [CLEAN+BUILD] graphene ... FAILED: Build failed (see rusticate-mirify.errs) (4.20s)
  [CLEAN+BUILD] pango ... FAILED: Build failed (see rusticate-mirify.errs) (4.08s)
  [CLEAN+BUILD] pangocairo ... FAILED: Build failed (see rusticate-mirify.errs) (3.81s)
  [CLEAN+BUILD] gzip-header ... OK+CLEANED (0.44s)
  [CLEAN+BUILD] h2 ... OK+CLEANED (17.54s)
  [CLEAN+BUILD] fuzz ... OK+CLEANED (0.15s)
  [CLEAN+BUILD] half-rs ... OK+CLEANED (9.73s)
  [CLEAN+BUILD] handlebars-rust ... OK+CLEANED (16.98s)
  [CLEAN+BUILD] playground ... OK+CLEANED (8.90s)
  [CLEAN+BUILD] hash32 ... OK+CLEANED (0.21s)
  [CLEAN+BUILD] hashbrown ... OK+CLEANED (3.72s)
  [CLEAN+BUILD] hashes ... OK+CLEANED (9.43s)
  [CLEAN+BUILD] ascon-hash ... OK+CLEANED (2.64s)
  [CLEAN+BUILD] bash-hash ... OK+CLEANED (2.45s)
  [CLEAN+BUILD] belt-hash ... OK+CLEANED (2.71s)
  [CLEAN+BUILD] benches ... FAILED: Build failed (see rusticate-mirify.errs) (0.47s)
  [CLEAN+BUILD] blake2 ... OK+CLEANED (3.73s)
  [CLEAN+BUILD] fsb ... OK+CLEANED (3.77s)
  [CLEAN+BUILD] gost94 ... OK+CLEANED (3.03s)
  [CLEAN+BUILD] groestl ... OK+CLEANED (3.67s)
  [CLEAN+BUILD] jh ... OK+CLEANED (3.91s)
  [CLEAN+BUILD] k12 ... OK+CLEANED (3.31s)
  [CLEAN+BUILD] kupyna ... OK+CLEANED (5.27s)
  [CLEAN+BUILD] md2 ... OK+CLEANED (2.81s)
  [CLEAN+BUILD] md4 ... OK+CLEANED (2.68s)
  [CLEAN+BUILD] md5 ... OK+CLEANED (2.61s)
  [CLEAN+BUILD] ripemd ... OK+CLEANED (4.40s)
  [CLEAN+BUILD] sha1 ... OK+CLEANED (3.30s)
  [CLEAN+BUILD] sha1-checked ... OK+CLEANED (3.53s)
  [CLEAN+BUILD] sha2 ... OK+CLEANED (4.34s)
  [CLEAN+BUILD] sha3 ... OK+CLEANED (5.08s)
  [CLEAN+BUILD] shabal ... OK+CLEANED (3.87s)
  [CLEAN+BUILD] skein ... OK+CLEANED (3.28s)
  [CLEAN+BUILD] sm3 ... OK+CLEANED (2.66s)
  [CLEAN+BUILD] streebog ... OK+CLEANED (2.75s)
  [CLEAN+BUILD] tiger ... OK+CLEANED (2.70s)
  [CLEAN+BUILD] whirlpool ... OK+CLEANED (2.64s)
  [CLEAN+BUILD] hashlink ... OK+CLEANED (2.71s)
  [CLEAN+BUILD] headers ... OK+CLEANED (2.10s)
  [CLEAN+BUILD] headers-core ... OK+CLEANED (1.01s)
  [CLEAN+BUILD] headers-derive ... FAILED: Cargo clean failed:
error: current package believes it's in a workspace when it's not:
current:   /home/milnes/projects/RustCodebases/headers/headers-derive/Cargo.toml
workspace: /home/milnes/projects/RustCodebases/headers/Cargo.toml

this may be fixable by adding `headers-derive` to the `workspace.members` array of the manifest located at: /home/milnes/projects/RustCodebases/headers/Cargo.toml
Alternatively, to keep it out of the workspace, add the package to the `workspace.exclude` array, or add an empty `[workspace]` table to the package's manifest.
 (0.04s)
  [CLEAN+BUILD] heapless ... OK+CLEANED (2.41s)
  [CLEAN+BUILD] cfail ... OK+CLEANED (5.68s)
  [CLEAN+BUILD] heck ... OK+CLEANED (0.34s)
  [CLEAN+BUILD] hermit-rs ... FAILED: Build failed (see rusticate-mirify.errs) (33.88s)
  [CLEAN+BUILD] hermit ... OK+CLEANED (7.01s)
  [CLEAN+BUILD] hermit-abi ... OK+CLEANED (0.27s)
  [CLEAN+BUILD] hex-conservative ... OK+CLEANED (5.05s)
  [CLEAN+BUILD] fuzz ... OK+CLEANED (0.51s)
  [CLEAN+BUILD] hickory-dns ... OK+CLEANED (29.09s)
  [CLEAN+BUILD] bin ... OK+CLEANED (24.62s)
  [CLEAN+BUILD] conformance ... OK+CLEANED (28.25s)
  [CLEAN+BUILD] fuzz ... OK+CLEANED (0.22s)
  [CLEAN+BUILD] util ... OK+CLEANED (15.40s)
  [CLEAN+BUILD] hostname ... OK+CLEANED (11.56s)
  [CLEAN+BUILD] html-escape ... OK+CLEANED (0.76s)
  [CLEAN+BUILD] html5ever ... OK+CLEANED (9.67s)
  [CLEAN+BUILD] html5ever ... OK+CLEANED (9.14s)
  [CLEAN+BUILD] markup5ever ... OK+CLEANED (2.22s)
  [CLEAN+BUILD] rcdom ... OK+CLEANED (5.93s)
  [CLEAN+BUILD] tendril ... OK+CLEANED (8.65s)
  [CLEAN+BUILD] web_atoms ... OK+CLEANED (2.01s)
  [CLEAN+BUILD] xml5ever ... OK+CLEANED (8.39s)
  [CLEAN+BUILD] http ... OK+CLEANED (5.17s)
  [CLEAN+BUILD] benches ... FAILED: Cargo clean failed:
error: current package believes it's in a workspace when it's not:
current:   /home/milnes/projects/RustCodebases/http/benches/Cargo.toml
workspace: /home/milnes/projects/RustCodebases/http/Cargo.toml

this may be fixable by adding `benches` to the `workspace.members` array of the manifest located at: /home/milnes/projects/RustCodebases/http/Cargo.toml
Alternatively, to keep it out of the workspace, add the package to the `workspace.exclude` array, or add an empty `[workspace]` table to the package's manifest.
 (0.05s)
  [CLEAN+BUILD] fuzz ... OK+CLEANED (8.29s)
  [CLEAN+BUILD] util ... FAILED: Cargo clean failed:
error: current package believes it's in a workspace when it's not:
current:   /home/milnes/projects/RustCodebases/http/util/Cargo.toml
workspace: /home/milnes/projects/RustCodebases/http/Cargo.toml

this may be fixable by adding `util` to the `workspace.members` array of the manifest located at: /home/milnes/projects/RustCodebases/http/Cargo.toml
Alternatively, to keep it out of the workspace, add the package to the `workspace.exclude` array, or add an empty `[workspace]` table to the package's manifest.
 (0.05s)
  [CLEAN+BUILD] http-body ... OK+CLEANED (5.89s)
  [CLEAN+BUILD] http-body ... OK+CLEANED (1.17s)
  [CLEAN+BUILD] http-body-util ... OK+CLEANED (6.08s)
  [CLEAN+BUILD] http-types ... OK+CLEANED (14.20s)
  [CLEAN+BUILD] httparse ... OK+CLEANED (9.49s)
  [CLEAN+BUILD] fuzz ... OK+CLEANED (0.17s)
  [CLEAN+BUILD] httpdate ... OK+CLEANED (8.44s)
  [CLEAN+BUILD] fuzz ... OK+CLEANED (12.40s)
  [CLEAN+BUILD] httpmock ... FAILED: Build failed (see rusticate-mirify.errs) (25.78s)
  [CLEAN+BUILD] tools ... FAILED: Build failed (see rusticate-mirify.errs) (25.26s)
  [CLEAN+BUILD] humansize ... OK+CLEANED (0.97s)
  [CLEAN+BUILD] humantime ... OK+CLEANED (2.43s)
  [CLEAN+BUILD] humantime-serde ... OK+CLEANED (5.81s)
  [CLEAN+BUILD] hyper ... OK+CLEANED (7.53s)
  [CLEAN+BUILD] hyper-http-proxy ... OK+CLEANED (8.26s)
  [CLEAN+BUILD] hyper-rustls ... OK+CLEANED (15.79s)
  [CLEAN+BUILD] hyper-timeout ... FAILED: Build failed (see rusticate-mirify.errs) (3.03s)
  [CLEAN+BUILD] hyper-tls ... FAILED: Build failed (see rusticate-mirify.errs) (3.17s)
  [CLEAN+BUILD] hyper-util ... FAILED: Build failed (see rusticate-mirify.errs) (8.49s)
  [CLEAN+BUILD] hyperlocal ... OK+CLEANED (7.44s)
  [CLEAN+BUILD] iana-time-zone ... OK+CLEANED (4.43s)
  [CLEAN+BUILD] api_gen ... OK+CLEANED (5.16s)
  [CLEAN+BUILD] haiku ... OK+CLEANED (1.16s)
  [CLEAN+BUILD] icu4x ... FAILED: Build failed (see rusticate-mirify.errs) (54.83s)
  [CLEAN+BUILD] id-arena ... OK+CLEANED (0.24s)
  [CLEAN+BUILD] ident_case ... OK+CLEANED (0.20s)
  [CLEAN+BUILD] idna_adapter ... OK+CLEANED (3.89s)
  [CLEAN+BUILD] if-addrs ... OK+CLEANED (0.89s)
  [CLEAN+BUILD] if_chain ... OK+CLEANED (0.16s)
  [CLEAN+BUILD] im-rs ... OK+CLEANED (8.53s)
  [CLEAN+BUILD] fuzz ... OK+CLEANED (10.28s)
  [CLEAN+BUILD] rc ... OK+CLEANED (8.06s)
  [CLEAN+BUILD] image ... OK+CLEANED (16.91s)
  [CLEAN+BUILD] fuzz ... OK+CLEANED (13.74s)
  [CLEAN+BUILD] fuzz-afl ... OK+CLEANED (20.73s)
  [CLEAN+BUILD] image-gif ... OK+CLEANED (7.13s)
  [CLEAN+BUILD] fuzz ... OK+CLEANED (0.14s)
  [CLEAN+BUILD] gif-afl ... FAILED: Build failed (see rusticate-mirify.errs) (0.48s)
  [CLEAN+BUILD] gif-c ... FAILED: Build failed (see rusticate-mirify.errs) (7.18s)
  [CLEAN+BUILD] image-png ... OK+CLEANED (8.03s)
  [CLEAN+BUILD] fuzz ... OK+CLEANED (9.97s)
  [CLEAN+BUILD] png-afl ... FAILED: Build failed (see rusticate-mirify.errs) (4.04s)
  [CLEAN+BUILD] image-tiff ... OK+CLEANED (7.69s)
  [CLEAN+BUILD] fuzz ... OK+CLEANED (0.15s)
  [CLEAN+BUILD] image-webp ... OK+CLEANED (9.81s)
  [CLEAN+BUILD] fuzz ... OK+CLEANED (0.15s)
  [CLEAN+BUILD] imgref ... OK+CLEANED (0.36s)
  [CLEAN+BUILD] impl-more ... OK+CLEANED (0.69s)
  [CLEAN+BUILD] ensure-no-std ... FAILED: Build failed (see rusticate-mirify.errs) (0.15s)
  [CLEAN+BUILD] impl-trait-for-tuples ... OK+CLEANED (7.87s)
  [CLEAN+BUILD] include_dir ... FAILED: Build failed (see rusticate-mirify.errs) (1.24s)
  [CLEAN+BUILD] include_dir ... FAILED: Build failed (see rusticate-mirify.errs) (1.26s)
  [CLEAN+BUILD] macros ... OK+CLEANED (0.66s)
  [CLEAN+BUILD] indenter ... OK+CLEANED (0.18s)
  [CLEAN+BUILD] indexmap ... OK+CLEANED (4.91s)
  [CLEAN+BUILD] test-nostd ... OK+CLEANED (1.62s)
  [CLEAN+BUILD] test-serde ... OK+CLEANED (3.97s)
  [CLEAN+BUILD] test-sval ... OK+CLEANED (3.44s)
  [CLEAN+BUILD] indicatif ... OK+CLEANED (5.11s)
  [CLEAN+BUILD] indoc ... OK+CLEANED (4.46s)
  [CLEAN+BUILD] unindent ... OK+CLEANED (0.16s)
  [CLEAN+BUILD] infer ... OK+CLEANED (1.90s)
  [CLEAN+BUILD] inferno ... OK+CLEANED (9.21s)
  [CLEAN+BUILD] inflector ... FAILED: Build failed (see rusticate-mirify.errs) (2.78s)
  [CLEAN+BUILD] inherent ... OK+CLEANED (5.24s)
  [CLEAN+BUILD] inlinable_string ... OK+CLEANED (1.82s)
  [CLEAN+BUILD] inotify ... OK+CLEANED (4.72s)
  [CLEAN+BUILD] inotify-sys ... OK+CLEANED (0.73s)
  [CLEAN+BUILD] insta ... OK+CLEANED (8.05s)
  [CLEAN+BUILD] cargo-insta ... OK+CLEANED (7.49s)
  [CLEAN+BUILD] insta ... OK+CLEANED (4.86s)
  [CLEAN+BUILD] instant ... OK+CLEANED (6.21s)
  [CLEAN+BUILD] integer-encoding-rs ... OK+CLEANED (3.78s)
  [CLEAN+BUILD] interpolator ... OK+CLEANED (5.74s)
  [CLEAN+BUILD] assert-dbg ... OK+CLEANED (0.18s)
  [CLEAN+BUILD] inventory ... OK+CLEANED (4.47s)
  [CLEAN+BUILD] io-lifetimes ... OK+CLEANED (0.34s)
  [CLEAN+BUILD] io-uring ... OK+CLEANED (1.26s)
  [CLEAN+BUILD] io-uring-bench ... OK+CLEANED (6.88s)
  [CLEAN+BUILD] io-uring-test ... OK+CLEANED (2.00s)
  [CLEAN+BUILD] iovec ... OK+CLEANED (0.75s)
  [CLEAN+BUILD] ipconfig ... FAILED: Build failed (see rusticate-mirify.errs) (0.24s)
  [CLEAN+BUILD] ipnet ... OK+CLEANED (1.93s)
  [CLEAN+BUILD] ipnetwork ... OK+CLEANED (6.92s)
  [CLEAN+BUILD] iri-string ... OK+CLEANED (2.71s)
  [CLEAN+BUILD] iri-string-benches ... OK+CLEANED (6.64s)
  [CLEAN+BUILD] iri-string-tests ... OK+CLEANED (3.89s)
  [CLEAN+BUILD] is-terminal ... OK+CLEANED (1.24s)
  [CLEAN+BUILD] is_ci ... OK+CLEANED (0.17s)
  [CLEAN+BUILD] is_executable ... OK+CLEANED (0.23s)
  [CLEAN+BUILD] is_terminal_polyfill ... OK+CLEANED (0.14s)
  [CLEAN+BUILD] iso8601 ... OK+CLEANED (2.36s)
  [CLEAN+BUILD] fuzz ... OK+CLEANED (9.54s)
  [CLEAN+BUILD] itertools ... OK+CLEANED (8.75s)
  [CLEAN+BUILD] itoa ... OK+CLEANED (0.23s)
  [CLEAN+BUILD] fuzz ... OK+CLEANED (0.14s)
  [CLEAN+BUILD] jemallocator ... FAILED: Build failed (see rusticate-mirify.errs) (1.25s)
  [CLEAN+BUILD] jemalloc-ctl ... FAILED: Build failed (see rusticate-mirify.errs) (1.11s)
  [CLEAN+BUILD] jemalloc-sys ... FAILED: Build failed (see rusticate-mirify.errs) (1.16s)
  [CLEAN+BUILD] jemallocator ... FAILED: Build failed (see rusticate-mirify.errs) (1.18s)
  [CLEAN+BUILD] jemallocator-global ... FAILED: Build failed (see rusticate-mirify.errs) (1.13s)
  [CLEAN+BUILD] test-dylib ... OK+CLEANED (0.10s)
  [CLEAN+BUILD] jiff ... OK+CLEANED (15.65s)
  [CLEAN+BUILD] bench ... OK+CLEANED (7.36s)
  [CLEAN+BUILD] fuzz ... OK+CLEANED (0.15s)
  [CLEAN+BUILD] jni-rs ... OK+CLEANED (9.56s)
  [CLEAN+BUILD] javac ... OK+CLEANED (6.15s)
  [CLEAN+BUILD] jni-macros ... OK+CLEANED (5.93s)
  [CLEAN+BUILD] windows-bindings ... OK+CLEANED (4.48s)
  [CLEAN+BUILD] jni-sys ... OK+CLEANED (5.10s)
  [CLEAN+BUILD] jni-sys-macros ... OK+CLEANED (1.87s)
  [CLEAN+BUILD] systest ... FAILED: Build failed (see rusticate-mirify.errs) (9.74s)
  [CLEAN+BUILD] jobserver-rs ... OK+CLEANED (1.59s)
  [CLEAN+BUILD] jpeg-decoder ... FAILED: Build failed (see rusticate-mirify.errs) (0.98s)
  [CLEAN+BUILD] fuzz ... FAILED: Build failed (see rusticate-mirify.errs) (5.41s)
  [CLEAN+BUILD] fuzz-afl ... FAILED: Build failed (see rusticate-mirify.errs) (0.30s)
  [CLEAN+BUILD] json ... OK+CLEANED (6.62s)
  [CLEAN+BUILD] fuzz ... OK+CLEANED (0.13s)
  [CLEAN+BUILD] json-patch ... OK+CLEANED (8.19s)
  [CLEAN+BUILD] json-rust ... OK+CLEANED (0.59s)
  [CLEAN+BUILD] json5-rs ... OK+CLEANED (7.75s)
  [CLEAN+BUILD] jsonpath-rust ... OK+CLEANED (8.98s)
  [CLEAN+BUILD] jsonpath-ast ... OK+CLEANED (3.37s)
  [CLEAN+BUILD] jsonpath-rust-impl ... FAILED: Build failed (see rusticate-mirify.errs) (6.35s)
  [CLEAN+BUILD] rfc9535 ... OK+CLEANED (6.95s)
  [CLEAN+BUILD] jsonptr ... OK+CLEANED (4.26s)
  [CLEAN+BUILD] jsonrpc ... FAILED: Build failed (see rusticate-mirify.errs) (4.33s)
  [CLEAN+BUILD] core ... OK+CLEANED (4.75s)
  [CLEAN+BUILD] core-client ... OK+CLEANED (6.18s)
  [CLEAN+BUILD] derive ... OK+CLEANED (9.16s)
  [CLEAN+BUILD] http ... OK+CLEANED (6.69s)
  [CLEAN+BUILD] ipc ... OK+CLEANED (6.35s)
  [CLEAN+BUILD] pubsub ... OK+CLEANED (6.26s)
  [CLEAN+BUILD] server-utils ... OK+CLEANED (5.43s)
  [CLEAN+BUILD] stdio ... OK+CLEANED (5.32s)
  [CLEAN+BUILD] tcp ... OK+CLEANED (6.10s)
  [CLEAN+BUILD] test ... OK+CLEANED (7.37s)
  [CLEAN+BUILD] ws ... OK+CLEANED (7.92s)
  [CLEAN+BUILD] jsonrpsee ... OK+CLEANED (31.38s)
  [CLEAN+BUILD] benches ... OK+CLEANED (0.27s)
  [CLEAN+BUILD] core ... OK+CLEANED (11.17s)
  [CLEAN+BUILD] examples ... OK+CLEANED (0.26s)
  [CLEAN+BUILD] jsonrpsee ... OK+CLEANED (0.19s)
  [CLEAN+BUILD] proc-macros ... OK+CLEANED (17.68s)
  [CLEAN+BUILD] server ... OK+CLEANED (18.94s)
  [CLEAN+BUILD] test-utils ... FAILED: Build failed (see rusticate-mirify.errs) (12.95s)
  [CLEAN+BUILD] tests ... OK+CLEANED (25.34s)
  [CLEAN+BUILD] types ... FAILED: Build failed (see rusticate-mirify.errs) (5.41s)
  [CLEAN+BUILD] jsonschema ... FAILED: Build failed (see rusticate-mirify.errs) (33.56s)
  [CLEAN+BUILD] fuzz ... OK+CLEANED (0.27s)
  [CLEAN+BUILD] profiler ... OK+CLEANED (15.78s)
  [CLEAN+BUILD] jsonway ... FAILED: Build failed (see rusticate-mirify.errs) (2.87s)
  [CLEAN+BUILD] jsonwebtoken ... FAILED: Build failed (see rusticate-mirify.errs) (13.67s)
  [CLEAN+BUILD] k8s-openapi ... FAILED: Build failed (see rusticate-mirify.errs) (2.19s)
  [CLEAN+BUILD] k8s-openapi-codegen ... OK+CLEANED (13.36s)
  [CLEAN+BUILD] k8s-openapi-codegen-common ... OK+CLEANED (0.71s)
  [CLEAN+BUILD] k8s-openapi-derive ... OK+CLEANED (2.12s)
  [CLEAN+BUILD] k8s-openapi-tests ... FAILED: Build failed (see rusticate-mirify.errs) (5.73s)
  [CLEAN+BUILD] k8s-openapi-tests-macro-deps ... FAILED: Build failed (see rusticate-mirify.errs) (2.39s)
  [CLEAN+BUILD] kstring ... OK+CLEANED (14.74s)
  [CLEAN+BUILD] kube ... OK+CLEANED (26.42s)
  [CLEAN+BUILD] e2e ... FAILED: Build failed (see rusticate-mirify.errs) (7.23s)
  [CLEAN+BUILD] examples ... OK+CLEANED (0.56s)
  [CLEAN+BUILD] kube ... OK+CLEANED (25.07s)
  [CLEAN+BUILD] kube-client ... OK+CLEANED (39.02s)
  [CLEAN+BUILD] kube-core ... OK+CLEANED (30.49s)
  [CLEAN+BUILD] kube-derive ... OK+CLEANED (30.50s)
  [CLEAN+BUILD] kube-runtime ... OK+CLEANED (36.36s)
  [CLEAN+BUILD] kv-log-macro ... OK+CLEANED (9.56s)
  [CLEAN+BUILD] lalrpop ... OK+CLEANED (34.98s)
  [CLEAN+BUILD] lalrpop ... OK+CLEANED (14.02s)
  [CLEAN+BUILD] lalrpop-test ... OK+CLEANED (31.56s)
  [CLEAN+BUILD] lalrpop-util ... OK+CLEANED (3.49s)
  [CLEAN+BUILD] lazy-regex ... OK+CLEANED (5.95s)
  [CLEAN+BUILD] lazy-static.rs ... FAILED: Build failed (see rusticate-mirify.errs) (6.54s)
  [CLEAN+BUILD] lazycell ... OK+CLEANED (0.37s)
  [CLEAN+BUILD] leb128 ... OK+CLEANED (5.31s)
  [CLEAN+BUILD] lebe ... OK+CLEANED (0.59s)
  [CLEAN+BUILD] levenshtein-rs ... OK+CLEANED (0.34s)
  [CLEAN+BUILD] libc ... OK+CLEANED (1.34s)
  [CLEAN+BUILD] ctest ... OK+CLEANED (10.53s)
  [CLEAN+BUILD] ctest-test ... OK+CLEANED (14.59s)
  [CLEAN+BUILD] libc-test ... FAILED: Build failed (see rusticate-mirify.errs) (17.04s)
  [CLEAN+BUILD] libflate ... OK+CLEANED (5.39s)
  [CLEAN+BUILD] flate_bench ... OK+CLEANED (4.96s)
  [CLEAN+BUILD] libflate_lz77 ... OK+CLEANED (1.45s)
  [CLEAN+BUILD] libfuzzer ... OK+CLEANED (6.10s)
  [CLEAN+BUILD] example ... OK+CLEANED (0.18s)
  [CLEAN+BUILD] example_arbitrary ... OK+CLEANED (0.16s)
  [CLEAN+BUILD] example_crossover ... OK+CLEANED (0.16s)
  [CLEAN+BUILD] example_init ... OK+CLEANED (0.16s)
  [CLEAN+BUILD] example_mutator ... FAILED: Cargo clean failed:
error: current package believes it's in a workspace when it's not:
current:   /home/milnes/projects/RustCodebases/libfuzzer/example_mutator/Cargo.toml
workspace: /home/milnes/projects/RustCodebases/libfuzzer/Cargo.toml

this may be fixable by adding `example_mutator` to the `workspace.members` array of the manifest located at: /home/milnes/projects/RustCodebases/libfuzzer/Cargo.toml
Alternatively, to keep it out of the workspace, add the package to the `workspace.exclude` array, or add an empty `[workspace]` table to the package's manifest.
 (0.05s)
  [CLEAN+BUILD] libsecp256k1 ... OK+CLEANED (7.94s)
  [CLEAN+BUILD] core ... OK+CLEANED (1.23s)
  [CLEAN+BUILD] libtest-mimic ... OK+CLEANED (4.47s)
  [CLEAN+BUILD] libz-sys ... OK+CLEANED (1.28s)
  [CLEAN+BUILD] systest ... OK+CLEANED (10.61s)
  [CLEAN+BUILD] link-cplusplus ... OK+CLEANED (1.05s)
  [CLEAN+BUILD] linked-hash-map ... OK+CLEANED (2.28s)
  [CLEAN+BUILD] linked-hash-set ... OK+CLEANED (2.04s)
  [CLEAN+BUILD] linux-raw-sys ... OK+CLEANED (1.02s)
  [CLEAN+BUILD] gen ... FAILED: Build failed (see rusticate-mirify.errs) (1.59s)
  [CLEAN+BUILD] litrs ... OK+CLEANED (1.79s)
  [CLEAN+BUILD] local-ip-address ... OK+CLEANED (7.45s)
  [CLEAN+BUILD] lockfree-object-pool ... OK+CLEANED (8.43s)
  [CLEAN+BUILD] log ... OK+CLEANED (4.94s)
  [CLEAN+BUILD] test_max_level_features ... OK+CLEANED (0.27s)
  [CLEAN+BUILD] log4rs ... OK+CLEANED (7.33s)
  [CLEAN+BUILD] logos ... OK+CLEANED (5.14s)
  [CLEAN+BUILD] fuzz ... FAILED: Cargo clean failed:
error: failed to parse manifest at `/home/milnes/projects/RustCodebases/logos/fuzz/Cargo.toml`

Caused by:
  error inheriting `edition` from workspace root manifest's `workspace.package.edition`

Caused by:
  failed to find a workspace root
 (0.04s)
  [CLEAN+BUILD] logos-cli ... OK+CLEANED (6.99s)
  [CLEAN+BUILD] logos-codegen ... OK+CLEANED (7.63s)
  [CLEAN+BUILD] logos-derive ... OK+CLEANED (3.66s)
  [CLEAN+BUILD] tests ... OK+CLEANED (11.29s)
  [CLEAN+BUILD] loom ... OK+CLEANED (5.91s)
  [CLEAN+BUILD] lru-cache ... OK+CLEANED (0.34s)
  [CLEAN+BUILD] lru-rs ... OK+CLEANED (1.11s)
  [CLEAN+BUILD] lru-slab ... OK+CLEANED (0.24s)
  [CLEAN+BUILD] lsp-types ... OK+CLEANED (10.50s)
  [CLEAN+BUILD] lz4-rs ... FAILED: Build failed (see rusticate-mirify.errs) (1.20s)
  [CLEAN+BUILD] lz4-sys ... FAILED: Build failed (see rusticate-mirify.errs) (1.06s)
  [CLEAN+BUILD] lz4_flex ... OK+CLEANED (25.13s)
  [CLEAN+BUILD] benchmarks ... OK+CLEANED (0.43s)
  [CLEAN+BUILD] fuzz ... OK+CLEANED (0.14s)
  [CLEAN+BUILD] lz4_bin ... FAILED: Build failed (see rusticate-mirify.errs) (4.90s)
  [CLEAN+BUILD] miri_tests ... OK+CLEANED (1.79s)
  [CLEAN+BUILD] lzma-rs ... FAILED: Build failed (see rusticate-mirify.errs) (0.99s)
  [CLEAN+BUILD] fuzz ... OK+CLEANED (10.85s)
  [CLEAN+BUILD] mach ... FAILED: Build failed (see rusticate-mirify.errs) (0.23s)
  [CLEAN+BUILD] mach-test ... FAILED: Build failed (see rusticate-mirify.errs) (2.45s)
  [CLEAN+BUILD] mach2 ... FAILED: Build failed (see rusticate-mirify.errs) (0.46s)
  [CLEAN+BUILD] mach-test ... FAILED: Build failed (see rusticate-mirify.errs) (3.48s)
  [CLEAN+BUILD] macro_rules_attribute-rs ... FAILED: Build failed (see rusticate-mirify.errs) (5.50s)
  [CLEAN+BUILD] malloc_buf ... OK+CLEANED (1.04s)
  [CLEAN+BUILD] maplit ... OK+CLEANED (0.30s)
  [CLEAN+BUILD] rust2015user ... OK+CLEANED (0.18s)
  [CLEAN+BUILD] rust2018user ... OK+CLEANED (0.18s)
  [CLEAN+BUILD] match_cfg ... FAILED: Build failed (see rusticate-mirify.errs) (0.13s)
  [CLEAN+BUILD] matchers ... OK+CLEANED (2.11s)
  [CLEAN+BUILD] matchit ... FAILED: Build failed (see rusticate-mirify.errs) (8.51s)
  [CLEAN+BUILD] fuzz ... OK+CLEANED (0.15s)
  [CLEAN+BUILD] matrixmultiply ... OK+CLEANED (0.84s)
  [CLEAN+BUILD] blas-bench ... OK+CLEANED (1.19s)
  [CLEAN+BUILD] ensure_no_std ... FAILED: Build failed (see rusticate-mirify.errs) (0.78s)
  [CLEAN+BUILD] maxminddb-rust ... OK+CLEANED (9.54s)
  [CLEAN+BUILD] maybe-async-rs ... OK+CLEANED (6.91s)
  [CLEAN+BUILD] maybe-rayon ... OK+CLEANED (2.04s)
  [CLEAN+BUILD] maybe-uninit ... OK+CLEANED (0.33s)
  [CLEAN+BUILD] md5 ... OK+CLEANED (0.23s)
  [CLEAN+BUILD] memchr ... OK+CLEANED (2.46s)
  [CLEAN+BUILD] fuzz ... OK+CLEANED (0.13s)
  [CLEAN+BUILD] memfd-rs ... OK+CLEANED (1.34s)
  [CLEAN+BUILD] memmap-rs ... OK+CLEANED (1.22s)
  [CLEAN+BUILD] memmap2-rs ... OK+CLEANED (1.73s)
  [CLEAN+BUILD] memoffset ... OK+CLEANED (0.51s)
  [CLEAN+BUILD] merlin ... OK+CLEANED (4.45s)
  [CLEAN+BUILD] metrics ... FAILED: Build failed (see rusticate-mirify.errs) (23.00s)
  [CLEAN+BUILD] metrics ... OK+CLEANED (8.33s)
  [CLEAN+BUILD] metrics-benchmark ... OK+CLEANED (3.71s)
  [CLEAN+BUILD] metrics-exporter-dogstatsd ... OK+CLEANED (5.84s)
  [CLEAN+BUILD] metrics-exporter-prometheus ... OK+CLEANED (17.68s)
  [CLEAN+BUILD] metrics-exporter-tcp ... FAILED: Build failed (see rusticate-mirify.errs) (6.76s)
  [CLEAN+BUILD] metrics-observer ... FAILED: Build failed (see rusticate-mirify.errs) (7.80s)
  [CLEAN+BUILD] metrics-tracing-context ... OK+CLEANED (8.44s)
  [CLEAN+BUILD] metrics-util ... OK+CLEANED (10.95s)
  [CLEAN+BUILD] miette ... OK+CLEANED (7.31s)
  [CLEAN+BUILD] miette-derive ... OK+CLEANED (1.86s)
  [CLEAN+BUILD] mimalloc_rust ... FAILED: Build failed (see rusticate-mirify.errs) (1.11s)
  [CLEAN+BUILD] libmimalloc-sys ... FAILED: Build failed (see rusticate-mirify.errs) (1.10s)
  [CLEAN+BUILD] test-override-with-dylib ... FAILED: Build failed (see rusticate-mirify.errs) (1.10s)
  [CLEAN+BUILD] mime ... OK+CLEANED (0.44s)
  [CLEAN+BUILD] mime-macro ... OK+CLEANED (1.32s)
  [CLEAN+BUILD] mime-parse ... OK+CLEANED (0.40s)
  [CLEAN+BUILD] mime_guess ... OK+CLEANED (7.68s)
  [CLEAN+BUILD] minimal-lexical ... OK+CLEANED (0.46s)
  [CLEAN+BUILD] fuzz ... OK+CLEANED (10.78s)
  [CLEAN+BUILD] miniz_oxide ... OK+CLEANED (1.41s)
  [CLEAN+BUILD] fuzz ... FAILED: Build failed (see rusticate-mirify.errs) (5.80s)
  [CLEAN+BUILD] miniz_oxide ... OK+CLEANED (0.74s)
  [CLEAN+BUILD] miniz_oxide_test ... OK+CLEANED (4.78s)
  [CLEAN+BUILD] mio ... OK+CLEANED (1.89s)
  [CLEAN+BUILD] mio-extras ... OK+CLEANED (1.55s)
  [CLEAN+BUILD] mio-uds ... OK+CLEANED (1.39s)
  [CLEAN+BUILD] miow ... OK+CLEANED (1.91s)
  [CLEAN+BUILD] mockall ... OK+CLEANED (12.81s)
  [CLEAN+BUILD] mockall ... OK+CLEANED (11.40s)
  [CLEAN+BUILD] mockall_derive ... OK+CLEANED (4.02s)
  [CLEAN+BUILD] mockall_double ... OK+CLEANED (2.07s)
  [CLEAN+BUILD] mockito ... OK+CLEANED (12.60s)
  [CLEAN+BUILD] moka ... FAILED: Build failed (see rusticate-mirify.errs) (8.80s)
  [CLEAN+BUILD] msgpack-rust ... OK+CLEANED (7.03s)
  [CLEAN+BUILD] rmp ... OK+CLEANED (3.92s)
  [CLEAN+BUILD] rmp-serde ... OK+CLEANED (6.04s)
  [CLEAN+BUILD] rmpv ... OK+CLEANED (3.61s)
  [CLEAN+BUILD] rmpv-tests ... OK+CLEANED (4.80s)
  [CLEAN+BUILD] multer ... OK+CLEANED (9.90s)
  [CLEAN+BUILD] fuzz ... OK+CLEANED (0.16s)
  [CLEAN+BUILD] multimap ... OK+CLEANED (2.18s)
  [CLEAN+BUILD] multipart ... OK+CLEANED (5.83s)
  [CLEAN+BUILD] fuzz ... FAILED: Build failed (see rusticate-mirify.errs) (7.05s)
  [CLEAN+BUILD] murmur3 ... OK+CLEANED (7.82s)
  [CLEAN+BUILD] murmur3-sys ... OK+CLEANED (6.32s)
  [CLEAN+BUILD] nalgebra ... OK+CLEANED (15.84s)
  [CLEAN+BUILD] nalgebra-glm ... OK+CLEANED (7.68s)
  [CLEAN+BUILD] nalgebra-lapack ... FAILED: Build failed (see rusticate-mirify.errs) (3.52s)
  [CLEAN+BUILD] nalgebra-macros ... OK+CLEANED (7.67s)
  [CLEAN+BUILD] nalgebra-sparse ... FAILED: Build failed (see rusticate-mirify.errs) (9.50s)
  [CLEAN+BUILD] names ... OK+CLEANED (6.14s)
  [CLEAN+BUILD] nanorand-rs ... OK+CLEANED (0.43s)
  [CLEAN+BUILD] nanorand-abi ... OK+CLEANED (1.07s)
  [CLEAN+BUILD] nanorand-bench ... OK+CLEANED (6.68s)
  [CLEAN+BUILD] nanorand-fuzz ... OK+CLEANED (0.15s)
  [CLEAN+BUILD] napi-rs ... OK+CLEANED (17.55s)
  [CLEAN+BUILD] bench ... OK+CLEANED (9.61s)
  [CLEAN+BUILD] memory-testing ... OK+CLEANED (9.57s)
  [CLEAN+BUILD] nb ... OK+CLEANED (0.17s)
  [CLEAN+BUILD] ndarray ... OK+CLEANED (9.37s)
  [CLEAN+BUILD] ndarray-rand ... OK+CLEANED (4.00s)
  [CLEAN+BUILD] ndk ... FAILED: Build failed (see rusticate-mirify.errs) (1.22s)
  [CLEAN+BUILD] ndk ... FAILED: Build failed (see rusticate-mirify.errs) (1.21s)
  [CLEAN+BUILD] ndk-sys ... FAILED: Build failed (see rusticate-mirify.errs) (0.18s)
  [CLEAN+BUILD] neli ... OK+CLEANED (8.51s)
  [CLEAN+BUILD] neli-proc-macros ... OK+CLEANED (5.39s)
  [CLEAN+BUILD] net2-rs ... FAILED: Build failed (see rusticate-mirify.errs) (0.91s)
  [CLEAN+BUILD] netlink-packet-core ... OK+CLEANED (4.33s)
  [CLEAN+BUILD] netlink-packet-route ... OK+CLEANED (4.77s)
  [CLEAN+BUILD] netlink-packet-utils ... OK+CLEANED (2.72s)
  [CLEAN+BUILD] netlink-proto ... FAILED: Build failed (see rusticate-mirify.errs) (7.05s)
  [CLEAN+BUILD] netlink-sys ... OK+CLEANED (6.11s)
  [CLEAN+BUILD] nghttp2-rs ... FAILED: Build failed (see rusticate-mirify.errs) (0.99s)
  [CLEAN+BUILD] systest ... FAILED: Build failed (see rusticate-mirify.errs) (2.42s)
  [CLEAN+BUILD] nix ... OK+CLEANED (6.89s)
  [CLEAN+BUILD] no-std-net ... OK+CLEANED (2.16s)
  [CLEAN+BUILD] nohash-hasher ... OK+CLEANED (0.18s)
  [CLEAN+BUILD] nom ... OK+CLEANED (7.28s)
  [CLEAN+BUILD] benchmarks ... OK+CLEANED (22.02s)
  [CLEAN+BUILD] fuzz ... OK+CLEANED (4.93s)
  [CLEAN+BUILD] nom-language ... OK+CLEANED (2.15s)
  [CLEAN+BUILD] nom_locate ... OK+CLEANED (1.83s)
  [CLEAN+BUILD] nonzero_ext ... OK+CLEANED (4.33s)
  [CLEAN+BUILD] noop_proc_macro ... OK+CLEANED (0.28s)
  [CLEAN+BUILD] normalize-line-endings ... OK+CLEANED (0.16s)
  [CLEAN+BUILD] normpath ... OK+CLEANED (1.90s)
  [CLEAN+BUILD] macros ... OK+CLEANED (0.15s)
  [CLEAN+BUILD] notify ... FAILED: Build failed (see rusticate-mirify.errs) (7.24s)
  [CLEAN+BUILD] examples ... OK+CLEANED (0.17s)
  [CLEAN+BUILD] file-id ... FAILED: Build failed (see rusticate-mirify.errs) (1.23s)
  [CLEAN+BUILD] notify ... FAILED: Build failed (see rusticate-mirify.errs) (2.70s)
  [CLEAN+BUILD] notify-debouncer-full ... FAILED: Build failed (see rusticate-mirify.errs) (6.61s)
  [CLEAN+BUILD] notify-debouncer-mini ... FAILED: Build failed (see rusticate-mirify.errs) (1.48s)
  [CLEAN+BUILD] notify-types ... OK+CLEANED (5.77s)
  [CLEAN+BUILD] ntapi ... OK+CLEANED (0.41s)
  [CLEAN+BUILD] nu-ansi-term ... OK+CLEANED (1.92s)
  [CLEAN+BUILD] num ... OK+CLEANED (1.50s)
  [CLEAN+BUILD] num-bigint ... OK+CLEANED (1.97s)
  [CLEAN+BUILD] num-cmp ... FAILED: Build failed (see rusticate-mirify.errs) (0.30s)
  [CLEAN+BUILD] num-complex ... OK+CLEANED (1.14s)
  [CLEAN+BUILD] num-conv ... OK+CLEANED (0.16s)
  [CLEAN+BUILD] num-derive ... OK+CLEANED (2.54s)
  [CLEAN+BUILD] num-format ... OK+CLEANED (9.28s)
  [CLEAN+BUILD] num-format ... OK+CLEANED (2.14s)
  [CLEAN+BUILD] num-format-benches ... OK+CLEANED (6.62s)
  [CLEAN+BUILD] num-format-dev ... OK+CLEANED (3.77s)
  [CLEAN+BUILD] num-format-windows ... OK+CLEANED (5.10s)
  [CLEAN+BUILD] num-integer ... OK+CLEANED (1.22s)
  [CLEAN+BUILD] num-iter ... OK+CLEANED (0.89s)
  [CLEAN+BUILD] num-rational ... OK+CLEANED (1.75s)
  [CLEAN+BUILD] num-traits ... OK+CLEANED (2.54s)
  [CLEAN+BUILD] num_cpus ... OK+CLEANED (0.83s)
  [CLEAN+BUILD] num_enum ... OK+CLEANED (5.01s)
  [CLEAN+BUILD] metadata_checks ... OK+CLEANED (6.12s)
  [CLEAN+BUILD] num_enum ... OK+CLEANED (4.87s)
  [CLEAN+BUILD] num_enum_derive ... OK+CLEANED (1.90s)
  [CLEAN+BUILD] renamed_num_enum ... OK+CLEANED (2.40s)
  [CLEAN+BUILD] serde_example ... OK+CLEANED (3.51s)
  [CLEAN+BUILD] stress_tests ... OK+CLEANED (4.70s)
  [CLEAN+BUILD] num_threads ... OK+CLEANED (0.24s)
  [CLEAN+BUILD] oauth2-rs ... OK+CLEANED (10.99s)
  [CLEAN+BUILD] objc2 ... FAILED: Build failed (see rusticate-mirify.errs) (3.73s)
  [CLEAN+BUILD] object ... OK+CLEANED (4.17s)
  [CLEAN+BUILD] xtask ... OK+CLEANED (0.22s)
  [CLEAN+BUILD] oid-registry ... OK+CLEANED (4.98s)
  [CLEAN+BUILD] once_cell ... OK+CLEANED (2.73s)
  [CLEAN+BUILD] xtask ... OK+CLEANED (0.48s)
  [CLEAN+BUILD] once_cell_polyfill ... OK+CLEANED (0.22s)
  [CLEAN+BUILD] open-rs ... OK+CLEANED (0.75s)
  [CLEAN+BUILD] opener ... OK+CLEANED (14.04s)
  [CLEAN+BUILD] opener ... OK+CLEANED (0.85s)
  [CLEAN+BUILD] opener-bin ... OK+CLEANED (13.50s)
  [CLEAN+BUILD] openssl-probe ... OK+CLEANED (0.15s)
  [CLEAN+BUILD] openssl-src-rs ... OK+CLEANED (0.74s)
  [CLEAN+BUILD] testcrate ... FAILED: Build failed (see rusticate-mirify.errs) (0.93s)
  [CLEAN+BUILD] opentelemetry-rust ... FAILED: Build failed (see rusticate-mirify.errs) (10.37s)
  [CLEAN+BUILD] opentelemetry ... OK+CLEANED (7.91s)
  [CLEAN+BUILD] opentelemetry-appender-log ... OK+CLEANED (6.15s)
  [CLEAN+BUILD] opentelemetry-appender-tracing ... OK+CLEANED (9.45s)
  [CLEAN+BUILD] opentelemetry-http ... OK+CLEANED (3.65s)
  [CLEAN+BUILD] opentelemetry-jaeger-propagator ... OK+CLEANED (2.94s)
  [CLEAN+BUILD] opentelemetry-otlp ... OK+CLEANED (11.68s)
  [CLEAN+BUILD] opentelemetry-prometheus ... OK+CLEANED (8.92s)
  [CLEAN+BUILD] opentelemetry-proto ... OK+CLEANED (10.47s)
  [CLEAN+BUILD] opentelemetry-sdk ... OK+CLEANED (12.03s)
  [CLEAN+BUILD] opentelemetry-semantic-conventions ... OK+CLEANED (4.37s)
  [CLEAN+BUILD] opentelemetry-stdout ... OK+CLEANED (5.58s)
  [CLEAN+BUILD] opentelemetry-zipkin ... FAILED: Build failed (see rusticate-mirify.errs) (3.35s)
  [CLEAN+BUILD] stress ... OK+CLEANED (5.89s)
  [CLEAN+BUILD] opentelemetry-rust-contrib ... OK+CLEANED (66.32s)
  [CLEAN+BUILD] opentelemetry-aws ... OK+CLEANED (6.46s)
  [CLEAN+BUILD] opentelemetry-config ... OK+CLEANED (6.03s)
  [CLEAN+BUILD] opentelemetry-contrib ... OK+CLEANED (8.53s)
  [CLEAN+BUILD] opentelemetry-datadog ... OK+CLEANED (11.20s)
  [CLEAN+BUILD] opentelemetry-etw-logs ... OK+CLEANED (7.81s)
  [CLEAN+BUILD] opentelemetry-etw-metrics ... OK+CLEANED (11.50s)
  [CLEAN+BUILD] opentelemetry-instrumentation-actix-web ... OK+CLEANED (15.74s)
  [CLEAN+BUILD] opentelemetry-instrumentation-tower ... OK+CLEANED (5.93s)
  [CLEAN+BUILD] opentelemetry-resource-detectors ... OK+CLEANED (4.05s)
  [CLEAN+BUILD] opentelemetry-stackdriver ... FAILED: Build failed (see rusticate-mirify.errs) (3.53s)
  [CLEAN+BUILD] opentelemetry-user-events-logs ... OK+CLEANED (7.87s)
  [CLEAN+BUILD] opentelemetry-user-events-metrics ... OK+CLEANED (10.83s)
  [CLEAN+BUILD] opentelemetry-user-events-trace ... OK+CLEANED (7.65s)
  [CLEAN+BUILD] stress ... FAILED: Build failed (see rusticate-mirify.errs) (3.70s)
  [CLEAN+BUILD] option-ext ... OK+CLEANED (0.16s)
  [CLEAN+BUILD] ordered-multimap-rs ... OK+CLEANED (2.26s)
  [CLEAN+BUILD] benches ... OK+CLEANED (0.14s)
  [CLEAN+BUILD] ordered-stream ... OK+CLEANED (3.69s)
  [CLEAN+BUILD] os_info ... OK+CLEANED (5.52s)
  [CLEAN+BUILD] cli ... OK+CLEANED (4.02s)
  [CLEAN+BUILD] os_info ... OK+CLEANED (3.94s)
  [CLEAN+BUILD] os_pipe.rs ... OK+CLEANED (0.80s)
  [CLEAN+BUILD] os_str_bytes ... OK+CLEANED (1.59s)
  [CLEAN+BUILD] ouroboros ... OK+CLEANED (6.08s)
  [CLEAN+BUILD] examples ... OK+CLEANED (5.58s)
  [CLEAN+BUILD] ouroboros ... OK+CLEANED (2.94s)
  [CLEAN+BUILD] ouroboros_macro ... OK+CLEANED (2.09s)
  [CLEAN+BUILD] output-vt100-rs ... OK+CLEANED (0.36s)
  [CLEAN+BUILD] outref ... OK+CLEANED (0.16s)
  [CLEAN+BUILD] overload ... OK+CLEANED (0.19s)
  [CLEAN+BUILD] owned-ttf-parser ... OK+CLEANED (1.23s)
  [CLEAN+BUILD] owning-ref-rs ... OK+CLEANED (0.41s)
  [CLEAN+BUILD] owo-colors ... OK+CLEANED (0.79s)
  [CLEAN+BUILD] parity-common ... FAILED: Build failed (see rusticate-mirify.errs) (6.58s)
  [CLEAN+BUILD] bounded-collections ... OK+CLEANED (6.82s)
  [CLEAN+BUILD] ethbloom ... OK+CLEANED (6.54s)
  [CLEAN+BUILD] ethereum-types ... OK+CLEANED (2.63s)
  [CLEAN+BUILD] fixed-hash ... OK+CLEANED (6.51s)
  [CLEAN+BUILD] keccak-hash ... OK+CLEANED (6.58s)
  [CLEAN+BUILD] kvdb ... OK+CLEANED (0.30s)
  [CLEAN+BUILD] kvdb-memorydb ... OK+CLEANED (1.04s)
  [CLEAN+BUILD] kvdb-rocksdb ... FAILED: Build failed (see rusticate-mirify.errs) (3.15s)
  [CLEAN+BUILD] kvdb-shared-tests ... OK+CLEANED (0.34s)
  [CLEAN+BUILD] parity-bytes ... OK+CLEANED (0.19s)
  [CLEAN+BUILD] primitive-types ... OK+CLEANED (7.02s)
  [CLEAN+BUILD] rlp ... OK+CLEANED (6.74s)
  [CLEAN+BUILD] rlp-derive ... OK+CLEANED (2.05s)
  [CLEAN+BUILD] uint ... OK+CLEANED (7.14s)
  [CLEAN+BUILD] parity-scale-codec ... OK+CLEANED (9.83s)
  [CLEAN+BUILD] derive ... OK+CLEANED (4.95s)
  [CLEAN+BUILD] fuzzer ... OK+CLEANED (4.75s)
  [CLEAN+BUILD] parking ... OK+CLEANED (0.33s)
  [CLEAN+BUILD] parking_lot ... OK+CLEANED (2.53s)
  [CLEAN+BUILD] benchmark ... OK+CLEANED (1.11s)
  [CLEAN+BUILD] core ... OK+CLEANED (0.84s)
  [CLEAN+BUILD] lock_api ... OK+CLEANED (0.24s)
  [CLEAN+BUILD] parse-range-headers ... OK+CLEANED (6.80s)
  [CLEAN+BUILD] fuzz ... OK+CLEANED (0.15s)
  [CLEAN+BUILD] password-hashes ... OK+CLEANED (4.16s)
  [CLEAN+BUILD] .readme ... OK+CLEANED (3.60s)
  [CLEAN+BUILD] argon2 ... OK+CLEANED (2.51s)
  [CLEAN+BUILD] balloon-hash ... OK+CLEANED (2.97s)
  [CLEAN+BUILD] bcrypt-pbkdf ... OK+CLEANED (2.80s)
  [CLEAN+BUILD] benches ... OK+CLEANED (7.90s)
  [CLEAN+BUILD] fuzz ... OK+CLEANED (0.16s)
  [CLEAN+BUILD] password-auth ... OK+CLEANED (2.43s)
  [CLEAN+BUILD] pbkdf2 ... OK+CLEANED (2.77s)
  [CLEAN+BUILD] scrypt ... OK+CLEANED (3.25s)
  [CLEAN+BUILD] sha-crypt ... OK+CLEANED (2.90s)
  [CLEAN+BUILD] yescrypt ... OK+CLEANED (3.00s)
  [CLEAN+BUILD] paste ... OK+CLEANED (4.34s)
  [CLEAN+BUILD] path-clean ... OK+CLEANED (4.93s)
  [CLEAN+BUILD] path-slash ... OK+CLEANED (0.27s)
  [CLEAN+BUILD] path-to-error ... OK+CLEANED (3.59s)
  [CLEAN+BUILD] pathdiff ... OK+CLEANED (0.20s)
  [CLEAN+BUILD] pbjson ... FAILED: Build failed (see rusticate-mirify.errs) (5.80s)
  [CLEAN+BUILD] pbjson ... OK+CLEANED (3.45s)
  [CLEAN+BUILD] pbjson-build ... OK+CLEANED (3.60s)
  [CLEAN+BUILD] pbjson-test ... FAILED: Build failed (see rusticate-mirify.errs) (5.19s)
  [CLEAN+BUILD] pbjson-types ... OK+CLEANED (6.46s)
  [CLEAN+BUILD] peeking_take_while ... OK+CLEANED (0.17s)
  [CLEAN+BUILD] pem-rs ... OK+CLEANED (5.97s)
  [CLEAN+BUILD] pemfile ... OK+CLEANED (0.45s)
  [CLEAN+BUILD] pest ... FAILED: Build failed (see rusticate-mirify.errs) (3.25s)
  [CLEAN+BUILD] bootstrap ... OK+CLEANED (1.91s)
  [CLEAN+BUILD] debugger ... FAILED: Build failed (see rusticate-mirify.errs) (3.05s)
  [CLEAN+BUILD] derive ... FAILED: Build failed (see rusticate-mirify.errs) (1.96s)
  [CLEAN+BUILD] generator ... FAILED: Build failed (see rusticate-mirify.errs) (1.70s)
  [CLEAN+BUILD] grammars ... FAILED: Build failed (see rusticate-mirify.errs) (2.63s)
  [CLEAN+BUILD] meta ... FAILED: Build failed (see rusticate-mirify.errs) (1.21s)
  [CLEAN+BUILD] pest ... OK+CLEANED (7.76s)
  [CLEAN+BUILD] vm ... FAILED: Build failed (see rusticate-mirify.errs) (1.23s)
  [CLEAN+BUILD] petgraph ... OK+CLEANED (7.93s)
  [CLEAN+BUILD] serialization-tests ... OK+CLEANED (5.29s)
  [CLEAN+BUILD] pico-args ... OK+CLEANED (0.30s)
  [CLEAN+BUILD] pin-project ... OK+CLEANED (5.72s)
  [CLEAN+BUILD] pin-project-internal ... OK+CLEANED (3.13s)
  [CLEAN+BUILD] pin-project-lite ... OK+CLEANED (5.00s)
  [CLEAN+BUILD] pin-utils ... OK+CLEANED (0.17s)
  [CLEAN+BUILD] piper ... OK+CLEANED (6.22s)
  [CLEAN+BUILD] pkg-config-rs ... OK+CLEANED (0.44s)
  [CLEAN+BUILD] pki-types ... FAILED: Build failed (see rusticate-mirify.errs) (1.44s)
  [CLEAN+BUILD] fuzz ... OK+CLEANED (0.12s)
  [CLEAN+BUILD] plain ... OK+CLEANED (0.20s)
  [CLEAN+BUILD] plotters ... FAILED: Build failed (see rusticate-mirify.errs) (2.71s)
  [CLEAN+BUILD] plotters ... FAILED: Build failed (see rusticate-mirify.errs) (2.82s)
  [CLEAN+BUILD] plotters-backend ... OK+CLEANED (0.26s)
  [CLEAN+BUILD] plotters-bitmap ... FAILED: Build failed (see rusticate-mirify.errs) (2.63s)
  [CLEAN+BUILD] plotters-svg ... FAILED: Build failed (see rusticate-mirify.errs) (0.87s)
  [CLEAN+BUILD] polling ... OK+CLEANED (1.89s)
  [CLEAN+BUILD] portable-atomic ... OK+CLEANED (6.58s)
  [CLEAN+BUILD] bench ... OK+CLEANED (0.20s)
  [CLEAN+BUILD] portable-atomic-util ... OK+CLEANED (0.54s)
  [CLEAN+BUILD] postcard ... OK+CLEANED (11.20s)
  [CLEAN+BUILD] powerfmt ... OK+CLEANED (2.51s)
  [CLEAN+BUILD] powerfmt ... OK+CLEANED (2.49s)
  [CLEAN+BUILD] powerfmt-macros ... OK+CLEANED (1.75s)
  [CLEAN+BUILD] pprof-rs ... OK+CLEANED (8.83s)
  [CLEAN+BUILD] precomputed-hash ... OK+CLEANED (0.15s)
  [CLEAN+BUILD] predicates-rs ... OK+CLEANED (2.66s)
  [CLEAN+BUILD] pretty-env-logger ... OK+CLEANED (2.54s)
  [CLEAN+BUILD] pretty-hex ... OK+CLEANED (0.54s)
  [CLEAN+BUILD] prettyplease ... OK+CLEANED (2.72s)
  [CLEAN+BUILD] fuzz ... OK+CLEANED (0.15s)
  [CLEAN+BUILD] prettytable-rs ... OK+CLEANED (1.85s)
  [CLEAN+BUILD] fuzz ... OK+CLEANED (0.15s)
  [CLEAN+BUILD] priority-queue ... OK+CLEANED (4.18s)
  [CLEAN+BUILD] test-nostd ... OK+CLEANED (0.79s)
  [CLEAN+BUILD] proc-macro-crate ... OK+CLEANED (1.82s)
  [CLEAN+BUILD] proc-macro-error-2 ... OK+CLEANED (4.93s)
  [CLEAN+BUILD] proc-macro-error-attr ... OK+CLEANED (0.66s)
  [CLEAN+BUILD] test-crate ... OK+CLEANED (1.91s)
  [CLEAN+BUILD] proc-macro-hack ... OK+CLEANED (4.50s)
  [CLEAN+BUILD] demo-hack ... OK+CLEANED (2.30s)
  [CLEAN+BUILD] demo-hack-impl ... OK+CLEANED (1.66s)
  [CLEAN+BUILD] example ... OK+CLEANED (2.32s)
  [CLEAN+BUILD] nested ... OK+CLEANED (0.25s)
  [CLEAN+BUILD] proc-macro-utils ... OK+CLEANED (1.09s)
  [CLEAN+BUILD] example ... OK+CLEANED (1.00s)
  [CLEAN+BUILD] proc-macro2 ... OK+CLEANED (2.17s)
  [CLEAN+BUILD] fuzz ... OK+CLEANED (0.13s)
  [CLEAN+BUILD] proc-macro2-diagnostics ... OK+CLEANED (4.32s)
  [CLEAN+BUILD] example ... FAILED: Build failed (see rusticate-mirify.errs) (1.85s)
  [CLEAN+BUILD] procfs ... OK+CLEANED (8.44s)
  [CLEAN+BUILD] procfs ... OK+CLEANED (8.17s)
  [CLEAN+BUILD] procfs-core ... OK+CLEANED (2.80s)
  [CLEAN+BUILD] prodash ... OK+CLEANED (6.62s)
  [CLEAN+BUILD] profiling ... OK+CLEANED (4.54s)
  [CLEAN+BUILD] demo-puffin ... OK+CLEANED (18.25s)
  [CLEAN+BUILD] profiling ... OK+CLEANED (4.25s)
  [CLEAN+BUILD] profiling-procmacros ... OK+CLEANED (1.78s)
  [CLEAN+BUILD] proptest ... FAILED: Build failed (see rusticate-mirify.errs) (19.64s)
  [CLEAN+BUILD] proptest ... OK+CLEANED (12.58s)
  [CLEAN+BUILD] proptest-derive ... FAILED: Build failed (see rusticate-mirify.errs) (7.82s)
  [CLEAN+BUILD] proptest-macro ... OK+CLEANED (2.37s)
  [CLEAN+BUILD] proptest-state-machine ... OK+CLEANED (7.51s)
  [CLEAN+BUILD] prost ... FAILED: Build failed (see rusticate-mirify.errs) (8.14s)
  [CLEAN+BUILD] benchmarks ... FAILED: Build failed (see rusticate-mirify.errs) (7.19s)
  [CLEAN+BUILD] conformance ... FAILED: Build failed (see rusticate-mirify.errs) (5.96s)
  [CLEAN+BUILD] fuzz ... OK+CLEANED (0.17s)
  [CLEAN+BUILD] prost ... OK+CLEANED (16.99s)
  [CLEAN+BUILD] prost-build ... OK+CLEANED (45.80s)
  [CLEAN+BUILD] prost-derive ... OK+CLEANED (2.05s)
  [CLEAN+BUILD] prost-types ... OK+CLEANED (4.34s)
  [CLEAN+BUILD] protobuf ... FAILED: Build failed (see rusticate-mirify.errs) (5.65s)
  [CLEAN+BUILD] tests ... FAILED: Build failed (see rusticate-mirify.errs) (6.36s)
  [CLEAN+BUILD] tests-2015 ... FAILED: Build failed (see rusticate-mirify.errs) (6.49s)
  [CLEAN+BUILD] tests-2018 ... FAILED: Build failed (see rusticate-mirify.errs) (6.41s)
  [CLEAN+BUILD] tests-2024 ... FAILED: Build failed (see rusticate-mirify.errs) (6.58s)
  [CLEAN+BUILD] tests-no-std ... FAILED: Build failed (see rusticate-mirify.errs) (6.47s)
  [CLEAN+BUILD] prost-reflect ... FAILED: Build failed (see rusticate-mirify.errs) (10.80s)
  [CLEAN+BUILD] prost-reflect ... FAILED: Build failed (see rusticate-mirify.errs) (7.56s)
  [CLEAN+BUILD] prost-reflect-build ... FAILED: Build failed (see rusticate-mirify.errs) (5.48s)
  [CLEAN+BUILD] prost-reflect-conformance-tests ... FAILED: Build failed (see rusticate-mirify.errs) (7.21s)
  [CLEAN+BUILD] prost-reflect-derive ... FAILED: Build failed (see rusticate-mirify.errs) (5.24s)
  [CLEAN+BUILD] prost-reflect-tests ... FAILED: Build failed (see rusticate-mirify.errs) (10.21s)
  [CLEAN+BUILD] psl ... OK+CLEANED (5.80s)
  [CLEAN+BUILD] fuzz ... OK+CLEANED (0.13s)
  [CLEAN+BUILD] psl-types ... OK+CLEANED (0.26s)
  [CLEAN+BUILD] ptr_meta ... OK+CLEANED (2.55s)
  [CLEAN+BUILD] ptr_meta ... OK+CLEANED (2.46s)
  [CLEAN+BUILD] ptr_meta_derive ... OK+CLEANED (1.77s)
  [CLEAN+BUILD] publicsuffix ... OK+CLEANED (6.09s)
  [CLEAN+BUILD] pulldown-cmark ... OK+CLEANED (3.57s)
  [CLEAN+BUILD] bench ... OK+CLEANED (6.55s)
  [CLEAN+BUILD] dos-fuzzer ... OK+CLEANED (6.15s)
  [CLEAN+BUILD] fuzz ... OK+CLEANED (23.74s)
  [CLEAN+BUILD] pulldown-cmark ... OK+CLEANED (3.60s)
  [CLEAN+BUILD] pulldown-cmark-escape ... OK+CLEANED (0.21s)
  [CLEAN+BUILD] pulldown-cmark-to-cmark ... OK+CLEANED (1.49s)
  [CLEAN+BUILD] pyo3 ... OK+CLEANED (14.48s)
  [CLEAN+BUILD] examples ... OK+CLEANED (0.15s)
  [CLEAN+BUILD] pyo3-benches ... OK+CLEANED (0.18s)
  [CLEAN+BUILD] pyo3-build-config ... OK+CLEANED (1.22s)
  [CLEAN+BUILD] pyo3-ffi ... OK+CLEANED (1.64s)
  [CLEAN+BUILD] pyo3-ffi-check ... FAILED: Build failed (see rusticate-mirify.errs) (8.66s)
  [CLEAN+BUILD] pyo3-introspection ... OK+CLEANED (5.03s)
  [CLEAN+BUILD] pyo3-macros ... OK+CLEANED (3.70s)
  [CLEAN+BUILD] pyo3-macros-backend ... OK+CLEANED (3.46s)
  [CLEAN+BUILD] pytests ... OK+CLEANED (7.70s)
  [CLEAN+BUILD] qoi-rust ... FAILED: Build failed (see rusticate-mirify.errs) (1.45s)
  [CLEAN+BUILD] bench ... FAILED: Build failed (see rusticate-mirify.errs) (2.43s)
  [CLEAN+BUILD] fuzz ... OK+CLEANED (0.14s)
  [CLEAN+BUILD] libqoi ... FAILED: Build failed (see rusticate-mirify.errs) (0.98s)
  [CLEAN+BUILD] quanta ... OK+CLEANED (6.16s)
  [CLEAN+BUILD] quick-error ... OK+CLEANED (0.26s)
  [CLEAN+BUILD] quick-protobuf ... FAILED: Build failed (see rusticate-mirify.errs) (9.68s)
  [CLEAN+BUILD] pb-rs ... OK+CLEANED (3.80s)
  [CLEAN+BUILD] perftest ... OK+CLEANED (6.74s)
  [CLEAN+BUILD] quick-protobuf ... FAILED: Build failed (see rusticate-mirify.errs) (5.00s)
  [CLEAN+BUILD] quick-xml ... OK+CLEANED (8.48s)
  [CLEAN+BUILD] compare ... OK+CLEANED (0.58s)
  [CLEAN+BUILD] fuzz ... OK+CLEANED (0.13s)
  [CLEAN+BUILD] test-gen ... OK+CLEANED (3.54s)
  [CLEAN+BUILD] quickcheck ... OK+CLEANED (3.73s)
  [CLEAN+BUILD] quickcheck_macros ... OK+CLEANED (2.74s)
  [CLEAN+BUILD] quinn ... OK+CLEANED (16.55s)
  [CLEAN+BUILD] bench ... OK+CLEANED (8.77s)
  [CLEAN+BUILD] fuzz ... OK+CLEANED (0.18s)
  [CLEAN+BUILD] perf ... OK+CLEANED (11.53s)
  [CLEAN+BUILD] quinn ... OK+CLEANED (10.17s)
  [CLEAN+BUILD] quinn-proto ... OK+CLEANED (10.46s)
  [CLEAN+BUILD] quinn-udp ... OK+CLEANED (6.27s)
  [CLEAN+BUILD] quote ... OK+CLEANED (4.46s)
  [CLEAN+BUILD] benches ... OK+CLEANED (1.14s)
  [CLEAN+BUILD] quote-use ... OK+CLEANED (4.50s)
  [CLEAN+BUILD] quote-use-macros ... OK+CLEANED (1.24s)
  [CLEAN+BUILD] quoted-printable ... OK+CLEANED (0.22s)
  [CLEAN+BUILD] r-efi ... OK+CLEANED (0.45s)
  [CLEAN+BUILD] r2d2 ... OK+CLEANED (1.33s)
  [CLEAN+BUILD] rand ... OK+CLEANED (3.17s)
  [CLEAN+BUILD] benches ... OK+CLEANED (0.16s)
  [CLEAN+BUILD] rand_chacha ... OK+CLEANED (1.94s)
  [CLEAN+BUILD] rand_pcg ... OK+CLEANED (1.63s)
  [CLEAN+BUILD] rand_distr ... OK+CLEANED (2.31s)
  [CLEAN+BUILD] benches ... OK+CLEANED (0.15s)
  [CLEAN+BUILD] distr_test ... OK+CLEANED (7.79s)
  [CLEAN+BUILD] rav1e ... FAILED: Build failed (see rusticate-mirify.errs) (13.23s)
  [CLEAN+BUILD] fuzz ... FAILED: Build failed (see rusticate-mirify.errs) (7.42s)
  [CLEAN+BUILD] ivf ... OK+CLEANED (1.03s)
  [CLEAN+BUILD] raw-window-handle ... OK+CLEANED (0.24s)
  [CLEAN+BUILD] rawpointer ... OK+CLEANED (0.16s)
  [CLEAN+BUILD] rayon ... OK+CLEANED (7.45s)
  [CLEAN+BUILD] rayon-core ... OK+CLEANED (2.89s)
  [CLEAN+BUILD] rayon-demo ... FAILED: Build failed (see rusticate-mirify.errs) (17.04s)
  [CLEAN+BUILD] rcgen ... FAILED: Build failed (see rusticate-mirify.errs) (137.53s)
  [CLEAN+BUILD] rcgen ... FAILED: Build failed (see rusticate-mirify.errs) (2.73s)
  [CLEAN+BUILD] rustls-cert-gen ... OK+CLEANED (6.19s)
  [CLEAN+BUILD] verify-tests ... FAILED: Build failed (see rusticate-mirify.errs) (3.23s)
  [CLEAN+BUILD] redis-rs ... OK+CLEANED (29.48s)
  [CLEAN+BUILD] redis ... OK+CLEANED (26.01s)
  [CLEAN+BUILD] redis-test ... OK+CLEANED (12.64s)
  [CLEAN+BUILD] test-macros ... FAILED: Build failed (see rusticate-mirify.errs) (1.43s)
  [CLEAN+BUILD] valkey ... OK+CLEANED (0.17s)
  [CLEAN+BUILD] ref-cast ... OK+CLEANED (4.20s)
  [CLEAN+BUILD] derive ... OK+CLEANED (2.04s)
  [CLEAN+BUILD] regalloc2 ... OK+CLEANED (1.70s)
  [CLEAN+BUILD] fuzz ... OK+CLEANED (0.15s)
  [CLEAN+BUILD] regalloc2-tool ... OK+CLEANED (5.78s)
  [CLEAN+BUILD] regex ... OK+CLEANED (14.22s)
  [CLEAN+BUILD] fuzz ... OK+CLEANED (18.19s)
  [CLEAN+BUILD] regex-automata ... OK+CLEANED (22.95s)
  [CLEAN+BUILD] regex-capi ... OK+CLEANED (9.90s)
  [CLEAN+BUILD] regex-cli ... OK+CLEANED (13.33s)
  [CLEAN+BUILD] regex-lite ... OK+CLEANED (12.92s)
  [CLEAN+BUILD] regex-syntax ... OK+CLEANED (7.53s)
  [CLEAN+BUILD] regex-test ... OK+CLEANED (11.02s)
  [CLEAN+BUILD] regress ... OK+CLEANED (3.36s)
  [CLEAN+BUILD] gen-unicode ... OK+CLEANED (0.90s)
  [CLEAN+BUILD] regress-tool ... OK+CLEANED (2.99s)
  [CLEAN+BUILD] relative-path ... OK+CLEANED (3.77s)
  [CLEAN+BUILD] relative-path ... OK+CLEANED (3.65s)
  [CLEAN+BUILD] relative-path-utils ... OK+CLEANED (3.39s)
  [CLEAN+BUILD] remove_dir_all ... OK+CLEANED (3.36s)
  [CLEAN+BUILD] rend ... OK+CLEANED (2.17s)
  [CLEAN+BUILD] reqwest ... FAILED: Build failed (see rusticate-mirify.errs) (4.14s)
  [CLEAN+BUILD] reqwest-middleware ... FAILED: Build failed (see rusticate-mirify.errs) (3.95s)
  [CLEAN+BUILD] reqwest-middleware ... FAILED: Build failed (see rusticate-mirify.errs) (3.29s)
  [CLEAN+BUILD] reqwest-retry ... OK+CLEANED (11.64s)
  [CLEAN+BUILD] reqwest-tracing ... FAILED: Build failed (see rusticate-mirify.errs) (3.66s)
  [CLEAN+BUILD] resolv-conf ... OK+CLEANED (0.37s)
  [CLEAN+BUILD] retain_mut ... OK+CLEANED (0.15s)
  [CLEAN+BUILD] retry-policies ... OK+CLEANED (1.55s)
  [CLEAN+BUILD] ring ... OK+CLEANED (3.94s)
  [CLEAN+BUILD] bench ... OK+CLEANED (0.14s)
  [CLEAN+BUILD] cavp ... OK+CLEANED (3.43s)
  [CLEAN+BUILD] ripgrep ... OK+CLEANED (5.62s)
  [CLEAN+BUILD] fuzz ... OK+CLEANED (0.15s)
  [CLEAN+BUILD] rkyv ... OK+CLEANED (9.76s)
  [CLEAN+BUILD] benchlib ... OK+CLEANED (3.21s)
  [CLEAN+BUILD] rkyv ... OK+CLEANED (9.64s)
  [CLEAN+BUILD] rkyv_derive ... OK+CLEANED (1.76s)
  [CLEAN+BUILD] rkyv_dyn ... FAILED: Cargo clean failed:
error: failed to parse manifest at `/home/milnes/projects/RustCodebases/rkyv/rkyv_dyn/Cargo.toml`

Caused by:
  error inheriting `rkyv_dyn_derive` from workspace root manifest's `workspace.dependencies.rkyv_dyn_derive`

Caused by:
  `dependency.rkyv_dyn_derive` was not found in `workspace.dependencies`
 (0.03s)
  [CLEAN+BUILD] rkyv_dyn_derive ... FAILED: Cargo clean failed:
error: current package believes it's in a workspace when it's not:
current:   /home/milnes/projects/RustCodebases/rkyv/rkyv_dyn_derive/Cargo.toml
workspace: /home/milnes/projects/RustCodebases/rkyv/Cargo.toml

this may be fixable by adding `rkyv_dyn_derive` to the `workspace.members` array of the manifest located at: /home/milnes/projects/RustCodebases/rkyv/Cargo.toml
Alternatively, to keep it out of the workspace, add the package to the `workspace.exclude` array, or add an empty `[workspace]` table to the package's manifest.
 (0.04s)
  [CLEAN+BUILD] rkyv_dyn_test ... FAILED: Cargo clean failed:
error: current package believes it's in a workspace when it's not:
current:   /home/milnes/projects/RustCodebases/rkyv/rkyv_dyn_test/Cargo.toml
workspace: /home/milnes/projects/RustCodebases/rkyv/Cargo.toml

this may be fixable by adding `rkyv_dyn_test` to the `workspace.members` array of the manifest located at: /home/milnes/projects/RustCodebases/rkyv/Cargo.toml
Alternatively, to keep it out of the workspace, add the package to the `workspace.exclude` array, or add an empty `[workspace]` table to the package's manifest.
 (0.04s)
  [CLEAN+BUILD] rle-decode-helper ... OK+CLEANED (0.19s)
  [CLEAN+BUILD] rngs ... OK+CLEANED (1.76s)
  [CLEAN+BUILD] benches ... FAILED: Build failed (see rusticate-mirify.errs) (0.36s)
  [CLEAN+BUILD] rand_hc ... OK+CLEANED (0.27s)
  [CLEAN+BUILD] rand_isaac ... OK+CLEANED (1.65s)
  [CLEAN+BUILD] rand_jitter ... OK+CLEANED (0.25s)
  [CLEAN+BUILD] rand_sfc ... OK+CLEANED (0.23s)
  [CLEAN+BUILD] rand_xorshift ... OK+CLEANED (1.65s)
  [CLEAN+BUILD] rand_xoshiro ... OK+CLEANED (1.70s)
  [CLEAN+BUILD] roaring-rs ... OK+CLEANED (8.62s)
  [CLEAN+BUILD] benchmarks ... OK+CLEANED (0.15s)
  [CLEAN+BUILD] fuzz ... OK+CLEANED (0.17s)
  [CLEAN+BUILD] roaring ... OK+CLEANED (6.53s)
  [CLEAN+BUILD] ron ... OK+CLEANED (9.64s)
  [CLEAN+BUILD] fuzz ... OK+CLEANED (0.14s)
  [CLEAN+BUILD] roxmltree ... OK+CLEANED (0.86s)
  [CLEAN+BUILD] benches ... OK+CLEANED (0.12s)
  [CLEAN+BUILD] rpassword ... FAILED: Build failed (see rusticate-mirify.errs) (0.10s)
  [CLEAN+BUILD] rstest ... OK+CLEANED (12.90s)
  [CLEAN+BUILD] playground ... OK+CLEANED (6.88s)
  [CLEAN+BUILD] rstest ... OK+CLEANED (8.13s)
  [CLEAN+BUILD] rstest_fixtures ... OK+CLEANED (0.18s)
  [CLEAN+BUILD] rstest_macros ... OK+CLEANED (8.50s)
  [CLEAN+BUILD] rstest_reuse ... OK+CLEANED (7.16s)
  [CLEAN+BUILD] rstest_test ... OK+CLEANED (6.12s)
  [CLEAN+BUILD] rtnetlink ... OK+CLEANED (8.28s)
  [CLEAN+BUILD] rusoto ... FAILED: Build failed (see rusticate-mirify.errs) (3.35s)
  [CLEAN+BUILD] integration_tests ... FAILED: Build failed (see rusticate-mirify.errs) (3.39s)
  [CLEAN+BUILD] mock ... FAILED: Build failed (see rusticate-mirify.errs) (3.01s)
  [CLEAN+BUILD] service_crategen ... OK+CLEANED (8.12s)
  [CLEAN+BUILD] skeptical ... FAILED: Build failed (see rusticate-mirify.errs) (2.98s)
  [CLEAN+BUILD] rusqlite ... OK+CLEANED (4.29s)
  [CLEAN+BUILD] libsqlite3-sys ... OK+CLEANED (0.65s)
  [CLEAN+BUILD] rusqlite-macros ... OK+CLEANED (2.61s)
  [CLEAN+BUILD] rust-aliasable ... OK+CLEANED (0.27s)
  [CLEAN+BUILD] rust-alloc-no-stdlib ... OK+CLEANED (7.55s)
  [CLEAN+BUILD] alloc-stdlib ... OK+CLEANED (7.16s)
  [CLEAN+BUILD] rust-ansi-term ... OK+CLEANED (2.76s)
  [CLEAN+BUILD] rust-argon2 ... OK+CLEANED (0.76s)
  [CLEAN+BUILD] rust-ascii ... FAILED: Build failed (see rusticate-mirify.errs) (0.31s)
  [CLEAN+BUILD] rust-base64 ... OK+CLEANED (9.77s)
  [CLEAN+BUILD] fuzz ... OK+CLEANED (9.25s)
  [CLEAN+BUILD] rust-bech32 ... OK+CLEANED (0.94s)
  [CLEAN+BUILD] fuzz ... OK+CLEANED (0.71s)
  [CLEAN+BUILD] rust-bindgen ... OK+CLEANED (8.47s)
  [CLEAN+BUILD] bindgen ... OK+CLEANED (5.09s)
  [CLEAN+BUILD] bindgen-cli ... OK+CLEANED (7.10s)
  [CLEAN+BUILD] bindgen-integration ... FAILED: Build failed (see rusticate-mirify.errs) (6.91s)
  [CLEAN+BUILD] bindgen-tests ... OK+CLEANED (8.15s)
  [CLEAN+BUILD] rust-bit-field ... OK+CLEANED (0.27s)
  [CLEAN+BUILD] rust-bitcoin ... OK+CLEANED (10.64s)
  [CLEAN+BUILD] addresses ... OK+CLEANED (0.16s)
  [CLEAN+BUILD] base58 ... OK+CLEANED (1.03s)
  [CLEAN+BUILD] benches ... OK+CLEANED (0.16s)
  [CLEAN+BUILD] bitcoin ... OK+CLEANED (7.09s)
  [CLEAN+BUILD] chacha20_poly1305 ... OK+CLEANED (0.44s)
  [CLEAN+BUILD] consensus_encoding ... OK+CLEANED (0.69s)
  [CLEAN+BUILD] crypto ... OK+CLEANED (0.14s)
  [CLEAN+BUILD] fuzz ... OK+CLEANED (8.16s)
  [CLEAN+BUILD] hashes ... OK+CLEANED (2.15s)
  [CLEAN+BUILD] internals ... OK+CLEANED (0.42s)
  [CLEAN+BUILD] io ... OK+CLEANED (1.18s)
  [CLEAN+BUILD] p2p ... OK+CLEANED (5.67s)
  [CLEAN+BUILD] primitives ... OK+CLEANED (2.58s)
  [CLEAN+BUILD] units ... OK+CLEANED (4.51s)
  [CLEAN+BUILD] rust-bitfield ... OK+CLEANED (2.46s)
  [CLEAN+BUILD] bitfield-macros ... OK+CLEANED (1.46s)
  [CLEAN+BUILD] rust-block ... FAILED: Build failed (see rusticate-mirify.errs) (0.44s)
  [CLEAN+BUILD] test_utils ... FAILED: Build failed (see rusticate-mirify.errs) (0.51s)
  [CLEAN+BUILD] rust-brotli ... OK+CLEANED (3.66s)
  [CLEAN+BUILD] c ... OK+CLEANED (2.39s)
  [CLEAN+BUILD] rust-brotli-decompressor ... OK+CLEANED (1.44s)
  [CLEAN+BUILD] c ... OK+CLEANED (1.12s)
  [CLEAN+BUILD] fuzz ... OK+CLEANED (0.15s)
  [CLEAN+BUILD] rust-cexpr ... FAILED: Build failed (see rusticate-mirify.errs) (1.22s)
  [CLEAN+BUILD] rust-cfb ... OK+CLEANED (4.21s)
  [CLEAN+BUILD] fuzz ... OK+CLEANED (0.14s)
  [CLEAN+BUILD] rust-chunked-transfer ... OK+CLEANED (5.97s)
  [CLEAN+BUILD] rust-cidr ... OK+CLEANED (6.24s)
  [CLEAN+BUILD] rust-conv ... OK+CLEANED (2.24s)
  [CLEAN+BUILD] rust-cpuid ... OK+CLEANED (3.75s)
  [CLEAN+BUILD] rust-crc16 ... OK+CLEANED (0.36s)
  [CLEAN+BUILD] rust-crc32fast ... OK+CLEANED (1.99s)
  [CLEAN+BUILD] fuzz ... OK+CLEANED (0.11s)
  [CLEAN+BUILD] rust-cssparser ... OK+CLEANED (3.72s)
  [CLEAN+BUILD] color ... OK+CLEANED (3.70s)
  [CLEAN+BUILD] fuzz ... OK+CLEANED (0.15s)
  [CLEAN+BUILD] macros ... OK+CLEANED (2.03s)
  [CLEAN+BUILD] rust-csv ... OK+CLEANED (4.46s)
  [CLEAN+BUILD] csv-core ... OK+CLEANED (0.96s)
  [CLEAN+BUILD] csv-index ... OK+CLEANED (1.53s)
  [CLEAN+BUILD] rust-ctor ... OK+CLEANED (4.28s)
  [CLEAN+BUILD] ctor ... OK+CLEANED (0.72s)
  [CLEAN+BUILD] ctor-proc-macro ... OK+CLEANED (0.16s)
  [CLEAN+BUILD] dtor ... OK+CLEANED (0.68s)
  [CLEAN+BUILD] dtor-proc-macro ... OK+CLEANED (0.15s)
  [CLEAN+BUILD] shared ... OK+CLEANED (4.09s)
  [CLEAN+BUILD] rust-ctrlc ... OK+CLEANED (1.34s)
  [CLEAN+BUILD] rust-custom-derive ... FAILED: Build failed (see rusticate-mirify.errs) (0.33s)
  [CLEAN+BUILD] enum_derive ... FAILED: Build failed (see rusticate-mirify.errs) (0.21s)
  [CLEAN+BUILD] newtype_derive ... FAILED: Build failed (see rusticate-mirify.errs) (0.23s)
  [CLEAN+BUILD] rust-debug-unreachable ... OK+CLEANED (0.17s)
  [CLEAN+BUILD] rust-debugid ... OK+CLEANED (1.70s)
  [CLEAN+BUILD] rust-decimal ... FAILED: Build failed (see rusticate-mirify.errs) (7.76s)
  [CLEAN+BUILD] fuzz ... OK+CLEANED (0.14s)
  [CLEAN+BUILD] macros ... OK+CLEANED (4.99s)
  [CLEAN+BUILD] rust-delegate ... OK+CLEANED (4.96s)
  [CLEAN+BUILD] rust-derivative ... OK+CLEANED (5.92s)
  [CLEAN+BUILD] rust-derive-builder ... OK+CLEANED (5.13s)
  [CLEAN+BUILD] derive_builder ... OK+CLEANED (4.68s)
  [CLEAN+BUILD] derive_builder_core ... OK+CLEANED (3.89s)
  [CLEAN+BUILD] derive_builder_macro ... OK+CLEANED (3.76s)
  [CLEAN+BUILD] derive_builder_no_alloc_tests ... OK+CLEANED (3.94s)
  [CLEAN+BUILD] derive_builder_no_std_tests ... OK+CLEANED (3.95s)
  [CLEAN+BUILD] rust-dispatch ... OK+CLEANED (0.23s)
  [CLEAN+BUILD] rust-email_address ... OK+CLEANED (1.84s)
  [CLEAN+BUILD] rust-encoding ... FAILED: Build failed (see rusticate-mirify.errs) (1.60s)
  [CLEAN+BUILD] rust-errno ... OK+CLEANED (0.73s)
  [CLEAN+BUILD] rust-fallible-iterator ... OK+CLEANED (0.68s)
  [CLEAN+BUILD] rust-field-offset ... OK+CLEANED (0.55s)
  [CLEAN+BUILD] rust-float-ord ... OK+CLEANED (3.07s)
  [CLEAN+BUILD] rust-fnv ... OK+CLEANED (0.22s)
  [CLEAN+BUILD] rust-hex ... OK+CLEANED (7.96s)
  [CLEAN+BUILD] rust-hmac-sha512 ... OK+CLEANED (0.22s)
  [CLEAN+BUILD] rust-htmlescape ... OK+CLEANED (1.72s)
  [CLEAN+BUILD] rust-ini ... OK+CLEANED (1.47s)
  [CLEAN+BUILD] rust-language-tags ... OK+CLEANED (1.93s)
  [CLEAN+BUILD] rust-lexical ... OK+CLEANED (1.57s)
  [CLEAN+BUILD] extras ... OK+CLEANED (4.71s)
  [CLEAN+BUILD] fuzz ... OK+CLEANED (4.86s)
  [CLEAN+BUILD] lexical ... OK+CLEANED (0.87s)
  [CLEAN+BUILD] lexical-core ... OK+CLEANED (0.87s)
  [CLEAN+BUILD] lexical-parse-float ... OK+CLEANED (0.99s)
  [CLEAN+BUILD] lexical-parse-integer ... OK+CLEANED (0.53s)
  [CLEAN+BUILD] lexical-util ... OK+CLEANED (0.36s)
  [CLEAN+BUILD] lexical-write-float ... OK+CLEANED (0.75s)
  [CLEAN+BUILD] lexical-write-integer ... OK+CLEANED (0.70s)
  [CLEAN+BUILD] rust-log-mdc ... OK+CLEANED (0.18s)
  [CLEAN+BUILD] rust-mac ... FAILED: Build failed (see rusticate-mirify.errs) (0.14s)
  [CLEAN+BUILD] rust-more-asserts ... OK+CLEANED (0.19s)
  [CLEAN+BUILD] rust-multiaddr ... OK+CLEANED (6.61s)
  [CLEAN+BUILD] rust-multibase ... OK+CLEANED (7.79s)
  [CLEAN+BUILD] cli ... OK+CLEANED (3.68s)
  [CLEAN+BUILD] rust-multihash ... OK+CLEANED (3.20s)
  [CLEAN+BUILD] codetable ... OK+CLEANED (7.16s)
  [CLEAN+BUILD] derive ... OK+CLEANED (5.56s)
  [CLEAN+BUILD] derive-impl ... OK+CLEANED (1.93s)
  [CLEAN+BUILD] rust-native-tls ... FAILED: Build failed (see rusticate-mirify.errs) (2.77s)
  [CLEAN+BUILD] rust-number-prefix ... OK+CLEANED (0.19s)
  [CLEAN+BUILD] rust-numpy ... OK+CLEANED (7.50s)
  [CLEAN+BUILD] rust-objc ... OK+CLEANED (0.89s)
  [CLEAN+BUILD] rust-onig ... FAILED: Build failed (see rusticate-mirify.errs) (6.23s)
  [CLEAN+BUILD] onig ... FAILED: Build failed (see rusticate-mirify.errs) (6.17s)
  [CLEAN+BUILD] onig_sys ... FAILED: Build failed (see rusticate-mirify.errs) (6.14s)
  [CLEAN+BUILD] rust-openssl ... FAILED: Build failed (see rusticate-mirify.errs) (2.53s)
  [CLEAN+BUILD] openssl ... FAILED: Build failed (see rusticate-mirify.errs) (2.31s)
  [CLEAN+BUILD] openssl-errors ... FAILED: Build failed (see rusticate-mirify.errs) (2.37s)
  [CLEAN+BUILD] openssl-macros ... OK+CLEANED (1.77s)
  [CLEAN+BUILD] openssl-sys ... FAILED: Build failed (see rusticate-mirify.errs) (1.04s)
  [CLEAN+BUILD] systest ... FAILED: Build failed (see rusticate-mirify.errs) (1.91s)
  [CLEAN+BUILD] rust-ordered-float ... OK+CLEANED (2.04s)
  [CLEAN+BUILD] rust-peg ... OK+CLEANED (4.85s)
  [CLEAN+BUILD] peg-macros ... OK+CLEANED (0.88s)
  [CLEAN+BUILD] peg-runtime ... OK+CLEANED (0.17s)
  [CLEAN+BUILD] xtask ... OK+CLEANED (2.27s)
  [CLEAN+BUILD] rust-phf ... OK+CLEANED (7.24s)
  [CLEAN+BUILD] phf ... OK+CLEANED (0.14s)
  [CLEAN+BUILD] phf_codegen ... OK+CLEANED (0.42s)
  [CLEAN+BUILD] phf_generator ... OK+CLEANED (6.26s)
  [CLEAN+BUILD] phf_macros ... OK+CLEANED (1.75s)
  [CLEAN+BUILD] phf_macros_test ... OK+CLEANED (4.90s)
  [CLEAN+BUILD] phf_shared ... OK+CLEANED (0.14s)
  [CLEAN+BUILD] rust-plist ... OK+CLEANED (4.66s)
  [CLEAN+BUILD] fuzz ... OK+CLEANED (9.34s)
  [CLEAN+BUILD] rust-postgres ... FAILED: Build failed (see rusticate-mirify.errs) (3.04s)
  [CLEAN+BUILD] codegen ... OK+CLEANED (2.63s)
  [CLEAN+BUILD] postgres ... OK+CLEANED (8.12s)
  [CLEAN+BUILD] postgres-derive ... OK+CLEANED (0.16s)
  [CLEAN+BUILD] postgres-derive-test ... OK+CLEANED (6.48s)
  [CLEAN+BUILD] postgres-native-tls ... FAILED: Build failed (see rusticate-mirify.errs) (2.70s)
  [CLEAN+BUILD] postgres-openssl ... FAILED: Build failed (see rusticate-mirify.errs) (2.80s)
  [CLEAN+BUILD] postgres-protocol ... OK+CLEANED (2.02s)
  [CLEAN+BUILD] postgres-types ... OK+CLEANED (2.07s)
  [CLEAN+BUILD] tokio-postgres ... OK+CLEANED (10.65s)
  [CLEAN+BUILD] rust-pretty-assertions ... OK+CLEANED (6.08s)
  [CLEAN+BUILD] pretty_assertions ... OK+CLEANED (0.40s)
  [CLEAN+BUILD] pretty_assertions_bench ... OK+CLEANED (5.86s)
  [CLEAN+BUILD] rust-prometheus ... OK+CLEANED (7.88s)
  [CLEAN+BUILD] static-metric ... OK+CLEANED (7.59s)
  [CLEAN+BUILD] rust-protobuf ... FAILED: Build failed (see rusticate-mirify.errs) (10.05s)
  [CLEAN+BUILD] ci-gen ... OK+CLEANED (0.31s)
  [CLEAN+BUILD] protobuf ... OK+CLEANED (4.80s)
  [CLEAN+BUILD] protobuf-codegen ... OK+CLEANED (6.75s)
  [CLEAN+BUILD] protobuf-json-mapping ... OK+CLEANED (5.01s)
  [CLEAN+BUILD] protobuf-parse ... OK+CLEANED (6.01s)
  [CLEAN+BUILD] protobuf-support ... OK+CLEANED (2.40s)
  [CLEAN+BUILD] protoc-bin ... OK+CLEANED (0.25s)
  [CLEAN+BUILD] rust-rdkafka ... OK+CLEANED (19.67s)
  [CLEAN+BUILD] rdkafka-sys ... OK+CLEANED (12.96s)
  [CLEAN+BUILD] rust-rgb ... OK+CLEANED (2.15s)
  [CLEAN+BUILD] rust-rocksdb ... FAILED: Build failed (see rusticate-mirify.errs) (9.83s)
  [CLEAN+BUILD] librocksdb-sys ... FAILED: Build failed (see rusticate-mirify.errs) (6.00s)
  [CLEAN+BUILD] rust-secp256k1 ... OK+CLEANED (3.14s)
  [CLEAN+BUILD] no_std_test ... FAILED: Build failed (see rusticate-mirify.errs) (2.78s)
  [CLEAN+BUILD] secp256k1-sys ... OK+CLEANED (2.30s)
  [CLEAN+BUILD] rust-security-framework ... FAILED: Build failed (see rusticate-mirify.errs) (7.70s)
  [CLEAN+BUILD] iostest ... FAILED: Build failed (see rusticate-mirify.errs) (3.07s)
  [CLEAN+BUILD] security-framework ... OK+CLEANED (5.72s)
  [CLEAN+BUILD] security-framework-sys ... OK+CLEANED (0.78s)
  [CLEAN+BUILD] systest ... FAILED: Build failed (see rusticate-mirify.errs) (8.79s)
  [CLEAN+BUILD] rust-shlex ... OK+CLEANED (0.28s)
  [CLEAN+BUILD] fuzz ... OK+CLEANED (0.13s)
  [CLEAN+BUILD] rust-simple_logger ... OK+CLEANED (1.48s)
  [CLEAN+BUILD] rust-siphash ... OK+CLEANED (0.26s)
  [CLEAN+BUILD] rust-sketches-ddsketch ... OK+CLEANED (1.91s)
  [CLEAN+BUILD] rust-smallvec ... OK+CLEANED (1.93s)
  [CLEAN+BUILD] fuzz ... OK+CLEANED (0.35s)
  [CLEAN+BUILD] rust-smart-default ... OK+CLEANED (1.97s)
  [CLEAN+BUILD] rust-snappy ... OK+CLEANED (0.45s)
  [CLEAN+BUILD] bench ... OK+CLEANED (6.01s)
  [CLEAN+BUILD] snappy-cpp ... OK+CLEANED (0.83s)
  [CLEAN+BUILD] szip ... OK+CLEANED (1.56s)
  [CLEAN+BUILD] test ... OK+CLEANED (2.30s)
  [CLEAN+BUILD] rust-sourcemap ... OK+CLEANED (7.47s)
  [CLEAN+BUILD] cli ... OK+CLEANED (5.57s)
  [CLEAN+BUILD] matches ... OK+CLEANED (0.16s)
  [CLEAN+BUILD] mod_path ... FAILED: Build failed (see rusticate-mirify.errs) (0.27s)
  [CLEAN+BUILD] ref_filter_map ... OK+CLEANED (0.14s)
  [CLEAN+BUILD] return_if_ok ... OK+CLEANED (0.15s)
  [CLEAN+BUILD] show ... OK+CLEANED (0.16s)
  [CLEAN+BUILD] text_writer ... OK+CLEANED (0.13s)
  [CLEAN+BUILD] triable ... OK+CLEANED (0.17s)
  [CLEAN+BUILD] zip_longest ... OK+CLEANED (0.17s)
  [CLEAN+BUILD] rust-stringprep ... OK+CLEANED (0.77s)
  [CLEAN+BUILD] codegen ... OK+CLEANED (1.51s)
  [CLEAN+BUILD] rust-subprocess ... OK+CLEANED (1.60s)
  [CLEAN+BUILD] rust-threadpool ... OK+CLEANED (1.05s)
  [CLEAN+BUILD] rust-tokio-retry ... OK+CLEANED (5.19s)
  [CLEAN+BUILD] rust-typed-arena ... OK+CLEANED (0.32s)
  [CLEAN+BUILD] benches ... OK+CLEANED (0.15s)
  [CLEAN+BUILD] rust-typed-builder ... OK+CLEANED (3.70s)
  [CLEAN+BUILD] typed-builder-macro ... OK+CLEANED (2.28s)
  [CLEAN+BUILD] rust-uname ... OK+CLEANED (0.71s)
  [CLEAN+BUILD] rust-unic ... FAILED: Build failed (see rusticate-mirify.errs) (7.45s)
  [CLEAN+BUILD] gen ... OK+CLEANED (2.42s)
  [CLEAN+BUILD] unic ... FAILED: Build failed (see rusticate-mirify.errs) (4.79s)
  [CLEAN+BUILD] rust-unreachable ... OK+CLEANED (0.18s)
  [CLEAN+BUILD] rust-uritemplate ... OK+CLEANED (2.66s)
  [CLEAN+BUILD] rust-url ... OK+CLEANED (6.48s)
  [CLEAN+BUILD] data-url ... OK+CLEANED (3.57s)
  [CLEAN+BUILD] form_urlencoded ... OK+CLEANED (0.13s)
  [CLEAN+BUILD] idna ... OK+CLEANED (4.36s)
  [CLEAN+BUILD] percent_encoding ... OK+CLEANED (0.24s)
  [CLEAN+BUILD] url ... OK+CLEANED (5.85s)
  [CLEAN+BUILD] url_debug_tests ... OK+CLEANED (0.13s)
  [CLEAN+BUILD] rust-utf8 ... OK+CLEANED (0.25s)
  [CLEAN+BUILD] rust-void ... FAILED: Build failed (see rusticate-mirify.errs) (0.13s)
  [CLEAN+BUILD] rust_libloading ... OK+CLEANED (0.82s)
  [CLEAN+BUILD] rust_nibble_vec ... OK+CLEANED (5.98s)
  [CLEAN+BUILD] rust_radix_trie ... OK+CLEANED (6.26s)
  [CLEAN+BUILD] rust_rdrand ... OK+CLEANED (6.01s)
  [CLEAN+BUILD] rust_uds_windows ... OK+CLEANED (0.44s)
  [CLEAN+BUILD] rust_urlencoding ... OK+CLEANED (0.21s)
  [CLEAN+BUILD] rustc-demangle ... OK+CLEANED (0.40s)
  [CLEAN+BUILD] fuzz ... OK+CLEANED (0.12s)
  [CLEAN+BUILD] rustc-hash ... OK+CLEANED (0.21s)
  [CLEAN+BUILD] rustc-hex ... OK+CLEANED (0.20s)
  [CLEAN+BUILD] rustc-serialize ... FAILED: Build failed (see rusticate-mirify.errs) (1.76s)
  [CLEAN+BUILD] rustc-version-rs ... OK+CLEANED (0.43s)
  [CLEAN+BUILD] rustcommon ... OK+CLEANED (6.63s)
  [CLEAN+BUILD] awaken ... OK+CLEANED (0.78s)
  [CLEAN+BUILD] clocksource ... OK+CLEANED (1.54s)
  [CLEAN+BUILD] histogram ... OK+CLEANED (6.43s)
  [CLEAN+BUILD] ratelimit ... OK+CLEANED (2.39s)
  [CLEAN+BUILD] ringlog ... OK+CLEANED (1.45s)
  [CLEAN+BUILD] switchboard ... OK+CLEANED (2.44s)
  [CLEAN+BUILD] waterfall ... FAILED: Cargo clean failed:
error: current package believes it's in a workspace when it's not:
current:   /home/milnes/projects/RustCodebases/rustcommon/waterfall/Cargo.toml
workspace: /home/milnes/projects/RustCodebases/rustcommon/Cargo.toml

this may be fixable by adding `waterfall` to the `workspace.members` array of the manifest located at: /home/milnes/projects/RustCodebases/rustcommon/Cargo.toml
Alternatively, to keep it out of the workspace, add the package to the `workspace.exclude` array, or add an empty `[workspace]` table to the package's manifest.
 (0.04s)
  [CLEAN+BUILD] rusticata-macros ... OK+CLEANED (1.85s)
  [CLEAN+BUILD] rustix ... OK+CLEANED (3.26s)
  [CLEAN+BUILD] rustls ... FAILED: Build failed (see rusticate-mirify.errs) (23.88s)
  [CLEAN+BUILD] bogo ... OK+CLEANED (13.82s)
  [CLEAN+BUILD] ci-bench ... FAILED: Build failed (see rusticate-mirify.errs) (3.12s)
  [CLEAN+BUILD] connect-tests ... OK+CLEANED (4.78s)
  [CLEAN+BUILD] examples ... FAILED: Build failed (see rusticate-mirify.errs) (20.03s)
  [CLEAN+BUILD] fuzz ... OK+CLEANED (5.53s)
  [CLEAN+BUILD] openssl-tests ... FAILED: Build failed (see rusticate-mirify.errs) (2.58s)
  [CLEAN+BUILD] provider-example ... OK+CLEANED (13.87s)
  [CLEAN+BUILD] rustls ... OK+CLEANED (14.73s)
  [CLEAN+BUILD] rustls-bench ... OK+CLEANED (19.03s)
  [CLEAN+BUILD] rustls-fuzzing-provider ... OK+CLEANED (3.38s)
  [CLEAN+BUILD] rustls-post-quantum ... OK+CLEANED (15.96s)
  [CLEAN+BUILD] rustls-provider-test ... OK+CLEANED (15.36s)
  [CLEAN+BUILD] rustls-ring ... OK+CLEANED (5.81s)
  [CLEAN+BUILD] rustls-test ... OK+CLEANED (5.74s)
  [CLEAN+BUILD] rustls-native-certs ... OK+CLEANED (14.63s)
  [CLEAN+BUILD] rustls-platform-verifier ... OK+CLEANED (4.70s)
  [CLEAN+BUILD] android-release-support ... OK+CLEANED (0.14s)
  [CLEAN+BUILD] rustls-platform-verifier ... OK+CLEANED (4.57s)
  [CLEAN+BUILD] rustsec ... OK+CLEANED (23.31s)
  [CLEAN+BUILD] admin ... OK+CLEANED (22.50s)
  [CLEAN+BUILD] cargo-audit ... OK+CLEANED (21.13s)
  [CLEAN+BUILD] cargo-lock ... OK+CLEANED (5.34s)
  [CLEAN+BUILD] cvss ... OK+CLEANED (0.62s)
  [CLEAN+BUILD] platforms ... OK+CLEANED (0.33s)
  [CLEAN+BUILD] platforms-data-gen ... OK+CLEANED (1.91s)
  [CLEAN+BUILD] platforms-table-gen ... OK+CLEANED (0.31s)
  [CLEAN+BUILD] quitters ... OK+CLEANED (2.40s)
  [CLEAN+BUILD] rustsec ... OK+CLEANED (18.45s)
  [CLEAN+BUILD] rustversion ... OK+CLEANED (4.20s)
  [CLEAN+BUILD] rusty-fork ... OK+CLEANED (1.35s)
  [CLEAN+BUILD] rusty_v8 ... FAILED: Build failed (see rusticate-mirify.errs) (28.22s)
  [CLEAN+BUILD] rustyline ... OK+CLEANED (2.94s)
  [CLEAN+BUILD] rustyline-derive ... OK+CLEANED (1.39s)
  [CLEAN+BUILD] ryu ... OK+CLEANED (1.67s)
  [CLEAN+BUILD] fuzz ... OK+CLEANED (0.16s)
  [CLEAN+BUILD] safe_arch ... FAILED: Build failed (see rusticate-mirify.errs) (0.10s)
  [CLEAN+BUILD] safemem ... OK+CLEANED (0.17s)
  [CLEAN+BUILD] same-file ... OK+CLEANED (0.37s)
  [CLEAN+BUILD] scalable-concurrent-containers ... OK+CLEANED (11.39s)
  [CLEAN+BUILD] examples ... OK+CLEANED (1.18s)
  [CLEAN+BUILD] extended_tests ... OK+CLEANED (1.97s)
  [CLEAN+BUILD] scalable-delayed-dealloc ... OK+CLEANED (6.67s)
  [CLEAN+BUILD] examples ... OK+CLEANED (0.43s)
  [CLEAN+BUILD] scale-info ... OK+CLEANED (4.89s)
  [CLEAN+BUILD] derive ... OK+CLEANED (1.93s)
  [CLEAN+BUILD] test_suite ... OK+CLEANED (6.27s)
  [CLEAN+BUILD] schannel-rs ... OK+CLEANED (1.99s)
  [CLEAN+BUILD] scheduled-thread-pool ... OK+CLEANED (1.07s)
  [CLEAN+BUILD] schemars ... OK+CLEANED (14.91s)
  [CLEAN+BUILD] schemars ... OK+CLEANED (13.91s)
  [CLEAN+BUILD] schemars_derive ... OK+CLEANED (2.24s)
  [CLEAN+BUILD] scope ... OK+CLEANED (2.63s)
  [CLEAN+BUILD] scoped-threadpool-rs ... OK+CLEANED (0.33s)
  [CLEAN+BUILD] scoped-tls ... OK+CLEANED (0.24s)
  [CLEAN+BUILD] scopeguard ... OK+CLEANED (0.17s)
  [CLEAN+BUILD] scratch ... OK+CLEANED (0.24s)
  [CLEAN+BUILD] scroll ... OK+CLEANED (0.41s)
  [CLEAN+BUILD] scroll_derive ... OK+CLEANED (2.31s)
  [CLEAN+BUILD] sct.rs ... OK+CLEANED (2.66s)
  [CLEAN+BUILD] sea-bae ... OK+CLEANED (4.98s)
  [CLEAN+BUILD] sea-query ... FAILED: Build failed (see rusticate-mirify.errs) (7.96s)
  [CLEAN+BUILD] sea-query-derive ... FAILED: Build failed (see rusticate-mirify.errs) (5.94s)
  [CLEAN+BUILD] sea-query-diesel ... FAILED: Build failed (see rusticate-mirify.errs) (10.11s)
  [CLEAN+BUILD] sea-query-postgres ... FAILED: Build failed (see rusticate-mirify.errs) (3.66s)
  [CLEAN+BUILD] sea-query-postgres-types ... OK+CLEANED (0.80s)
  [CLEAN+BUILD] sea-query-rbatis ... FAILED: Build failed (see rusticate-mirify.errs) (4.69s)
  [CLEAN+BUILD] sea-query-rusqlite ... FAILED: Build failed (see rusticate-mirify.errs) (3.33s)
  [CLEAN+BUILD] sea-query-sqlx ... FAILED: Build failed (see rusticate-mirify.errs) (3.26s)
  [CLEAN+BUILD] sealed-rs ... FAILED: Build failed (see rusticate-mirify.errs) (9.55s)
  [CLEAN+BUILD] demo ... OK+CLEANED (4.62s)
  [CLEAN+BUILD] self_cell ... OK+CLEANED (0.52s)
  [CLEAN+BUILD] benchmarks ... OK+CLEANED (5.90s)
  [CLEAN+BUILD] examples ... OK+CLEANED (0.23s)
  [CLEAN+BUILD] tests-extra ... OK+CLEANED (1.83s)
  [CLEAN+BUILD] semver ... OK+CLEANED (0.48s)
  [CLEAN+BUILD] fuzz ... OK+CLEANED (0.12s)
  [CLEAN+BUILD] semver-parser ... OK+CLEANED (2.62s)
  [CLEAN+BUILD] fuzz ... OK+CLEANED (0.13s)
  [CLEAN+BUILD] send_wrapper ... OK+CLEANED (3.56s)
  [CLEAN+BUILD] sentry-rust ... FAILED: Build failed (see rusticate-mirify.errs) (7.50s)
  [CLEAN+BUILD] sentry ... FAILED: Build failed (see rusticate-mirify.errs) (3.36s)
  [CLEAN+BUILD] sentry-actix ... FAILED: Build failed (see rusticate-mirify.errs) (3.37s)
  [CLEAN+BUILD] sentry-anyhow ... OK+CLEANED (8.67s)
  [CLEAN+BUILD] sentry-backtrace ... OK+CLEANED (8.20s)
  [CLEAN+BUILD] sentry-contexts ... OK+CLEANED (8.24s)
  [CLEAN+BUILD] sentry-core ... FAILED: Build failed (see rusticate-mirify.errs) (3.20s)
  [CLEAN+BUILD] sentry-debug-images ... OK+CLEANED (7.87s)
  [CLEAN+BUILD] sentry-log ... OK+CLEANED (8.62s)
  [CLEAN+BUILD] sentry-opentelemetry ... FAILED: Build failed (see rusticate-mirify.errs) (3.14s)
  [CLEAN+BUILD] sentry-panic ... OK+CLEANED (8.50s)
  [CLEAN+BUILD] sentry-slog ... OK+CLEANED (8.28s)
  [CLEAN+BUILD] sentry-tower ... OK+CLEANED (11.29s)
  [CLEAN+BUILD] sentry-tracing ... OK+CLEANED (9.99s)
  [CLEAN+BUILD] sentry-types ... OK+CLEANED (10.31s)
  [CLEAN+BUILD] seq-macro ... OK+CLEANED (4.25s)
  [CLEAN+BUILD] serde ... OK+CLEANED (7.65s)
  [CLEAN+BUILD] serde ... OK+CLEANED (1.69s)
  [CLEAN+BUILD] serde_core ... OK+CLEANED (4.31s)
  [CLEAN+BUILD] serde_derive ... OK+CLEANED (2.60s)
  [CLEAN+BUILD] serde_derive_internals ... OK+CLEANED (1.57s)
  [CLEAN+BUILD] test_suite ... OK+CLEANED (6.65s)
  [CLEAN+BUILD] serde-aux ... OK+CLEANED (4.16s)
  [CLEAN+BUILD] serde-big-array ... OK+CLEANED (3.28s)
  [CLEAN+BUILD] serde-ignored ... OK+CLEANED (3.32s)
  [CLEAN+BUILD] serde-plain ... OK+CLEANED (3.14s)
  [CLEAN+BUILD] serde-regex ... OK+CLEANED (3.53s)
  [CLEAN+BUILD] serde-repr ... OK+CLEANED (4.25s)
  [CLEAN+BUILD] serde-untagged ... OK+CLEANED (3.53s)
  [CLEAN+BUILD] serde-value ... OK+CLEANED (3.36s)
  [CLEAN+BUILD] serde-wasm-bindgen ... OK+CLEANED (5.99s)
  [CLEAN+BUILD] benchmarks ... OK+CLEANED (5.52s)
  [CLEAN+BUILD] serde-xml-rs ... OK+CLEANED (8.77s)
  [CLEAN+BUILD] serde-yaml ... OK+CLEANED (3.82s)
  [CLEAN+BUILD] fuzz ... OK+CLEANED (0.16s)
  [CLEAN+BUILD] serde_fmt ... OK+CLEANED (3.17s)
  [CLEAN+BUILD] serde_qs ... OK+CLEANED (8.56s)
  [CLEAN+BUILD] serde_tokenstream ... FAILED: Build failed (see rusticate-mirify.errs) (5.26s)
  [CLEAN+BUILD] testlib ... FAILED: Build failed (see rusticate-mirify.errs) (7.12s)
  [CLEAN+BUILD] ui-tests ... FAILED: Build failed (see rusticate-mirify.errs) (7.23s)
  [CLEAN+BUILD] serde_urlencoded ... OK+CLEANED (3.15s)
  [CLEAN+BUILD] serde_with ... OK+CLEANED (13.84s)
  [CLEAN+BUILD] serde_with ... OK+CLEANED (12.45s)
  [CLEAN+BUILD] serde_with_macros ... OK+CLEANED (5.98s)
  [CLEAN+BUILD] serde_with_test ... OK+CLEANED (4.94s)
  [CLEAN+BUILD] serial_test ... OK+CLEANED (6.18s)
  [CLEAN+BUILD] serial_test ... OK+CLEANED (2.80s)
  [CLEAN+BUILD] serial_test_derive ... OK+CLEANED (1.92s)
  [CLEAN+BUILD] serial_test_test ... OK+CLEANED (5.28s)
  [CLEAN+BUILD] sha1-smol ... FAILED: Build failed (see rusticate-mirify.errs) (2.69s)
  [CLEAN+BUILD] bench ... FAILED: Build failed (see rusticate-mirify.errs) (0.11s)
  [CLEAN+BUILD] legacy-shim ... OK+CLEANED (0.22s)
  [CLEAN+BUILD] sha256-rs ... OK+CLEANED (5.50s)
  [CLEAN+BUILD] sharded-slab ... OK+CLEANED (7.87s)
  [CLEAN+BUILD] shared_child.rs ... OK+CLEANED (1.05s)
  [CLEAN+BUILD] shell-escape ... OK+CLEANED (0.16s)
  [CLEAN+BUILD] shell-words ... OK+CLEANED (0.19s)
  [CLEAN+BUILD] signal-hook ... OK+CLEANED (1.02s)
  [CLEAN+BUILD] serial_test ... OK+CLEANED (0.17s)
  [CLEAN+BUILD] signal-hook-async-std ... OK+CLEANED (3.91s)
  [CLEAN+BUILD] signal-hook-mio ... OK+CLEANED (1.00s)
  [CLEAN+BUILD] signal-hook-registry ... OK+CLEANED (0.97s)
  [CLEAN+BUILD] signal-hook-tokio ... OK+CLEANED (4.94s)
  [CLEAN+BUILD] signatures ... OK+CLEANED (34.15s)
  [CLEAN+BUILD] dsa ... OK+CLEANED (10.61s)
  [CLEAN+BUILD] ecdsa ... OK+CLEANED (3.44s)
  [CLEAN+BUILD] ed25519 ... OK+CLEANED (1.93s)
  [CLEAN+BUILD] ed448 ... OK+CLEANED (1.90s)
  [CLEAN+BUILD] lms ... OK+CLEANED (4.77s)
  [CLEAN+BUILD] ml-dsa ... OK+CLEANED (27.36s)
  [CLEAN+BUILD] rfc6979 ... OK+CLEANED (2.80s)
  [CLEAN+BUILD] slh-dsa ... OK+CLEANED (29.93s)
  [CLEAN+BUILD] simba ... OK+CLEANED (3.56s)
  [CLEAN+BUILD] simd ... OK+CLEANED (2.49s)
  [CLEAN+BUILD] simd-adler32 ... OK+CLEANED (4.69s)
  [CLEAN+BUILD] fuzz ... OK+CLEANED (0.14s)
  [CLEAN+BUILD] simd_helpers ... OK+CLEANED (0.78s)
  [CLEAN+BUILD] simdutf8 ... OK+CLEANED (0.80s)
  [CLEAN+BUILD] bench ... OK+CLEANED (6.53s)
  [CLEAN+BUILD] fuzzing ... OK+CLEANED (0.16s)
  [CLEAN+BUILD] similar ... OK+CLEANED (2.32s)
  [CLEAN+BUILD] similar-asserts ... OK+CLEANED (3.58s)
  [CLEAN+BUILD] simple_asn1 ... OK+CLEANED (4.72s)
  [CLEAN+BUILD] fuzz ... OK+CLEANED (9.58s)
  [CLEAN+BUILD] simplelog.rs ... OK+CLEANED (1.48s)
  [CLEAN+BUILD] sized-chunks ... FAILED: Build failed (see rusticate-mirify.errs) (0.54s)
  [CLEAN+BUILD] fuzz ... FAILED: Build failed (see rusticate-mirify.errs) (5.05s)
  [CLEAN+BUILD] slab ... OK+CLEANED (3.79s)
  [CLEAN+BUILD] sled ... OK+CLEANED (8.16s)
  [CLEAN+BUILD] fuzz ... OK+CLEANED (0.16s)
  [CLEAN+BUILD] slice-group-by ... OK+CLEANED (1.40s)
  [CLEAN+BUILD] slog ... OK+CLEANED (3.46s)
  [CLEAN+BUILD] slotmap ... OK+CLEANED (3.96s)
  [CLEAN+BUILD] fuzz ... OK+CLEANED (0.13s)
  [CLEAN+BUILD] slug-rs ... OK+CLEANED (0.25s)
  [CLEAN+BUILD] smartstring ... OK+CLEANED (7.01s)
  [CLEAN+BUILD] fuzz ... OK+CLEANED (5.08s)
  [CLEAN+BUILD] smawk ... OK+CLEANED (7.99s)
  [CLEAN+BUILD] examples ... FAILED: Cargo clean failed:
error: failed to load manifest for workspace member `/home/milnes/projects/RustCodebases/smithy-rs/examples/pokemon-service-common`
referenced by workspace at `/home/milnes/projects/RustCodebases/smithy-rs/examples/Cargo.toml`

Caused by:
  failed to load manifest for dependency `pokemon-service-client`

Caused by:
  failed to read `/home/milnes/projects/RustCodebases/smithy-rs/examples/pokemon-service-client/Cargo.toml`

Caused by:
  No such file or directory (os error 2)
 (0.04s)
  [CLEAN+BUILD] rust-runtime ... OK+CLEANED (42.73s)
  [CLEAN+BUILD] smol_str ... FAILED: Build failed (see rusticate-mirify.errs) (0.13s)
  [CLEAN+BUILD] snafu ... OK+CLEANED (3.91s)
  [CLEAN+BUILD] snafu-derive ... OK+CLEANED (2.14s)
  [CLEAN+BUILD] snow ... OK+CLEANED (7.66s)
  [CLEAN+BUILD] hfuzz ... OK+CLEANED (3.52s)
  [CLEAN+BUILD] socket2 ... OK+CLEANED (1.04s)
  [CLEAN+BUILD] soketto ... OK+CLEANED (8.43s)
  [CLEAN+BUILD] spin-rs ... OK+CLEANED (6.70s)
  [CLEAN+BUILD] spinning_top ... OK+CLEANED (1.67s)
  [CLEAN+BUILD] sponges ... OK+CLEANED (0.23s)
  [CLEAN+BUILD] ascon ... OK+CLEANED (0.19s)
  [CLEAN+BUILD] bash-f ... OK+CLEANED (0.18s)
  [CLEAN+BUILD] benches ... OK+CLEANED (0.14s)
  [CLEAN+BUILD] keccak ... OK+CLEANED (0.19s)
  [CLEAN+BUILD] sqlformat-rs ... OK+CLEANED (7.09s)
  [CLEAN+BUILD] sqlparser-rs ... OK+CLEANED (11.81s)
  [CLEAN+BUILD] derive ... OK+CLEANED (1.43s)
  [CLEAN+BUILD] fuzz ... OK+CLEANED (8.59s)
  [CLEAN+BUILD] sqlparser_bench ... OK+CLEANED (0.17s)
  [CLEAN+BUILD] sqlx ... FAILED: Build failed (see rusticate-mirify.errs) (16.76s)
  [CLEAN+BUILD] sqlx-cli ... FAILED: Build failed (see rusticate-mirify.errs) (3.63s)
  [CLEAN+BUILD] sqlx-core ... FAILED: Build failed (see rusticate-mirify.errs) (18.63s)
  [CLEAN+BUILD] sqlx-macros ... FAILED: Build failed (see rusticate-mirify.errs) (8.07s)
  [CLEAN+BUILD] sqlx-macros-core ... FAILED: Build failed (see rusticate-mirify.errs) (7.83s)
  [CLEAN+BUILD] sqlx-mysql ... FAILED: Build failed (see rusticate-mirify.errs) (9.98s)
  [CLEAN+BUILD] sqlx-postgres ... FAILED: Build failed (see rusticate-mirify.errs) (16.74s)
  [CLEAN+BUILD] sqlx-sqlite ... FAILED: Build failed (see rusticate-mirify.errs) (14.53s)
  [CLEAN+BUILD] sqlx-test ... FAILED: Build failed (see rusticate-mirify.errs) (8.43s)
  [CLEAN+BUILD] ssh2-rs ... FAILED: Build failed (see rusticate-mirify.errs) (1.43s)
  [CLEAN+BUILD] libssh2-sys ... FAILED: Build failed (see rusticate-mirify.errs) (1.09s)
  [CLEAN+BUILD] systest ... FAILED: Build failed (see rusticate-mirify.errs) (2.00s)
  [CLEAN+BUILD] stable_deref_trait ... OK+CLEANED (0.15s)
  [CLEAN+BUILD] stacker ... OK+CLEANED (2.36s)
  [CLEAN+BUILD] psm ... OK+CLEANED (2.12s)
  [CLEAN+BUILD] standback ... FAILED: Build failed (see rusticate-mirify.errs) (0.79s)
  [CLEAN+BUILD] state ... OK+CLEANED (0.35s)
  [CLEAN+BUILD] bench ... FAILED: Build failed (see rusticate-mirify.errs) (0.26s)
  [CLEAN+BUILD] static-assertions-rs ... OK+CLEANED (0.23s)
  [CLEAN+BUILD] proc ... OK+CLEANED (0.24s)
  [CLEAN+BUILD] statrs ... OK+CLEANED (10.44s)
  [CLEAN+BUILD] stats_alloc ... OK+CLEANED (0.21s)
  [CLEAN+BUILD] std ... OK+CLEANED (1.67s)
  [CLEAN+BUILD] stdweb ... FAILED: Build failed (see rusticate-mirify.errs) (9.69s)
  [CLEAN+BUILD] benchmarks ... FAILED: Build failed (see rusticate-mirify.errs) (8.25s)
  [CLEAN+BUILD] examples ... FAILED: Build failed (see rusticate-mirify.errs) (9.50s)
  [CLEAN+BUILD] standalone-tests ... FAILED: Build failed (see rusticate-mirify.errs) (8.15s)
  [CLEAN+BUILD] stdweb-derive ... OK+CLEANED (3.21s)
  [CLEAN+BUILD] stdweb-internal-macros ... OK+CLEANED (3.58s)
  [CLEAN+BUILD] stdweb-internal-runtime ... OK+CLEANED (0.26s)
  [CLEAN+BUILD] stdweb-internal-test-macro ... OK+CLEANED (0.62s)
  [CLEAN+BUILD] str_stack ... OK+CLEANED (0.20s)
  [CLEAN+BUILD] stream-ciphers ... OK+CLEANED (8.60s)
  [CLEAN+BUILD] benches ... OK+CLEANED (6.33s)
  [CLEAN+BUILD] chacha20 ... OK+CLEANED (8.43s)
  [CLEAN+BUILD] hc-256 ... OK+CLEANED (1.89s)
  [CLEAN+BUILD] rabbit ... OK+CLEANED (1.97s)
  [CLEAN+BUILD] rc4 ... OK+CLEANED (2.22s)
  [CLEAN+BUILD] salsa20 ... OK+CLEANED (2.10s)
  [CLEAN+BUILD] strength_reduce ... OK+CLEANED (3.37s)
  [CLEAN+BUILD] strict-num ... OK+CLEANED (1.70s)
  [CLEAN+BUILD] string-cache ... OK+CLEANED (1.62s)
  [CLEAN+BUILD] integration-tests ... OK+CLEANED (2.13s)
  [CLEAN+BUILD] string-cache-codegen ... OK+CLEANED (0.80s)
  [CLEAN+BUILD] string-interner ... OK+CLEANED (6.68s)
  [CLEAN+BUILD] strip-ansi-escapes ... OK+CLEANED (0.49s)
  [CLEAN+BUILD] strsim-rs ... OK+CLEANED (0.33s)
  [CLEAN+BUILD] structmeta ... OK+CLEANED (8.21s)
  [CLEAN+BUILD] structmeta ... OK+CLEANED (2.36s)
  [CLEAN+BUILD] structmeta-derive ... OK+CLEANED (1.73s)
  [CLEAN+BUILD] structmeta-tests ... OK+CLEANED (7.92s)
  [CLEAN+BUILD] structopt ... OK+CLEANED (5.50s)
  [CLEAN+BUILD] structopt-derive ... OK+CLEANED (2.00s)
  [CLEAN+BUILD] strum ... OK+CLEANED (4.11s)
  [CLEAN+BUILD] strum ... OK+CLEANED (2.66s)
  [CLEAN+BUILD] strum_macros ... OK+CLEANED (1.80s)
  [CLEAN+BUILD] strum_nostd_tests ... OK+CLEANED (2.75s)
  [CLEAN+BUILD] strum_tests ... OK+CLEANED (3.91s)
  [CLEAN+BUILD] stylo ... FAILED: Build failed (see rusticate-mirify.errs) (19.43s)
  [CLEAN+BUILD] malloc_size_of ... OK+CLEANED (4.81s)
  [CLEAN+BUILD] selectors ... OK+CLEANED (4.14s)
  [CLEAN+BUILD] servo_arc ... OK+CLEANED (0.24s)
  [CLEAN+BUILD] style ... FAILED: Build failed (see rusticate-mirify.errs) (18.99s)
  [CLEAN+BUILD] style_derive ... OK+CLEANED (3.81s)
  [CLEAN+BUILD] style_traits ... OK+CLEANED (6.29s)
  [CLEAN+BUILD] stylo_atoms ... OK+CLEANED (1.74s)
  [CLEAN+BUILD] stylo_config ... OK+CLEANED (0.20s)
  [CLEAN+BUILD] stylo_dom ... OK+CLEANED (4.87s)
  [CLEAN+BUILD] stylo_static_prefs ... OK+CLEANED (0.16s)
  [CLEAN+BUILD] to_shmem ... OK+CLEANED (0.17s)
  [CLEAN+BUILD] to_shmem_derive ... OK+CLEANED (3.45s)
  [CLEAN+BUILD] subtle ... OK+CLEANED (1.74s)
  [CLEAN+BUILD] fuzz ... OK+CLEANED (4.43s)
  [CLEAN+BUILD] supports-color ... OK+CLEANED (0.28s)
  [CLEAN+BUILD] supports-hyperlinks ... OK+CLEANED (0.14s)
  [CLEAN+BUILD] supports-unicode ... OK+CLEANED (0.15s)
  [CLEAN+BUILD] sval ... OK+CLEANED (2.47s)
  [CLEAN+BUILD] buffer ... OK+CLEANED (2.52s)
  [CLEAN+BUILD] derive ... OK+CLEANED (2.22s)
  [CLEAN+BUILD] derive_macros ... OK+CLEANED (1.65s)
  [CLEAN+BUILD] dynamic ... OK+CLEANED (0.39s)
  [CLEAN+BUILD] experiments ... OK+CLEANED (2.28s)
  [CLEAN+BUILD] flatten ... OK+CLEANED (2.60s)
  [CLEAN+BUILD] fmt ... OK+CLEANED (0.43s)
  [CLEAN+BUILD] json ... OK+CLEANED (0.38s)
  [CLEAN+BUILD] nested ... OK+CLEANED (2.72s)
  [CLEAN+BUILD] ref ... OK+CLEANED (0.68s)
  [CLEAN+BUILD] serde ... OK+CLEANED (1.17s)
  [CLEAN+BUILD] test ... OK+CLEANED (0.76s)
  [CLEAN+BUILD] swc ... FAILED: Build failed (see rusticate-mirify.errs) (224.08s)
  [CLEAN+BUILD] xtask ... OK+CLEANED (16.16s)
  [CLEAN+BUILD] symbolic ... OK+CLEANED (25.67s)
  [CLEAN+BUILD] symbolic ... OK+CLEANED (10.16s)
  [CLEAN+BUILD] symbolic-cabi ... OK+CLEANED (17.04s)
  [CLEAN+BUILD] symbolic-cfi ... OK+CLEANED (10.36s)
  [CLEAN+BUILD] symbolic-common ... OK+CLEANED (1.57s)
  [CLEAN+BUILD] symbolic-debuginfo ... OK+CLEANED (12.41s)
  [CLEAN+BUILD] symbolic-demangle ... OK+CLEANED (4.92s)
  [CLEAN+BUILD] symbolic-il2cpp ... OK+CLEANED (9.98s)
  [CLEAN+BUILD] symbolic-ppdb ... OK+CLEANED (10.07s)
  [CLEAN+BUILD] symbolic-sourcemapcache ... OK+CLEANED (14.65s)
  [CLEAN+BUILD] symbolic-symcache ... OK+CLEANED (12.05s)
  [CLEAN+BUILD] symbolic-testutils ... OK+CLEANED (0.23s)
  [CLEAN+BUILD] symbolic-unreal ... OK+CLEANED (3.99s)
  [CLEAN+BUILD] syn ... FAILED: Build failed (see rusticate-mirify.errs) (3.43s)
  [CLEAN+BUILD] codegen ... OK+CLEANED (4.42s)
  [CLEAN+BUILD] dev ... OK+CLEANED (2.70s)
  [CLEAN+BUILD] fuzz ... OK+CLEANED (0.14s)
  [CLEAN+BUILD] json ... OK+CLEANED (3.33s)
  [CLEAN+BUILD] syn-mid ... OK+CLEANED (1.40s)
  [CLEAN+BUILD] syn_derive ... OK+CLEANED (1.63s)
  [CLEAN+BUILD] sync_wrapper ... OK+CLEANED (3.87s)
  [CLEAN+BUILD] synstructure ... OK+CLEANED (1.98s)
  [CLEAN+BUILD] test_suite ... OK+CLEANED (2.05s)
  [CLEAN+BUILD] test_traits ... OK+CLEANED (0.13s)
  [CLEAN+BUILD] sys-info-rs ... OK+CLEANED (1.11s)
  [CLEAN+BUILD] test ... OK+CLEANED (1.12s)
  [CLEAN+BUILD] sysinfo ... OK+CLEANED (2.65s)
  [CLEAN+BUILD] test-unknown ... OK+CLEANED (3.67s)
  [CLEAN+BUILD] system-configuration-rs ... FAILED: Build failed (see rusticate-mirify.errs) (0.75s)
  [CLEAN+BUILD] system-configuration ... FAILED: Build failed (see rusticate-mirify.errs) (0.73s)
  [CLEAN+BUILD] system-configuration-sys ... OK+CLEANED (0.52s)
  [CLEAN+BUILD] system-deps ... OK+CLEANED (1.80s)
  [CLEAN+BUILD] tabled ... OK+CLEANED (9.28s)
  [CLEAN+BUILD] csv_to_table ... OK+CLEANED (2.13s)
  [CLEAN+BUILD] json_to_table ... OK+CLEANED (2.44s)
  [CLEAN+BUILD] papergrid ... OK+CLEANED (2.08s)
  [CLEAN+BUILD] ron_to_table ... OK+CLEANED (4.01s)
  [CLEAN+BUILD] static_table ... OK+CLEANED (2.75s)
  [CLEAN+BUILD] table_to_html ... OK+CLEANED (4.43s)
  [CLEAN+BUILD] tabled ... OK+CLEANED (7.77s)
  [CLEAN+BUILD] tabled_derive ... OK+CLEANED (2.35s)
  [CLEAN+BUILD] testing_table ... OK+CLEANED (0.24s)
  [CLEAN+BUILD] toml_to_table ... OK+CLEANED (3.11s)
  [CLEAN+BUILD] tagptr ... OK+CLEANED (0.22s)
  [CLEAN+BUILD] take_mut ... OK+CLEANED (0.18s)
  [CLEAN+BUILD] tap ... OK+CLEANED (0.21s)
  [CLEAN+BUILD] tar-rs ... OK+CLEANED (1.94s)
  [CLEAN+BUILD] fuzz ... OK+CLEANED (0.14s)
  [CLEAN+BUILD] target-lexicon ... OK+CLEANED (2.03s)
  [CLEAN+BUILD] task-local-extensions ... OK+CLEANED (4.96s)
  [CLEAN+BUILD] tempdir ... OK+CLEANED (1.12s)
  [CLEAN+BUILD] tempfile ... OK+CLEANED (1.35s)
  [CLEAN+BUILD] tendril ... OK+CLEANED (1.28s)
  [CLEAN+BUILD] tera ... OK+CLEANED (9.81s)
  [CLEAN+BUILD] fuzz ... OK+CLEANED (13.45s)
  [CLEAN+BUILD] term ... OK+CLEANED (0.41s)
  [CLEAN+BUILD] termcolor ... OK+CLEANED (0.30s)
  [CLEAN+BUILD] wincolor ... OK+CLEANED (0.36s)
  [CLEAN+BUILD] terminal-size ... OK+CLEANED (0.70s)
  [CLEAN+BUILD] termios-rs ... OK+CLEANED (0.73s)
  [CLEAN+BUILD] termtree ... OK+CLEANED (1.02s)
  [CLEAN+BUILD] test ... OK+CLEANED (3.30s)
  [CLEAN+BUILD] test-case ... OK+CLEANED (3.70s)
  [CLEAN+BUILD] test-log ... OK+CLEANED (5.56s)
  [CLEAN+BUILD] macros ... OK+CLEANED (1.69s)
  [CLEAN+BUILD] textwrap ... OK+CLEANED (6.59s)
  [CLEAN+BUILD] benchmarks ... OK+CLEANED (0.48s)
  [CLEAN+BUILD] fuzz ... OK+CLEANED (0.14s)
  [CLEAN+BUILD] thiserror ... OK+CLEANED (4.59s)
  [CLEAN+BUILD] impl ... OK+CLEANED (1.61s)
  [CLEAN+BUILD] thread-id ... FAILED: Build failed (see rusticate-mirify.errs) (1.33s)
  [CLEAN+BUILD] thread_local-rs ... OK+CLEANED (0.36s)
  [CLEAN+BUILD] benches ... OK+CLEANED (6.53s)
  [CLEAN+BUILD] time ... OK+CLEANED (5.67s)
  [CLEAN+BUILD] time ... OK+CLEANED (5.69s)
  [CLEAN+BUILD] time-core ... OK+CLEANED (0.20s)
  [CLEAN+BUILD] time-macros ... OK+CLEANED (0.26s)
  [CLEAN+BUILD] tiny-bip39 ... OK+CLEANED (3.89s)
  [CLEAN+BUILD] tiny-http ... OK+CLEANED (1.39s)
  [CLEAN+BUILD] tiny-keccak ... FAILED: Build failed (see rusticate-mirify.errs) (0.19s)
  [CLEAN+BUILD] comparison ... OK+CLEANED (0.93s)
  [CLEAN+BUILD] tiny-skia ... OK+CLEANED (2.17s)
  [CLEAN+BUILD] benches ... FAILED: Build failed (see rusticate-mirify.errs) (0.39s)
  [CLEAN+BUILD] path ... OK+CLEANED (0.54s)
  [CLEAN+BUILD] tinyjson ... OK+CLEANED (0.42s)
  [CLEAN+BUILD] bench ... OK+CLEANED (6.35s)
  [CLEAN+BUILD] fuzz ... OK+CLEANED (8.68s)
  [CLEAN+BUILD] tinyvec ... OK+CLEANED (6.58s)
  [CLEAN+BUILD] fuzz ... FAILED: Build failed (see rusticate-mirify.errs) (2.81s)
  [CLEAN+BUILD] tinyvec_macros ... OK+CLEANED (0.15s)
  [CLEAN+BUILD] tls ... FAILED: Build failed (see rusticate-mirify.errs) (2.62s)
  [CLEAN+BUILD] tokio-native-tls ... FAILED: Build failed (see rusticate-mirify.errs) (2.50s)
  [CLEAN+BUILD] tokio ... OK+CLEANED (21.93s)
  [CLEAN+BUILD] benches ... OK+CLEANED (0.17s)
  [CLEAN+BUILD] examples ... OK+CLEANED (0.13s)
  [CLEAN+BUILD] stress-test ... OK+CLEANED (0.13s)
  [CLEAN+BUILD] tests-build ... OK+CLEANED (4.06s)
  [CLEAN+BUILD] tests-integration ... OK+CLEANED (3.91s)
  [CLEAN+BUILD] tokio ... FAILED: Build failed (see rusticate-mirify.errs) (6.24s)
  [CLEAN+BUILD] tokio-macros ... OK+CLEANED (5.43s)
  [CLEAN+BUILD] tokio-stream ... OK+CLEANED (6.50s)
  [CLEAN+BUILD] tokio-test ... OK+CLEANED (5.94s)
  [CLEAN+BUILD] tokio-util ... FAILED: Build failed (see rusticate-mirify.errs) (6.41s)
  [CLEAN+BUILD] tokio-io-timeout ... OK+CLEANED (5.02s)
  [CLEAN+BUILD] tokio-metrics ... OK+CLEANED (19.05s)
  [CLEAN+BUILD] tokio-openssl ... FAILED: Build failed (see rusticate-mirify.errs) (2.45s)
  [CLEAN+BUILD] tokio-rustls ... OK+CLEANED (14.90s)
  [CLEAN+BUILD] tokio-socks ... OK+CLEANED (3.89s)
  [CLEAN+BUILD] tokio-tungstenite ... OK+CLEANED (5.87s)
  [CLEAN+BUILD] toml ... OK+CLEANED (10.35s)
  [CLEAN+BUILD] tonic ... FAILED: Build failed (see rusticate-mirify.errs) (18.44s)
  [CLEAN+BUILD] codegen ... OK+CLEANED (6.61s)
  [CLEAN+BUILD] examples ... FAILED: Build failed (see rusticate-mirify.errs) (9.48s)
  [CLEAN+BUILD] grpc ... OK+CLEANED (13.20s)
  [CLEAN+BUILD] interop ... FAILED: Build failed (see rusticate-mirify.errs) (10.75s)
  [CLEAN+BUILD] tonic ... OK+CLEANED (9.80s)
  [CLEAN+BUILD] tonic-build ... OK+CLEANED (2.54s)
  [CLEAN+BUILD] tonic-health ... OK+CLEANED (5.35s)
  [CLEAN+BUILD] tonic-prost ... OK+CLEANED (5.04s)
  [CLEAN+BUILD] tonic-prost-build ... OK+CLEANED (5.54s)
  [CLEAN+BUILD] tonic-protobuf ... OK+CLEANED (4.25s)
  [CLEAN+BUILD] tonic-protobuf-build ... FAILED: Build failed (see rusticate-mirify.errs) (1.97s)
  [CLEAN+BUILD] tonic-reflection ... FAILED: Build failed (see rusticate-mirify.errs) (9.86s)
  [CLEAN+BUILD] tonic-types ... OK+CLEANED (4.76s)
  [CLEAN+BUILD] tonic-web ... OK+CLEANED (5.22s)
  [CLEAN+BUILD] xds-client ... OK+CLEANED (0.18s)
  [CLEAN+BUILD] tower ... OK+CLEANED (5.14s)
  [CLEAN+BUILD] examples ... FAILED: Cargo clean failed:
error: current package believes it's in a workspace when it's not:
current:   /home/milnes/projects/RustCodebases/tower/examples/Cargo.toml
workspace: /home/milnes/projects/RustCodebases/tower/Cargo.toml

this may be fixable by adding `examples` to the `workspace.members` array of the manifest located at: /home/milnes/projects/RustCodebases/tower/Cargo.toml
Alternatively, to keep it out of the workspace, add the package to the `workspace.exclude` array, or add an empty `[workspace]` table to the package's manifest.
 (0.03s)
  [CLEAN+BUILD] tower ... OK+CLEANED (4.74s)
  [CLEAN+BUILD] tower-layer ... OK+CLEANED (0.30s)
  [CLEAN+BUILD] tower-service ... OK+CLEANED (3.87s)
  [CLEAN+BUILD] tower-test ... OK+CLEANED (3.98s)
  [CLEAN+BUILD] tower-http ... FAILED: Build failed (see rusticate-mirify.errs) (7.76s)
  [CLEAN+BUILD] tower-http ... OK+CLEANED (7.02s)
  [CLEAN+BUILD] tracing ... OK+CLEANED (14.31s)
  [CLEAN+BUILD] examples ... OK+CLEANED (0.22s)
  [CLEAN+BUILD] tracing ... OK+CLEANED (9.10s)
  [CLEAN+BUILD] tracing-appender ... OK+CLEANED (7.27s)
  [CLEAN+BUILD] tracing-attributes ... OK+CLEANED (6.49s)
  [CLEAN+BUILD] tracing-core ... OK+CLEANED (0.57s)
  [CLEAN+BUILD] tracing-error ... OK+CLEANED (1.20s)
  [CLEAN+BUILD] tracing-flame ... OK+CLEANED (1.45s)
  [CLEAN+BUILD] tracing-futures ... OK+CLEANED (4.56s)
  [CLEAN+BUILD] tracing-journald ... OK+CLEANED (4.85s)
  [CLEAN+BUILD] tracing-log ... OK+CLEANED (6.31s)
  [CLEAN+BUILD] tracing-macros ... OK+CLEANED (4.44s)
  [CLEAN+BUILD] tracing-mock ... OK+CLEANED (3.84s)
  [CLEAN+BUILD] tracing-serde ... OK+CLEANED (1.74s)
  [CLEAN+BUILD] tracing-subscriber ... OK+CLEANED (8.49s)
  [CLEAN+BUILD] tracing-test ... OK+CLEANED (2.78s)
  [CLEAN+BUILD] tracing-tower ... OK+CLEANED (3.89s)
  [CLEAN+BUILD] tracing-opentelemetry ... FAILED: Build failed (see rusticate-mirify.errs) (12.68s)
  [CLEAN+BUILD] tracing-test ... OK+CLEANED (3.78s)
  [CLEAN+BUILD] tracing-test ... OK+CLEANED (3.46s)
  [CLEAN+BUILD] tracing-test-macro ... OK+CLEANED (1.77s)
  [CLEAN+BUILD] tracing-test-macro-tests ... OK+CLEANED (3.55s)
  [CLEAN+BUILD] traits ... OK+CLEANED (2.30s)
  [CLEAN+BUILD] aead ... OK+CLEANED (1.41s)
  [CLEAN+BUILD] cipher ... OK+CLEANED (1.49s)
  [CLEAN+BUILD] crypto ... OK+CLEANED (1.38s)
  [CLEAN+BUILD] crypto-common ... OK+CLEANED (1.26s)
  [CLEAN+BUILD] digest ... OK+CLEANED (1.44s)
  [CLEAN+BUILD] elliptic-curve ... OK+CLEANED (2.01s)
  [CLEAN+BUILD] kem ... OK+CLEANED (1.38s)
  [CLEAN+BUILD] password-hash ... OK+CLEANED (0.41s)
  [CLEAN+BUILD] signature ... OK+CLEANED (0.14s)
  [CLEAN+BUILD] universal-hash ... OK+CLEANED (1.38s)
  [CLEAN+BUILD] treediff-rs ... OK+CLEANED (3.31s)
  [CLEAN+BUILD] treeline ... OK+CLEANED (0.18s)
  [CLEAN+BUILD] triomphe ... OK+CLEANED (1.49s)
  [CLEAN+BUILD] try-lock ... OK+CLEANED (0.16s)
  [CLEAN+BUILD] trybuild ... OK+CLEANED (4.27s)
  [CLEAN+BUILD] fuzz ... OK+CLEANED (0.12s)
  [CLEAN+BUILD] ttf-parser ... OK+CLEANED (1.92s)
  [CLEAN+BUILD] benches ... OK+CLEANED (0.12s)
  [CLEAN+BUILD] c-api ... OK+CLEANED (1.04s)
  [CLEAN+BUILD] tungstenite-rs ... OK+CLEANED (7.69s)
  [CLEAN+BUILD] fuzz ... OK+CLEANED (9.81s)
  [CLEAN+BUILD] twoway ... OK+CLEANED (1.84s)
  [CLEAN+BUILD] fuzz ... OK+CLEANED (8.95s)
  [CLEAN+BUILD] twox-hash ... OK+CLEANED (2.11s)
  [CLEAN+BUILD] asmasm ... FAILED: Build failed (see rusticate-mirify.errs) (1.06s)
  [CLEAN+BUILD] comparison ... FAILED: Build failed (see rusticate-mirify.errs) (4.39s)
  [CLEAN+BUILD] twox-hash-sum ... OK+CLEANED (1.68s)
  [CLEAN+BUILD] xx_hash-sys ... FAILED: Build failed (see rusticate-mirify.errs) (0.95s)
  [CLEAN+BUILD] typeid ... OK+CLEANED (0.32s)
  [CLEAN+BUILD] typenum ... OK+CLEANED (2.25s)
  [CLEAN+BUILD] generate ... OK+CLEANED (0.20s)
  [CLEAN+BUILD] typetag ... OK+CLEANED (5.98s)
  [CLEAN+BUILD] impl ... OK+CLEANED (1.80s)
  [CLEAN+BUILD] typify ... OK+CLEANED (14.66s)
  [CLEAN+BUILD] cargo-typify ... OK+CLEANED (10.51s)
  [CLEAN+BUILD] example-build ... OK+CLEANED (9.06s)
  [CLEAN+BUILD] example-macro ... OK+CLEANED (8.65s)
  [CLEAN+BUILD] typify ... OK+CLEANED (9.92s)
  [CLEAN+BUILD] typify-impl ... OK+CLEANED (9.87s)
  [CLEAN+BUILD] typify-macro ... OK+CLEANED (6.81s)
  [CLEAN+BUILD] typify-test ... FAILED: Build failed (see rusticate-mirify.errs) (9.17s)
  [CLEAN+BUILD] ucd-generate ... OK+CLEANED (1.83s)
  [CLEAN+BUILD] ucd-parse ... OK+CLEANED (0.82s)
  [CLEAN+BUILD] ucd-trie ... OK+CLEANED (0.37s)
  [CLEAN+BUILD] ucd-util ... OK+CLEANED (0.22s)
  [CLEAN+BUILD] unarray ... OK+CLEANED (4.51s)
  [CLEAN+BUILD] uncased ... OK+CLEANED (0.42s)
  [CLEAN+BUILD] unicase ... OK+CLEANED (0.26s)
  [CLEAN+BUILD] unicode-bidi ... OK+CLEANED (2.01s)
  [CLEAN+BUILD] unicode-categories ... OK+CLEANED (0.22s)
  [CLEAN+BUILD] unicode-id ... OK+CLEANED (0.21s)
  [CLEAN+BUILD] unicode-id-start ... OK+CLEANED (5.78s)
  [CLEAN+BUILD] diagram ... OK+CLEANED (10.87s)
  [CLEAN+BUILD] generate ... OK+CLEANED (0.22s)
  [CLEAN+BUILD] unicode-ident ... OK+CLEANED (6.11s)
  [CLEAN+BUILD] diagram ... OK+CLEANED (11.26s)
  [CLEAN+BUILD] generate ... OK+CLEANED (2.48s)
  [CLEAN+BUILD] unicode-linebreak ... FAILED: Build failed (see rusticate-mirify.errs) (0.12s)
  [CLEAN+BUILD] gen-tables ... OK+CLEANED (2.66s)
  [CLEAN+BUILD] unicode-normalization ... OK+CLEANED (1.38s)
  [CLEAN+BUILD] fuzz ... OK+CLEANED (0.15s)
  [CLEAN+BUILD] unicode-properties ... OK+CLEANED (0.25s)
  [CLEAN+BUILD] unicode-script ... OK+CLEANED (0.33s)
  [CLEAN+BUILD] unicode-segmentation ... OK+CLEANED (7.41s)
  [CLEAN+BUILD] fuzz ... OK+CLEANED (0.15s)
  [CLEAN+BUILD] unicode-width ... OK+CLEANED (0.88s)
  [CLEAN+BUILD] unicode-xid ... OK+CLEANED (6.10s)
  [CLEAN+BUILD] universal-hashes ... OK+CLEANED (1.55s)
  [CLEAN+BUILD] ghash ... OK+CLEANED (1.43s)
  [CLEAN+BUILD] poly1305 ... OK+CLEANED (1.45s)
  [CLEAN+BUILD] polyval ... OK+CLEANED (1.44s)
  [CLEAN+BUILD] unsafe-libyaml ... FAILED: Build failed (see rusticate-mirify.errs) (3.10s)
  [CLEAN+BUILD] fuzz ... OK+CLEANED (0.12s)
  [CLEAN+BUILD] unsigned-varint ... OK+CLEANED (6.43s)
  [CLEAN+BUILD] untrusted ... OK+CLEANED (0.21s)
  [CLEAN+BUILD] ureq ... OK+CLEANED (15.28s)
  [CLEAN+BUILD] uriparse-rs ... OK+CLEANED (4.99s)
  [CLEAN+BUILD] fuzz ... OK+CLEANED (8.96s)
  [CLEAN+BUILD] utf16_iter ... OK+CLEANED (0.21s)
  [CLEAN+BUILD] fuzz ... OK+CLEANED (0.13s)
  [CLEAN+BUILD] utf8-ranges ... OK+CLEANED (1.50s)
  [CLEAN+BUILD] utf8-width ... OK+CLEANED (0.29s)
  [CLEAN+BUILD] utf8_iter ... OK+CLEANED (0.19s)
  [CLEAN+BUILD] fuzz ... OK+CLEANED (0.12s)
  [CLEAN+BUILD] utils ... OK+CLEANED (5.40s)
  [CLEAN+BUILD] aarch64-dit ... FAILED: Build failed (see rusticate-mirify.errs) (0.15s)
  [CLEAN+BUILD] blobby ... OK+CLEANED (0.18s)
  [CLEAN+BUILD] block-buffer ... OK+CLEANED (1.20s)
  [CLEAN+BUILD] block-padding ... OK+CLEANED (0.84s)
  [CLEAN+BUILD] cmov ... OK+CLEANED (0.27s)
  [CLEAN+BUILD] collectable ... OK+CLEANED (0.14s)
  [CLEAN+BUILD] cpufeatures ... OK+CLEANED (0.18s)
  [CLEAN+BUILD] dbl ... OK+CLEANED (0.83s)
  [CLEAN+BUILD] digest-io ... OK+CLEANED (2.50s)
  [CLEAN+BUILD] hex-literal ... OK+CLEANED (0.21s)
  [CLEAN+BUILD] inout ... OK+CLEANED (1.10s)
  [CLEAN+BUILD] opaque-debug ... OK+CLEANED (0.19s)
  [CLEAN+BUILD] wycheproof2blb ... OK+CLEANED (3.74s)
  [CLEAN+BUILD] zeroize ... OK+CLEANED (0.35s)
  [CLEAN+BUILD] zeroize_derive ... OK+CLEANED (3.19s)
  [CLEAN+BUILD] utoipa ... OK+CLEANED (37.66s)
  [CLEAN+BUILD] utoipa ... OK+CLEANED (9.81s)
  [CLEAN+BUILD] utoipa-actix-web ... OK+CLEANED (12.36s)
  [CLEAN+BUILD] utoipa-axum ... OK+CLEANED (8.55s)
  [CLEAN+BUILD] utoipa-config ... OK+CLEANED (3.51s)
  [CLEAN+BUILD] utoipa-gen ... OK+CLEANED (23.05s)
  [CLEAN+BUILD] utoipa-rapidoc ... OK+CLEANED (18.69s)
  [CLEAN+BUILD] utoipa-redoc ... OK+CLEANED (21.99s)
  [CLEAN+BUILD] utoipa-scalar ... OK+CLEANED (17.95s)
  [CLEAN+BUILD] utoipa-swagger-ui ... OK+CLEANED (23.26s)
  [CLEAN+BUILD] utoipa-swagger-ui-vendored ... OK+CLEANED (0.50s)
  [CLEAN+BUILD] uuid ... OK+CLEANED (4.52s)
  [CLEAN+BUILD] examples ... OK+CLEANED (0.14s)
  [CLEAN+BUILD] fuzz ... OK+CLEANED (0.12s)
  [CLEAN+BUILD] macros ... OK+CLEANED (1.48s)
  [CLEAN+BUILD] rng ... OK+CLEANED (0.15s)
  [CLEAN+BUILD] v_frame ... OK+CLEANED (6.48s)
  [CLEAN+BUILD] valico ... OK+CLEANED (7.46s)
  [CLEAN+BUILD] validator ... OK+CLEANED (7.46s)
  [CLEAN+BUILD] validator ... OK+CLEANED (5.01s)
  [CLEAN+BUILD] validator_derive ... OK+CLEANED (3.68s)
  [CLEAN+BUILD] validator_derive_tests ... OK+CLEANED (7.23s)
  [CLEAN+BUILD] valuable ... OK+CLEANED (6.50s)
  [CLEAN+BUILD] tests ... FAILED: Build failed (see rusticate-mirify.errs) (4.76s)
  [CLEAN+BUILD] valuable ... OK+CLEANED (5.46s)
  [CLEAN+BUILD] valuable-derive ... OK+CLEANED (2.61s)
  [CLEAN+BUILD] valuable-serde ... OK+CLEANED (3.95s)
  [CLEAN+BUILD] value-bag ... OK+CLEANED (1.98s)
  [CLEAN+BUILD] vcpkg-rs ... OK+CLEANED (1.51s)
  [CLEAN+BUILD] systest ... FAILED: Build failed (see rusticate-mirify.errs) (1.11s)
  [CLEAN+BUILD] vcpkg_cli ... OK+CLEANED (1.85s)
  [CLEAN+BUILD] vec-map ... OK+CLEANED (3.65s)
  [CLEAN+BUILD] vergen ... OK+CLEANED (19.45s)
  [CLEAN+BUILD] test_util ... OK+CLEANED (3.01s)
  [CLEAN+BUILD] vergen ... OK+CLEANED (6.58s)
  [CLEAN+BUILD] vergen-git2 ... OK+CLEANED (17.65s)
  [CLEAN+BUILD] vergen-gitcl ... OK+CLEANED (13.48s)
  [CLEAN+BUILD] vergen-gix ... OK+CLEANED (14.17s)
  [CLEAN+BUILD] vergen-lib ... OK+CLEANED (6.17s)
  [CLEAN+BUILD] vergen-pretty ... OK+CLEANED (6.35s)
  [CLEAN+BUILD] version_check ... OK+CLEANED (0.45s)
  [CLEAN+BUILD] virtue ... OK+CLEANED (0.91s)
  [CLEAN+BUILD] test ... OK+CLEANED (0.63s)
  [CLEAN+BUILD] vsdb ... OK+CLEANED (16.13s)
  [CLEAN+BUILD] core ... OK+CLEANED (9.01s)
  [CLEAN+BUILD] wrappers ... OK+CLEANED (15.65s)
  [CLEAN+BUILD] vte ... OK+CLEANED (0.55s)
  [CLEAN+BUILD] wait-timeout ... OK+CLEANED (0.85s)
  [CLEAN+BUILD] waker-fn ... OK+CLEANED (0.14s)
  [CLEAN+BUILD] walkdir ... OK+CLEANED (0.57s)
  [CLEAN+BUILD] walkdir-list ... OK+CLEANED (1.53s)
  [CLEAN+BUILD] want ... OK+CLEANED (1.27s)
  [CLEAN+BUILD] warp ... OK+CLEANED (7.78s)
  [CLEAN+BUILD] wasi-rs ... OK+CLEANED (0.85s)
  [CLEAN+BUILD] wasite ... FAILED: Build failed (see rusticate-mirify.errs) (0.50s)
  [CLEAN+BUILD] wasm-bindgen ... OK+CLEANED (6.80s)
  [CLEAN+BUILD] benchmarks ... OK+CLEANED (5.68s)
  [CLEAN+BUILD] wasm-streams ... FAILED: Build failed (see rusticate-mirify.errs) (0.32s)
  [CLEAN+BUILD] wasm-timer ... OK+CLEANED (4.77s)
  [CLEAN+BUILD] wasm-tools ... OK+CLEANED (21.77s)
  [CLEAN+BUILD] fuzz ... OK+CLEANED (13.54s)
  [CLEAN+BUILD] wasmtime ... FAILED: Build failed (see rusticate-mirify.errs) (0.82s)
  [CLEAN+BUILD] cranelift ... FAILED: Build failed (see rusticate-mirify.errs) (0.24s)
  [CLEAN+BUILD] fuzz ... OK+CLEANED (0.25s)
  [CLEAN+BUILD] pulley ... FAILED: Build failed (see rusticate-mirify.errs) (0.19s)
  [CLEAN+BUILD] wayland-rs ... FAILED: Build failed (see rusticate-mirify.errs) (1.25s)
  [CLEAN+BUILD] wayland-backend ... FAILED: Build failed (see rusticate-mirify.errs) (1.42s)
  [CLEAN+BUILD] wayland-client ... FAILED: Build failed (see rusticate-mirify.errs) (4.08s)
  [CLEAN+BUILD] wayland-cursor ... OK+CLEANED (3.65s)
  [CLEAN+BUILD] wayland-egl ... FAILED: Build failed (see rusticate-mirify.errs) (0.89s)
  [CLEAN+BUILD] wayland-protocols ... OK+CLEANED (2.83s)
  [CLEAN+BUILD] wayland-protocols-experimental ... OK+CLEANED (2.94s)
  [CLEAN+BUILD] wayland-protocols-misc ... OK+CLEANED (2.95s)
  [CLEAN+BUILD] wayland-protocols-plasma ... OK+CLEANED (2.86s)
  [CLEAN+BUILD] wayland-protocols-wlr ... OK+CLEANED (2.87s)
  [CLEAN+BUILD] wayland-scanner ... OK+CLEANED (1.21s)
  [CLEAN+BUILD] wayland-server ... OK+CLEANED (3.41s)
  [CLEAN+BUILD] wayland-sys ... OK+CLEANED (0.46s)
  [CLEAN+BUILD] wayland-tests ... FAILED: Build failed (see rusticate-mirify.errs) (3.63s)
  [CLEAN+BUILD] web-time ... OK+CLEANED (5.08s)
  [CLEAN+BUILD] tests-native ... OK+CLEANED (0.15s)
  [CLEAN+BUILD] tests-web ... OK+CLEANED (0.49s)
  [CLEAN+BUILD] webbrowser-rs ... OK+CLEANED (16.07s)
  [CLEAN+BUILD] webpki ... OK+CLEANED (11.06s)
  [CLEAN+BUILD] webpki-roots ... OK+CLEANED (18.39s)
  [CLEAN+BUILD] webpki-ccadb ... OK+CLEANED (8.10s)
  [CLEAN+BUILD] webpki-root-certs ... OK+CLEANED (9.04s)
  [CLEAN+BUILD] webpki-roots ... OK+CLEANED (18.18s)
  [CLEAN+BUILD] weezl ... OK+CLEANED (7.05s)
  [CLEAN+BUILD] fuzz ... OK+CLEANED (8.56s)
  [CLEAN+BUILD] wgpu ... OK+CLEANED (43.24s)
  [CLEAN+BUILD] benches ... OK+CLEANED (27.34s)
  [CLEAN+BUILD] cts_runner ... OK+CLEANED (33.78s)
  [CLEAN+BUILD] deno_webgpu ... OK+CLEANED (29.79s)
  [CLEAN+BUILD] lock-analyzer ... OK+CLEANED (4.20s)
  [CLEAN+BUILD] naga ... OK+CLEANED (27.42s)
  [CLEAN+BUILD] naga-cli ... OK+CLEANED (0.25s)
  [CLEAN+BUILD] naga-test ... OK+CLEANED (16.26s)
  [CLEAN+BUILD] player ... OK+CLEANED (22.96s)
  [CLEAN+BUILD] tests ... OK+CLEANED (26.57s)
  [CLEAN+BUILD] wgpu ... OK+CLEANED (18.47s)
  [CLEAN+BUILD] wgpu-core ... OK+CLEANED (10.28s)
  [CLEAN+BUILD] wgpu-hal ... OK+CLEANED (13.69s)
  [CLEAN+BUILD] wgpu-info ... OK+CLEANED (21.44s)
  [CLEAN+BUILD] wgpu-macros ... OK+CLEANED (1.87s)
  [CLEAN+BUILD] wgpu-types ... OK+CLEANED (4.06s)
  [CLEAN+BUILD] xtask ... OK+CLEANED (0.74s)
  [CLEAN+BUILD] which-rs ... OK+CLEANED (1.63s)
  [CLEAN+BUILD] whoami ... OK+CLEANED (4.69s)
  [CLEAN+BUILD] example-web ... OK+CLEANED (4.64s)
  [CLEAN+BUILD] whoami ... OK+CLEANED (0.21s)
  [CLEAN+BUILD] xtask ... OK+CLEANED (0.13s)
  [CLEAN+BUILD] wide ... FAILED: Build failed (see rusticate-mirify.errs) (0.13s)
  [CLEAN+BUILD] widestring-rs ... OK+CLEANED (3.29s)
  [CLEAN+BUILD] winapi-rs ... OK+CLEANED (0.61s)
  [CLEAN+BUILD] i686 ... OK+CLEANED (0.26s)
  [CLEAN+BUILD] x86_64 ... OK+CLEANED (0.28s)
  [CLEAN+BUILD] winapi-util ... OK+CLEANED (0.14s)
  [CLEAN+BUILD] windows-rs ... FAILED: Build failed (see rusticate-mirify.errs) (14.00s)
  [CLEAN+BUILD] winit ... FAILED: Build failed (see rusticate-mirify.errs) (0.29s)
  [CLEAN+BUILD] dpi ... OK+CLEANED (0.32s)
  [CLEAN+BUILD] winit ... FAILED: Build failed (see rusticate-mirify.errs) (0.14s)
  [CLEAN+BUILD] winit-android ... FAILED: Build failed (see rusticate-mirify.errs) (0.14s)
  [CLEAN+BUILD] winit-appkit ... FAILED: Build failed (see rusticate-mirify.errs) (0.15s)
  [CLEAN+BUILD] winit-common ... FAILED: Build failed (see rusticate-mirify.errs) (0.13s)
  [CLEAN+BUILD] winit-core ... FAILED: Build failed (see rusticate-mirify.errs) (0.15s)
  [CLEAN+BUILD] winit-orbital ... FAILED: Build failed (see rusticate-mirify.errs) (0.14s)
  [CLEAN+BUILD] winit-uikit ... FAILED: Build failed (see rusticate-mirify.errs) (0.14s)
  [CLEAN+BUILD] winit-wayland ... FAILED: Build failed (see rusticate-mirify.errs) (0.15s)
  [CLEAN+BUILD] winit-web ... FAILED: Build failed (see rusticate-mirify.errs) (0.14s)
  [CLEAN+BUILD] winit-win32 ... FAILED: Build failed (see rusticate-mirify.errs) (0.16s)
  [CLEAN+BUILD] winit-x11 ... FAILED: Build failed (see rusticate-mirify.errs) (0.15s)
  [CLEAN+BUILD] winnow ... OK+CLEANED (11.24s)
  [CLEAN+BUILD] fuzz ... OK+CLEANED (0.16s)
  [CLEAN+BUILD] winreg-rs ... FAILED: Build failed (see rusticate-mirify.errs) (3.60s)
  [CLEAN+BUILD] winsafe ... OK+CLEANED (0.15s)
  [CLEAN+BUILD] wiremock-rs ... FAILED: Build failed (see rusticate-mirify.errs) (3.14s)
  [CLEAN+BUILD] wit-bindgen ... OK+CLEANED (14.74s)
  [CLEAN+BUILD] write16 ... OK+CLEANED (0.14s)
  [CLEAN+BUILD] wyz ... OK+CLEANED (0.28s)
  [CLEAN+BUILD] x11-rs ... OK+CLEANED (2.14s)
  [CLEAN+BUILD] x11 ... OK+CLEANED (1.14s)
  [CLEAN+BUILD] x11-dl ... OK+CLEANED (2.10s)
  [CLEAN+BUILD] x11rb ... FAILED: Build failed (see rusticate-mirify.errs) (15.70s)
  [CLEAN+BUILD] cairo-example ... FAILED: Build failed (see rusticate-mirify.errs) (5.51s)
  [CLEAN+BUILD] extract-generated-code-doc ... OK+CLEANED (2.49s)
  [CLEAN+BUILD] generator ... OK+CLEANED (3.10s)
  [CLEAN+BUILD] x11rb ... OK+CLEANED (3.21s)
  [CLEAN+BUILD] x11rb-async ... OK+CLEANED (4.78s)
  [CLEAN+BUILD] x11rb-protocol ... OK+CLEANED (8.41s)
  [CLEAN+BUILD] xcbgen-rs ... OK+CLEANED (0.70s)
  [CLEAN+BUILD] xkbcommon-example ... OK+CLEANED (4.13s)
  [CLEAN+BUILD] xtrace-example ... OK+CLEANED (12.85s)
  [CLEAN+BUILD] x509-parser ... OK+CLEANED (6.15s)
  [CLEAN+BUILD] fuzz ... FAILED: Build failed (see rusticate-mirify.errs) (1.27s)
  [CLEAN+BUILD] xattr ... OK+CLEANED (1.31s)
  [CLEAN+BUILD] xcursor-rs ... OK+CLEANED (0.25s)
  [CLEAN+BUILD] xdg-home ... OK+CLEANED (0.73s)
  [CLEAN+BUILD] xml-rs ... OK+CLEANED (0.78s)
  [CLEAN+BUILD] xmlparser ... OK+CLEANED (0.72s)
  [CLEAN+BUILD] afl-fuzz ... OK+CLEANED (3.72s)
  [CLEAN+BUILD] fuzz ... OK+CLEANED (9.02s)
  [CLEAN+BUILD] xxhash-rust ... OK+CLEANED (1.44s)
  [CLEAN+BUILD] xz2-rs ... FAILED: Build failed (see rusticate-mirify.errs) (2.42s)
  [CLEAN+BUILD] lzma-sys ... FAILED: Build failed (see rusticate-mirify.errs) (0.97s)
  [CLEAN+BUILD] systest ... FAILED: Build failed (see rusticate-mirify.errs) (2.14s)
  [CLEAN+BUILD] yaml-rust ... OK+CLEANED (3.39s)
  [CLEAN+BUILD] yaml-rust2 ... OK+CLEANED (4.23s)
  [CLEAN+BUILD] yamux ... OK+CLEANED (8.01s)
  [CLEAN+BUILD] quickcheck-ext ... OK+CLEANED (2.92s)
  [CLEAN+BUILD] test-harness ... OK+CLEANED (7.98s)
  [CLEAN+BUILD] yamux ... OK+CLEANED (3.94s)
  [CLEAN+BUILD] yansi ... OK+CLEANED (0.44s)
  [CLEAN+BUILD] yasna.rs ... OK+CLEANED (1.16s)
  [CLEAN+BUILD] fuzz ... OK+CLEANED (0.11s)
  [CLEAN+BUILD] zbus ... OK+CLEANED (20.99s)
  [CLEAN+BUILD] zbus ... OK+CLEANED (17.68s)
  [CLEAN+BUILD] zbus_macros ... OK+CLEANED (14.71s)
  [CLEAN+BUILD] zbus_names ... OK+CLEANED (7.89s)
  [CLEAN+BUILD] zbus_xml ... OK+CLEANED (7.43s)
  [CLEAN+BUILD] zbus_xmlgen ... OK+CLEANED (13.77s)
  [CLEAN+BUILD] zvariant ... OK+CLEANED (9.14s)
  [CLEAN+BUILD] zvariant_derive ... OK+CLEANED (7.28s)
  [CLEAN+BUILD] zvariant_utils ... OK+CLEANED (6.87s)
  [CLEAN+BUILD] zerocopy ... OK+CLEANED (11.74s)
  [CLEAN+BUILD] testutil ... OK+CLEANED (5.06s)
  [CLEAN+BUILD] tools ... OK+CLEANED (3.04s)
  [CLEAN+BUILD] zerocopy-derive ... FAILED: Build failed (see rusticate-mirify.errs) (11.06s)
  [CLEAN+BUILD] zip2 ... OK+CLEANED (9.43s)
  [CLEAN+BUILD] fuzz_read ... OK+CLEANED (18.31s)
  [CLEAN+BUILD] fuzz_write ... FAILED: Build failed (see rusticate-mirify.errs) (18.52s)
  [CLEAN+BUILD] zlib-rs ... FAILED: Build failed (see rusticate-mirify.errs) (1.93s)
  [CLEAN+BUILD] dynamic-libz-sys ... OK+CLEANED (0.30s)
  [CLEAN+BUILD] fuzz ... OK+CLEANED (0.14s)
  [CLEAN+BUILD] libz-rs-sys ... OK+CLEANED (2.72s)
  [CLEAN+BUILD] libz-rs-sys-cdylib ... OK+CLEANED (1.99s)
  [CLEAN+BUILD] test-libz-rs-sys ... FAILED: Build failed (see rusticate-mirify.errs) (1.91s)
  [CLEAN+BUILD] zlib-rs ... OK+CLEANED (7.13s)
  [CLEAN+BUILD] zookeeper-client-rust ... OK+CLEANED (19.84s)
  [CLEAN+BUILD] zopfli ... OK+CLEANED (4.14s)
  [CLEAN+BUILD] zstd-rs ... FAILED: Build failed (see rusticate-mirify.errs) (2.49s)
  [CLEAN+BUILD] zstd-safe ... FAILED: Build failed (see rusticate-mirify.errs) (1.80s)
  [CLEAN+BUILD] zune-image ... OK+CLEANED (7.35s)
  [CLEAN+BUILD] benchmarks ... OK+CLEANED (10.53s)
  [CLEAN+BUILD] tests ... OK+CLEANED (3.74s)

=== Summary ===
Total projects: 2682
  MIR cached:   0
  Compiled:     2258 (84.2%)
  Failed:       424

TOTAL TIME: 15760819 ms (15760.82 seconds)

Log: analyses/rusticate-mirify.log

Compilation finished at Wed Dec 10 11:01:50, duration 4:22:41
