rusticate-mirify
=================
Command: ./target/release/rusticate-mirify -C /home/milnes/projects/RustCodebases --clean --clean-artifacts -j 6
Codebase: /home/milnes/projects/RustCodebases
Jobs: 6
Started: Instant { tv_sec: 145927, tv_nsec: 915805440 }

Found 2682 projects

  Cleaned: AEADs
  [CLEAN+BUILD] AEADs ... OK+CLEANED (10.71s)
  Cleaned: aead-stream
  [CLEAN+BUILD] aead-stream ... OK+CLEANED (1.46s)
  Cleaned: aes-gcm
  [CLEAN+BUILD] aes-gcm ... OK+CLEANED (9.10s)
  Cleaned: aes-gcm-siv
  [CLEAN+BUILD] aes-gcm-siv ... OK+CLEANED (2.05s)
  Cleaned: aes-siv
  [CLEAN+BUILD] aes-siv ... OK+CLEANED (2.18s)
  Cleaned: ascon-aead128
  [CLEAN+BUILD] ascon-aead128 ... OK+CLEANED (2.39s)
  Cleaned: belt-dwp
  [CLEAN+BUILD] belt-dwp ... OK+CLEANED (1.87s)
  Cleaned: benches
  [CLEAN+BUILD] benches ... OK+CLEANED (0.15s)
  Cleaned: ccm
  [CLEAN+BUILD] ccm ... OK+CLEANED (4.51s)
  Cleaned: chacha20poly1305
  [CLEAN+BUILD] chacha20poly1305 ... OK+CLEANED (2.44s)
  Cleaned: deoxys
  [CLEAN+BUILD] deoxys ... OK+CLEANED (3.01s)
  Cleaned: eax
  [CLEAN+BUILD] eax ... OK+CLEANED (2.51s)
  Cleaned: mgm
  [CLEAN+BUILD] mgm ... OK+CLEANED (2.16s)
  Cleaned: ocb3
  [CLEAN+BUILD] ocb3 ... OK+CLEANED (2.94s)
  Cleaned: xaes-256-gcm
  [CLEAN+BUILD] xaes-256-gcm ... OK+CLEANED (2.55s)
  Cleaned: BLAKE3
  [CLEAN+BUILD] BLAKE3 ... OK+CLEANED (7.45s)
  Cleaned: b3sum
  [CLEAN+BUILD] b3sum ... OK+CLEANED (5.54s)
  Cleaned: reference_impl
  [CLEAN+BUILD] reference_impl ... OK+CLEANED (0.22s)
  Cleaned: test_vectors
  [CLEAN+BUILD] test_vectors ... OK+CLEANED (5.68s)
  Cleaned: Figment
  [CLEAN+BUILD] Figment ... FAILED: Build failed (see rusticate-mirify.errs) (7.06s)
  Cleaned: HdrHistogram_rust
  [CLEAN+BUILD] HdrHistogram_rust ... OK+CLEANED (93.23s)
  Cleaned: KDFs
  [CLEAN+BUILD] KDFs ... OK+CLEANED (19.53s)
  Cleaned: ansi-x963-kdf
  [CLEAN+BUILD] ansi-x963-kdf ... OK+CLEANED (3.25s)
  Cleaned: bake-kdf
  [CLEAN+BUILD] bake-kdf ... OK+CLEANED (2.30s)
  Cleaned: hkdf
  [CLEAN+BUILD] hkdf ... OK+CLEANED (3.80s)
  Cleaned: kbkdf
  [CLEAN+BUILD] kbkdf ... OK+CLEANED (18.43s)
  Cleaned: one-step-kdf
  [CLEAN+BUILD] one-step-kdf ... OK+CLEANED (3.17s)
  Cleaned: MACs
  [CLEAN+BUILD] MACs ... OK+CLEANED (8.90s)
  Cleaned: belt-mac
  [CLEAN+BUILD] belt-mac ... OK+CLEANED (2.15s)
  Cleaned: cbc-mac
  [CLEAN+BUILD] cbc-mac ... OK+CLEANED (2.42s)
  Cleaned: cmac
  [CLEAN+BUILD] cmac ... OK+CLEANED (8.38s)
  Cleaned: hmac
  [CLEAN+BUILD] hmac ... OK+CLEANED (3.06s)
  Cleaned: pmac
  [CLEAN+BUILD] pmac ... OK+CLEANED (2.65s)
  Cleaned: retail-mac
  [CLEAN+BUILD] retail-mac ... OK+CLEANED (2.44s)
  Cleaned: Pear
  [CLEAN+BUILD] Pear ... OK+CLEANED (8.69s)
  Cleaned: codegen
  [CLEAN+BUILD] codegen ... OK+CLEANED (4.28s)
  Cleaned: lib
  [CLEAN+BUILD] lib ... OK+CLEANED (4.26s)
  Cleaned: RSA
  [CLEAN+BUILD] RSA ... OK+CLEANED (27.15s)
  Cleaned: TinyTemplate
  [CLEAN+BUILD] TinyTemplate ... OK+CLEANED (9.09s)
  Cleaned: fuzz
  [CLEAN+BUILD] fuzz ... OK+CLEANED (0.17s)
  Cleaned: ab-glyph
  [CLEAN+BUILD] ab-glyph ... OK+CLEANED (11.60s)
  Cleaned: dev
  [CLEAN+BUILD] dev ... OK+CLEANED (10.52s)
  Cleaned: glyph
  [CLEAN+BUILD] glyph ... OK+CLEANED (1.47s)
  Cleaned: rasterizer
  [CLEAN+BUILD] rasterizer ... OK+CLEANED (0.23s)
  Cleaned: actix
  [CLEAN+BUILD] actix ... OK+CLEANED (22.40s)
  Cleaned: actix
  [CLEAN+BUILD] actix ... OK+CLEANED (6.19s)
  Cleaned: actix-broker
  [CLEAN+BUILD] actix-broker ... OK+CLEANED (21.72s)
  Cleaned: actix-derive
  [CLEAN+BUILD] actix-derive ... OK+CLEANED (6.88s)
  Cleaned: actix-net
  [CLEAN+BUILD] actix-net ... OK+CLEANED (30.40s)
  Cleaned: actix-codec
  [CLEAN+BUILD] actix-codec ... OK+CLEANED (8.03s)
  Cleaned: actix-macros
  [CLEAN+BUILD] actix-macros ... OK+CLEANED (6.56s)
  Cleaned: actix-rt
  [CLEAN+BUILD] actix-rt ... OK+CLEANED (6.84s)
  Cleaned: actix-server
  [CLEAN+BUILD] actix-server ... OK+CLEANED (8.59s)
  Cleaned: actix-service
  [CLEAN+BUILD] actix-service ... OK+CLEANED (4.42s)
  Cleaned: actix-tls
  [CLEAN+BUILD] actix-tls ... OK+CLEANED (21.83s)
  Cleaned: actix-tracing
  [CLEAN+BUILD] actix-tracing ... OK+CLEANED (4.87s)
  Cleaned: actix-utils
  [CLEAN+BUILD] actix-utils ... OK+CLEANED (3.82s)
  Cleaned: bytestring
  [CLEAN+BUILD] bytestring ... OK+CLEANED (2.21s)
  Cleaned: local-channel
  [CLEAN+BUILD] local-channel ... OK+CLEANED (4.06s)
  Cleaned: local-waker
  [CLEAN+BUILD] local-waker ... OK+CLEANED (0.19s)
  Cleaned: actix-web
  [CLEAN+BUILD] actix-web ... FAILED: Build failed (see rusticate-mirify.errs) (4.66s)
  Cleaned: actix-files
  [CLEAN+BUILD] actix-files ... OK+CLEANED (21.85s)
  Cleaned: actix-http
  [CLEAN+BUILD] actix-http ... FAILED: Build failed (see rusticate-mirify.errs) (5.45s)
  Cleaned: actix-http-test
  [CLEAN+BUILD] actix-http-test ... OK+CLEANED (10.75s)
  Cleaned: actix-multipart
  [CLEAN+BUILD] actix-multipart ... OK+CLEANED (26.98s)
  Cleaned: actix-multipart-derive
  [CLEAN+BUILD] actix-multipart-derive ... OK+CLEANED (23.90s)
  Cleaned: actix-router
  [CLEAN+BUILD] actix-router ... OK+CLEANED (8.72s)
  Cleaned: actix-test
  [CLEAN+BUILD] actix-test ... OK+CLEANED (16.22s)
  Cleaned: actix-web
  [CLEAN+BUILD] actix-web ... FAILED: Build failed (see rusticate-mirify.errs) (6.00s)
  Cleaned: actix-web-actors
  [CLEAN+BUILD] actix-web-actors ... OK+CLEANED (24.88s)
  Cleaned: actix-web-codegen
  [CLEAN+BUILD] actix-web-codegen ... OK+CLEANED (25.08s)
  Cleaned: awc
  [CLEAN+BUILD] awc ... FAILED: Build failed (see rusticate-mirify.errs) (6.88s)
  Cleaned: addr
  [CLEAN+BUILD] addr ... OK+CLEANED (13.55s)
  Cleaned: addr2line
  [CLEAN+BUILD] addr2line ... OK+CLEANED (13.80s)
  Cleaned: adler
  [CLEAN+BUILD] adler ... OK+CLEANED (9.58s)
  Cleaned: adler2
  [CLEAN+BUILD] adler2 ... OK+CLEANED (0.24s)
  Cleaned: adler32-rs
  [CLEAN+BUILD] adler32-rs ... OK+CLEANED (11.02s)
  Cleaned: ahash
  [CLEAN+BUILD] ahash ... OK+CLEANED (9.86s)
  Cleaned: benchmark_tools
  [CLEAN+BUILD] benchmark_tools ... FAILED: Build failed (see rusticate-mirify.errs) (1.39s)
  Cleaned: compare
  [CLEAN+BUILD] compare ... OK+CLEANED (10.42s)
  Cleaned: no_std_test
  [CLEAN+BUILD] no_std_test ... FAILED: Build failed (see rusticate-mirify.errs) (1.47s)
  Cleaned: aho-corasick
  [CLEAN+BUILD] aho-corasick ... OK+CLEANED (2.32s)
  Cleaned: aho-corasick-debug
  [CLEAN+BUILD] aho-corasick-debug ... OK+CLEANED (2.34s)
  Cleaned: fuzz
  [CLEAN+BUILD] fuzz ... OK+CLEANED (0.16s)
  Cleaned: algebra
  [CLEAN+BUILD] algebra ... OK+CLEANED (23.54s)
  Cleaned: bench-templates
  [CLEAN+BUILD] bench-templates ... OK+CLEANED (15.43s)
  Cleaned: curves
  [CLEAN+BUILD] curves ... OK+CLEANED (34.14s)
  Cleaned: ec
  [CLEAN+BUILD] ec ... OK+CLEANED (16.79s)
  Cleaned: ff
  [CLEAN+BUILD] ff ... OK+CLEANED (20.19s)
  Cleaned: ff-asm
  [CLEAN+BUILD] ff-asm ... OK+CLEANED (2.98s)
  Cleaned: ff-macros
  [CLEAN+BUILD] ff-macros ... OK+CLEANED (3.33s)
  Cleaned: poly
  [CLEAN+BUILD] poly ... OK+CLEANED (18.18s)
  Cleaned: serialize
  [CLEAN+BUILD] serialize ... OK+CLEANED (15.35s)
  Cleaned: serialize-derive
  [CLEAN+BUILD] serialize-derive ... OK+CLEANED (2.09s)
  Cleaned: test-curves
  [CLEAN+BUILD] test-curves ... OK+CLEANED (16.84s)
  Cleaned: test-templates
  [CLEAN+BUILD] test-templates ... OK+CLEANED (13.63s)
  Cleaned: aligned-vec
  [CLEAN+BUILD] aligned-vec ... OK+CLEANED (10.62s)
  Cleaned: allocator-api2
  [CLEAN+BUILD] allocator-api2 ... OK+CLEANED (0.40s)
  Cleaned: tests
  [CLEAN+BUILD] tests ... OK+CLEANED (0.47s)
  Cleaned: android-ndk-rs
  [CLEAN+BUILD] android-ndk-rs ... FAILED: Build failed (see rusticate-mirify.errs) (1.44s)
  Cleaned: ndk
  [CLEAN+BUILD] ndk ... FAILED: Build failed (see rusticate-mirify.errs) (1.44s)
  Cleaned: ndk-sys
  [CLEAN+BUILD] ndk-sys ... FAILED: Build failed (see rusticate-mirify.errs) (0.19s)
  Cleaned: android-tzdata
  [CLEAN+BUILD] android-tzdata ... OK+CLEANED (8.13s)
  Cleaned: android_log-sys-rs
  [CLEAN+BUILD] android_log-sys-rs ... OK+CLEANED (0.24s)
  Cleaned: api_gen
  [CLEAN+BUILD] api_gen ... OK+CLEANED (6.94s)
  Cleaned: android_logger-rs
  [CLEAN+BUILD] android_logger-rs ... OK+CLEANED (3.08s)
  Cleaned: android_system_properties
  [CLEAN+BUILD] android_system_properties ... OK+CLEANED (0.82s)
  Cleaned: anes-rs
  [CLEAN+BUILD] anes-rs ... OK+CLEANED (8.85s)
  Cleaned: anes
  [CLEAN+BUILD] anes ... OK+CLEANED (8.15s)
  Cleaned: fuzzer
  [CLEAN+BUILD] fuzzer ... OK+CLEANED (0.78s)
  Cleaned: interactive-test
  [CLEAN+BUILD] interactive-test ... OK+CLEANED (3.07s)
  Cleaned: annotate-snippets-rs
  [CLEAN+BUILD] annotate-snippets-rs ... OK+CLEANED (7.20s)
  Cleaned: anstyle
  [CLEAN+BUILD] anstyle ... OK+CLEANED (8.80s)
  Cleaned: anyhow
  [CLEAN+BUILD] anyhow ... OK+CLEANED (6.40s)
  Cleaned: approx
  [CLEAN+BUILD] approx ... OK+CLEANED (0.96s)
  Cleaned: arbitrary
  [CLEAN+BUILD] arbitrary ... OK+CLEANED (1.11s)
  Cleaned: derive
  [CLEAN+BUILD] derive ... OK+CLEANED (1.87s)
  Cleaned: fuzz
  [CLEAN+BUILD] fuzz ... OK+CLEANED (0.11s)
  Cleaned: arboard
  [CLEAN+BUILD] arboard ... OK+CLEANED (4.72s)
  Cleaned: arc-swap
  [CLEAN+BUILD] arc-swap ... OK+CLEANED (10.07s)
  Cleaned: arg_enum_proc_macro
  [CLEAN+BUILD] arg_enum_proc_macro ... OK+CLEANED (5.46s)
  Cleaned: array-init
  [CLEAN+BUILD] array-init ... OK+CLEANED (0.20s)
  Cleaned: arraydeque
  [CLEAN+BUILD] arraydeque ... OK+CLEANED (0.43s)
  Cleaned: arrayref
  [CLEAN+BUILD] arrayref ... OK+CLEANED (3.51s)
  Cleaned: arrayvec
  [CLEAN+BUILD] arrayvec ... OK+CLEANED (2.23s)
  Cleaned: arrow-rs
  [CLEAN+BUILD] arrow-rs ... OK+CLEANED (57.19s)
  Cleaned: arrow
  [CLEAN+BUILD] arrow ... OK+CLEANED (18.13s)
  Cleaned: arrow-arith
  [CLEAN+BUILD] arrow-arith ... OK+CLEANED (10.18s)
  Cleaned: arrow-array
  [CLEAN+BUILD] arrow-array ... OK+CLEANED (12.34s)
  Cleaned: arrow-avro
  [CLEAN+BUILD] arrow-avro ... OK+CLEANED (23.78s)
  Cleaned: arrow-buffer
  [CLEAN+BUILD] arrow-buffer ... OK+CLEANED (8.09s)
  Cleaned: arrow-cast
  [CLEAN+BUILD] arrow-cast ... OK+CLEANED (17.54s)
  Cleaned: arrow-csv
  [CLEAN+BUILD] arrow-csv ... OK+CLEANED (16.75s)
  Cleaned: arrow-data
  [CLEAN+BUILD] arrow-data ... OK+CLEANED (5.36s)
  Cleaned: arrow-flight
  [CLEAN+BUILD] arrow-flight ... OK+CLEANED (20.48s)
  Cleaned: arrow-integration-test
  [CLEAN+BUILD] arrow-integration-test ... OK+CLEANED (17.29s)
  Cleaned: arrow-integration-testing
  [CLEAN+BUILD] arrow-integration-testing ... OK+CLEANED (23.60s)
  Cleaned: arrow-ipc
  [CLEAN+BUILD] arrow-ipc ... OK+CLEANED (13.04s)
  Cleaned: arrow-json
  [CLEAN+BUILD] arrow-json ... OK+CLEANED (18.32s)
  Cleaned: arrow-ord
  [CLEAN+BUILD] arrow-ord ... OK+CLEANED (15.22s)
  Cleaned: arrow-pyarrow
  [CLEAN+BUILD] arrow-pyarrow ... OK+CLEANED (8.49s)
  Cleaned: arrow-pyarrow-integration-testing
  [CLEAN+BUILD] arrow-pyarrow-integration-testing ... OK+CLEANED (19.18s)
  Cleaned: arrow-pyarrow-testing
  [CLEAN+BUILD] arrow-pyarrow-testing ... OK+CLEANED (8.61s)
  Cleaned: arrow-row
  [CLEAN+BUILD] arrow-row ... OK+CLEANED (20.24s)
  Cleaned: arrow-schema
  [CLEAN+BUILD] arrow-schema ... OK+CLEANED (9.85s)
  Cleaned: arrow-select
  [CLEAN+BUILD] arrow-select ... OK+CLEANED (14.48s)
  Cleaned: arrow-string
  [CLEAN+BUILD] arrow-string ... OK+CLEANED (15.68s)
  Cleaned: parquet
  [CLEAN+BUILD] parquet ... OK+CLEANED (45.03s)
  Cleaned: parquet-geospatial
  [CLEAN+BUILD] parquet-geospatial ... OK+CLEANED (4.50s)
  Cleaned: parquet-variant
  [CLEAN+BUILD] parquet-variant ... OK+CLEANED (10.04s)
  Cleaned: parquet-variant-compute
  [CLEAN+BUILD] parquet-variant-compute ... OK+CLEANED (21.93s)
  Cleaned: parquet-variant-json
  [CLEAN+BUILD] parquet-variant-json ... OK+CLEANED (6.16s)
  Cleaned: parquet_derive
  [CLEAN+BUILD] parquet_derive ... OK+CLEANED (10.89s)
  Cleaned: parquet_derive_test
  [CLEAN+BUILD] parquet_derive_test ... OK+CLEANED (14.16s)
  Cleaned: arrow-rs-object-store
  [CLEAN+BUILD] arrow-rs-object-store ... FAILED: Build failed (see rusticate-mirify.errs) (5.31s)
  Cleaned: ascii-canvas
  [CLEAN+BUILD] ascii-canvas ... OK+CLEANED (0.65s)
  Cleaned: ascii_utils
  [CLEAN+BUILD] ascii_utils ... OK+CLEANED (0.26s)
  Cleaned: ash
  [CLEAN+BUILD] ash ... OK+CLEANED (30.18s)
  Cleaned: analysis
  [CLEAN+BUILD] analysis ... OK+CLEANED (0.25s)
  Cleaned: ash
  [CLEAN+BUILD] ash ... OK+CLEANED (11.67s)
  Cleaned: ash-examples
  [CLEAN+BUILD] ash-examples ... OK+CLEANED (16.29s)
  Cleaned: ash-rewrite
  [CLEAN+BUILD] ash-rewrite ... OK+CLEANED (0.43s)
  Cleaned: ash-window
  [CLEAN+BUILD] ash-window ... OK+CLEANED (13.51s)
  Cleaned: generator
  [CLEAN+BUILD] generator ... OK+CLEANED (8.63s)
  Cleaned: generator-rewrite
  [CLEAN+BUILD] generator-rewrite ... OK+CLEANED (0.20s)
  Cleaned: askama
  [CLEAN+BUILD] askama ... OK+CLEANED (14.36s)
  Cleaned: askama
  [CLEAN+BUILD] askama ... OK+CLEANED (10.46s)
  Cleaned: askama_derive
  [CLEAN+BUILD] askama_derive ... OK+CLEANED (9.52s)
  Cleaned: askama_escape
  [CLEAN+BUILD] askama_escape ... OK+CLEANED (8.32s)
  Cleaned: askama_macros
  [CLEAN+BUILD] askama_macros ... OK+CLEANED (7.61s)
  Cleaned: askama_parser
  [CLEAN+BUILD] askama_parser ... OK+CLEANED (9.94s)
  Cleaned: bench-build
  [CLEAN+BUILD] bench-build ... OK+CLEANED (9.17s)
  Cleaned: fuzzing
  [CLEAN+BUILD] fuzzing ... OK+CLEANED (12.09s)
  Cleaned: testing
  [CLEAN+BUILD] testing ... OK+CLEANED (13.60s)
  Cleaned: testing-alloc
  [CLEAN+BUILD] testing-alloc ... OK+CLEANED (5.64s)
  Cleaned: testing-no-std
  [CLEAN+BUILD] testing-no-std ... OK+CLEANED (5.98s)
  Cleaned: testing-renamed
  [CLEAN+BUILD] testing-renamed ... OK+CLEANED (5.33s)
  Cleaned: asn1-rs
  [CLEAN+BUILD] asn1-rs ... OK+CLEANED (9.11s)
  Cleaned: derive
  [CLEAN+BUILD] derive ... OK+CLEANED (2.82s)
  Cleaned: impl
  [CLEAN+BUILD] impl ... OK+CLEANED (2.11s)
  Cleaned: assert-json-diff
  [CLEAN+BUILD] assert-json-diff ... OK+CLEANED (5.43s)
  Cleaned: assert_cmd
  [CLEAN+BUILD] assert_cmd ... OK+CLEANED (5.99s)
  Cleaned: assert_matches
  [CLEAN+BUILD] assert_matches ... OK+CLEANED (0.20s)
  Cleaned: async
  [CLEAN+BUILD] async ... OK+CLEANED (2.46s)
  Cleaned: async-attributes
  [CLEAN+BUILD] async-attributes ... OK+CLEANED (5.28s)
  Cleaned: async-broadcast
  [CLEAN+BUILD] async-broadcast ... OK+CLEANED (6.93s)
  Cleaned: async-channel
  [CLEAN+BUILD] async-channel ... OK+CLEANED (1.01s)
  Cleaned: async-compression
  [CLEAN+BUILD] async-compression ... OK+CLEANED (10.80s)
  Cleaned: async-executor
  [CLEAN+BUILD] async-executor ... OK+CLEANED (6.93s)
  Cleaned: async-fs
  [CLEAN+BUILD] async-fs ... OK+CLEANED (1.05s)
  Cleaned: async-global-executor
  [CLEAN+BUILD] async-global-executor ... OK+CLEANED (2.83s)
  Cleaned: async-graphql
  [CLEAN+BUILD] async-graphql ... FAILED: Build failed (see rusticate-mirify.errs) (22.63s)
  Cleaned: derive
  [CLEAN+BUILD] derive ... OK+CLEANED (11.10s)
  Cleaned: parser
  [CLEAN+BUILD] parser ... OK+CLEANED (6.47s)
  Cleaned: value
  [CLEAN+BUILD] value ... OK+CLEANED (5.28s)
  Cleaned: async-io
  [CLEAN+BUILD] async-io ... OK+CLEANED (10.03s)
  Cleaned: async-lock
  [CLEAN+BUILD] async-lock ... OK+CLEANED (2.20s)
  Cleaned: async-net
  [CLEAN+BUILD] async-net ... OK+CLEANED (3.91s)
  Cleaned: async-object-pool
  [CLEAN+BUILD] async-object-pool ... OK+CLEANED (0.91s)
  Cleaned: async-process
  [CLEAN+BUILD] async-process ... OK+CLEANED (4.48s)
  Cleaned: async-recursion
  [CLEAN+BUILD] async-recursion ... OK+CLEANED (6.41s)
  Cleaned: async-signal
  [CLEAN+BUILD] async-signal ... OK+CLEANED (3.62s)
  Cleaned: async-std
  [CLEAN+BUILD] async-std ... OK+CLEANED (9.33s)
  Cleaned: async-stream
  [CLEAN+BUILD] async-stream ... OK+CLEANED (10.29s)
  Cleaned: async-stream
  [CLEAN+BUILD] async-stream ... OK+CLEANED (8.88s)
  Cleaned: async-stream-impl
  [CLEAN+BUILD] async-stream-impl ... OK+CLEANED (6.44s)
  Cleaned: async-task
  [CLEAN+BUILD] async-task ... OK+CLEANED (5.20s)
  Cleaned: async-trait
  [CLEAN+BUILD] async-trait ... OK+CLEANED (9.43s)
  Cleaned: asynchronous-codec
  [CLEAN+BUILD] asynchronous-codec ... OK+CLEANED (6.63s)
  Cleaned: atoi-rs
  [CLEAN+BUILD] atoi-rs ... FAILED: Build failed (see rusticate-mirify.errs) (1.33s)
  Cleaned: atomic-rs
  [CLEAN+BUILD] atomic-rs ... OK+CLEANED (5.70s)
  Cleaned: atomic-waker
  [CLEAN+BUILD] atomic-waker ... OK+CLEANED (9.38s)
  Cleaned: attohttpc
  [CLEAN+BUILD] attohttpc ... FAILED: Build failed (see rusticate-mirify.errs) (5.80s)
  Cleaned: attribute-derive
  [CLEAN+BUILD] attribute-derive ... OK+CLEANED (6.70s)
  Cleaned: example
  [CLEAN+BUILD] example ... OK+CLEANED (11.24s)
  Cleaned: macro
  [CLEAN+BUILD] macro ... OK+CLEANED (3.56s)
  Cleaned: atty
  [CLEAN+BUILD] atty ... OK+CLEANED (1.00s)
  Cleaned: auto_impl
  [CLEAN+BUILD] auto_impl ... OK+CLEANED (8.27s)
  Cleaned: autocfg
  [CLEAN+BUILD] autocfg ... OK+CLEANED (0.98s)
  Cleaned: av1-grain
  [CLEAN+BUILD] av1-grain ... OK+CLEANED (5.97s)
  Cleaned: avif-serialize
  [CLEAN+BUILD] avif-serialize ... OK+CLEANED (3.30s)
  Cleaned: axum
  [CLEAN+BUILD] axum ... OK+CLEANED (30.84s)
  Cleaned: axum
  [CLEAN+BUILD] axum ... OK+CLEANED (23.96s)
  Cleaned: axum-core
  [CLEAN+BUILD] axum-core ... OK+CLEANED (14.14s)
  Cleaned: axum-extra
  [CLEAN+BUILD] axum-extra ... OK+CLEANED (13.67s)
  Cleaned: axum-macros
  [CLEAN+BUILD] axum-macros ... OK+CLEANED (13.93s)
  Cleaned: examples
  [CLEAN+BUILD] examples ... FAILED: Build failed (see rusticate-mirify.errs) (28.11s)
  Cleaned: azure-sdk-for-rust
  [CLEAN+BUILD] azure-sdk-for-rust ... FAILED: Build failed (see rusticate-mirify.errs) (6.36s)
  Cleaned: backoff
  [CLEAN+BUILD] backoff ... FAILED: Build failed (see rusticate-mirify.errs) (4.68s)
  Cleaned: backon
  [CLEAN+BUILD] backon ... FAILED: Build failed (see rusticate-mirify.errs) (5.25s)
  Cleaned: backon
  [CLEAN+BUILD] backon ... FAILED: Build failed (see rusticate-mirify.errs) (4.80s)
  Cleaned: backon-macros
  [CLEAN+BUILD] backon-macros ... OK+CLEANED (6.25s)
  Cleaned: backtrace-rs
  [CLEAN+BUILD] backtrace-rs ... OK+CLEANED (3.40s)
  Cleaned: base-x-rs
  [CLEAN+BUILD] base-x-rs ... OK+CLEANED (2.37s)
  Cleaned: base32
  [CLEAN+BUILD] base32 ... OK+CLEANED (3.38s)
  Cleaned: basic-toml
  [CLEAN+BUILD] basic-toml ... OK+CLEANED (4.89s)
  Cleaned: bb8
  [CLEAN+BUILD] bb8 ... OK+CLEANED (13.79s)
  Cleaned: bb8
  [CLEAN+BUILD] bb8 ... OK+CLEANED (5.36s)
  Cleaned: postgres
  [CLEAN+BUILD] postgres ... OK+CLEANED (7.56s)
  Cleaned: redis
  [CLEAN+BUILD] redis ... OK+CLEANED (12.32s)
  Cleaned: beef
  [CLEAN+BUILD] beef ... OK+CLEANED (3.53s)
  Cleaned: bigdecimal-rs
  [CLEAN+BUILD] bigdecimal-rs ... OK+CLEANED (4.92s)
  Cleaned: bimap-rs
  [CLEAN+BUILD] bimap-rs ... OK+CLEANED (2.80s)
  Cleaned: bit-set
  [CLEAN+BUILD] bit-set ... OK+CLEANED (2.30s)
  Cleaned: bit-vec
  [CLEAN+BUILD] bit-vec ... OK+CLEANED (2.31s)
  Cleaned: bitflags
  [CLEAN+BUILD] bitflags ... OK+CLEANED (7.37s)
  Cleaned: bitmaps
  [CLEAN+BUILD] bitmaps ... OK+CLEANED (5.35s)
  Cleaned: bitstream-io
  [CLEAN+BUILD] bitstream-io ... OK+CLEANED (1.26s)
  Cleaned: bitvec
  [CLEAN+BUILD] bitvec ... FAILED: Build failed (see rusticate-mirify.errs) (1.76s)
  Cleaned: blake2_simd
  [CLEAN+BUILD] blake2_simd ... OK+CLEANED (4.53s)
  Cleaned: blake2_bin
  [CLEAN+BUILD] blake2_bin ... OK+CLEANED (4.82s)
  Cleaned: blake2b
  [CLEAN+BUILD] blake2b ... OK+CLEANED (0.69s)
  Cleaned: blake2s
  [CLEAN+BUILD] blake2s ... OK+CLEANED (0.89s)
  Cleaned: run_all_tests
  [CLEAN+BUILD] run_all_tests ... OK+CLEANED (0.19s)
  Cleaned: block-ciphers
  [CLEAN+BUILD] block-ciphers ... OK+CLEANED (14.11s)
  Cleaned: aes
  [CLEAN+BUILD] aes ... OK+CLEANED (8.48s)
  Cleaned: aria
  [CLEAN+BUILD] aria ... OK+CLEANED (2.65s)
  Cleaned: belt-block
  [CLEAN+BUILD] belt-block ... OK+CLEANED (2.77s)
  Cleaned: blowfish
  [CLEAN+BUILD] blowfish ... OK+CLEANED (2.75s)
  Cleaned: camellia
  [CLEAN+BUILD] camellia ... OK+CLEANED (4.38s)
  Cleaned: cast5
  [CLEAN+BUILD] cast5 ... OK+CLEANED (3.08s)
  Cleaned: cast6
  [CLEAN+BUILD] cast6 ... OK+CLEANED (2.24s)
  Cleaned: des
  [CLEAN+BUILD] des ... OK+CLEANED (3.37s)
  Cleaned: gift
  [CLEAN+BUILD] gift ... OK+CLEANED (2.35s)
  Cleaned: idea
  [CLEAN+BUILD] idea ... OK+CLEANED (2.48s)
  Cleaned: kuznyechik
  [CLEAN+BUILD] kuznyechik ... OK+CLEANED (9.48s)
  Cleaned: magma
  [CLEAN+BUILD] magma ... OK+CLEANED (2.85s)
  Cleaned: rc2
  [CLEAN+BUILD] rc2 ... OK+CLEANED (2.53s)
  Cleaned: rc5
  [CLEAN+BUILD] rc5 ... OK+CLEANED (3.14s)
  Cleaned: rc6
  [CLEAN+BUILD] rc6 ... OK+CLEANED (3.70s)
  Cleaned: serpent
  [CLEAN+BUILD] serpent ... OK+CLEANED (4.18s)
  Cleaned: sm4
  [CLEAN+BUILD] sm4 ... OK+CLEANED (2.31s)
  Cleaned: speck
  [CLEAN+BUILD] speck ... OK+CLEANED (2.91s)
  Cleaned: threefish
  [CLEAN+BUILD] threefish ... OK+CLEANED (2.87s)
  Cleaned: twofish
  [CLEAN+BUILD] twofish ... OK+CLEANED (2.80s)
  Cleaned: xtea
  [CLEAN+BUILD] xtea ... OK+CLEANED (2.52s)
  Cleaned: block-modes
  [CLEAN+BUILD] block-modes ... OK+CLEANED (11.78s)
  Cleaned: belt-ctr
  [CLEAN+BUILD] belt-ctr ... OK+CLEANED (3.30s)
  Cleaned: cbc
  [CLEAN+BUILD] cbc ... OK+CLEANED (4.33s)
  Cleaned: cfb-mode
  [CLEAN+BUILD] cfb-mode ... OK+CLEANED (3.73s)
  Cleaned: cfb8
  [CLEAN+BUILD] cfb8 ... OK+CLEANED (2.97s)
  Cleaned: ctr
  [CLEAN+BUILD] ctr ... OK+CLEANED (9.53s)
  Cleaned: cts
  [CLEAN+BUILD] cts ... OK+CLEANED (3.22s)
  Cleaned: ige
  [CLEAN+BUILD] ige ... OK+CLEANED (3.23s)
  Cleaned: ofb
  [CLEAN+BUILD] ofb ... OK+CLEANED (4.05s)
  Cleaned: pcbc
  [CLEAN+BUILD] pcbc ... OK+CLEANED (3.09s)
  Cleaned: blocking
  [CLEAN+BUILD] blocking ... OK+CLEANED (1.29s)
  Cleaned: bollard
  [CLEAN+BUILD] bollard ... OK+CLEANED (19.97s)
  Cleaned: borsh-rs
  [CLEAN+BUILD] borsh-rs ... OK+CLEANED (11.36s)
  Cleaned: benchmarks
  [CLEAN+BUILD] benchmarks ... OK+CLEANED (9.36s)
  Cleaned: borsh
  [CLEAN+BUILD] borsh ... OK+CLEANED (3.34s)
  Cleaned: borsh-derive
  [CLEAN+BUILD] borsh-derive ... OK+CLEANED (3.73s)
  Cleaned: bs58-rs
  [CLEAN+BUILD] bs58-rs ... OK+CLEANED (8.14s)
  Cleaned: cli
  [CLEAN+BUILD] cli ... OK+CLEANED (3.68s)
  Cleaned: bstr
  [CLEAN+BUILD] bstr ... OK+CLEANED (2.41s)
  Cleaned: bench
  [CLEAN+BUILD] bench ... OK+CLEANED (6.59s)
  Cleaned: buf_redux
  [CLEAN+BUILD] buf_redux ... OK+CLEANED (1.29s)
  Cleaned: build_const
  [CLEAN+BUILD] build_const ... OK+CLEANED (0.16s)
  Cleaned: built
  [CLEAN+BUILD] built ... OK+CLEANED (1.70s)
  Cleaned: example_project
  [CLEAN+BUILD] example_project ... OK+CLEANED (12.31s)
  Cleaned: semver_check
  [CLEAN+BUILD] semver_check ... OK+CLEANED (12.35s)
  Cleaned: bumpalo
  [CLEAN+BUILD] bumpalo ... OK+CLEANED (8.03s)
  Cleaned: byte-unit
  [CLEAN+BUILD] byte-unit ... OK+CLEANED (2.27s)
  Cleaned: bytecheck
  [CLEAN+BUILD] bytecheck ... OK+CLEANED (3.49s)
  Cleaned: bytecheck
  [CLEAN+BUILD] bytecheck ... OK+CLEANED (3.31s)
  Cleaned: bytecheck_derive
  [CLEAN+BUILD] bytecheck_derive ... OK+CLEANED (2.22s)
  Cleaned: bytecount
  [CLEAN+BUILD] bytecount ... OK+CLEANED (7.39s)
  Cleaned: bytemuck
  [CLEAN+BUILD] bytemuck ... OK+CLEANED (0.41s)
  Cleaned: contiguous_bitset
  [CLEAN+BUILD] contiguous_bitset ... FAILED: Build failed (see rusticate-mirify.errs) (0.12s)
  Cleaned: derive
  [CLEAN+BUILD] derive ... OK+CLEANED (3.22s)
  Cleaned: byteorder
  [CLEAN+BUILD] byteorder ... OK+CLEANED (3.31s)
  Cleaned: byteorder-lite
  [CLEAN+BUILD] byteorder-lite ... OK+CLEANED (3.43s)
  Cleaned: bytes
  [CLEAN+BUILD] bytes ... OK+CLEANED (5.50s)
  Cleaned: bytes-num-slice-cast
  [CLEAN+BUILD] bytes-num-slice-cast ... OK+CLEANED (0.34s)
  Cleaned: bytes-utils
  [CLEAN+BUILD] bytes-utils ... OK+CLEANED (5.00s)
  Cleaned: bytesize
  [CLEAN+BUILD] bytesize ... OK+CLEANED (6.66s)
  Cleaned: ensure-no-std
  [CLEAN+BUILD] ensure-no-std ... FAILED: Build failed (see rusticate-mirify.errs) (0.24s)
  Cleaned: bzip2-rs
  [CLEAN+BUILD] bzip2-rs ... OK+CLEANED (4.02s)
  Cleaned: bzip2-sys
  [CLEAN+BUILD] bzip2-sys ... OK+CLEANED (1.37s)
  Cleaned: cache-padded
  [CLEAN+BUILD] cache-padded ... OK+CLEANED (0.22s)
  Cleaned: cached
  [CLEAN+BUILD] cached ... OK+CLEANED (10.53s)
  Cleaned: cached_proc_macro
  [CLEAN+BUILD] cached_proc_macro ... OK+CLEANED (5.47s)
  Cleaned: cached_proc_macro_types
  [CLEAN+BUILD] cached_proc_macro_types ... OK+CLEANED (0.21s)
  Cleaned: cadence
  [CLEAN+BUILD] cadence ... OK+CLEANED (1.75s)
  Cleaned: cadence
  [CLEAN+BUILD] cadence ... OK+CLEANED (1.70s)
  Cleaned: cadence-macros
  [CLEAN+BUILD] cadence-macros ... OK+CLEANED (1.42s)
  Cleaned: calloop
  [CLEAN+BUILD] calloop ... OK+CLEANED (12.09s)
  Cleaned: doc
  [CLEAN+BUILD] doc ... OK+CLEANED (19.44s)
  Cleaned: calloop-wayland-source
  [CLEAN+BUILD] calloop-wayland-source ... OK+CLEANED (7.00s)
  Cleaned: camino
  [CLEAN+BUILD] camino ... OK+CLEANED (6.31s)
  Cleaned: camino-examples
  [CLEAN+BUILD] camino-examples ... OK+CLEANED (12.44s)
  Cleaned: cargo
  [CLEAN+BUILD] cargo ... FAILED: Build failed (see rusticate-mirify.errs) (0.63s)
  Cleaned: cargo_metadata
  [CLEAN+BUILD] cargo_metadata ... OK+CLEANED (8.37s)
  Cleaned: cassowary-rs
  [CLEAN+BUILD] cassowary-rs ... OK+CLEANED (0.72s)
  Cleaned: cast.rs
  [CLEAN+BUILD] cast.rs ... OK+CLEANED (5.46s)
  Cleaned: castaway
  [CLEAN+BUILD] castaway ... OK+CLEANED (1.03s)
  Cleaned: cavif-rs
  [CLEAN+BUILD] cavif-rs ... FAILED: Build failed (see rusticate-mirify.errs) (19.56s)
  Cleaned: ravif
  [CLEAN+BUILD] ravif ... FAILED: Build failed (see rusticate-mirify.errs) (18.48s)
  Cleaned: cbindgen
  [CLEAN+BUILD] cbindgen ... OK+CLEANED (14.90s)
  Cleaned: cbor
  [CLEAN+BUILD] cbor ... OK+CLEANED (5.25s)
  Cleaned: fuzz
  [CLEAN+BUILD] fuzz ... OK+CLEANED (11.41s)
  Cleaned: cc-rs
  [CLEAN+BUILD] cc-rs ... FAILED: Build failed (see rusticate-mirify.errs) (1.30s)
  Cleaned: find-msvc-tools
  [CLEAN+BUILD] find-msvc-tools ... OK+CLEANED (0.18s)
  Cleaned: cesu8-rs
  [CLEAN+BUILD] cesu8-rs ... OK+CLEANED (0.22s)
  Cleaned: cfg-expr
  [CLEAN+BUILD] cfg-expr ... OK+CLEANED (1.87s)
  Cleaned: update
  [CLEAN+BUILD] update ... OK+CLEANED (0.22s)
  Cleaned: cfg-if
  [CLEAN+BUILD] cfg-if ... OK+CLEANED (0.17s)
  Cleaned: cfg_aliases
  [CLEAN+BUILD] cfg_aliases ... OK+CLEANED (0.23s)
  Cleaned: chrono
  [CLEAN+BUILD] chrono ... OK+CLEANED (12.05s)
  Cleaned: bench
  [CLEAN+BUILD] bench ... OK+CLEANED (7.74s)
  Cleaned: fuzz
  [CLEAN+BUILD] fuzz ... OK+CLEANED (5.47s)
  Cleaned: chrono-tz
  [CLEAN+BUILD] chrono-tz ... OK+CLEANED (3.48s)
  Cleaned: chrono-tz
  [CLEAN+BUILD] chrono-tz ... OK+CLEANED (3.17s)
  Cleaned: chrono-tz-build
  [CLEAN+BUILD] chrono-tz-build ... OK+CLEANED (0.57s)
  Cleaned: parse-zoneinfo
  [CLEAN+BUILD] parse-zoneinfo ... OK+CLEANED (2.18s)
  Cleaned: ciborium
  [CLEAN+BUILD] ciborium ... OK+CLEANED (8.50s)
  Cleaned: ciborium
  [CLEAN+BUILD] ciborium ... OK+CLEANED (8.31s)
  Cleaned: ciborium-io
  [CLEAN+BUILD] ciborium-io ... OK+CLEANED (0.21s)
  Cleaned: ciborium-ll
  [CLEAN+BUILD] ciborium-ll ... OK+CLEANED (4.34s)
  Cleaned: clang-sys
  [CLEAN+BUILD] clang-sys ... FAILED: Build failed (see rusticate-mirify.errs) (1.26s)
  Cleaned: bindgen-test
  [CLEAN+BUILD] bindgen-test ... OK+CLEANED (7.97s)
  Cleaned: clap
  [CLEAN+BUILD] clap ... OK+CLEANED (12.97s)
  Cleaned: clap_bench
  [CLEAN+BUILD] clap_bench ... OK+CLEANED (4.21s)
  Cleaned: clap_builder
  [CLEAN+BUILD] clap_builder ... OK+CLEANED (6.81s)
  Cleaned: clap_complete
  [CLEAN+BUILD] clap_complete ... OK+CLEANED (11.49s)
  Cleaned: clap_complete_nushell
  [CLEAN+BUILD] clap_complete_nushell ... OK+CLEANED (8.88s)
  Cleaned: clap_derive
  [CLEAN+BUILD] clap_derive ... OK+CLEANED (2.83s)
  Cleaned: clap_lex
  [CLEAN+BUILD] clap_lex ... OK+CLEANED (2.40s)
  Cleaned: clap_mangen
  [CLEAN+BUILD] clap_mangen ... OK+CLEANED (2.60s)
  Cleaned: client-toolkit
  [CLEAN+BUILD] client-toolkit ... FAILED: Build failed (see rusticate-mirify.errs) (8.82s)
  Cleaned: client_rust
  [CLEAN+BUILD] client_rust ... OK+CLEANED (29.19s)
  Cleaned: derive-encode
  [CLEAN+BUILD] derive-encode ... FAILED: Build failed (see rusticate-mirify.errs) (7.78s)
  Cleaned: clipboard-win
  [CLEAN+BUILD] clipboard-win ... FAILED: Build failed (see rusticate-mirify.errs) (0.27s)
  Cleaned: rust
  [CLEAN+BUILD] rust ... OK+CLEANED (0.49s)
  Cleaned: clru-rs
  [CLEAN+BUILD] clru-rs ... OK+CLEANED (0.68s)
  Cleaned: cmake-rs
  [CLEAN+BUILD] cmake-rs ... OK+CLEANED (0.87s)
  Cleaned: test-crate
  [CLEAN+BUILD] test-crate ... FAILED: Build failed (see rusticate-mirify.errs) (1.24s)
  Cleaned: cobs.rs
  [CLEAN+BUILD] cobs.rs ... OK+CLEANED (4.05s)
  Cleaned: codespan
  [CLEAN+BUILD] codespan ... OK+CLEANED (11.48s)
  Cleaned: codespan
  [CLEAN+BUILD] codespan ... OK+CLEANED (0.77s)
  Cleaned: codespan-lsp
  [CLEAN+BUILD] codespan-lsp ... OK+CLEANED (9.78s)
  Cleaned: codespan-reporting
  [CLEAN+BUILD] codespan-reporting ... OK+CLEANED (3.84s)
  Cleaned: collection_literals
  [CLEAN+BUILD] collection_literals ... OK+CLEANED (0.44s)
  Cleaned: color_quant
  [CLEAN+BUILD] color_quant ... OK+CLEANED (0.20s)
  Cleaned: colored
  [CLEAN+BUILD] colored ... OK+CLEANED (5.21s)
  Cleaned: combine
  [CLEAN+BUILD] combine ... OK+CLEANED (16.38s)
  Cleaned: comfy-table
  [CLEAN+BUILD] comfy-table ... OK+CLEANED (10.81s)
  Cleaned: compact_str
  [CLEAN+BUILD] compact_str ... OK+CLEANED (30.95s)
  Cleaned: bench
  [CLEAN+BUILD] bench ... OK+CLEANED (7.12s)
  Cleaned: compact_str
  [CLEAN+BUILD] compact_str ... OK+CLEANED (13.07s)
  Cleaned: fuzz
  [CLEAN+BUILD] fuzz ... OK+CLEANED (4.70s)
  Cleaned: compiler-builtins
  [CLEAN+BUILD] compiler-builtins ... FAILED: Build failed (see rusticate-mirify.errs) (5.13s)
  Cleaned: builtins-shim
  [CLEAN+BUILD] builtins-shim ... OK+CLEANED (0.21s)
  Cleaned: builtins-test
  [CLEAN+BUILD] builtins-test ... FAILED: Build failed (see rusticate-mirify.errs) (4.41s)
  Cleaned: builtins-test-intrinsics
  [CLEAN+BUILD] builtins-test-intrinsics ... FAILED: Build failed (see rusticate-mirify.errs) (1.19s)
  Cleaned: compiler-builtins
  [CLEAN+BUILD] compiler-builtins ... FAILED: Build failed (see rusticate-mirify.errs) (0.14s)
  Cleaned: libm
  [CLEAN+BUILD] libm ... OK+CLEANED (5.25s)
  Cleaned: libm-test
  [CLEAN+BUILD] libm-test ... FAILED: Build failed (see rusticate-mirify.errs) (8.39s)
  Cleaned: concurrent-queue
  [CLEAN+BUILD] concurrent-queue ... OK+CLEANED (9.89s)
  Cleaned: config-rs
  [CLEAN+BUILD] config-rs ... OK+CLEANED (25.18s)
  Cleaned: configparser-rs
  [CLEAN+BUILD] configparser-rs ... OK+CLEANED (5.55s)
  Cleaned: console
  [CLEAN+BUILD] console ... OK+CLEANED (6.11s)
  Cleaned: console_error_panic_hook
  [CLEAN+BUILD] console_error_panic_hook ... OK+CLEANED (5.60s)
  Cleaned: console_log
  [CLEAN+BUILD] console_log ... OK+CLEANED (7.77s)
  Cleaned: const-hex
  [CLEAN+BUILD] const-hex ... OK+CLEANED (9.07s)
  Cleaned: fuzz
  [CLEAN+BUILD] fuzz ... OK+CLEANED (0.15s)
  Cleaned: const_fn
  [CLEAN+BUILD] const_fn ... OK+CLEANED (0.39s)
  Cleaned: test_suite
  [CLEAN+BUILD] test_suite ... OK+CLEANED (0.70s)
  Cleaned: const_format_crates
  [CLEAN+BUILD] const_format_crates ... FAILED: Build failed (see rusticate-mirify.errs) (3.85s)
  Cleaned: const_format
  [CLEAN+BUILD] const_format ... FAILED: Build failed (see rusticate-mirify.errs) (1.96s)
  Cleaned: const_format_proc_macros
  [CLEAN+BUILD] const_format_proc_macros ... OK+CLEANED (1.00s)
  Cleaned: print_errors
  [CLEAN+BUILD] print_errors ... FAILED: Build failed (see rusticate-mirify.errs) (1.69s)
  Cleaned: print_warnings
  [CLEAN+BUILD] print_warnings ... OK+CLEANED (1.69s)
  Cleaned: constant_time_eq
  [CLEAN+BUILD] constant_time_eq ... OK+CLEANED (8.34s)
  Cleaned: constrandom
  [CLEAN+BUILD] constrandom ... OK+CLEANED (1.13s)
  Cleaned: macro
  [CLEAN+BUILD] macro ... OK+CLEANED (0.92s)
  Cleaned: convert-case
  [CLEAN+BUILD] convert-case ... FAILED: Build failed (see rusticate-mirify.errs) (8.61s)
  Cleaned: cookie-rs
  [CLEAN+BUILD] cookie-rs ... OK+CLEANED (2.17s)
  Cleaned: fuzz
  [CLEAN+BUILD] fuzz ... OK+CLEANED (0.14s)
  Cleaned: cookie_store
  [CLEAN+BUILD] cookie_store ... OK+CLEANED (7.15s)
  Cleaned: core-foundation-rs
  [CLEAN+BUILD] core-foundation-rs ... FAILED: Build failed (see rusticate-mirify.errs) (2.69s)
  Cleaned: cocoa
  [CLEAN+BUILD] cocoa ... FAILED: Build failed (see rusticate-mirify.errs) (2.77s)
  Cleaned: cocoa-foundation
  [CLEAN+BUILD] cocoa-foundation ... FAILED: Build failed (see rusticate-mirify.errs) (1.03s)
  Cleaned: core-foundation
  [CLEAN+BUILD] core-foundation ... OK+CLEANED (1.18s)
  Cleaned: core-foundation-sys
  [CLEAN+BUILD] core-foundation-sys ... OK+CLEANED (0.23s)
  Cleaned: core-graphics
  [CLEAN+BUILD] core-graphics ... FAILED: Build failed (see rusticate-mirify.errs) (2.67s)
  Cleaned: core-graphics-types
  [CLEAN+BUILD] core-graphics-types ... FAILED: Build failed (see rusticate-mirify.errs) (1.01s)
  Cleaned: core-text
  [CLEAN+BUILD] core-text ... FAILED: Build failed (see rusticate-mirify.errs) (2.62s)
  Cleaned: io-surface
  [CLEAN+BUILD] io-surface ... FAILED: Build failed (see rusticate-mirify.errs) (1.03s)
  Cleaned: core2
  [CLEAN+BUILD] core2 ... OK+CLEANED (0.53s)
  Cleaned: core_affinity_rs
  [CLEAN+BUILD] core_affinity_rs ... OK+CLEANED (0.95s)
  Cleaned: cpp_demangle
  [CLEAN+BUILD] cpp_demangle ... OK+CLEANED (5.95s)
  Cleaned: c_api
  [CLEAN+BUILD] c_api ... OK+CLEANED (1.59s)
  Cleaned: fuzz
  [CLEAN+BUILD] fuzz ... FAILED: Build failed (see rusticate-mirify.errs) (10.49s)
  Cleaned: cpu-time
  [CLEAN+BUILD] cpu-time ... OK+CLEANED (0.83s)
  Cleaned: crates
  [CLEAN+BUILD] crates ... OK+CLEANED (6.40s)
  Cleaned: bip32
  [CLEAN+BUILD] bip32 ... OK+CLEANED (3.14s)
  Cleaned: canonical-path
  [CLEAN+BUILD] canonical-path ... OK+CLEANED (1.31s)
  Cleaned: hkd32
  [CLEAN+BUILD] hkd32 ... OK+CLEANED (1.34s)
  Cleaned: iqhttp
  [CLEAN+BUILD] iqhttp ... OK+CLEANED (5.82s)
  Cleaned: secrecy
  [CLEAN+BUILD] secrecy ... OK+CLEANED (0.25s)
  Cleaned: signatory
  [CLEAN+BUILD] signatory ... OK+CLEANED (1.53s)
  Cleaned: subtle-encoding
  [CLEAN+BUILD] subtle-encoding ... OK+CLEANED (0.30s)
  Cleaned: crc-catalog
  [CLEAN+BUILD] crc-catalog ... OK+CLEANED (0.29s)
  Cleaned: generate-catalog
  [CLEAN+BUILD] generate-catalog ... OK+CLEANED (9.22s)
  Cleaned: crc-rs
  [CLEAN+BUILD] crc-rs ... OK+CLEANED (0.33s)
  Cleaned: crc32c
  [CLEAN+BUILD] crc32c ... OK+CLEANED (7.42s)
  Cleaned: criterion.rs
  [CLEAN+BUILD] criterion.rs ... OK+CLEANED (9.01s)
  Cleaned: bencher_compat
  [CLEAN+BUILD] bencher_compat ... OK+CLEANED (6.92s)
  Cleaned: macro
  [CLEAN+BUILD] macro ... FAILED: Build failed (see rusticate-mirify.errs) (0.10s)
  Cleaned: plot
  [CLEAN+BUILD] plot ... OK+CLEANED (2.21s)
  Cleaned: critical-section
  [CLEAN+BUILD] critical-section ... OK+CLEANED (0.16s)
  Cleaned: crossbeam
  [CLEAN+BUILD] crossbeam ... OK+CLEANED (1.17s)
  Cleaned: crossbeam-channel
  [CLEAN+BUILD] crossbeam-channel ... OK+CLEANED (2.66s)
  Cleaned: crossbeam-deque
  [CLEAN+BUILD] crossbeam-deque ... OK+CLEANED (1.21s)
  Cleaned: crossbeam-epoch
  [CLEAN+BUILD] crossbeam-epoch ... OK+CLEANED (1.06s)
  Cleaned: crossbeam-queue
  [CLEAN+BUILD] crossbeam-queue ... OK+CLEANED (0.65s)
  Cleaned: crossbeam-skiplist
  [CLEAN+BUILD] crossbeam-skiplist ... OK+CLEANED (1.46s)
  Cleaned: crossbeam-utils
  [CLEAN+BUILD] crossbeam-utils ... FAILED: Build failed (see rusticate-mirify.errs) (0.64s)
  Cleaned: crossterm
  [CLEAN+BUILD] crossterm ... OK+CLEANED (7.52s)
  Cleaned: crossterm-winapi
  [CLEAN+BUILD] crossterm-winapi ... FAILED: Build failed (see rusticate-mirify.errs) (0.34s)
  Cleaned: crunchy
  [CLEAN+BUILD] crunchy ... OK+CLEANED (0.31s)
  Cleaned: crypto-bigint
  [CLEAN+BUILD] crypto-bigint ... OK+CLEANED (41.86s)
  Cleaned: cryptocorrosion
  [CLEAN+BUILD] cryptocorrosion ... OK+CLEANED (1.91s)
  Cleaned: cty
  [CLEAN+BUILD] cty ... FAILED: Build failed (see rusticate-mirify.errs) (0.13s)
  Cleaned: curl-rust
  [CLEAN+BUILD] curl-rust ... FAILED: Build failed (see rusticate-mirify.errs) (1.34s)
  Cleaned: curl-sys
  [CLEAN+BUILD] curl-sys ... FAILED: Build failed (see rusticate-mirify.errs) (1.22s)
  Cleaned: systest
  [CLEAN+BUILD] systest ... FAILED: Build failed (see rusticate-mirify.errs) (2.32s)
  Cleaned: curve25519-dalek
  [CLEAN+BUILD] curve25519-dalek ... OK+CLEANED (31.28s)
  Cleaned: curve25519-dalek
  [CLEAN+BUILD] curve25519-dalek ... OK+CLEANED (27.28s)
  Cleaned: curve25519-dalek-derive
  [CLEAN+BUILD] curve25519-dalek-derive ... OK+CLEANED (8.41s)
  Cleaned: ed25519-dalek
  [CLEAN+BUILD] ed25519-dalek ... OK+CLEANED (24.67s)
  Cleaned: x25519-dalek
  [CLEAN+BUILD] x25519-dalek ... OK+CLEANED (21.89s)
  Cleaned: cxx
  [CLEAN+BUILD] cxx ... OK+CLEANED (8.37s)
  Cleaned: demo
  [CLEAN+BUILD] demo ... OK+CLEANED (5.37s)
  Cleaned: flags
  [CLEAN+BUILD] flags ... OK+CLEANED (0.15s)
  Cleaned: macro
  [CLEAN+BUILD] macro ... OK+CLEANED (6.79s)
  Cleaned: third-party
  [CLEAN+BUILD] third-party ... OK+CLEANED (4.23s)
  Cleaned: darling
  [CLEAN+BUILD] darling ... OK+CLEANED (5.30s)
  Cleaned: core
  [CLEAN+BUILD] core ... OK+CLEANED (3.83s)
  Cleaned: macro
  [CLEAN+BUILD] macro ... OK+CLEANED (3.20s)
  Cleaned: dary_heap
  [CLEAN+BUILD] dary_heap ... OK+CLEANED (2.24s)
  Cleaned: criterion
  [CLEAN+BUILD] criterion ... OK+CLEANED (0.14s)
  Cleaned: fuzz
  [CLEAN+BUILD] fuzz ... OK+CLEANED (0.13s)
  Cleaned: dashmap
  [CLEAN+BUILD] dashmap ... FAILED: Build failed (see rusticate-mirify.errs) (1.76s)
  Cleaned: bin
  [CLEAN+BUILD] bin ... OK+CLEANED (0.48s)
  Cleaned: cmp
  [CLEAN+BUILD] cmp ... FAILED: Build failed (see rusticate-mirify.errs) (1.08s)
  Cleaned: lib
  [CLEAN+BUILD] lib ... OK+CLEANED (0.54s)
  Cleaned: nostd
  [CLEAN+BUILD] nostd ... FAILED: Build failed (see rusticate-mirify.errs) (1.36s)
  Cleaned: www
  [CLEAN+BUILD] www ... OK+CLEANED (4.30s)
  Cleaned: xtask
  [CLEAN+BUILD] xtask ... OK+CLEANED (5.29s)
  Cleaned: datafusion
  [CLEAN+BUILD] datafusion ... FAILED: Build failed (see rusticate-mirify.errs) (46.25s)
  Cleaned: benchmarks
  [CLEAN+BUILD] benchmarks ... OK+CLEANED (111.62s)
  Cleaned: datafusion-cli
  [CLEAN+BUILD] datafusion-cli ... OK+CLEANED (144.18s)
  Cleaned: datafusion-examples
  [CLEAN+BUILD] datafusion-examples ... OK+CLEANED (0.59s)
  Cleaned: test-utils
  [CLEAN+BUILD] test-utils ... OK+CLEANED (18.37s)
  Cleaned: datafusion-sqlparser-rs
  [CLEAN+BUILD] datafusion-sqlparser-rs ... OK+CLEANED (12.85s)
  Cleaned: derive
  [CLEAN+BUILD] derive ... OK+CLEANED (1.75s)
  Cleaned: fuzz
  [CLEAN+BUILD] fuzz ... OK+CLEANED (9.09s)
  Cleaned: sqlparser_bench
  [CLEAN+BUILD] sqlparser_bench ... OK+CLEANED (0.16s)
  Cleaned: dbus-rs
  [CLEAN+BUILD] dbus-rs ... FAILED: Build failed (see rusticate-mirify.errs) (0.86s)
  Cleaned: dbus
  [CLEAN+BUILD] dbus ... FAILED: Build failed (see rusticate-mirify.errs) (1.11s)
  Cleaned: dbus-codegen
  [CLEAN+BUILD] dbus-codegen ... FAILED: Build failed (see rusticate-mirify.errs) (1.62s)
  Cleaned: dbus-codegen-tests
  [CLEAN+BUILD] dbus-codegen-tests ... FAILED: Build failed (see rusticate-mirify.errs) (1.98s)
  Cleaned: dbus-crossroads
  [CLEAN+BUILD] dbus-crossroads ... FAILED: Build failed (see rusticate-mirify.errs) (0.86s)
  Cleaned: dbus-native
  [CLEAN+BUILD] dbus-native ... OK+CLEANED (1.15s)
  Cleaned: dbus-native-channel
  [CLEAN+BUILD] dbus-native-channel ... OK+CLEANED (0.94s)
  Cleaned: dbus-strings
  [CLEAN+BUILD] dbus-strings ... OK+CLEANED (0.25s)
  Cleaned: dbus-tokio
  [CLEAN+BUILD] dbus-tokio ... FAILED: Build failed (see rusticate-mirify.errs) (0.82s)
  Cleaned: dbus-tree
  [CLEAN+BUILD] dbus-tree ... FAILED: Build failed (see rusticate-mirify.errs) (0.73s)
  Cleaned: libdbus-sys
  [CLEAN+BUILD] libdbus-sys ... FAILED: Build failed (see rusticate-mirify.errs) (0.42s)
  Cleaned: ddbase
  [CLEAN+BUILD] ddbase ... FAILED: Build failed (see rusticate-mirify.errs) (7.48s)
  Cleaned: deflate-rs
  [CLEAN+BUILD] deflate-rs ... OK+CLEANED (0.86s)
  Cleaned: deflate-fuzz-target
  [CLEAN+BUILD] deflate-fuzz-target ... OK+CLEANED (3.99s)
  Cleaned: deflate64-rs
  [CLEAN+BUILD] deflate64-rs ... OK+CLEANED (4.66s)
  Cleaned: der-parser
  [CLEAN+BUILD] der-parser ... OK+CLEANED (4.99s)
  Cleaned: der-oid-macro
  [CLEAN+BUILD] der-oid-macro ... OK+CLEANED (1.41s)
  Cleaned: fuzz
  [CLEAN+BUILD] fuzz ... OK+CLEANED (0.15s)
  Cleaned: deranged
  [CLEAN+BUILD] deranged ... OK+CLEANED (4.06s)
  Cleaned: deranged
  [CLEAN+BUILD] deranged ... OK+CLEANED (3.62s)
  Cleaned: deranged-macros
  [CLEAN+BUILD] deranged-macros ... OK+CLEANED (0.18s)
  Cleaned: derive-new
  [CLEAN+BUILD] derive-new ... OK+CLEANED (2.06s)
  Cleaned: testcrate
  [CLEAN+BUILD] testcrate ... FAILED: Build failed (see rusticate-mirify.errs) (7.54s)
  Cleaned: derive-where
  [CLEAN+BUILD] derive-where ... OK+CLEANED (7.94s)
  Cleaned: derive_more
  [CLEAN+BUILD] derive_more ... FAILED: Build failed (see rusticate-mirify.errs) (4.43s)
  Cleaned: impl
  [CLEAN+BUILD] impl ... OK+CLEANED (7.75s)
  Cleaned: deunicode
  [CLEAN+BUILD] deunicode ... OK+CLEANED (0.33s)
  Cleaned: scripts
  [CLEAN+BUILD] scripts ... OK+CLEANED (3.99s)
  Cleaned: dialoguer
  [CLEAN+BUILD] dialoguer ... OK+CLEANED (1.49s)
  Cleaned: diesel
  [CLEAN+BUILD] diesel ... FAILED: Build failed (see rusticate-mirify.errs) (53.40s)
  Cleaned: diesel
  [CLEAN+BUILD] diesel ... FAILED: Build failed (see rusticate-mirify.errs) (13.33s)
  Cleaned: diesel_bench
  [CLEAN+BUILD] diesel_bench ... OK+CLEANED (0.20s)
  Cleaned: diesel_cli
  [CLEAN+BUILD] diesel_cli ... FAILED: Build failed (see rusticate-mirify.errs) (6.88s)
  Cleaned: diesel_compile_tests
  [CLEAN+BUILD] diesel_compile_tests ... OK+CLEANED (8.81s)
  Cleaned: diesel_derives
  [CLEAN+BUILD] diesel_derives ... FAILED: Build failed (see rusticate-mirify.errs) (16.92s)
  Cleaned: diesel_dynamic_schema
  [CLEAN+BUILD] diesel_dynamic_schema ... FAILED: Build failed (see rusticate-mirify.errs) (11.43s)
  Cleaned: diesel_infer_query
  [CLEAN+BUILD] diesel_infer_query ... OK+CLEANED (13.30s)
  Cleaned: diesel_migrations
  [CLEAN+BUILD] diesel_migrations ... OK+CLEANED (11.80s)
  Cleaned: diesel_table_macro_syntax
  [CLEAN+BUILD] diesel_table_macro_syntax ... OK+CLEANED (2.62s)
  Cleaned: diesel_test_helper
  [CLEAN+BUILD] diesel_test_helper ... FAILED: Build failed (see rusticate-mirify.errs) (1.74s)
  Cleaned: diesel_tests
  [CLEAN+BUILD] diesel_tests ... FAILED: Build failed (see rusticate-mirify.errs) (23.80s)
  Cleaned: dsl_auto_type
  [CLEAN+BUILD] dsl_auto_type ... OK+CLEANED (12.88s)
  Cleaned: xtask
  [CLEAN+BUILD] xtask ... OK+CLEANED (5.49s)
  Cleaned: diff.rs
  [CLEAN+BUILD] diff.rs ... OK+CLEANED (7.69s)
  Cleaned: difference.rs
  [CLEAN+BUILD] difference.rs ... FAILED: Build failed (see rusticate-mirify.errs) (1.40s)
  Cleaned: difflib
  [CLEAN+BUILD] difflib ... OK+CLEANED (0.50s)
  Cleaned: directories-rs
  [CLEAN+BUILD] directories-rs ... OK+CLEANED (0.91s)
  Cleaned: dirs
  [CLEAN+BUILD] dirs ... OK+CLEANED (0.86s)
  Cleaned: directories
  [CLEAN+BUILD] directories ... OK+CLEANED (0.88s)
  Cleaned: dirs
  [CLEAN+BUILD] dirs ... OK+CLEANED (0.83s)
  Cleaned: dirs-sys
  [CLEAN+BUILD] dirs-sys ... OK+CLEANED (0.81s)
  Cleaned: dirs-rs
  [CLEAN+BUILD] dirs-rs ... OK+CLEANED (0.85s)
  Cleaned: dirs-sys-rs
  [CLEAN+BUILD] dirs-sys-rs ... OK+CLEANED (0.82s)
  Cleaned: displaydoc
  [CLEAN+BUILD] displaydoc ... OK+CLEANED (5.06s)
  Cleaned: dissimilar
  [CLEAN+BUILD] dissimilar ... OK+CLEANED (0.47s)
  Cleaned: fuzz
  [CLEAN+BUILD] fuzz ... OK+CLEANED (0.15s)
  Cleaned: dlib
  [CLEAN+BUILD] dlib ... OK+CLEANED (0.28s)
  Cleaned: dlib-test
  [CLEAN+BUILD] dlib-test ... OK+CLEANED (0.28s)
  Cleaned: dlv-list-rs
  [CLEAN+BUILD] dlv-list-rs ... OK+CLEANED (2.31s)
  Cleaned: doc-comment
  [CLEAN+BUILD] doc-comment ... OK+CLEANED (0.17s)
  Cleaned: ci-tests
  [CLEAN+BUILD] ci-tests ... OK+CLEANED (0.33s)
  Cleaned: docopt.rs
  [CLEAN+BUILD] docopt.rs ... OK+CLEANED (4.72s)
  Cleaned: document-features
  [CLEAN+BUILD] document-features ... OK+CLEANED (0.72s)
  Cleaned: dotenv
  [CLEAN+BUILD] dotenv ... OK+CLEANED (2.43s)
  Cleaned: dotenv
  [CLEAN+BUILD] dotenv ... OK+CLEANED (1.54s)
  Cleaned: dotenv_codegen
  [CLEAN+BUILD] dotenv_codegen ... OK+CLEANED (1.92s)
  Cleaned: dotenv_codegen_implementation
  [CLEAN+BUILD] dotenv_codegen_implementation ... OK+CLEANED (1.40s)
  Cleaned: dotenvy
  [CLEAN+BUILD] dotenvy ... OK+CLEANED (4.35s)
  Cleaned: dotenv_codegen
  [CLEAN+BUILD] dotenv_codegen ... OK+CLEANED (2.12s)
  Cleaned: dotenvy
  [CLEAN+BUILD] dotenvy ... OK+CLEANED (1.28s)
  Cleaned: dotenvy-macros
  [CLEAN+BUILD] dotenvy-macros ... OK+CLEANED (1.91s)
  Cleaned: downcast-rs
  [CLEAN+BUILD] downcast-rs ... OK+CLEANED (0.89s)
  Cleaned: dtoa
  [CLEAN+BUILD] dtoa ... OK+CLEANED (0.26s)
  Cleaned: dtoa-short
  [CLEAN+BUILD] dtoa-short ... OK+CLEANED (1.07s)
  Cleaned: projects
  [CLEAN+BUILD] projects ... FAILED: Build failed (see rusticate-mirify.errs) (4.86s)
  Cleaned: duct.rs
  [CLEAN+BUILD] duct.rs ... OK+CLEANED (1.78s)
  Cleaned: duct_sh
  [CLEAN+BUILD] duct_sh ... OK+CLEANED (1.32s)
  Cleaned: dyn-clone
  [CLEAN+BUILD] dyn-clone ... OK+CLEANED (4.71s)
  Cleaned: educe
  [CLEAN+BUILD] educe ... OK+CLEANED (5.08s)
  Cleaned: either
  [CLEAN+BUILD] either ... OK+CLEANED (1.89s)
  Cleaned: elasticsearch-rs
  [CLEAN+BUILD] elasticsearch-rs ... FAILED: Build failed (see rusticate-mirify.errs) (4.15s)
  Cleaned: api_generator
  [CLEAN+BUILD] api_generator ... FAILED: Build failed (see rusticate-mirify.errs) (3.55s)
  Cleaned: elasticsearch
  [CLEAN+BUILD] elasticsearch ... FAILED: Build failed (see rusticate-mirify.errs) (3.44s)
  Cleaned: xtask
  [CLEAN+BUILD] xtask ... FAILED: Build failed (see rusticate-mirify.errs) (3.68s)
  Cleaned: elliptic-curves
  [CLEAN+BUILD] elliptic-curves ... OK+CLEANED (42.80s)
  Cleaned: bignp256
  [CLEAN+BUILD] bignp256 ... OK+CLEANED (33.53s)
  Cleaned: bp256
  [CLEAN+BUILD] bp256 ... OK+CLEANED (3.85s)
  Cleaned: bp384
  [CLEAN+BUILD] bp384 ... OK+CLEANED (4.25s)
  Cleaned: ed448-goldilocks
  [CLEAN+BUILD] ed448-goldilocks ... OK+CLEANED (29.78s)
  Cleaned: hash2curve
  [CLEAN+BUILD] hash2curve ... OK+CLEANED (5.63s)
  Cleaned: k256
  [CLEAN+BUILD] k256 ... OK+CLEANED (41.35s)
  Cleaned: p192
  [CLEAN+BUILD] p192 ... OK+CLEANED (8.12s)
  Cleaned: p224
  [CLEAN+BUILD] p224 ... OK+CLEANED (11.20s)
  Cleaned: p256
  [CLEAN+BUILD] p256 ... OK+CLEANED (40.05s)
  Cleaned: p384
  [CLEAN+BUILD] p384 ... OK+CLEANED (44.77s)
  Cleaned: p521
  [CLEAN+BUILD] p521 ... OK+CLEANED (47.85s)
  Cleaned: primefield
  [CLEAN+BUILD] primefield ... OK+CLEANED (5.71s)
  Cleaned: primeorder
  [CLEAN+BUILD] primeorder ... OK+CLEANED (5.15s)
  Cleaned: sm2
  [CLEAN+BUILD] sm2 ... OK+CLEANED (26.57s)
  Cleaned: x448
  [CLEAN+BUILD] x448 ... OK+CLEANED (11.85s)
  Cleaned: embedded-hal
  [CLEAN+BUILD] embedded-hal ... OK+CLEANED (10.05s)
  Cleaned: embedded-can
  [CLEAN+BUILD] embedded-can ... OK+CLEANED (0.31s)
  Cleaned: embedded-hal
  [CLEAN+BUILD] embedded-hal ... OK+CLEANED (0.24s)
  Cleaned: embedded-hal-async
  [CLEAN+BUILD] embedded-hal-async ... OK+CLEANED (0.38s)
  Cleaned: embedded-hal-bus
  [CLEAN+BUILD] embedded-hal-bus ... OK+CLEANED (0.34s)
  Cleaned: embedded-hal-nb
  [CLEAN+BUILD] embedded-hal-nb ... OK+CLEANED (7.95s)
  Cleaned: embedded-io
  [CLEAN+BUILD] embedded-io ... OK+CLEANED (0.24s)
  Cleaned: embedded-io-adapters
  [CLEAN+BUILD] embedded-io-adapters ... OK+CLEANED (0.27s)
  Cleaned: embedded-io-async
  [CLEAN+BUILD] embedded-io-async ... OK+CLEANED (0.30s)
  Cleaned: ena
  [CLEAN+BUILD] ena ... OK+CLEANED (0.53s)
  Cleaned: encode_unicode
  [CLEAN+BUILD] encode_unicode ... FAILED: Build failed (see rusticate-mirify.errs) (4.13s)
  Cleaned: fuzz
  [CLEAN+BUILD] fuzz ... OK+CLEANED (13.26s)
  Cleaned: encoding_rs
  [CLEAN+BUILD] encoding_rs ... OK+CLEANED (6.59s)
  [CLEAN+BUILD] fuzz ... FAILED: Cargo clean failed:
error: failed to load manifest for workspace member `/home/milnes/projects/RustCodebases/encoding_rs/fuzz/.`
referenced by workspace at `/home/milnes/projects/RustCodebases/encoding_rs/fuzz/Cargo.toml`

Caused by:
  failed to load manifest for dependency `safe_encoding_rs_mem`

Caused by:
  failed to read `/home/milnes/projects/RustCodebases/safe_encoding_rs_mem/Cargo.toml`

Caused by:
  No such file or directory (os error 2)
 (0.05s)
  Cleaned: endian-type
  [CLEAN+BUILD] endian-type ... OK+CLEANED (0.30s)
  Cleaned: enum-as-inner
  [CLEAN+BUILD] enum-as-inner ... OK+CLEANED (2.76s)
  Cleaned: enum-iterator
  [CLEAN+BUILD] enum-iterator ... OK+CLEANED (4.81s)
  Cleaned: enum-iterator
  [CLEAN+BUILD] enum-iterator ... OK+CLEANED (4.24s)
  Cleaned: enum-iterator-derive
  [CLEAN+BUILD] enum-iterator-derive ... OK+CLEANED (2.01s)
  Cleaned: enum-ordinalize
  [CLEAN+BUILD] enum-ordinalize ... OK+CLEANED (2.58s)
  Cleaned: enum-ordinalize
  [CLEAN+BUILD] enum-ordinalize ... OK+CLEANED (2.45s)
  Cleaned: enum-ordinalize-derive
  [CLEAN+BUILD] enum-ordinalize-derive ... OK+CLEANED (1.79s)
  Cleaned: enumflags2
  [CLEAN+BUILD] enumflags2 ... OK+CLEANED (2.24s)
  Cleaned: benchmarks
  [CLEAN+BUILD] benchmarks ... OK+CLEANED (0.15s)
  Cleaned: enumflags_derive
  [CLEAN+BUILD] enumflags_derive ... OK+CLEANED (1.57s)
  Cleaned: test_suite
  [CLEAN+BUILD] test_suite ... OK+CLEANED (5.37s)
  Cleaned: enumn
  [CLEAN+BUILD] enumn ... OK+CLEANED (2.20s)
  Cleaned: enumset
  [CLEAN+BUILD] enumset ... FAILED: Build failed (see rusticate-mirify.errs) (8.79s)
  Cleaned: enumset
  [CLEAN+BUILD] enumset ... OK+CLEANED (9.71s)
  Cleaned: enumset_derive
  [CLEAN+BUILD] enumset_derive ... OK+CLEANED (4.42s)
  Cleaned: enumset_test_embedded
  [CLEAN+BUILD] enumset_test_embedded ... FAILED: Build failed (see rusticate-mirify.errs) (1.55s)
  Cleaned: enumset_test_nightly
  [CLEAN+BUILD] enumset_test_nightly ... OK+CLEANED (8.59s)
  Cleaned: env_logger
  [CLEAN+BUILD] env_logger ... OK+CLEANED (2.64s)
  Cleaned: equator
  [CLEAN+BUILD] equator ... OK+CLEANED (3.51s)
  Cleaned: equator
  [CLEAN+BUILD] equator ... OK+CLEANED (3.26s)
  Cleaned: equator-macro
  [CLEAN+BUILD] equator-macro ... OK+CLEANED (0.17s)
  Cleaned: equivalent
  [CLEAN+BUILD] equivalent ... OK+CLEANED (0.15s)
  Cleaned: erased-serde
  [CLEAN+BUILD] erased-serde ... OK+CLEANED (5.65s)
  Cleaned: explanation
  [CLEAN+BUILD] explanation ... OK+CLEANED (0.15s)
  Cleaned: errno-dragonfly-rs
  [CLEAN+BUILD] errno-dragonfly-rs ... OK+CLEANED (1.08s)
  Cleaned: error-chain
  [CLEAN+BUILD] error-chain ... FAILED: Build failed (see rusticate-mirify.errs) (3.31s)
  Cleaned: error-code
  [CLEAN+BUILD] error-code ... OK+CLEANED (0.22s)
  Cleaned: etcetera
  [CLEAN+BUILD] etcetera ... OK+CLEANED (0.21s)
  Cleaned: ethnum-rs
  [CLEAN+BUILD] ethnum-rs ... OK+CLEANED (0.65s)
  Cleaned: bench
  [CLEAN+BUILD] bench ... OK+CLEANED (0.14s)
  Cleaned: fuzz
  [CLEAN+BUILD] fuzz ... OK+CLEANED (3.23s)
  Cleaned: intrinsics
  [CLEAN+BUILD] intrinsics ... FAILED: Build failed (see rusticate-mirify.errs) (1.05s)
  Cleaned: euclid
  [CLEAN+BUILD] euclid ... OK+CLEANED (2.75s)
  Cleaned: event-listener
  [CLEAN+BUILD] event-listener ... OK+CLEANED (7.01s)
  Cleaned: event-listener-strategy
  [CLEAN+BUILD] event-listener-strategy ... OK+CLEANED (0.72s)
  Cleaned: expect-test
  [CLEAN+BUILD] expect-test ... OK+CLEANED (0.45s)
  Cleaned: xtask
  [CLEAN+BUILD] xtask ... OK+CLEANED (0.51s)
  Cleaned: exrs
  [CLEAN+BUILD] exrs ... OK+CLEANED (52.27s)
  Cleaned: eyre
  [CLEAN+BUILD] eyre ... OK+CLEANED (10.47s)
  Cleaned: color-eyre
  [CLEAN+BUILD] color-eyre ... OK+CLEANED (7.67s)
  Cleaned: color-spantrace
  [CLEAN+BUILD] color-spantrace ... OK+CLEANED (4.21s)
  Cleaned: eyre
  [CLEAN+BUILD] eyre ... OK+CLEANED (7.42s)
  Cleaned: failure
  [CLEAN+BUILD] failure ... FAILED: Build failed (see rusticate-mirify.errs) (3.16s)
  Cleaned: failure_derive
  [CLEAN+BUILD] failure_derive ... FAILED: Build failed (see rusticate-mirify.errs) (3.35s)
  Cleaned: fallible-streaming-iterator
  [CLEAN+BUILD] fallible-streaming-iterator ... OK+CLEANED (0.19s)
  Cleaned: fancy-regex
  [CLEAN+BUILD] fancy-regex ... OK+CLEANED (8.87s)
  Cleaned: fuzz
  [CLEAN+BUILD] fuzz ... OK+CLEANED (0.15s)
  Cleaned: playground
  [CLEAN+BUILD] playground ... OK+CLEANED (7.03s)
  Cleaned: faster-hex
  [CLEAN+BUILD] faster-hex ... OK+CLEANED (8.81s)
  Cleaned: afl
  [CLEAN+BUILD] afl ... OK+CLEANED (4.52s)
  Cleaned: fuzz
  [CLEAN+BUILD] fuzz ... OK+CLEANED (10.51s)
  Cleaned: fastrand
  [CLEAN+BUILD] fastrand ... OK+CLEANED (1.87s)
  Cleaned: fastrlp
  [CLEAN+BUILD] fastrlp ... OK+CLEANED (8.10s)
  Cleaned: derive
  [CLEAN+BUILD] derive ... OK+CLEANED (1.67s)
  Cleaned: fd-lock
  [CLEAN+BUILD] fd-lock ... OK+CLEANED (1.40s)
  Cleaned: fdeflate
  [CLEAN+BUILD] fdeflate ... OK+CLEANED (2.22s)
  Cleaned: fuzz
  [CLEAN+BUILD] fuzz ... OK+CLEANED (0.14s)
  Cleaned: fern
  [CLEAN+BUILD] fern ... OK+CLEANED (2.44s)
  Cleaned: ferrilab
  [CLEAN+BUILD] ferrilab ... OK+CLEANED (11.42s)
  Cleaned: bitvec
  [CLEAN+BUILD] bitvec ... FAILED: Build failed (see rusticate-mirify.errs) (1.57s)
  Cleaned: funty
  [CLEAN+BUILD] funty ... FAILED: Build failed (see rusticate-mirify.errs) (0.90s)
  Cleaned: radium
  [CLEAN+BUILD] radium ... FAILED: Build failed (see rusticate-mirify.errs) (0.90s)
  Cleaned: ff
  [CLEAN+BUILD] ff ... FAILED: Build failed (see rusticate-mirify.errs) (2.69s)
  Cleaned: ff_derive
  [CLEAN+BUILD] ff_derive ... FAILED: Build failed (see rusticate-mirify.errs) (0.27s)
  Cleaned: ffi_helpers
  [CLEAN+BUILD] ffi_helpers ... OK+CLEANED (2.79s)
  Cleaned: fiat-rust
  [CLEAN+BUILD] fiat-rust ... OK+CLEANED (6.38s)
  Cleaned: filetime
  [CLEAN+BUILD] filetime ... OK+CLEANED (1.46s)
  Cleaned: findshlibs
  [CLEAN+BUILD] findshlibs ... OK+CLEANED (1.32s)
  Cleaned: finl_unicode
  [CLEAN+BUILD] finl_unicode ... OK+CLEANED (7.63s)
  Cleaned: generate-sources
  [CLEAN+BUILD] generate-sources ... FAILED: Build failed (see rusticate-mirify.errs) (3.62s)
  Cleaned: fixedbitset
  [CLEAN+BUILD] fixedbitset ... OK+CLEANED (2.15s)
  Cleaned: benches
  [CLEAN+BUILD] benches ... OK+CLEANED (0.15s)
  Cleaned: flagset
  [CLEAN+BUILD] flagset ... OK+CLEANED (4.14s)
  Cleaned: flate2-rs
  [CLEAN+BUILD] flate2-rs ... OK+CLEANED (2.39s)
  Cleaned: fuzz
  [CLEAN+BUILD] fuzz ... OK+CLEANED (0.13s)
  Cleaned: flexi_logger
  [CLEAN+BUILD] flexi_logger ... OK+CLEANED (9.91s)
  Cleaned: float-cmp
  [CLEAN+BUILD] float-cmp ... OK+CLEANED (0.84s)
  Cleaned: fluent-uri-rs
  [CLEAN+BUILD] fluent-uri-rs ... OK+CLEANED (2.70s)
  Cleaned: bench
  [CLEAN+BUILD] bench ... OK+CLEANED (0.42s)
  Cleaned: fuzz
  [CLEAN+BUILD] fuzz ... OK+CLEANED (0.18s)
  Cleaned: flume
  [CLEAN+BUILD] flume ... OK+CLEANED (9.19s)
  Cleaned: foldhash
  [CLEAN+BUILD] foldhash ... OK+CLEANED (7.82s)
  Cleaned: foreign-types
  [CLEAN+BUILD] foreign-types ... OK+CLEANED (3.06s)
  Cleaned: foreign-types
  [CLEAN+BUILD] foreign-types ... OK+CLEANED (2.91s)
  Cleaned: foreign-types-macros
  [CLEAN+BUILD] foreign-types-macros ... OK+CLEANED (2.30s)
  Cleaned: foreign-types-shared
  [CLEAN+BUILD] foreign-types-shared ... OK+CLEANED (0.14s)
  Cleaned: formats
  [CLEAN+BUILD] formats ... OK+CLEANED (71.70s)
  Cleaned: base16ct
  [CLEAN+BUILD] base16ct ... OK+CLEANED (0.40s)
  Cleaned: base32ct
  [CLEAN+BUILD] base32ct ... OK+CLEANED (8.57s)
  Cleaned: base64ct
  [CLEAN+BUILD] base64ct ... OK+CLEANED (9.00s)
  Cleaned: cmpv2
  [CLEAN+BUILD] cmpv2 ... OK+CLEANED (25.79s)
  Cleaned: cms
  [CLEAN+BUILD] cms ... OK+CLEANED (20.33s)
  Cleaned: const-oid
  [CLEAN+BUILD] const-oid ... OK+CLEANED (11.30s)
  Cleaned: crmf
  [CLEAN+BUILD] crmf ... OK+CLEANED (17.42s)
  Cleaned: der
  [CLEAN+BUILD] der ... OK+CLEANED (11.03s)
  Cleaned: der_derive
  [CLEAN+BUILD] der_derive ... OK+CLEANED (3.22s)
  Cleaned: gss-api
  [CLEAN+BUILD] gss-api ... OK+CLEANED (9.24s)
  Cleaned: mcf
  [CLEAN+BUILD] mcf ... OK+CLEANED (0.66s)
  Cleaned: pem-rfc7468
  [CLEAN+BUILD] pem-rfc7468 ... OK+CLEANED (0.65s)
  Cleaned: pkcs1
  [CLEAN+BUILD] pkcs1 ... OK+CLEANED (3.77s)
  Cleaned: pkcs12
  [CLEAN+BUILD] pkcs12 ... OK+CLEANED (13.86s)
  Cleaned: pkcs5
  [CLEAN+BUILD] pkcs5 ... OK+CLEANED (2.21s)
  Cleaned: pkcs8
  [CLEAN+BUILD] pkcs8 ... OK+CLEANED (2.76s)
  Cleaned: sec1
  [CLEAN+BUILD] sec1 ... OK+CLEANED (2.74s)
  Cleaned: serdect
  [CLEAN+BUILD] serdect ... OK+CLEANED (16.36s)
  Cleaned: spki
  [CLEAN+BUILD] spki ... OK+CLEANED (2.61s)
  Cleaned: tai64
  [CLEAN+BUILD] tai64 ... OK+CLEANED (0.22s)
  Cleaned: tls_codec
  [CLEAN+BUILD] tls_codec ... OK+CLEANED (18.13s)
  Cleaned: x509-cert
  [CLEAN+BUILD] x509-cert ... OK+CLEANED (18.42s)
  Cleaned: x509-ocsp
  [CLEAN+BUILD] x509-ocsp ... OK+CLEANED (15.50s)
  Cleaned: x509-tsp
  [CLEAN+BUILD] x509-tsp ... OK+CLEANED (16.43s)
  Cleaned: fraction
  [CLEAN+BUILD] fraction ... OK+CLEANED (10.52s)
  Cleaned: fragile
  [CLEAN+BUILD] fragile ... OK+CLEANED (4.18s)
  Cleaned: fs-err
  [CLEAN+BUILD] fs-err ... OK+CLEANED (2.30s)
  Cleaned: fs2-rs
  [CLEAN+BUILD] fs2-rs ... FAILED: Build failed (see rusticate-mirify.errs) (1.13s)
  Cleaned: fs4-rs
  [CLEAN+BUILD] fs4-rs ... FAILED: Build failed (see rusticate-mirify.errs) (6.82s)
  Cleaned: fs_extra
  [CLEAN+BUILD] fs_extra ... OK+CLEANED (1.14s)
  Cleaned: fsevent-rust
  [CLEAN+BUILD] fsevent-rust ... FAILED: Build failed (see rusticate-mirify.errs) (2.97s)
  Cleaned: fsevent-sys
  [CLEAN+BUILD] fsevent-sys ... OK+CLEANED (0.99s)
  Cleaned: fslock
  [CLEAN+BUILD] fslock ... OK+CLEANED (1.29s)
  Cleaned: fst
  [CLEAN+BUILD] fst ... OK+CLEANED (3.25s)
  Cleaned: bench
  [CLEAN+BUILD] bench ... OK+CLEANED (9.50s)
  Cleaned: fst-bin
  [CLEAN+BUILD] fst-bin ... OK+CLEANED (6.44s)
  Cleaned: fst-levenshtein
  [CLEAN+BUILD] fst-levenshtein ... OK+CLEANED (1.65s)
  Cleaned: fst-regex
  [CLEAN+BUILD] fst-regex ... OK+CLEANED (0.82s)
  Cleaned: futf
  [CLEAN+BUILD] futf ... FAILED: Build failed (see rusticate-mirify.errs) (0.25s)
  Cleaned: futures-intrusive
  [CLEAN+BUILD] futures-intrusive ... OK+CLEANED (15.36s)
  Cleaned: futures-lite
  [CLEAN+BUILD] futures-lite ... OK+CLEANED (1.22s)
  Cleaned: futures-rs
  [CLEAN+BUILD] futures-rs ... FAILED: Build failed (see rusticate-mirify.errs) (12.50s)
  Cleaned: futures
  [CLEAN+BUILD] futures ... FAILED: Build failed (see rusticate-mirify.errs) (10.55s)
  Cleaned: futures-channel
  [CLEAN+BUILD] futures-channel ... OK+CLEANED (9.53s)
  Cleaned: futures-core
  [CLEAN+BUILD] futures-core ... OK+CLEANED (6.18s)
  Cleaned: futures-executor
  [CLEAN+BUILD] futures-executor ... OK+CLEANED (5.88s)
  Cleaned: futures-io
  [CLEAN+BUILD] futures-io ... OK+CLEANED (0.18s)
  Cleaned: futures-macro
  [CLEAN+BUILD] futures-macro ... OK+CLEANED (2.64s)
  Cleaned: futures-sink
  [CLEAN+BUILD] futures-sink ... OK+CLEANED (0.23s)
  Cleaned: futures-task
  [CLEAN+BUILD] futures-task ... OK+CLEANED (6.86s)
  Cleaned: futures-test
  [CLEAN+BUILD] futures-test ... OK+CLEANED (4.96s)
  Cleaned: futures-util
  [CLEAN+BUILD] futures-util ... OK+CLEANED (10.17s)
  Cleaned: futures-rustls
  [CLEAN+BUILD] futures-rustls ... OK+CLEANED (17.88s)
  Cleaned: futures-timer
  [CLEAN+BUILD] futures-timer ... OK+CLEANED (6.96s)
  Cleaned: fxhash
  [CLEAN+BUILD] fxhash ... OK+CLEANED (0.41s)
  Cleaned: gcc-rs
  [CLEAN+BUILD] gcc-rs ... FAILED: Build failed (see rusticate-mirify.errs) (1.50s)
  Cleaned: find-msvc-tools
  [CLEAN+BUILD] find-msvc-tools ... OK+CLEANED (0.21s)
  Cleaned: generator-rs
  [CLEAN+BUILD] generator-rs ... OK+CLEANED (2.18s)
  Cleaned: api_gen
  [CLEAN+BUILD] api_gen ... OK+CLEANED (9.41s)
  Cleaned: generic-array
  [CLEAN+BUILD] generic-array ... FAILED: Build failed (see rusticate-mirify.errs) (43.75s)
  Cleaned: getopts
  [CLEAN+BUILD] getopts ... OK+CLEANED (4.61s)
  Cleaned: getrandom
  [CLEAN+BUILD] getrandom ... OK+CLEANED (2.51s)
  Cleaned: nopanic_check
  [CLEAN+BUILD] nopanic_check ... OK+CLEANED (0.89s)
  Cleaned: getset
  [CLEAN+BUILD] getset ... OK+CLEANED (2.63s)
  Cleaned: ghost
  [CLEAN+BUILD] ghost ... OK+CLEANED (5.26s)
  Cleaned: gimli
  [CLEAN+BUILD] gimli ... OK+CLEANED (14.34s)
  Cleaned: fuzz
  [CLEAN+BUILD] fuzz ... OK+CLEANED (13.80s)
  Cleaned: git2-rs
  [CLEAN+BUILD] git2-rs ... OK+CLEANED (12.57s)
  Cleaned: git2-curl
  [CLEAN+BUILD] git2-curl ... FAILED: Build failed (see rusticate-mirify.errs) (7.26s)
  Cleaned: libgit2-sys
  [CLEAN+BUILD] libgit2-sys ... OK+CLEANED (6.47s)
  Cleaned: systest
  [CLEAN+BUILD] systest ... FAILED: Build failed (see rusticate-mirify.errs) (2.33s)
  Cleaned: gitoxide
  [CLEAN+BUILD] gitoxide ... FAILED: Build failed (see rusticate-mirify.errs) (10.98s)
  Cleaned: gitoxide-core
  [CLEAN+BUILD] gitoxide-core ... OK+CLEANED (0.31s)
  Cleaned: gix
  [CLEAN+BUILD] gix ... FAILED: Build failed (see rusticate-mirify.errs) (29.26s)
  Cleaned: gix-actor
  [CLEAN+BUILD] gix-actor ... OK+CLEANED (13.03s)
  Cleaned: gix-archive
  [CLEAN+BUILD] gix-archive ... OK+CLEANED (12.68s)
  Cleaned: gix-attributes
  [CLEAN+BUILD] gix-attributes ... OK+CLEANED (10.95s)
  Cleaned: gix-bitmap
  [CLEAN+BUILD] gix-bitmap ... OK+CLEANED (11.18s)
  Cleaned: gix-blame
  [CLEAN+BUILD] gix-blame ... OK+CLEANED (12.40s)
  Cleaned: gix-chunk
  [CLEAN+BUILD] gix-chunk ... OK+CLEANED (0.26s)
  Cleaned: gix-command
  [CLEAN+BUILD] gix-command ... OK+CLEANED (12.05s)
  Cleaned: gix-commitgraph
  [CLEAN+BUILD] gix-commitgraph ... OK+CLEANED (11.71s)
  Cleaned: gix-config
  [CLEAN+BUILD] gix-config ... OK+CLEANED (16.25s)
  Cleaned: gix-config-value
  [CLEAN+BUILD] gix-config-value ... OK+CLEANED (3.55s)
  Cleaned: gix-credentials
  [CLEAN+BUILD] gix-credentials ... OK+CLEANED (12.01s)
  Cleaned: gix-date
  [CLEAN+BUILD] gix-date ... OK+CLEANED (12.08s)
  Cleaned: gix-diff
  [CLEAN+BUILD] gix-diff ... OK+CLEANED (9.87s)
  Cleaned: gix-dir
  [CLEAN+BUILD] gix-dir ... OK+CLEANED (13.95s)
  Cleaned: gix-discover
  [CLEAN+BUILD] gix-discover ... OK+CLEANED (17.11s)
  Cleaned: gix-features
  [CLEAN+BUILD] gix-features ... OK+CLEANED (1.45s)
  Cleaned: gix-fetchhead
  [CLEAN+BUILD] gix-fetchhead ... OK+CLEANED (0.30s)
  Cleaned: gix-filter
  [CLEAN+BUILD] gix-filter ... OK+CLEANED (15.45s)
  Cleaned: gix-fs
  [CLEAN+BUILD] gix-fs ... OK+CLEANED (4.21s)
  Cleaned: gix-fsck
  [CLEAN+BUILD] gix-fsck ... OK+CLEANED (16.83s)
  Cleaned: gix-glob
  [CLEAN+BUILD] gix-glob ... OK+CLEANED (18.00s)
  Cleaned: gix-hash
  [CLEAN+BUILD] gix-hash ... OK+CLEANED (13.09s)
  Cleaned: gix-hashtable
  [CLEAN+BUILD] gix-hashtable ... OK+CLEANED (3.55s)
  Cleaned: gix-ignore
  [CLEAN+BUILD] gix-ignore ... OK+CLEANED (12.21s)
  Cleaned: gix-index
  [CLEAN+BUILD] gix-index ... OK+CLEANED (12.77s)
  Cleaned: gix-lfs
  [CLEAN+BUILD] gix-lfs ... OK+CLEANED (0.29s)
  Cleaned: gix-lock
  [CLEAN+BUILD] gix-lock ... OK+CLEANED (3.92s)
  Cleaned: gix-macros
  [CLEAN+BUILD] gix-macros ... OK+CLEANED (6.08s)
  Cleaned: gix-mailmap
  [CLEAN+BUILD] gix-mailmap ... OK+CLEANED (12.13s)
  Cleaned: gix-merge
  [CLEAN+BUILD] gix-merge ... OK+CLEANED (15.19s)
  Cleaned: gix-negotiate
  [CLEAN+BUILD] gix-negotiate ... OK+CLEANED (15.22s)
  Cleaned: gix-note
  [CLEAN+BUILD] gix-note ... OK+CLEANED (0.32s)
  Cleaned: gix-object
  [CLEAN+BUILD] gix-object ... OK+CLEANED (23.19s)
  Cleaned: gix-odb
  [CLEAN+BUILD] gix-odb ... OK+CLEANED (12.28s)
  Cleaned: gix-pack
  [CLEAN+BUILD] gix-pack ... OK+CLEANED (16.78s)
  Cleaned: gix-packetline
  [CLEAN+BUILD] gix-packetline ... OK+CLEANED (14.84s)
  Cleaned: gix-path
  [CLEAN+BUILD] gix-path ... OK+CLEANED (15.78s)
  Cleaned: gix-pathspec
  [CLEAN+BUILD] gix-pathspec ... OK+CLEANED (17.08s)
  Cleaned: gix-prompt
  [CLEAN+BUILD] gix-prompt ... OK+CLEANED (18.45s)
  Cleaned: gix-protocol
  [CLEAN+BUILD] gix-protocol ... OK+CLEANED (16.93s)
  Cleaned: gix-quote
  [CLEAN+BUILD] gix-quote ... OK+CLEANED (3.66s)
  Cleaned: gix-rebase
  [CLEAN+BUILD] gix-rebase ... OK+CLEANED (0.30s)
  Cleaned: gix-ref
  [CLEAN+BUILD] gix-ref ... OK+CLEANED (18.02s)
  Cleaned: gix-refspec
  [CLEAN+BUILD] gix-refspec ... OK+CLEANED (17.15s)
  Cleaned: gix-revision
  [CLEAN+BUILD] gix-revision ... OK+CLEANED (17.29s)
  Cleaned: gix-revwalk
  [CLEAN+BUILD] gix-revwalk ... OK+CLEANED (17.29s)
  Cleaned: gix-sec
  [CLEAN+BUILD] gix-sec ... OK+CLEANED (2.01s)
  Cleaned: gix-sequencer
  [CLEAN+BUILD] gix-sequencer ... OK+CLEANED (0.30s)
  Cleaned: gix-shallow
  [CLEAN+BUILD] gix-shallow ... OK+CLEANED (0.26s)
  Cleaned: gix-status
  [CLEAN+BUILD] gix-status ... OK+CLEANED (11.67s)
  Cleaned: gix-submodule
  [CLEAN+BUILD] gix-submodule ... OK+CLEANED (21.76s)
  Cleaned: gix-tempfile
  [CLEAN+BUILD] gix-tempfile ... OK+CLEANED (5.44s)
  Cleaned: gix-tix
  [CLEAN+BUILD] gix-tix ... OK+CLEANED (0.33s)
  Cleaned: gix-trace
  [CLEAN+BUILD] gix-trace ... OK+CLEANED (0.41s)
  Cleaned: gix-transport
  [CLEAN+BUILD] gix-transport ... OK+CLEANED (14.92s)
  Cleaned: gix-traverse
  [CLEAN+BUILD] gix-traverse ... OK+CLEANED (9.96s)
  Cleaned: gix-tui
  [CLEAN+BUILD] gix-tui ... OK+CLEANED (0.34s)
  Cleaned: gix-url
  [CLEAN+BUILD] gix-url ... OK+CLEANED (18.46s)
  Cleaned: gix-utils
  [CLEAN+BUILD] gix-utils ... OK+CLEANED (1.23s)
  Cleaned: gix-validate
  [CLEAN+BUILD] gix-validate ... OK+CLEANED (16.00s)
  Cleaned: gix-worktree
  [CLEAN+BUILD] gix-worktree ... OK+CLEANED (13.23s)
  Cleaned: gix-worktree-state
  [CLEAN+BUILD] gix-worktree-state ... OK+CLEANED (12.42s)
  Cleaned: gix-worktree-stream
  [CLEAN+BUILD] gix-worktree-stream ... OK+CLEANED (18.68s)
  Cleaned: gl-rs
  [CLEAN+BUILD] gl-rs ... FAILED: Build failed (see rusticate-mirify.errs) (1.47s)
  Cleaned: gl
  [CLEAN+BUILD] gl ... FAILED: Build failed (see rusticate-mirify.errs) (3.44s)
  Cleaned: gl_generator
  [CLEAN+BUILD] gl_generator ... FAILED: Build failed (see rusticate-mirify.errs) (0.68s)
  Cleaned: khronos_api
  [CLEAN+BUILD] khronos_api ... FAILED: Build failed (see rusticate-mirify.errs) (0.32s)
  [CLEAN+BUILD] glam-rs ... FAILED: Cargo clean failed:
error: failed to load manifest for workspace member `/home/milnes/projects/RustCodebases/glam-rs/codegen`
referenced by workspace at `/home/milnes/projects/RustCodebases/glam-rs/Cargo.toml`

Caused by:
  failed to read `/home/milnes/projects/RustCodebases/glam-rs/codegen/Cargo.toml`

Caused by:
  No such file or directory (os error 2)
 (0.05s)
  [CLEAN+BUILD] swizzlegen ... FAILED: Cargo clean failed:
error: failed to load manifest for workspace member `/home/milnes/projects/RustCodebases/glam-rs/codegen`
referenced by workspace at `/home/milnes/projects/RustCodebases/glam-rs/Cargo.toml`

Caused by:
  failed to read `/home/milnes/projects/RustCodebases/glam-rs/codegen/Cargo.toml`

Caused by:
  No such file or directory (os error 2)
 (0.04s)
  [CLEAN+BUILD] test_no_std ... FAILED: Cargo clean failed:
error: failed to load manifest for workspace member `/home/milnes/projects/RustCodebases/glam-rs/codegen`
referenced by workspace at `/home/milnes/projects/RustCodebases/glam-rs/Cargo.toml`

Caused by:
  failed to read `/home/milnes/projects/RustCodebases/glam-rs/codegen/Cargo.toml`

Caused by:
  No such file or directory (os error 2)
 (0.05s)
  Cleaned: glob
  [CLEAN+BUILD] glob ... OK+CLEANED (2.31s)
  Cleaned: globwalk
  [CLEAN+BUILD] globwalk ... OK+CLEANED (7.50s)
  Cleaned: gloo
  [CLEAN+BUILD] gloo ... OK+CLEANED (15.37s)
  Cleaned: glow
  [CLEAN+BUILD] glow ... OK+CLEANED (1.64s)
  Cleaned: glutin
  [CLEAN+BUILD] glutin ... OK+CLEANED (24.87s)
  Cleaned: glutin
  [CLEAN+BUILD] glutin ... OK+CLEANED (4.74s)
  Cleaned: glutin-winit
  [CLEAN+BUILD] glutin-winit ... OK+CLEANED (21.78s)
  Cleaned: glutin_egl_sys
  [CLEAN+BUILD] glutin_egl_sys ... OK+CLEANED (1.60s)
  Cleaned: glutin_examples
  [CLEAN+BUILD] glutin_examples ... OK+CLEANED (19.59s)
  Cleaned: glutin_glx_sys
  [CLEAN+BUILD] glutin_glx_sys ... OK+CLEANED (3.33s)
  Cleaned: glutin_wgl_sys
  [CLEAN+BUILD] glutin_wgl_sys ... OK+CLEANED (1.56s)
  Cleaned: goblin
  [CLEAN+BUILD] goblin ... OK+CLEANED (8.00s)
  Cleaned: fuzz
  [CLEAN+BUILD] fuzz ... OK+CLEANED (13.90s)
  Cleaned: fuzz-afl
  [CLEAN+BUILD] fuzz-afl ... OK+CLEANED (6.73s)
  Cleaned: governor
  [CLEAN+BUILD] governor ... OK+CLEANED (11.75s)
  Cleaned: governor
  [CLEAN+BUILD] governor ... OK+CLEANED (11.36s)
  Cleaned: graphql-client
  [CLEAN+BUILD] graphql-client ... FAILED: Build failed (see rusticate-mirify.errs) (5.26s)
  Cleaned: graphql-introspection-query
  [CLEAN+BUILD] graphql-introspection-query ... OK+CLEANED (6.64s)
  Cleaned: graphql_client
  [CLEAN+BUILD] graphql_client ... OK+CLEANED (14.63s)
  Cleaned: graphql_client_cli
  [CLEAN+BUILD] graphql_client_cli ... FAILED: Build failed (see rusticate-mirify.errs) (5.38s)
  Cleaned: graphql_client_codegen
  [CLEAN+BUILD] graphql_client_codegen ... OK+CLEANED (13.10s)
  Cleaned: graphql_query_derive
  [CLEAN+BUILD] graphql_query_derive ... OK+CLEANED (13.48s)
  Cleaned: graphql-parser
  [CLEAN+BUILD] graphql-parser ... OK+CLEANED (8.35s)
  Cleaned: group
  [CLEAN+BUILD] group ... FAILED: Build failed (see rusticate-mirify.errs) (1.19s)
  Cleaned: gtk-rs-core
  [CLEAN+BUILD] gtk-rs-core ... FAILED: Build failed (see rusticate-mirify.errs) (19.94s)
  Cleaned: cairo
  [CLEAN+BUILD] cairo ... FAILED: Build failed (see rusticate-mirify.errs) (4.54s)
  Cleaned: examples
  [CLEAN+BUILD] examples ... OK+CLEANED (28.05s)
  Cleaned: gdk-pixbuf
  [CLEAN+BUILD] gdk-pixbuf ... FAILED: Build failed (see rusticate-mirify.errs) (3.92s)
  Cleaned: gio
  [CLEAN+BUILD] gio ... OK+CLEANED (27.59s)
  Cleaned: gio-unix
  [CLEAN+BUILD] gio-unix ... OK+CLEANED (24.04s)
  Cleaned: gio-win32
  [CLEAN+BUILD] gio-win32 ... FAILED: Build failed (see rusticate-mirify.errs) (4.75s)
  Cleaned: glib
  [CLEAN+BUILD] glib ... OK+CLEANED (18.94s)
  Cleaned: glib-build-tools
  [CLEAN+BUILD] glib-build-tools ... OK+CLEANED (21.88s)
  Cleaned: glib-macros
  [CLEAN+BUILD] glib-macros ... OK+CLEANED (14.51s)
  Cleaned: glib-unix
  [CLEAN+BUILD] glib-unix ... OK+CLEANED (11.63s)
  Cleaned: glib-win32
  [CLEAN+BUILD] glib-win32 ... OK+CLEANED (13.11s)
  Cleaned: graphene
  [CLEAN+BUILD] graphene ... FAILED: Build failed (see rusticate-mirify.errs) (4.20s)
  Cleaned: pango
  [CLEAN+BUILD] pango ... FAILED: Build failed (see rusticate-mirify.errs) (4.08s)
  Cleaned: pangocairo
  [CLEAN+BUILD] pangocairo ... FAILED: Build failed (see rusticate-mirify.errs) (3.81s)
  Cleaned: gzip-header
  [CLEAN+BUILD] gzip-header ... OK+CLEANED (0.44s)
  Cleaned: h2
  [CLEAN+BUILD] h2 ... OK+CLEANED (17.54s)
  Cleaned: fuzz
  [CLEAN+BUILD] fuzz ... OK+CLEANED (0.15s)
  Cleaned: half-rs
  [CLEAN+BUILD] half-rs ... OK+CLEANED (9.73s)
  Cleaned: handlebars-rust
  [CLEAN+BUILD] handlebars-rust ... OK+CLEANED (16.98s)
  Cleaned: playground
  [CLEAN+BUILD] playground ... OK+CLEANED (8.90s)
  Cleaned: hash32
  [CLEAN+BUILD] hash32 ... OK+CLEANED (0.21s)
  Cleaned: hashbrown
  [CLEAN+BUILD] hashbrown ... OK+CLEANED (3.72s)
  Cleaned: hashes
  [CLEAN+BUILD] hashes ... OK+CLEANED (9.43s)
  Cleaned: ascon-hash
  [CLEAN+BUILD] ascon-hash ... OK+CLEANED (2.64s)
  Cleaned: bash-hash
  [CLEAN+BUILD] bash-hash ... OK+CLEANED (2.45s)
  Cleaned: belt-hash
  [CLEAN+BUILD] belt-hash ... OK+CLEANED (2.71s)
  Cleaned: benches
  [CLEAN+BUILD] benches ... FAILED: Build failed (see rusticate-mirify.errs) (0.47s)
  Cleaned: blake2
  [CLEAN+BUILD] blake2 ... OK+CLEANED (3.73s)
  Cleaned: fsb
  [CLEAN+BUILD] fsb ... OK+CLEANED (3.77s)
  Cleaned: gost94
  [CLEAN+BUILD] gost94 ... OK+CLEANED (3.03s)
  Cleaned: groestl
  [CLEAN+BUILD] groestl ... OK+CLEANED (3.67s)
  Cleaned: jh
  [CLEAN+BUILD] jh ... OK+CLEANED (3.91s)
  Cleaned: k12
  [CLEAN+BUILD] k12 ... OK+CLEANED (3.31s)
  Cleaned: kupyna
  [CLEAN+BUILD] kupyna ... OK+CLEANED (5.27s)
  Cleaned: md2
  [CLEAN+BUILD] md2 ... OK+CLEANED (2.81s)
  Cleaned: md4
  [CLEAN+BUILD] md4 ... OK+CLEANED (2.68s)
  Cleaned: md5
  [CLEAN+BUILD] md5 ... OK+CLEANED (2.61s)
  Cleaned: ripemd
  [CLEAN+BUILD] ripemd ... OK+CLEANED (4.40s)
  Cleaned: sha1
  [CLEAN+BUILD] sha1 ... OK+CLEANED (3.30s)
  Cleaned: sha1-checked
  [CLEAN+BUILD] sha1-checked ... OK+CLEANED (3.53s)
  Cleaned: sha2
  [CLEAN+BUILD] sha2 ... OK+CLEANED (4.34s)
  Cleaned: sha3
  [CLEAN+BUILD] sha3 ... OK+CLEANED (5.08s)
  Cleaned: shabal
  [CLEAN+BUILD] shabal ... OK+CLEANED (3.87s)
  Cleaned: skein
  [CLEAN+BUILD] skein ... OK+CLEANED (3.28s)
  Cleaned: sm3
  [CLEAN+BUILD] sm3 ... OK+CLEANED (2.66s)
  Cleaned: streebog
  [CLEAN+BUILD] streebog ... OK+CLEANED (2.75s)
  Cleaned: tiger
  [CLEAN+BUILD] tiger ... OK+CLEANED (2.70s)
  Cleaned: whirlpool
  [CLEAN+BUILD] whirlpool ... OK+CLEANED (2.64s)
  Cleaned: hashlink
  [CLEAN+BUILD] hashlink ... OK+CLEANED (2.71s)
  Cleaned: headers
  [CLEAN+BUILD] headers ... OK+CLEANED (2.10s)
  Cleaned: headers-core
  [CLEAN+BUILD] headers-core ... OK+CLEANED (1.01s)
  [CLEAN+BUILD] headers-derive ... FAILED: Cargo clean failed:
error: current package believes it's in a workspace when it's not:
current:   /home/milnes/projects/RustCodebases/headers/headers-derive/Cargo.toml
workspace: /home/milnes/projects/RustCodebases/headers/Cargo.toml

this may be fixable by adding `headers-derive` to the `workspace.members` array of the manifest located at: /home/milnes/projects/RustCodebases/headers/Cargo.toml
Alternatively, to keep it out of the workspace, add the package to the `workspace.exclude` array, or add an empty `[workspace]` table to the package's manifest.
 (0.04s)
  Cleaned: heapless
  [CLEAN+BUILD] heapless ... OK+CLEANED (2.41s)
  Cleaned: cfail
  [CLEAN+BUILD] cfail ... OK+CLEANED (5.68s)
  Cleaned: heck
  [CLEAN+BUILD] heck ... OK+CLEANED (0.34s)
  Cleaned: hermit-rs
  [CLEAN+BUILD] hermit-rs ... FAILED: Build failed (see rusticate-mirify.errs) (33.88s)
  Cleaned: hermit
  [CLEAN+BUILD] hermit ... OK+CLEANED (7.01s)
  Cleaned: hermit-abi
  [CLEAN+BUILD] hermit-abi ... OK+CLEANED (0.27s)
  Cleaned: hex-conservative
  [CLEAN+BUILD] hex-conservative ... OK+CLEANED (5.05s)
  Cleaned: fuzz
  [CLEAN+BUILD] fuzz ... OK+CLEANED (0.51s)
  Cleaned: hickory-dns
  [CLEAN+BUILD] hickory-dns ... OK+CLEANED (29.09s)
  Cleaned: bin
  [CLEAN+BUILD] bin ... OK+CLEANED (24.62s)
  Cleaned: conformance
  [CLEAN+BUILD] conformance ... OK+CLEANED (28.25s)
  Cleaned: fuzz
  [CLEAN+BUILD] fuzz ... OK+CLEANED (0.22s)
  Cleaned: util
  [CLEAN+BUILD] util ... OK+CLEANED (15.40s)
  Cleaned: hostname
  [CLEAN+BUILD] hostname ... OK+CLEANED (11.56s)
  Cleaned: html-escape
  [CLEAN+BUILD] html-escape ... OK+CLEANED (0.76s)
  Cleaned: html5ever
  [CLEAN+BUILD] html5ever ... OK+CLEANED (9.67s)
  Cleaned: html5ever
  [CLEAN+BUILD] html5ever ... OK+CLEANED (9.14s)
  Cleaned: markup5ever
  [CLEAN+BUILD] markup5ever ... OK+CLEANED (2.22s)
  Cleaned: rcdom
  [CLEAN+BUILD] rcdom ... OK+CLEANED (5.93s)
  Cleaned: tendril
  [CLEAN+BUILD] tendril ... OK+CLEANED (8.65s)
  Cleaned: web_atoms
  [CLEAN+BUILD] web_atoms ... OK+CLEANED (2.01s)
  Cleaned: xml5ever
  [CLEAN+BUILD] xml5ever ... OK+CLEANED (8.39s)
  Cleaned: http
  [CLEAN+BUILD] http ... OK+CLEANED (5.17s)
  [CLEAN+BUILD] benches ... FAILED: Cargo clean failed:
error: current package believes it's in a workspace when it's not:
current:   /home/milnes/projects/RustCodebases/http/benches/Cargo.toml
workspace: /home/milnes/projects/RustCodebases/http/Cargo.toml

this may be fixable by adding `benches` to the `workspace.members` array of the manifest located at: /home/milnes/projects/RustCodebases/http/Cargo.toml
Alternatively, to keep it out of the workspace, add the package to the `workspace.exclude` array, or add an empty `[workspace]` table to the package's manifest.
 (0.05s)
  Cleaned: fuzz
  [CLEAN+BUILD] fuzz ... OK+CLEANED (8.29s)
  [CLEAN+BUILD] util ... FAILED: Cargo clean failed:
error: current package believes it's in a workspace when it's not:
current:   /home/milnes/projects/RustCodebases/http/util/Cargo.toml
workspace: /home/milnes/projects/RustCodebases/http/Cargo.toml

this may be fixable by adding `util` to the `workspace.members` array of the manifest located at: /home/milnes/projects/RustCodebases/http/Cargo.toml
Alternatively, to keep it out of the workspace, add the package to the `workspace.exclude` array, or add an empty `[workspace]` table to the package's manifest.
 (0.05s)
  Cleaned: http-body
  [CLEAN+BUILD] http-body ... OK+CLEANED (5.89s)
  Cleaned: http-body
  [CLEAN+BUILD] http-body ... OK+CLEANED (1.17s)
  Cleaned: http-body-util
  [CLEAN+BUILD] http-body-util ... OK+CLEANED (6.08s)
  Cleaned: http-types
  [CLEAN+BUILD] http-types ... OK+CLEANED (14.20s)
  Cleaned: httparse
  [CLEAN+BUILD] httparse ... OK+CLEANED (9.49s)
  Cleaned: fuzz
  [CLEAN+BUILD] fuzz ... OK+CLEANED (0.17s)
  Cleaned: httpdate
  [CLEAN+BUILD] httpdate ... OK+CLEANED (8.44s)
  Cleaned: fuzz
  [CLEAN+BUILD] fuzz ... OK+CLEANED (12.40s)
  Cleaned: httpmock
  [CLEAN+BUILD] httpmock ... FAILED: Build failed (see rusticate-mirify.errs) (25.78s)
  Cleaned: tools
  [CLEAN+BUILD] tools ... FAILED: Build failed (see rusticate-mirify.errs) (25.26s)
  Cleaned: humansize
  [CLEAN+BUILD] humansize ... OK+CLEANED (0.97s)
  Cleaned: humantime
  [CLEAN+BUILD] humantime ... OK+CLEANED (2.43s)
  Cleaned: humantime-serde
  [CLEAN+BUILD] humantime-serde ... OK+CLEANED (5.81s)
  Cleaned: hyper
  [CLEAN+BUILD] hyper ... OK+CLEANED (7.53s)
  Cleaned: hyper-http-proxy
  [CLEAN+BUILD] hyper-http-proxy ... OK+CLEANED (8.26s)
  Cleaned: hyper-rustls
  [CLEAN+BUILD] hyper-rustls ... OK+CLEANED (15.79s)
  Cleaned: hyper-timeout
  [CLEAN+BUILD] hyper-timeout ... FAILED: Build failed (see rusticate-mirify.errs) (3.03s)
  Cleaned: hyper-tls
  [CLEAN+BUILD] hyper-tls ... FAILED: Build failed (see rusticate-mirify.errs) (3.17s)
  Cleaned: hyper-util
  [CLEAN+BUILD] hyper-util ... FAILED: Build failed (see rusticate-mirify.errs) (8.49s)
  Cleaned: hyperlocal
  [CLEAN+BUILD] hyperlocal ... OK+CLEANED (7.44s)
  Cleaned: iana-time-zone
  [CLEAN+BUILD] iana-time-zone ... OK+CLEANED (4.43s)
  Cleaned: api_gen
  [CLEAN+BUILD] api_gen ... OK+CLEANED (5.16s)
  Cleaned: haiku
  [CLEAN+BUILD] haiku ... OK+CLEANED (1.16s)
  Cleaned: icu4x
  [CLEAN+BUILD] icu4x ... FAILED: Build failed (see rusticate-mirify.errs) (54.83s)
  Cleaned: id-arena
  [CLEAN+BUILD] id-arena ... OK+CLEANED (0.24s)
  Cleaned: ident_case
  [CLEAN+BUILD] ident_case ... OK+CLEANED (0.20s)
  Cleaned: idna_adapter
  [CLEAN+BUILD] idna_adapter ... OK+CLEANED (3.89s)
  Cleaned: if-addrs
  [CLEAN+BUILD] if-addrs ... OK+CLEANED (0.89s)
  Cleaned: if_chain
  [CLEAN+BUILD] if_chain ... OK+CLEANED (0.16s)
  Cleaned: im-rs
  [CLEAN+BUILD] im-rs ... OK+CLEANED (8.53s)
  Cleaned: fuzz
  [CLEAN+BUILD] fuzz ... OK+CLEANED (10.28s)
  Cleaned: rc
  [CLEAN+BUILD] rc ... OK+CLEANED (8.06s)
  Cleaned: image
  [CLEAN+BUILD] image ... OK+CLEANED (16.91s)
  Cleaned: fuzz
  [CLEAN+BUILD] fuzz ... OK+CLEANED (13.74s)
  Cleaned: fuzz-afl
  [CLEAN+BUILD] fuzz-afl ... OK+CLEANED (20.73s)
  Cleaned: image-gif
  [CLEAN+BUILD] image-gif ... OK+CLEANED (7.13s)
  Cleaned: fuzz
  [CLEAN+BUILD] fuzz ... OK+CLEANED (0.14s)
  Cleaned: gif-afl
  [CLEAN+BUILD] gif-afl ... FAILED: Build failed (see rusticate-mirify.errs) (0.48s)
  Cleaned: gif-c
  [CLEAN+BUILD] gif-c ... FAILED: Build failed (see rusticate-mirify.errs) (7.18s)
  Cleaned: image-png
  [CLEAN+BUILD] image-png ... OK+CLEANED (8.03s)
  Cleaned: fuzz
  [CLEAN+BUILD] fuzz ... OK+CLEANED (9.97s)
  Cleaned: png-afl
  [CLEAN+BUILD] png-afl ... FAILED: Build failed (see rusticate-mirify.errs) (4.04s)
  Cleaned: image-tiff
  [CLEAN+BUILD] image-tiff ... OK+CLEANED (7.69s)
  Cleaned: fuzz
  [CLEAN+BUILD] fuzz ... OK+CLEANED (0.15s)
  Cleaned: image-webp
  [CLEAN+BUILD] image-webp ... OK+CLEANED (9.81s)
  Cleaned: fuzz
  [CLEAN+BUILD] fuzz ... OK+CLEANED (0.15s)
  Cleaned: imgref
  [CLEAN+BUILD] imgref ... OK+CLEANED (0.36s)
  Cleaned: impl-more
  [CLEAN+BUILD] impl-more ... OK+CLEANED (0.69s)
  Cleaned: ensure-no-std
  [CLEAN+BUILD] ensure-no-std ... FAILED: Build failed (see rusticate-mirify.errs) (0.15s)
  Cleaned: impl-trait-for-tuples
  [CLEAN+BUILD] impl-trait-for-tuples ... OK+CLEANED (7.87s)
  Cleaned: include_dir
  [CLEAN+BUILD] include_dir ... FAILED: Build failed (see rusticate-mirify.errs) (1.24s)
  Cleaned: include_dir
  [CLEAN+BUILD] include_dir ... FAILED: Build failed (see rusticate-mirify.errs) (1.26s)
  Cleaned: macros
  [CLEAN+BUILD] macros ... OK+CLEANED (0.66s)
  Cleaned: indenter
  [CLEAN+BUILD] indenter ... OK+CLEANED (0.18s)
  Cleaned: indexmap
  [CLEAN+BUILD] indexmap ... OK+CLEANED (4.91s)
  Cleaned: test-nostd
  [CLEAN+BUILD] test-nostd ... OK+CLEANED (1.62s)
  Cleaned: test-serde
  [CLEAN+BUILD] test-serde ... OK+CLEANED (3.97s)
  Cleaned: test-sval
  [CLEAN+BUILD] test-sval ... OK+CLEANED (3.44s)
  Cleaned: indicatif
  [CLEAN+BUILD] indicatif ... OK+CLEANED (5.11s)
  Cleaned: indoc
  [CLEAN+BUILD] indoc ... OK+CLEANED (4.46s)
  Cleaned: unindent
  [CLEAN+BUILD] unindent ... OK+CLEANED (0.16s)
  Cleaned: infer
  [CLEAN+BUILD] infer ... OK+CLEANED (1.90s)
  Cleaned: inferno
  [CLEAN+BUILD] inferno ... OK+CLEANED (9.21s)
  Cleaned: inflector
  [CLEAN+BUILD] inflector ... FAILED: Build failed (see rusticate-mirify.errs) (2.78s)
  Cleaned: inherent
  [CLEAN+BUILD] inherent ... OK+CLEANED (5.24s)
  Cleaned: inlinable_string
  [CLEAN+BUILD] inlinable_string ... OK+CLEANED (1.82s)
  Cleaned: inotify
  [CLEAN+BUILD] inotify ... OK+CLEANED (4.72s)
  Cleaned: inotify-sys
  [CLEAN+BUILD] inotify-sys ... OK+CLEANED (0.73s)
  Cleaned: insta
  [CLEAN+BUILD] insta ... OK+CLEANED (8.05s)
  Cleaned: cargo-insta
  [CLEAN+BUILD] cargo-insta ... OK+CLEANED (7.49s)
  Cleaned: insta
  [CLEAN+BUILD] insta ... OK+CLEANED (4.86s)
  Cleaned: instant
  [CLEAN+BUILD] instant ... OK+CLEANED (6.21s)
  Cleaned: integer-encoding-rs
  [CLEAN+BUILD] integer-encoding-rs ... OK+CLEANED (3.78s)
  Cleaned: interpolator
  [CLEAN+BUILD] interpolator ... OK+CLEANED (5.74s)
  Cleaned: assert-dbg
  [CLEAN+BUILD] assert-dbg ... OK+CLEANED (0.18s)
  Cleaned: inventory
  [CLEAN+BUILD] inventory ... OK+CLEANED (4.47s)
  Cleaned: io-lifetimes
  [CLEAN+BUILD] io-lifetimes ... OK+CLEANED (0.34s)
  Cleaned: io-uring
  [CLEAN+BUILD] io-uring ... OK+CLEANED (1.26s)
  Cleaned: io-uring-bench
  [CLEAN+BUILD] io-uring-bench ... OK+CLEANED (6.88s)
  Cleaned: io-uring-test
  [CLEAN+BUILD] io-uring-test ... OK+CLEANED (2.00s)
  Cleaned: iovec
  [CLEAN+BUILD] iovec ... OK+CLEANED (0.75s)
  Cleaned: ipconfig
  [CLEAN+BUILD] ipconfig ... FAILED: Build failed (see rusticate-mirify.errs) (0.24s)
  Cleaned: ipnet
  [CLEAN+BUILD] ipnet ... OK+CLEANED (1.93s)
  Cleaned: ipnetwork
  [CLEAN+BUILD] ipnetwork ... OK+CLEANED (6.92s)
  Cleaned: iri-string
  [CLEAN+BUILD] iri-string ... OK+CLEANED (2.71s)
  Cleaned: iri-string-benches
  [CLEAN+BUILD] iri-string-benches ... OK+CLEANED (6.64s)
  Cleaned: iri-string-tests
  [CLEAN+BUILD] iri-string-tests ... OK+CLEANED (3.89s)
  Cleaned: is-terminal
  [CLEAN+BUILD] is-terminal ... OK+CLEANED (1.24s)
  Cleaned: is_ci
  [CLEAN+BUILD] is_ci ... OK+CLEANED (0.17s)
  Cleaned: is_executable
  [CLEAN+BUILD] is_executable ... OK+CLEANED (0.23s)
  Cleaned: is_terminal_polyfill
  [CLEAN+BUILD] is_terminal_polyfill ... OK+CLEANED (0.14s)
  Cleaned: iso8601
  [CLEAN+BUILD] iso8601 ... OK+CLEANED (2.36s)
  Cleaned: fuzz
  [CLEAN+BUILD] fuzz ... OK+CLEANED (9.54s)
  Cleaned: itertools
  [CLEAN+BUILD] itertools ... OK+CLEANED (8.75s)
  Cleaned: itoa
  [CLEAN+BUILD] itoa ... OK+CLEANED (0.23s)
  Cleaned: fuzz
  [CLEAN+BUILD] fuzz ... OK+CLEANED (0.14s)
  Cleaned: jemallocator
  [CLEAN+BUILD] jemallocator ... FAILED: Build failed (see rusticate-mirify.errs) (1.25s)
  Cleaned: jemalloc-ctl
  [CLEAN+BUILD] jemalloc-ctl ... FAILED: Build failed (see rusticate-mirify.errs) (1.11s)
  Cleaned: jemalloc-sys
  [CLEAN+BUILD] jemalloc-sys ... FAILED: Build failed (see rusticate-mirify.errs) (1.16s)
  Cleaned: jemallocator
  [CLEAN+BUILD] jemallocator ... FAILED: Build failed (see rusticate-mirify.errs) (1.18s)
  Cleaned: jemallocator-global
  [CLEAN+BUILD] jemallocator-global ... FAILED: Build failed (see rusticate-mirify.errs) (1.13s)
  Cleaned: test-dylib
  [CLEAN+BUILD] test-dylib ... OK+CLEANED (0.10s)
  Cleaned: jiff
  [CLEAN+BUILD] jiff ... OK+CLEANED (15.65s)
  Cleaned: bench
  [CLEAN+BUILD] bench ... OK+CLEANED (7.36s)
  Cleaned: fuzz
  [CLEAN+BUILD] fuzz ... OK+CLEANED (0.15s)
  Cleaned: jni-rs
  [CLEAN+BUILD] jni-rs ... OK+CLEANED (9.56s)
  Cleaned: javac
  [CLEAN+BUILD] javac ... OK+CLEANED (6.15s)
  Cleaned: jni-macros
  [CLEAN+BUILD] jni-macros ... OK+CLEANED (5.93s)
  Cleaned: windows-bindings
  [CLEAN+BUILD] windows-bindings ... OK+CLEANED (4.48s)
  Cleaned: jni-sys
  [CLEAN+BUILD] jni-sys ... OK+CLEANED (5.10s)
  Cleaned: jni-sys-macros
  [CLEAN+BUILD] jni-sys-macros ... OK+CLEANED (1.87s)
  Cleaned: systest
  [CLEAN+BUILD] systest ... FAILED: Build failed (see rusticate-mirify.errs) (9.74s)
  Cleaned: jobserver-rs
  [CLEAN+BUILD] jobserver-rs ... OK+CLEANED (1.59s)
  Cleaned: jpeg-decoder
  [CLEAN+BUILD] jpeg-decoder ... FAILED: Build failed (see rusticate-mirify.errs) (0.98s)
  Cleaned: fuzz
  [CLEAN+BUILD] fuzz ... FAILED: Build failed (see rusticate-mirify.errs) (5.41s)
  Cleaned: fuzz-afl
  [CLEAN+BUILD] fuzz-afl ... FAILED: Build failed (see rusticate-mirify.errs) (0.30s)
  Cleaned: json
  [CLEAN+BUILD] json ... OK+CLEANED (6.62s)
  Cleaned: fuzz
  [CLEAN+BUILD] fuzz ... OK+CLEANED (0.13s)
  Cleaned: json-patch
  [CLEAN+BUILD] json-patch ... OK+CLEANED (8.19s)
  Cleaned: json-rust
  [CLEAN+BUILD] json-rust ... OK+CLEANED (0.59s)
  Cleaned: json5-rs
  [CLEAN+BUILD] json5-rs ... OK+CLEANED (7.75s)
  Cleaned: jsonpath-rust
  [CLEAN+BUILD] jsonpath-rust ... OK+CLEANED (8.98s)
  Cleaned: jsonpath-ast
  [CLEAN+BUILD] jsonpath-ast ... OK+CLEANED (3.37s)
  Cleaned: jsonpath-rust-impl
  [CLEAN+BUILD] jsonpath-rust-impl ... FAILED: Build failed (see rusticate-mirify.errs) (6.35s)
  Cleaned: rfc9535
  [CLEAN+BUILD] rfc9535 ... OK+CLEANED (6.95s)
  Cleaned: jsonptr
  [CLEAN+BUILD] jsonptr ... OK+CLEANED (4.26s)
  Cleaned: jsonrpc
  [CLEAN+BUILD] jsonrpc ... FAILED: Build failed (see rusticate-mirify.errs) (4.33s)
  Cleaned: core
  [CLEAN+BUILD] core ... OK+CLEANED (4.75s)
  Cleaned: core-client
  [CLEAN+BUILD] core-client ... OK+CLEANED (6.18s)
  Cleaned: derive
  [CLEAN+BUILD] derive ... OK+CLEANED (9.16s)
  Cleaned: http
  [CLEAN+BUILD] http ... OK+CLEANED (6.69s)
  Cleaned: ipc
  [CLEAN+BUILD] ipc ... OK+CLEANED (6.35s)
  Cleaned: pubsub
  [CLEAN+BUILD] pubsub ... OK+CLEANED (6.26s)
  Cleaned: server-utils
  [CLEAN+BUILD] server-utils ... OK+CLEANED (5.43s)
  Cleaned: stdio
  [CLEAN+BUILD] stdio ... OK+CLEANED (5.32s)
  Cleaned: tcp
  [CLEAN+BUILD] tcp ... OK+CLEANED (6.10s)
  Cleaned: test
  [CLEAN+BUILD] test ... OK+CLEANED (7.37s)
  Cleaned: ws
  [CLEAN+BUILD] ws ... OK+CLEANED (7.92s)
  Cleaned: jsonrpsee
  [CLEAN+BUILD] jsonrpsee ... OK+CLEANED (31.38s)
  Cleaned: benches
  [CLEAN+BUILD] benches ... OK+CLEANED (0.27s)
  Cleaned: core
  [CLEAN+BUILD] core ... OK+CLEANED (11.17s)
  Cleaned: examples
  [CLEAN+BUILD] examples ... OK+CLEANED (0.26s)
  Cleaned: jsonrpsee
  [CLEAN+BUILD] jsonrpsee ... OK+CLEANED (0.19s)
  Cleaned: proc-macros
  [CLEAN+BUILD] proc-macros ... OK+CLEANED (17.68s)
  Cleaned: server
  [CLEAN+BUILD] server ... OK+CLEANED (18.94s)
  Cleaned: test-utils
  [CLEAN+BUILD] test-utils ... FAILED: Build failed (see rusticate-mirify.errs) (12.95s)
  Cleaned: tests
  [CLEAN+BUILD] tests ... OK+CLEANED (25.34s)
  Cleaned: types
  [CLEAN+BUILD] types ... FAILED: Build failed (see rusticate-mirify.errs) (5.41s)
  Cleaned: jsonschema
  [CLEAN+BUILD] jsonschema ... FAILED: Build failed (see rusticate-mirify.errs) (33.56s)
  Cleaned: fuzz
  [CLEAN+BUILD] fuzz ... OK+CLEANED (0.27s)
  Cleaned: profiler
  [CLEAN+BUILD] profiler ... OK+CLEANED (15.78s)
  Cleaned: jsonway
  [CLEAN+BUILD] jsonway ... FAILED: Build failed (see rusticate-mirify.errs) (2.87s)
  Cleaned: jsonwebtoken
  [CLEAN+BUILD] jsonwebtoken ... FAILED: Build failed (see rusticate-mirify.errs) (13.67s)
  Cleaned: k8s-openapi
  [CLEAN+BUILD] k8s-openapi ... FAILED: Build failed (see rusticate-mirify.errs) (2.19s)
  Cleaned: k8s-openapi-codegen
  [CLEAN+BUILD] k8s-openapi-codegen ... OK+CLEANED (13.36s)
  Cleaned: k8s-openapi-codegen-common
  [CLEAN+BUILD] k8s-openapi-codegen-common ... OK+CLEANED (0.71s)
  Cleaned: k8s-openapi-derive
  [CLEAN+BUILD] k8s-openapi-derive ... OK+CLEANED (2.12s)
  Cleaned: k8s-openapi-tests
  [CLEAN+BUILD] k8s-openapi-tests ... FAILED: Build failed (see rusticate-mirify.errs) (5.73s)
  Cleaned: k8s-openapi-tests-macro-deps
  [CLEAN+BUILD] k8s-openapi-tests-macro-deps ... FAILED: Build failed (see rusticate-mirify.errs) (2.39s)
  Cleaned: kstring
  [CLEAN+BUILD] kstring ... OK+CLEANED (14.74s)
  Cleaned: kube
  [CLEAN+BUILD] kube ... OK+CLEANED (26.42s)
  Cleaned: e2e
  [CLEAN+BUILD] e2e ... FAILED: Build failed (see rusticate-mirify.errs) (7.23s)
  Cleaned: examples
  [CLEAN+BUILD] examples ... OK+CLEANED (0.56s)
  Cleaned: kube
  [CLEAN+BUILD] kube ... OK+CLEANED (25.07s)
  Cleaned: kube-client
  [CLEAN+BUILD] kube-client ... OK+CLEANED (39.02s)
  Cleaned: kube-core
  [CLEAN+BUILD] kube-core ... OK+CLEANED (30.49s)
  Cleaned: kube-derive
  [CLEAN+BUILD] kube-derive ... OK+CLEANED (30.50s)
  Cleaned: kube-runtime
  [CLEAN+BUILD] kube-runtime ... OK+CLEANED (36.36s)
  Cleaned: kv-log-macro
  [CLEAN+BUILD] kv-log-macro ... OK+CLEANED (9.56s)
  Cleaned: lalrpop
  [CLEAN+BUILD] lalrpop ... OK+CLEANED (34.98s)
  Cleaned: lalrpop
  [CLEAN+BUILD] lalrpop ... OK+CLEANED (14.02s)
  Cleaned: lalrpop-test
  [CLEAN+BUILD] lalrpop-test ... OK+CLEANED (31.56s)
  Cleaned: lalrpop-util
  [CLEAN+BUILD] lalrpop-util ... OK+CLEANED (3.49s)
  Cleaned: lazy-regex
  [CLEAN+BUILD] lazy-regex ... OK+CLEANED (5.95s)
  Cleaned: lazy-static.rs
  [CLEAN+BUILD] lazy-static.rs ... FAILED: Build failed (see rusticate-mirify.errs) (6.54s)
  Cleaned: lazycell
  [CLEAN+BUILD] lazycell ... OK+CLEANED (0.37s)
  Cleaned: leb128
  [CLEAN+BUILD] leb128 ... OK+CLEANED (5.31s)
  Cleaned: lebe
  [CLEAN+BUILD] lebe ... OK+CLEANED (0.59s)
  Cleaned: levenshtein-rs
  [CLEAN+BUILD] levenshtein-rs ... OK+CLEANED (0.34s)
  Cleaned: libc
  [CLEAN+BUILD] libc ... OK+CLEANED (1.34s)
  Cleaned: ctest
  [CLEAN+BUILD] ctest ... OK+CLEANED (10.53s)
  Cleaned: ctest-test
  [CLEAN+BUILD] ctest-test ... OK+CLEANED (14.59s)
  Cleaned: libc-test
  [CLEAN+BUILD] libc-test ... FAILED: Build failed (see rusticate-mirify.errs) (17.04s)
  Cleaned: libflate
  [CLEAN+BUILD] libflate ... OK+CLEANED (5.39s)
  Cleaned: flate_bench
  [CLEAN+BUILD] flate_bench ... OK+CLEANED (4.96s)
  Cleaned: libflate_lz77
  [CLEAN+BUILD] libflate_lz77 ... OK+CLEANED (1.45s)
  Cleaned: libfuzzer
  [CLEAN+BUILD] libfuzzer ... OK+CLEANED (6.10s)
  Cleaned: example
  [CLEAN+BUILD] example ... OK+CLEANED (0.18s)
  Cleaned: example_arbitrary
  [CLEAN+BUILD] example_arbitrary ... OK+CLEANED (0.16s)
  Cleaned: example_crossover
  [CLEAN+BUILD] example_crossover ... OK+CLEANED (0.16s)
  Cleaned: example_init
  [CLEAN+BUILD] example_init ... OK+CLEANED (0.16s)
  [CLEAN+BUILD] example_mutator ... FAILED: Cargo clean failed:
error: current package believes it's in a workspace when it's not:
current:   /home/milnes/projects/RustCodebases/libfuzzer/example_mutator/Cargo.toml
workspace: /home/milnes/projects/RustCodebases/libfuzzer/Cargo.toml

this may be fixable by adding `example_mutator` to the `workspace.members` array of the manifest located at: /home/milnes/projects/RustCodebases/libfuzzer/Cargo.toml
Alternatively, to keep it out of the workspace, add the package to the `workspace.exclude` array, or add an empty `[workspace]` table to the package's manifest.
 (0.05s)
  Cleaned: libsecp256k1
  [CLEAN+BUILD] libsecp256k1 ... OK+CLEANED (7.94s)
  Cleaned: core
  [CLEAN+BUILD] core ... OK+CLEANED (1.23s)
  Cleaned: libtest-mimic
  [CLEAN+BUILD] libtest-mimic ... OK+CLEANED (4.47s)
  Cleaned: libz-sys
  [CLEAN+BUILD] libz-sys ... OK+CLEANED (1.28s)
  Cleaned: systest
  [CLEAN+BUILD] systest ... OK+CLEANED (10.61s)
  Cleaned: link-cplusplus
  [CLEAN+BUILD] link-cplusplus ... OK+CLEANED (1.05s)
  Cleaned: linked-hash-map
  [CLEAN+BUILD] linked-hash-map ... OK+CLEANED (2.28s)
  Cleaned: linked-hash-set
  [CLEAN+BUILD] linked-hash-set ... OK+CLEANED (2.04s)
  Cleaned: linux-raw-sys
  [CLEAN+BUILD] linux-raw-sys ... OK+CLEANED (1.02s)
  Cleaned: gen
  [CLEAN+BUILD] gen ... FAILED: Build failed (see rusticate-mirify.errs) (1.59s)
  Cleaned: litrs
  [CLEAN+BUILD] litrs ... OK+CLEANED (1.79s)
  Cleaned: local-ip-address
  [CLEAN+BUILD] local-ip-address ... OK+CLEANED (7.45s)
  Cleaned: lockfree-object-pool
  [CLEAN+BUILD] lockfree-object-pool ... OK+CLEANED (8.43s)
  Cleaned: log
  [CLEAN+BUILD] log ... OK+CLEANED (4.94s)
  Cleaned: test_max_level_features
  [CLEAN+BUILD] test_max_level_features ... OK+CLEANED (0.27s)
  Cleaned: log4rs
  [CLEAN+BUILD] log4rs ... OK+CLEANED (7.33s)
  Cleaned: logos
  [CLEAN+BUILD] logos ... OK+CLEANED (5.14s)
  [CLEAN+BUILD] fuzz ... FAILED: Cargo clean failed:
error: failed to parse manifest at `/home/milnes/projects/RustCodebases/logos/fuzz/Cargo.toml`

Caused by:
  error inheriting `edition` from workspace root manifest's `workspace.package.edition`

Caused by:
  failed to find a workspace root
 (0.04s)
  Cleaned: logos-cli
  [CLEAN+BUILD] logos-cli ... OK+CLEANED (6.99s)
  Cleaned: logos-codegen
  [CLEAN+BUILD] logos-codegen ... OK+CLEANED (7.63s)
  Cleaned: logos-derive
  [CLEAN+BUILD] logos-derive ... OK+CLEANED (3.66s)
  Cleaned: tests
  [CLEAN+BUILD] tests ... OK+CLEANED (11.29s)
  Cleaned: loom
  [CLEAN+BUILD] loom ... OK+CLEANED (5.91s)
  Cleaned: lru-cache
  [CLEAN+BUILD] lru-cache ... OK+CLEANED (0.34s)
  Cleaned: lru-rs
  [CLEAN+BUILD] lru-rs ... OK+CLEANED (1.11s)
  Cleaned: lru-slab
  [CLEAN+BUILD] lru-slab ... OK+CLEANED (0.24s)
  Cleaned: lsp-types
  [CLEAN+BUILD] lsp-types ... OK+CLEANED (10.50s)
  Cleaned: lz4-rs
  [CLEAN+BUILD] lz4-rs ... FAILED: Build failed (see rusticate-mirify.errs) (1.20s)
  Cleaned: lz4-sys
  [CLEAN+BUILD] lz4-sys ... FAILED: Build failed (see rusticate-mirify.errs) (1.06s)
  Cleaned: lz4_flex
  [CLEAN+BUILD] lz4_flex ... OK+CLEANED (25.13s)
  Cleaned: benchmarks
  [CLEAN+BUILD] benchmarks ... OK+CLEANED (0.43s)
  Cleaned: fuzz
  [CLEAN+BUILD] fuzz ... OK+CLEANED (0.14s)
  Cleaned: lz4_bin
  [CLEAN+BUILD] lz4_bin ... FAILED: Build failed (see rusticate-mirify.errs) (4.90s)
  Cleaned: miri_tests
  [CLEAN+BUILD] miri_tests ... OK+CLEANED (1.79s)
  Cleaned: lzma-rs
  [CLEAN+BUILD] lzma-rs ... FAILED: Build failed (see rusticate-mirify.errs) (0.99s)
  Cleaned: fuzz
  [CLEAN+BUILD] fuzz ... OK+CLEANED (10.85s)
  Cleaned: mach
  [CLEAN+BUILD] mach ... FAILED: Build failed (see rusticate-mirify.errs) (0.23s)
  Cleaned: mach-test
  [CLEAN+BUILD] mach-test ... FAILED: Build failed (see rusticate-mirify.errs) (2.45s)
  Cleaned: mach2
  [CLEAN+BUILD] mach2 ... FAILED: Build failed (see rusticate-mirify.errs) (0.46s)
  Cleaned: mach-test
  [CLEAN+BUILD] mach-test ... FAILED: Build failed (see rusticate-mirify.errs) (3.48s)
  Cleaned: macro_rules_attribute-rs
  [CLEAN+BUILD] macro_rules_attribute-rs ... FAILED: Build failed (see rusticate-mirify.errs) (5.50s)
  Cleaned: malloc_buf
  [CLEAN+BUILD] malloc_buf ... OK+CLEANED (1.04s)
  Cleaned: maplit
  [CLEAN+BUILD] maplit ... OK+CLEANED (0.30s)
  Cleaned: rust2015user
  [CLEAN+BUILD] rust2015user ... OK+CLEANED (0.18s)
  Cleaned: rust2018user
  [CLEAN+BUILD] rust2018user ... OK+CLEANED (0.18s)
  Cleaned: match_cfg
  [CLEAN+BUILD] match_cfg ... FAILED: Build failed (see rusticate-mirify.errs) (0.13s)
  Cleaned: matchers
  [CLEAN+BUILD] matchers ... OK+CLEANED (2.11s)
  Cleaned: matchit
  [CLEAN+BUILD] matchit ... FAILED: Build failed (see rusticate-mirify.errs) (8.51s)
  Cleaned: fuzz
  [CLEAN+BUILD] fuzz ... OK+CLEANED (0.15s)
  Cleaned: matrixmultiply
  [CLEAN+BUILD] matrixmultiply ... OK+CLEANED (0.84s)
  Cleaned: blas-bench
  [CLEAN+BUILD] blas-bench ... OK+CLEANED (1.19s)
  Cleaned: ensure_no_std
  [CLEAN+BUILD] ensure_no_std ... FAILED: Build failed (see rusticate-mirify.errs) (0.78s)
  Cleaned: maxminddb-rust
  [CLEAN+BUILD] maxminddb-rust ... OK+CLEANED (9.54s)
  Cleaned: maybe-async-rs
  [CLEAN+BUILD] maybe-async-rs ... OK+CLEANED (6.91s)
  Cleaned: maybe-rayon
  [CLEAN+BUILD] maybe-rayon ... OK+CLEANED (2.04s)
  Cleaned: maybe-uninit
  [CLEAN+BUILD] maybe-uninit ... OK+CLEANED (0.33s)
  Cleaned: md5
  [CLEAN+BUILD] md5 ... OK+CLEANED (0.23s)
  Cleaned: memchr
  [CLEAN+BUILD] memchr ... OK+CLEANED (2.46s)
  Cleaned: fuzz
  [CLEAN+BUILD] fuzz ... OK+CLEANED (0.13s)
  Cleaned: memfd-rs
  [CLEAN+BUILD] memfd-rs ... OK+CLEANED (1.34s)
  Cleaned: memmap-rs
  [CLEAN+BUILD] memmap-rs ... OK+CLEANED (1.22s)
  Cleaned: memmap2-rs
  [CLEAN+BUILD] memmap2-rs ... OK+CLEANED (1.73s)
  Cleaned: memoffset
  [CLEAN+BUILD] memoffset ... OK+CLEANED (0.51s)
  Cleaned: merlin
  [CLEAN+BUILD] merlin ... OK+CLEANED (4.45s)
  Cleaned: metrics
  [CLEAN+BUILD] metrics ... FAILED: Build failed (see rusticate-mirify.errs) (23.00s)
  Cleaned: metrics
  [CLEAN+BUILD] metrics ... OK+CLEANED (8.33s)
  Cleaned: metrics-benchmark
  [CLEAN+BUILD] metrics-benchmark ... OK+CLEANED (3.71s)
  Cleaned: metrics-exporter-dogstatsd
  [CLEAN+BUILD] metrics-exporter-dogstatsd ... OK+CLEANED (5.84s)
  Cleaned: metrics-exporter-prometheus
  [CLEAN+BUILD] metrics-exporter-prometheus ... OK+CLEANED (17.68s)
  Cleaned: metrics-exporter-tcp
  [CLEAN+BUILD] metrics-exporter-tcp ... FAILED: Build failed (see rusticate-mirify.errs) (6.76s)
  Cleaned: metrics-observer
  [CLEAN+BUILD] metrics-observer ... FAILED: Build failed (see rusticate-mirify.errs) (7.80s)
  Cleaned: metrics-tracing-context
  [CLEAN+BUILD] metrics-tracing-context ... OK+CLEANED (8.44s)
  Cleaned: metrics-util
  [CLEAN+BUILD] metrics-util ... OK+CLEANED (10.95s)
  Cleaned: miette
  [CLEAN+BUILD] miette ... OK+CLEANED (7.31s)
  Cleaned: miette-derive
  [CLEAN+BUILD] miette-derive ... OK+CLEANED (1.86s)
  Cleaned: mimalloc_rust
  [CLEAN+BUILD] mimalloc_rust ... FAILED: Build failed (see rusticate-mirify.errs) (1.11s)
  Cleaned: libmimalloc-sys
  [CLEAN+BUILD] libmimalloc-sys ... FAILED: Build failed (see rusticate-mirify.errs) (1.10s)
  Cleaned: test-override-with-dylib
  [CLEAN+BUILD] test-override-with-dylib ... FAILED: Build failed (see rusticate-mirify.errs) (1.10s)
  Cleaned: mime
  [CLEAN+BUILD] mime ... OK+CLEANED (0.44s)
  Cleaned: mime-macro
  [CLEAN+BUILD] mime-macro ... OK+CLEANED (1.32s)
  Cleaned: mime-parse
  [CLEAN+BUILD] mime-parse ... OK+CLEANED (0.40s)
  Cleaned: mime_guess
  [CLEAN+BUILD] mime_guess ... OK+CLEANED (7.68s)
  Cleaned: minimal-lexical
  [CLEAN+BUILD] minimal-lexical ... OK+CLEANED (0.46s)
  Cleaned: fuzz
  [CLEAN+BUILD] fuzz ... OK+CLEANED (10.78s)
  Cleaned: miniz_oxide
  [CLEAN+BUILD] miniz_oxide ... OK+CLEANED (1.41s)
  Cleaned: fuzz
  [CLEAN+BUILD] fuzz ... FAILED: Build failed (see rusticate-mirify.errs) (5.80s)
  Cleaned: miniz_oxide
  [CLEAN+BUILD] miniz_oxide ... OK+CLEANED (0.74s)
  Cleaned: miniz_oxide_test
  [CLEAN+BUILD] miniz_oxide_test ... OK+CLEANED (4.78s)
  Cleaned: mio
  [CLEAN+BUILD] mio ... OK+CLEANED (1.89s)
  Cleaned: mio-extras
  [CLEAN+BUILD] mio-extras ... OK+CLEANED (1.55s)
  Cleaned: mio-uds
  [CLEAN+BUILD] mio-uds ... OK+CLEANED (1.39s)
  Cleaned: miow
  [CLEAN+BUILD] miow ... OK+CLEANED (1.91s)
  Cleaned: mockall
  [CLEAN+BUILD] mockall ... OK+CLEANED (12.81s)
  Cleaned: mockall
  [CLEAN+BUILD] mockall ... OK+CLEANED (11.40s)
  Cleaned: mockall_derive
  [CLEAN+BUILD] mockall_derive ... OK+CLEANED (4.02s)
  Cleaned: mockall_double
  [CLEAN+BUILD] mockall_double ... OK+CLEANED (2.07s)
  Cleaned: mockito
  [CLEAN+BUILD] mockito ... OK+CLEANED (12.60s)
  Cleaned: moka
  [CLEAN+BUILD] moka ... FAILED: Build failed (see rusticate-mirify.errs) (8.80s)
  Cleaned: msgpack-rust
  [CLEAN+BUILD] msgpack-rust ... OK+CLEANED (7.03s)
  Cleaned: rmp
  [CLEAN+BUILD] rmp ... OK+CLEANED (3.92s)
  Cleaned: rmp-serde
  [CLEAN+BUILD] rmp-serde ... OK+CLEANED (6.04s)
  Cleaned: rmpv
  [CLEAN+BUILD] rmpv ... OK+CLEANED (3.61s)
  Cleaned: rmpv-tests
  [CLEAN+BUILD] rmpv-tests ... OK+CLEANED (4.80s)
  Cleaned: multer
  [CLEAN+BUILD] multer ... OK+CLEANED (9.90s)
  Cleaned: fuzz
  [CLEAN+BUILD] fuzz ... OK+CLEANED (0.16s)
  Cleaned: multimap
  [CLEAN+BUILD] multimap ... OK+CLEANED (2.18s)
  Cleaned: multipart
  [CLEAN+BUILD] multipart ... OK+CLEANED (5.83s)
  Cleaned: fuzz
  [CLEAN+BUILD] fuzz ... FAILED: Build failed (see rusticate-mirify.errs) (7.05s)
  Cleaned: murmur3
  [CLEAN+BUILD] murmur3 ... OK+CLEANED (7.82s)
  Cleaned: murmur3-sys
  [CLEAN+BUILD] murmur3-sys ... OK+CLEANED (6.32s)
  Cleaned: nalgebra
  [CLEAN+BUILD] nalgebra ... OK+CLEANED (15.84s)
  Cleaned: nalgebra-glm
  [CLEAN+BUILD] nalgebra-glm ... OK+CLEANED (7.68s)
  Cleaned: nalgebra-lapack
  [CLEAN+BUILD] nalgebra-lapack ... FAILED: Build failed (see rusticate-mirify.errs) (3.52s)
  Cleaned: nalgebra-macros
  [CLEAN+BUILD] nalgebra-macros ... OK+CLEANED (7.67s)
  Cleaned: nalgebra-sparse
  [CLEAN+BUILD] nalgebra-sparse ... FAILED: Build failed (see rusticate-mirify.errs) (9.50s)
  Cleaned: names
  [CLEAN+BUILD] names ... OK+CLEANED (6.14s)
  Cleaned: nanorand-rs
  [CLEAN+BUILD] nanorand-rs ... OK+CLEANED (0.43s)
  Cleaned: nanorand-abi
  [CLEAN+BUILD] nanorand-abi ... OK+CLEANED (1.07s)
  Cleaned: nanorand-bench
  [CLEAN+BUILD] nanorand-bench ... OK+CLEANED (6.68s)
  Cleaned: nanorand-fuzz
  [CLEAN+BUILD] nanorand-fuzz ... OK+CLEANED (0.15s)
  Cleaned: napi-rs
  [CLEAN+BUILD] napi-rs ... OK+CLEANED (17.55s)
  Cleaned: bench
  [CLEAN+BUILD] bench ... OK+CLEANED (9.61s)
  Cleaned: memory-testing
  [CLEAN+BUILD] memory-testing ... OK+CLEANED (9.57s)
  Cleaned: nb
  [CLEAN+BUILD] nb ... OK+CLEANED (0.17s)
  Cleaned: ndarray
  [CLEAN+BUILD] ndarray ... OK+CLEANED (9.37s)
  Cleaned: ndarray-rand
  [CLEAN+BUILD] ndarray-rand ... OK+CLEANED (4.00s)
  Cleaned: ndk
  [CLEAN+BUILD] ndk ... FAILED: Build failed (see rusticate-mirify.errs) (1.22s)
  Cleaned: ndk
  [CLEAN+BUILD] ndk ... FAILED: Build failed (see rusticate-mirify.errs) (1.21s)
  Cleaned: ndk-sys
  [CLEAN+BUILD] ndk-sys ... FAILED: Build failed (see rusticate-mirify.errs) (0.18s)
  Cleaned: neli
  [CLEAN+BUILD] neli ... OK+CLEANED (8.51s)
  Cleaned: neli-proc-macros
  [CLEAN+BUILD] neli-proc-macros ... OK+CLEANED (5.39s)
  Cleaned: net2-rs
  [CLEAN+BUILD] net2-rs ... FAILED: Build failed (see rusticate-mirify.errs) (0.91s)
  Cleaned: netlink-packet-core
  [CLEAN+BUILD] netlink-packet-core ... OK+CLEANED (4.33s)
  Cleaned: netlink-packet-route
  [CLEAN+BUILD] netlink-packet-route ... OK+CLEANED (4.77s)
  Cleaned: netlink-packet-utils
  [CLEAN+BUILD] netlink-packet-utils ... OK+CLEANED (2.72s)
  Cleaned: netlink-proto
  [CLEAN+BUILD] netlink-proto ... FAILED: Build failed (see rusticate-mirify.errs) (7.05s)
  Cleaned: netlink-sys
  [CLEAN+BUILD] netlink-sys ... OK+CLEANED (6.11s)
  Cleaned: nghttp2-rs
  [CLEAN+BUILD] nghttp2-rs ... FAILED: Build failed (see rusticate-mirify.errs) (0.99s)
  Cleaned: systest
  [CLEAN+BUILD] systest ... FAILED: Build failed (see rusticate-mirify.errs) (2.42s)
  Cleaned: nix
  [CLEAN+BUILD] nix ... OK+CLEANED (6.89s)
  Cleaned: no-std-net
  [CLEAN+BUILD] no-std-net ... OK+CLEANED (2.16s)
  Cleaned: nohash-hasher
  [CLEAN+BUILD] nohash-hasher ... OK+CLEANED (0.18s)
  Cleaned: nom
  [CLEAN+BUILD] nom ... OK+CLEANED (7.28s)
  Cleaned: benchmarks
  [CLEAN+BUILD] benchmarks ... OK+CLEANED (22.02s)
  Cleaned: fuzz
  [CLEAN+BUILD] fuzz ... OK+CLEANED (4.93s)
  Cleaned: nom-language
  [CLEAN+BUILD] nom-language ... OK+CLEANED (2.15s)
  Cleaned: nom_locate
  [CLEAN+BUILD] nom_locate ... OK+CLEANED (1.83s)
  Cleaned: nonzero_ext
  [CLEAN+BUILD] nonzero_ext ... OK+CLEANED (4.33s)
  Cleaned: noop_proc_macro
  [CLEAN+BUILD] noop_proc_macro ... OK+CLEANED (0.28s)
  Cleaned: normalize-line-endings
  [CLEAN+BUILD] normalize-line-endings ... OK+CLEANED (0.16s)
  Cleaned: normpath
  [CLEAN+BUILD] normpath ... OK+CLEANED (1.90s)
  Cleaned: macros
  [CLEAN+BUILD] macros ... OK+CLEANED (0.15s)
  Cleaned: notify
  [CLEAN+BUILD] notify ... FAILED: Build failed (see rusticate-mirify.errs) (7.24s)
  Cleaned: examples
  [CLEAN+BUILD] examples ... OK+CLEANED (0.17s)
  Cleaned: file-id
  [CLEAN+BUILD] file-id ... FAILED: Build failed (see rusticate-mirify.errs) (1.23s)
  Cleaned: notify
  [CLEAN+BUILD] notify ... FAILED: Build failed (see rusticate-mirify.errs) (2.70s)
  Cleaned: notify-debouncer-full
  [CLEAN+BUILD] notify-debouncer-full ... FAILED: Build failed (see rusticate-mirify.errs) (6.61s)
  Cleaned: notify-debouncer-mini
  [CLEAN+BUILD] notify-debouncer-mini ... FAILED: Build failed (see rusticate-mirify.errs) (1.48s)
  Cleaned: notify-types
  [CLEAN+BUILD] notify-types ... OK+CLEANED (5.77s)
  Cleaned: ntapi
  [CLEAN+BUILD] ntapi ... OK+CLEANED (0.41s)
  Cleaned: nu-ansi-term
  [CLEAN+BUILD] nu-ansi-term ... OK+CLEANED (1.92s)
  Cleaned: num
  [CLEAN+BUILD] num ... OK+CLEANED (1.50s)
  Cleaned: num-bigint
  [CLEAN+BUILD] num-bigint ... OK+CLEANED (1.97s)
  Cleaned: num-cmp
  [CLEAN+BUILD] num-cmp ... FAILED: Build failed (see rusticate-mirify.errs) (0.30s)
  Cleaned: num-complex
  [CLEAN+BUILD] num-complex ... OK+CLEANED (1.14s)
  Cleaned: num-conv
  [CLEAN+BUILD] num-conv ... OK+CLEANED (0.16s)
  Cleaned: num-derive
  [CLEAN+BUILD] num-derive ... OK+CLEANED (2.54s)
  Cleaned: num-format
  [CLEAN+BUILD] num-format ... OK+CLEANED (9.28s)
  Cleaned: num-format
  [CLEAN+BUILD] num-format ... OK+CLEANED (2.14s)
  Cleaned: num-format-benches
  [CLEAN+BUILD] num-format-benches ... OK+CLEANED (6.62s)
  Cleaned: num-format-dev
  [CLEAN+BUILD] num-format-dev ... OK+CLEANED (3.77s)
  Cleaned: num-format-windows
  [CLEAN+BUILD] num-format-windows ... OK+CLEANED (5.10s)
  Cleaned: num-integer
  [CLEAN+BUILD] num-integer ... OK+CLEANED (1.22s)
  Cleaned: num-iter
  [CLEAN+BUILD] num-iter ... OK+CLEANED (0.89s)
  Cleaned: num-rational
  [CLEAN+BUILD] num-rational ... OK+CLEANED (1.75s)
  Cleaned: num-traits
  [CLEAN+BUILD] num-traits ... OK+CLEANED (2.54s)
  Cleaned: num_cpus
  [CLEAN+BUILD] num_cpus ... OK+CLEANED (0.83s)
  Cleaned: num_enum
  [CLEAN+BUILD] num_enum ... OK+CLEANED (5.01s)
  Cleaned: metadata_checks
  [CLEAN+BUILD] metadata_checks ... OK+CLEANED (6.12s)
  Cleaned: num_enum
  [CLEAN+BUILD] num_enum ... OK+CLEANED (4.87s)
  Cleaned: num_enum_derive
  [CLEAN+BUILD] num_enum_derive ... OK+CLEANED (1.90s)
  Cleaned: renamed_num_enum
  [CLEAN+BUILD] renamed_num_enum ... OK+CLEANED (2.40s)
  Cleaned: serde_example
  [CLEAN+BUILD] serde_example ... OK+CLEANED (3.51s)
  Cleaned: stress_tests
  [CLEAN+BUILD] stress_tests ... OK+CLEANED (4.70s)
  Cleaned: num_threads
  [CLEAN+BUILD] num_threads ... OK+CLEANED (0.24s)
  Cleaned: oauth2-rs
  [CLEAN+BUILD] oauth2-rs ... OK+CLEANED (10.99s)
  Cleaned: objc2
  [CLEAN+BUILD] objc2 ... FAILED: Build failed (see rusticate-mirify.errs) (3.73s)
  Cleaned: object
  [CLEAN+BUILD] object ... OK+CLEANED (4.17s)
  Cleaned: xtask
  [CLEAN+BUILD] xtask ... OK+CLEANED (0.22s)
  Cleaned: oid-registry
  [CLEAN+BUILD] oid-registry ... OK+CLEANED (4.98s)
  Cleaned: once_cell
  [CLEAN+BUILD] once_cell ... OK+CLEANED (2.73s)
  Cleaned: xtask
  [CLEAN+BUILD] xtask ... OK+CLEANED (0.48s)
  Cleaned: once_cell_polyfill
  [CLEAN+BUILD] once_cell_polyfill ... OK+CLEANED (0.22s)
  Cleaned: open-rs
  [CLEAN+BUILD] open-rs ... OK+CLEANED (0.75s)
  Cleaned: opener
  [CLEAN+BUILD] opener ... OK+CLEANED (14.04s)
  Cleaned: opener
  [CLEAN+BUILD] opener ... OK+CLEANED (0.85s)
  Cleaned: opener-bin
  [CLEAN+BUILD] opener-bin ... OK+CLEANED (13.50s)
  Cleaned: openssl-probe
  [CLEAN+BUILD] openssl-probe ... OK+CLEANED (0.15s)
  Cleaned: openssl-src-rs
  [CLEAN+BUILD] openssl-src-rs ... OK+CLEANED (0.74s)
  Cleaned: testcrate
  [CLEAN+BUILD] testcrate ... FAILED: Build failed (see rusticate-mirify.errs) (0.93s)
  Cleaned: opentelemetry-rust
  [CLEAN+BUILD] opentelemetry-rust ... FAILED: Build failed (see rusticate-mirify.errs) (10.37s)
  Cleaned: opentelemetry
  [CLEAN+BUILD] opentelemetry ... OK+CLEANED (7.91s)
  Cleaned: opentelemetry-appender-log
  [CLEAN+BUILD] opentelemetry-appender-log ... OK+CLEANED (6.15s)
  Cleaned: opentelemetry-appender-tracing
  [CLEAN+BUILD] opentelemetry-appender-tracing ... OK+CLEANED (9.45s)
  Cleaned: opentelemetry-http
  [CLEAN+BUILD] opentelemetry-http ... OK+CLEANED (3.65s)
  Cleaned: opentelemetry-jaeger-propagator
  [CLEAN+BUILD] opentelemetry-jaeger-propagator ... OK+CLEANED (2.94s)
  Cleaned: opentelemetry-otlp
  [CLEAN+BUILD] opentelemetry-otlp ... OK+CLEANED (11.68s)
  Cleaned: opentelemetry-prometheus
  [CLEAN+BUILD] opentelemetry-prometheus ... OK+CLEANED (8.92s)
  Cleaned: opentelemetry-proto
  [CLEAN+BUILD] opentelemetry-proto ... OK+CLEANED (10.47s)
  Cleaned: opentelemetry-sdk
  [CLEAN+BUILD] opentelemetry-sdk ... OK+CLEANED (12.03s)
  Cleaned: opentelemetry-semantic-conventions
  [CLEAN+BUILD] opentelemetry-semantic-conventions ... OK+CLEANED (4.37s)
  Cleaned: opentelemetry-stdout
  [CLEAN+BUILD] opentelemetry-stdout ... OK+CLEANED (5.58s)
  Cleaned: opentelemetry-zipkin
  [CLEAN+BUILD] opentelemetry-zipkin ... FAILED: Build failed (see rusticate-mirify.errs) (3.35s)
  Cleaned: stress
  [CLEAN+BUILD] stress ... OK+CLEANED (5.89s)
  Cleaned: opentelemetry-rust-contrib
  [CLEAN+BUILD] opentelemetry-rust-contrib ... OK+CLEANED (66.32s)
  Cleaned: opentelemetry-aws
  [CLEAN+BUILD] opentelemetry-aws ... OK+CLEANED (6.46s)
  Cleaned: opentelemetry-config
  [CLEAN+BUILD] opentelemetry-config ... OK+CLEANED (6.03s)
  Cleaned: opentelemetry-contrib
  [CLEAN+BUILD] opentelemetry-contrib ... OK+CLEANED (8.53s)
  Cleaned: opentelemetry-datadog
  [CLEAN+BUILD] opentelemetry-datadog ... OK+CLEANED (11.20s)
  Cleaned: opentelemetry-etw-logs
  [CLEAN+BUILD] opentelemetry-etw-logs ... OK+CLEANED (7.81s)
  Cleaned: opentelemetry-etw-metrics
  [CLEAN+BUILD] opentelemetry-etw-metrics ... OK+CLEANED (11.50s)
  Cleaned: opentelemetry-instrumentation-actix-web
  [CLEAN+BUILD] opentelemetry-instrumentation-actix-web ... OK+CLEANED (15.74s)
  Cleaned: opentelemetry-instrumentation-tower
  [CLEAN+BUILD] opentelemetry-instrumentation-tower ... OK+CLEANED (5.93s)
  Cleaned: opentelemetry-resource-detectors
  [CLEAN+BUILD] opentelemetry-resource-detectors ... OK+CLEANED (4.05s)
  Cleaned: opentelemetry-stackdriver
  [CLEAN+BUILD] opentelemetry-stackdriver ... FAILED: Build failed (see rusticate-mirify.errs) (3.53s)
  Cleaned: opentelemetry-user-events-logs
  [CLEAN+BUILD] opentelemetry-user-events-logs ... OK+CLEANED (7.87s)
  Cleaned: opentelemetry-user-events-metrics
  [CLEAN+BUILD] opentelemetry-user-events-metrics ... OK+CLEANED (10.83s)
  Cleaned: opentelemetry-user-events-trace
  [CLEAN+BUILD] opentelemetry-user-events-trace ... OK+CLEANED (7.65s)
  Cleaned: stress
  [CLEAN+BUILD] stress ... FAILED: Build failed (see rusticate-mirify.errs) (3.70s)
  Cleaned: option-ext
  [CLEAN+BUILD] option-ext ... OK+CLEANED (0.16s)
  Cleaned: ordered-multimap-rs
  [CLEAN+BUILD] ordered-multimap-rs ... OK+CLEANED (2.26s)
  Cleaned: benches
  [CLEAN+BUILD] benches ... OK+CLEANED (0.14s)
  Cleaned: ordered-stream
  [CLEAN+BUILD] ordered-stream ... OK+CLEANED (3.69s)
  Cleaned: os_info
  [CLEAN+BUILD] os_info ... OK+CLEANED (5.52s)
  Cleaned: cli
  [CLEAN+BUILD] cli ... OK+CLEANED (4.02s)
  Cleaned: os_info
  [CLEAN+BUILD] os_info ... OK+CLEANED (3.94s)
  Cleaned: os_pipe.rs
  [CLEAN+BUILD] os_pipe.rs ... OK+CLEANED (0.80s)
  Cleaned: os_str_bytes
  [CLEAN+BUILD] os_str_bytes ... OK+CLEANED (1.59s)
  Cleaned: ouroboros
  [CLEAN+BUILD] ouroboros ... OK+CLEANED (6.08s)
  Cleaned: examples
  [CLEAN+BUILD] examples ... OK+CLEANED (5.58s)
  Cleaned: ouroboros
  [CLEAN+BUILD] ouroboros ... OK+CLEANED (2.94s)
  Cleaned: ouroboros_macro
  [CLEAN+BUILD] ouroboros_macro ... OK+CLEANED (2.09s)
  Cleaned: output-vt100-rs
  [CLEAN+BUILD] output-vt100-rs ... OK+CLEANED (0.36s)
  Cleaned: outref
  [CLEAN+BUILD] outref ... OK+CLEANED (0.16s)
  Cleaned: overload
  [CLEAN+BUILD] overload ... OK+CLEANED (0.19s)
  Cleaned: owned-ttf-parser
  [CLEAN+BUILD] owned-ttf-parser ... OK+CLEANED (1.23s)
  Cleaned: owning-ref-rs
  [CLEAN+BUILD] owning-ref-rs ... OK+CLEANED (0.41s)
  Cleaned: owo-colors
  [CLEAN+BUILD] owo-colors ... OK+CLEANED (0.79s)
  Cleaned: parity-common
  [CLEAN+BUILD] parity-common ... FAILED: Build failed (see rusticate-mirify.errs) (6.58s)
  Cleaned: bounded-collections
  [CLEAN+BUILD] bounded-collections ... OK+CLEANED (6.82s)
  Cleaned: ethbloom
  [CLEAN+BUILD] ethbloom ... OK+CLEANED (6.54s)
  Cleaned: ethereum-types
  [CLEAN+BUILD] ethereum-types ... OK+CLEANED (2.63s)
  Cleaned: fixed-hash
  [CLEAN+BUILD] fixed-hash ... OK+CLEANED (6.51s)
  Cleaned: keccak-hash
  [CLEAN+BUILD] keccak-hash ... OK+CLEANED (6.58s)
  Cleaned: kvdb
  [CLEAN+BUILD] kvdb ... OK+CLEANED (0.30s)
  Cleaned: kvdb-memorydb
  [CLEAN+BUILD] kvdb-memorydb ... OK+CLEANED (1.04s)
  Cleaned: kvdb-rocksdb
  [CLEAN+BUILD] kvdb-rocksdb ... FAILED: Build failed (see rusticate-mirify.errs) (3.15s)
  Cleaned: kvdb-shared-tests
  [CLEAN+BUILD] kvdb-shared-tests ... OK+CLEANED (0.34s)
  Cleaned: parity-bytes
  [CLEAN+BUILD] parity-bytes ... OK+CLEANED (0.19s)
  Cleaned: primitive-types
  [CLEAN+BUILD] primitive-types ... OK+CLEANED (7.02s)
  Cleaned: rlp
  [CLEAN+BUILD] rlp ... OK+CLEANED (6.74s)
  Cleaned: rlp-derive
  [CLEAN+BUILD] rlp-derive ... OK+CLEANED (2.05s)
  Cleaned: uint
  [CLEAN+BUILD] uint ... OK+CLEANED (7.14s)
  Cleaned: parity-scale-codec
  [CLEAN+BUILD] parity-scale-codec ... OK+CLEANED (9.83s)
  Cleaned: derive
  [CLEAN+BUILD] derive ... OK+CLEANED (4.95s)
  Cleaned: fuzzer
  [CLEAN+BUILD] fuzzer ... OK+CLEANED (4.75s)
  Cleaned: parking
  [CLEAN+BUILD] parking ... OK+CLEANED (0.33s)
  Cleaned: parking_lot
  [CLEAN+BUILD] parking_lot ... OK+CLEANED (2.53s)
  Cleaned: benchmark
  [CLEAN+BUILD] benchmark ... OK+CLEANED (1.11s)
  Cleaned: core
  [CLEAN+BUILD] core ... OK+CLEANED (0.84s)
  Cleaned: lock_api
  [CLEAN+BUILD] lock_api ... OK+CLEANED (0.24s)
  Cleaned: parse-range-headers
  [CLEAN+BUILD] parse-range-headers ... OK+CLEANED (6.80s)
  Cleaned: fuzz
  [CLEAN+BUILD] fuzz ... OK+CLEANED (0.15s)
  Cleaned: password-hashes
  [CLEAN+BUILD] password-hashes ... OK+CLEANED (4.16s)
  Cleaned: .readme
  [CLEAN+BUILD] .readme ... OK+CLEANED (3.60s)
  Cleaned: argon2
  [CLEAN+BUILD] argon2 ... OK+CLEANED (2.51s)
  Cleaned: balloon-hash
  [CLEAN+BUILD] balloon-hash ... OK+CLEANED (2.97s)
  Cleaned: bcrypt-pbkdf
  [CLEAN+BUILD] bcrypt-pbkdf ... OK+CLEANED (2.80s)
  Cleaned: benches
  [CLEAN+BUILD] benches ... OK+CLEANED (7.90s)
  Cleaned: fuzz
  [CLEAN+BUILD] fuzz ... OK+CLEANED (0.16s)
  Cleaned: password-auth
  [CLEAN+BUILD] password-auth ... OK+CLEANED (2.43s)
  Cleaned: pbkdf2
  [CLEAN+BUILD] pbkdf2 ... OK+CLEANED (2.77s)
  Cleaned: scrypt
  [CLEAN+BUILD] scrypt ... OK+CLEANED (3.25s)
  Cleaned: sha-crypt
  [CLEAN+BUILD] sha-crypt ... OK+CLEANED (2.90s)
  Cleaned: yescrypt
  [CLEAN+BUILD] yescrypt ... OK+CLEANED (3.00s)
  Cleaned: paste
  [CLEAN+BUILD] paste ... OK+CLEANED (4.34s)
  Cleaned: path-clean
  [CLEAN+BUILD] path-clean ... OK+CLEANED (4.93s)
  Cleaned: path-slash
  [CLEAN+BUILD] path-slash ... OK+CLEANED (0.27s)
  Cleaned: path-to-error
  [CLEAN+BUILD] path-to-error ... OK+CLEANED (3.59s)
  Cleaned: pathdiff
  [CLEAN+BUILD] pathdiff ... OK+CLEANED (0.20s)
  Cleaned: pbjson
  [CLEAN+BUILD] pbjson ... FAILED: Build failed (see rusticate-mirify.errs) (5.80s)
  Cleaned: pbjson
  [CLEAN+BUILD] pbjson ... OK+CLEANED (3.45s)
  Cleaned: pbjson-build
  [CLEAN+BUILD] pbjson-build ... OK+CLEANED (3.60s)
  Cleaned: pbjson-test
  [CLEAN+BUILD] pbjson-test ... FAILED: Build failed (see rusticate-mirify.errs) (5.19s)
  Cleaned: pbjson-types
  [CLEAN+BUILD] pbjson-types ... OK+CLEANED (6.46s)
  Cleaned: peeking_take_while
  [CLEAN+BUILD] peeking_take_while ... OK+CLEANED (0.17s)
  Cleaned: pem-rs
  [CLEAN+BUILD] pem-rs ... OK+CLEANED (5.97s)
  Cleaned: pemfile
  [CLEAN+BUILD] pemfile ... OK+CLEANED (0.45s)
  Cleaned: pest
  [CLEAN+BUILD] pest ... FAILED: Build failed (see rusticate-mirify.errs) (3.25s)
  Cleaned: bootstrap
  [CLEAN+BUILD] bootstrap ... OK+CLEANED (1.91s)
  Cleaned: debugger
  [CLEAN+BUILD] debugger ... FAILED: Build failed (see rusticate-mirify.errs) (3.05s)
  Cleaned: derive
  [CLEAN+BUILD] derive ... FAILED: Build failed (see rusticate-mirify.errs) (1.96s)
  Cleaned: generator
  [CLEAN+BUILD] generator ... FAILED: Build failed (see rusticate-mirify.errs) (1.70s)
  Cleaned: grammars
  [CLEAN+BUILD] grammars ... FAILED: Build failed (see rusticate-mirify.errs) (2.63s)
  Cleaned: meta
  [CLEAN+BUILD] meta ... FAILED: Build failed (see rusticate-mirify.errs) (1.21s)
  Cleaned: pest
  [CLEAN+BUILD] pest ... OK+CLEANED (7.76s)
  Cleaned: vm
  [CLEAN+BUILD] vm ... FAILED: Build failed (see rusticate-mirify.errs) (1.23s)
  Cleaned: petgraph
  [CLEAN+BUILD] petgraph ... OK+CLEANED (7.93s)
  Cleaned: serialization-tests
  [CLEAN+BUILD] serialization-tests ... OK+CLEANED (5.29s)
  Cleaned: pico-args
  [CLEAN+BUILD] pico-args ... OK+CLEANED (0.30s)
  Cleaned: pin-project
  [CLEAN+BUILD] pin-project ... OK+CLEANED (5.72s)
  Cleaned: pin-project-internal
  [CLEAN+BUILD] pin-project-internal ... OK+CLEANED (3.13s)
  Cleaned: pin-project-lite
  [CLEAN+BUILD] pin-project-lite ... OK+CLEANED (5.00s)
  Cleaned: pin-utils
  [CLEAN+BUILD] pin-utils ... OK+CLEANED (0.17s)
  Cleaned: piper
  [CLEAN+BUILD] piper ... OK+CLEANED (6.22s)
  Cleaned: pkg-config-rs
  [CLEAN+BUILD] pkg-config-rs ... OK+CLEANED (0.44s)
  Cleaned: pki-types
  [CLEAN+BUILD] pki-types ... FAILED: Build failed (see rusticate-mirify.errs) (1.44s)
  Cleaned: fuzz
  [CLEAN+BUILD] fuzz ... OK+CLEANED (0.12s)
  Cleaned: plain
  [CLEAN+BUILD] plain ... OK+CLEANED (0.20s)
  Cleaned: plotters
  [CLEAN+BUILD] plotters ... FAILED: Build failed (see rusticate-mirify.errs) (2.71s)
  Cleaned: plotters
  [CLEAN+BUILD] plotters ... FAILED: Build failed (see rusticate-mirify.errs) (2.82s)
  Cleaned: plotters-backend
  [CLEAN+BUILD] plotters-backend ... OK+CLEANED (0.26s)
  Cleaned: plotters-bitmap
  [CLEAN+BUILD] plotters-bitmap ... FAILED: Build failed (see rusticate-mirify.errs) (2.63s)
  Cleaned: plotters-svg
  [CLEAN+BUILD] plotters-svg ... FAILED: Build failed (see rusticate-mirify.errs) (0.87s)
  Cleaned: polling
  [CLEAN+BUILD] polling ... OK+CLEANED (1.89s)
  Cleaned: portable-atomic
  [CLEAN+BUILD] portable-atomic ... OK+CLEANED (6.58s)
  Cleaned: bench
  [CLEAN+BUILD] bench ... OK+CLEANED (0.20s)
  Cleaned: portable-atomic-util
  [CLEAN+BUILD] portable-atomic-util ... OK+CLEANED (0.54s)
  Cleaned: postcard
  [CLEAN+BUILD] postcard ... OK+CLEANED (11.20s)
  Cleaned: powerfmt
  [CLEAN+BUILD] powerfmt ... OK+CLEANED (2.51s)
  Cleaned: powerfmt
  [CLEAN+BUILD] powerfmt ... OK+CLEANED (2.49s)
  Cleaned: powerfmt-macros
  [CLEAN+BUILD] powerfmt-macros ... OK+CLEANED (1.75s)
  Cleaned: pprof-rs
  [CLEAN+BUILD] pprof-rs ... OK+CLEANED (8.83s)
  Cleaned: precomputed-hash
  [CLEAN+BUILD] precomputed-hash ... OK+CLEANED (0.15s)
  Cleaned: predicates-rs
  [CLEAN+BUILD] predicates-rs ... OK+CLEANED (2.66s)
  Cleaned: pretty-env-logger
  [CLEAN+BUILD] pretty-env-logger ... OK+CLEANED (2.54s)
  Cleaned: pretty-hex
  [CLEAN+BUILD] pretty-hex ... OK+CLEANED (0.54s)
  Cleaned: prettyplease
  [CLEAN+BUILD] prettyplease ... OK+CLEANED (2.72s)
  Cleaned: fuzz
  [CLEAN+BUILD] fuzz ... OK+CLEANED (0.15s)
  Cleaned: prettytable-rs
  [CLEAN+BUILD] prettytable-rs ... OK+CLEANED (1.85s)
  Cleaned: fuzz
  [CLEAN+BUILD] fuzz ... OK+CLEANED (0.15s)
  Cleaned: priority-queue
  [CLEAN+BUILD] priority-queue ... OK+CLEANED (4.18s)
  Cleaned: test-nostd
  [CLEAN+BUILD] test-nostd ... OK+CLEANED (0.79s)
  Cleaned: proc-macro-crate
  [CLEAN+BUILD] proc-macro-crate ... OK+CLEANED (1.82s)
  Cleaned: proc-macro-error-2
  [CLEAN+BUILD] proc-macro-error-2 ... OK+CLEANED (4.93s)
  Cleaned: proc-macro-error-attr
  [CLEAN+BUILD] proc-macro-error-attr ... OK+CLEANED (0.66s)
  Cleaned: test-crate
  [CLEAN+BUILD] test-crate ... OK+CLEANED (1.91s)
  Cleaned: proc-macro-hack
  [CLEAN+BUILD] proc-macro-hack ... OK+CLEANED (4.50s)
  Cleaned: demo-hack
  [CLEAN+BUILD] demo-hack ... OK+CLEANED (2.30s)
  Cleaned: demo-hack-impl
  [CLEAN+BUILD] demo-hack-impl ... OK+CLEANED (1.66s)
  Cleaned: example
  [CLEAN+BUILD] example ... OK+CLEANED (2.32s)
  Cleaned: nested
  [CLEAN+BUILD] nested ... OK+CLEANED (0.25s)
  Cleaned: proc-macro-utils
  [CLEAN+BUILD] proc-macro-utils ... OK+CLEANED (1.09s)
  Cleaned: example
  [CLEAN+BUILD] example ... OK+CLEANED (1.00s)
  Cleaned: proc-macro2
  [CLEAN+BUILD] proc-macro2 ... OK+CLEANED (2.17s)
  Cleaned: fuzz
  [CLEAN+BUILD] fuzz ... OK+CLEANED (0.13s)
  Cleaned: proc-macro2-diagnostics
  [CLEAN+BUILD] proc-macro2-diagnostics ... OK+CLEANED (4.32s)
  Cleaned: example
  [CLEAN+BUILD] example ... FAILED: Build failed (see rusticate-mirify.errs) (1.85s)
  Cleaned: procfs
  [CLEAN+BUILD] procfs ... OK+CLEANED (8.44s)
  Cleaned: procfs
  [CLEAN+BUILD] procfs ... OK+CLEANED (8.17s)
  Cleaned: procfs-core
  [CLEAN+BUILD] procfs-core ... OK+CLEANED (2.80s)
  Cleaned: prodash
  [CLEAN+BUILD] prodash ... OK+CLEANED (6.62s)
  Cleaned: profiling
  [CLEAN+BUILD] profiling ... OK+CLEANED (4.54s)
  Cleaned: demo-puffin
  [CLEAN+BUILD] demo-puffin ... OK+CLEANED (18.25s)
  Cleaned: profiling
  [CLEAN+BUILD] profiling ... OK+CLEANED (4.25s)
  Cleaned: profiling-procmacros
  [CLEAN+BUILD] profiling-procmacros ... OK+CLEANED (1.78s)
  Cleaned: proptest
  [CLEAN+BUILD] proptest ... FAILED: Build failed (see rusticate-mirify.errs) (19.64s)
  Cleaned: proptest
  [CLEAN+BUILD] proptest ... OK+CLEANED (12.58s)
  Cleaned: proptest-derive
  [CLEAN+BUILD] proptest-derive ... FAILED: Build failed (see rusticate-mirify.errs) (7.82s)
  Cleaned: proptest-macro
  [CLEAN+BUILD] proptest-macro ... OK+CLEANED (2.37s)
  Cleaned: proptest-state-machine
  [CLEAN+BUILD] proptest-state-machine ... OK+CLEANED (7.51s)
  Cleaned: prost
  [CLEAN+BUILD] prost ... FAILED: Build failed (see rusticate-mirify.errs) (8.14s)
  Cleaned: benchmarks
  [CLEAN+BUILD] benchmarks ... FAILED: Build failed (see rusticate-mirify.errs) (7.19s)
  Cleaned: conformance
  [CLEAN+BUILD] conformance ... FAILED: Build failed (see rusticate-mirify.errs) (5.96s)
  Cleaned: fuzz
  [CLEAN+BUILD] fuzz ... OK+CLEANED (0.17s)
  Cleaned: prost
  [CLEAN+BUILD] prost ... OK+CLEANED (16.99s)
  Cleaned: prost-build
  [CLEAN+BUILD] prost-build ... OK+CLEANED (45.80s)
  Cleaned: prost-derive
  [CLEAN+BUILD] prost-derive ... OK+CLEANED (2.05s)
  Cleaned: prost-types
  [CLEAN+BUILD] prost-types ... OK+CLEANED (4.34s)
  Cleaned: protobuf
  [CLEAN+BUILD] protobuf ... FAILED: Build failed (see rusticate-mirify.errs) (5.65s)
  Cleaned: tests
  [CLEAN+BUILD] tests ... FAILED: Build failed (see rusticate-mirify.errs) (6.36s)
  Cleaned: tests-2015
  [CLEAN+BUILD] tests-2015 ... FAILED: Build failed (see rusticate-mirify.errs) (6.49s)
  Cleaned: tests-2018
  [CLEAN+BUILD] tests-2018 ... FAILED: Build failed (see rusticate-mirify.errs) (6.41s)
  Cleaned: tests-2024
  [CLEAN+BUILD] tests-2024 ... FAILED: Build failed (see rusticate-mirify.errs) (6.58s)
  Cleaned: tests-no-std
  [CLEAN+BUILD] tests-no-std ... FAILED: Build failed (see rusticate-mirify.errs) (6.47s)
  Cleaned: prost-reflect
  [CLEAN+BUILD] prost-reflect ... FAILED: Build failed (see rusticate-mirify.errs) (10.80s)
  Cleaned: prost-reflect
  [CLEAN+BUILD] prost-reflect ... FAILED: Build failed (see rusticate-mirify.errs) (7.56s)
  Cleaned: prost-reflect-build
  [CLEAN+BUILD] prost-reflect-build ... FAILED: Build failed (see rusticate-mirify.errs) (5.48s)
  Cleaned: prost-reflect-conformance-tests
  [CLEAN+BUILD] prost-reflect-conformance-tests ... FAILED: Build failed (see rusticate-mirify.errs) (7.21s)
  Cleaned: prost-reflect-derive
  [CLEAN+BUILD] prost-reflect-derive ... FAILED: Build failed (see rusticate-mirify.errs) (5.24s)
  Cleaned: prost-reflect-tests
  [CLEAN+BUILD] prost-reflect-tests ... FAILED: Build failed (see rusticate-mirify.errs) (10.21s)
  Cleaned: psl
  [CLEAN+BUILD] psl ... OK+CLEANED (5.80s)
  Cleaned: fuzz
  [CLEAN+BUILD] fuzz ... OK+CLEANED (0.13s)
  Cleaned: psl-types
  [CLEAN+BUILD] psl-types ... OK+CLEANED (0.26s)
  Cleaned: ptr_meta
  [CLEAN+BUILD] ptr_meta ... OK+CLEANED (2.55s)
  Cleaned: ptr_meta
  [CLEAN+BUILD] ptr_meta ... OK+CLEANED (2.46s)
  Cleaned: ptr_meta_derive
  [CLEAN+BUILD] ptr_meta_derive ... OK+CLEANED (1.77s)
  Cleaned: publicsuffix
  [CLEAN+BUILD] publicsuffix ... OK+CLEANED (6.09s)
  Cleaned: pulldown-cmark
  [CLEAN+BUILD] pulldown-cmark ... OK+CLEANED (3.57s)
  Cleaned: bench
  [CLEAN+BUILD] bench ... OK+CLEANED (6.55s)
  Cleaned: dos-fuzzer
  [CLEAN+BUILD] dos-fuzzer ... OK+CLEANED (6.15s)
  Cleaned: fuzz
  [CLEAN+BUILD] fuzz ... OK+CLEANED (23.74s)
  Cleaned: pulldown-cmark
  [CLEAN+BUILD] pulldown-cmark ... OK+CLEANED (3.60s)
  Cleaned: pulldown-cmark-escape
  [CLEAN+BUILD] pulldown-cmark-escape ... OK+CLEANED (0.21s)
  Cleaned: pulldown-cmark-to-cmark
  [CLEAN+BUILD] pulldown-cmark-to-cmark ... OK+CLEANED (1.49s)
  Cleaned: pyo3
  [CLEAN+BUILD] pyo3 ... OK+CLEANED (14.48s)
  Cleaned: examples
  [CLEAN+BUILD] examples ... OK+CLEANED (0.15s)
  Cleaned: pyo3-benches
  [CLEAN+BUILD] pyo3-benches ... OK+CLEANED (0.18s)
  Cleaned: pyo3-build-config
  [CLEAN+BUILD] pyo3-build-config ... OK+CLEANED (1.22s)
  Cleaned: pyo3-ffi
  [CLEAN+BUILD] pyo3-ffi ... OK+CLEANED (1.64s)
  Cleaned: pyo3-ffi-check
  [CLEAN+BUILD] pyo3-ffi-check ... FAILED: Build failed (see rusticate-mirify.errs) (8.66s)
  Cleaned: pyo3-introspection
  [CLEAN+BUILD] pyo3-introspection ... OK+CLEANED (5.03s)
  Cleaned: pyo3-macros
  [CLEAN+BUILD] pyo3-macros ... OK+CLEANED (3.70s)
  Cleaned: pyo3-macros-backend
  [CLEAN+BUILD] pyo3-macros-backend ... OK+CLEANED (3.46s)
  Cleaned: pytests
  [CLEAN+BUILD] pytests ... OK+CLEANED (7.70s)
  Cleaned: qoi-rust
  [CLEAN+BUILD] qoi-rust ... FAILED: Build failed (see rusticate-mirify.errs) (1.45s)
  Cleaned: bench
  [CLEAN+BUILD] bench ... FAILED: Build failed (see rusticate-mirify.errs) (2.43s)
  Cleaned: fuzz
  [CLEAN+BUILD] fuzz ... OK+CLEANED (0.14s)
  Cleaned: libqoi
  [CLEAN+BUILD] libqoi ... FAILED: Build failed (see rusticate-mirify.errs) (0.98s)
  Cleaned: quanta
  [CLEAN+BUILD] quanta ... OK+CLEANED (6.16s)
  Cleaned: quick-error
  [CLEAN+BUILD] quick-error ... OK+CLEANED (0.26s)
  Cleaned: quick-protobuf
  [CLEAN+BUILD] quick-protobuf ... FAILED: Build failed (see rusticate-mirify.errs) (9.68s)
  Cleaned: pb-rs
  [CLEAN+BUILD] pb-rs ... OK+CLEANED (3.80s)
  Cleaned: perftest
  [CLEAN+BUILD] perftest ... OK+CLEANED (6.74s)
  Cleaned: quick-protobuf
  [CLEAN+BUILD] quick-protobuf ... FAILED: Build failed (see rusticate-mirify.errs) (5.00s)
  Cleaned: quick-xml
  [CLEAN+BUILD] quick-xml ... OK+CLEANED (8.48s)
  Cleaned: compare
  [CLEAN+BUILD] compare ... OK+CLEANED (0.58s)
  Cleaned: fuzz
  [CLEAN+BUILD] fuzz ... OK+CLEANED (0.13s)
  Cleaned: test-gen
  [CLEAN+BUILD] test-gen ... OK+CLEANED (3.54s)
  Cleaned: quickcheck
  [CLEAN+BUILD] quickcheck ... OK+CLEANED (3.73s)
  Cleaned: quickcheck_macros
  [CLEAN+BUILD] quickcheck_macros ... OK+CLEANED (2.74s)
  Cleaned: quinn
  [CLEAN+BUILD] quinn ... OK+CLEANED (16.55s)
  Cleaned: bench
  [CLEAN+BUILD] bench ... OK+CLEANED (8.77s)
  Cleaned: fuzz
  [CLEAN+BUILD] fuzz ... OK+CLEANED (0.18s)
  Cleaned: perf
  [CLEAN+BUILD] perf ... OK+CLEANED (11.53s)
  Cleaned: quinn
  [CLEAN+BUILD] quinn ... OK+CLEANED (10.17s)
  Cleaned: quinn-proto
  [CLEAN+BUILD] quinn-proto ... OK+CLEANED (10.46s)
  Cleaned: quinn-udp
  [CLEAN+BUILD] quinn-udp ... OK+CLEANED (6.27s)
  Cleaned: quote
  [CLEAN+BUILD] quote ... OK+CLEANED (4.46s)
  Cleaned: benches
  [CLEAN+BUILD] benches ... OK+CLEANED (1.14s)
  Cleaned: quote-use
  [CLEAN+BUILD] quote-use ... OK+CLEANED (4.50s)
  Cleaned: quote-use-macros
  [CLEAN+BUILD] quote-use-macros ... OK+CLEANED (1.24s)
  Cleaned: quoted-printable
  [CLEAN+BUILD] quoted-printable ... OK+CLEANED (0.22s)
  Cleaned: r-efi
  [CLEAN+BUILD] r-efi ... OK+CLEANED (0.45s)
  Cleaned: r2d2
  [CLEAN+BUILD] r2d2 ... OK+CLEANED (1.33s)
  Cleaned: rand
  [CLEAN+BUILD] rand ... OK+CLEANED (3.17s)
  Cleaned: benches
  [CLEAN+BUILD] benches ... OK+CLEANED (0.16s)
  Cleaned: rand_chacha
  [CLEAN+BUILD] rand_chacha ... OK+CLEANED (1.94s)
  Cleaned: rand_pcg
  [CLEAN+BUILD] rand_pcg ... OK+CLEANED (1.63s)
  Cleaned: rand_distr
  [CLEAN+BUILD] rand_distr ... OK+CLEANED (2.31s)
  Cleaned: benches
  [CLEAN+BUILD] benches ... OK+CLEANED (0.15s)
  Cleaned: distr_test
  [CLEAN+BUILD] distr_test ... OK+CLEANED (7.79s)
  Cleaned: rav1e
  [CLEAN+BUILD] rav1e ... FAILED: Build failed (see rusticate-mirify.errs) (13.23s)
  Cleaned: fuzz
  [CLEAN+BUILD] fuzz ... FAILED: Build failed (see rusticate-mirify.errs) (7.42s)
  Cleaned: ivf
  [CLEAN+BUILD] ivf ... OK+CLEANED (1.03s)
  Cleaned: raw-window-handle
  [CLEAN+BUILD] raw-window-handle ... OK+CLEANED (0.24s)
  Cleaned: rawpointer
  [CLEAN+BUILD] rawpointer ... OK+CLEANED (0.16s)
  Cleaned: rayon
  [CLEAN+BUILD] rayon ... OK+CLEANED (7.45s)
  Cleaned: rayon-core
  [CLEAN+BUILD] rayon-core ... OK+CLEANED (2.89s)
  Cleaned: rayon-demo
  [CLEAN+BUILD] rayon-demo ... FAILED: Build failed (see rusticate-mirify.errs) (17.04s)
  Cleaned: rcgen
  [CLEAN+BUILD] rcgen ... FAILED: Build failed (see rusticate-mirify.errs) (137.53s)
  Cleaned: rcgen
  [CLEAN+BUILD] rcgen ... FAILED: Build failed (see rusticate-mirify.errs) (2.73s)
  Cleaned: rustls-cert-gen
  [CLEAN+BUILD] rustls-cert-gen ... OK+CLEANED (6.19s)
  Cleaned: verify-tests
  [CLEAN+BUILD] verify-tests ... FAILED: Build failed (see rusticate-mirify.errs) (3.23s)
  Cleaned: redis-rs
  [CLEAN+BUILD] redis-rs ... OK+CLEANED (29.48s)
  Cleaned: redis
  [CLEAN+BUILD] redis ... OK+CLEANED (26.01s)
  Cleaned: redis-test
  [CLEAN+BUILD] redis-test ... OK+CLEANED (12.64s)
  Cleaned: test-macros
  [CLEAN+BUILD] test-macros ... FAILED: Build failed (see rusticate-mirify.errs) (1.43s)
  Cleaned: valkey
  [CLEAN+BUILD] valkey ... OK+CLEANED (0.17s)
  Cleaned: ref-cast
  [CLEAN+BUILD] ref-cast ... OK+CLEANED (4.20s)
  Cleaned: derive
  [CLEAN+BUILD] derive ... OK+CLEANED (2.04s)
  Cleaned: regalloc2
  [CLEAN+BUILD] regalloc2 ... OK+CLEANED (1.70s)
  Cleaned: fuzz
  [CLEAN+BUILD] fuzz ... OK+CLEANED (0.15s)
  Cleaned: regalloc2-tool
  [CLEAN+BUILD] regalloc2-tool ... OK+CLEANED (5.78s)
  Cleaned: regex
  [CLEAN+BUILD] regex ... OK+CLEANED (14.22s)
  Cleaned: fuzz
  [CLEAN+BUILD] fuzz ... OK+CLEANED (18.19s)
  Cleaned: regex-automata
  [CLEAN+BUILD] regex-automata ... OK+CLEANED (22.95s)
  Cleaned: regex-capi
  [CLEAN+BUILD] regex-capi ... OK+CLEANED (9.90s)
  Cleaned: regex-cli
  [CLEAN+BUILD] regex-cli ... OK+CLEANED (13.33s)
  Cleaned: regex-lite
  [CLEAN+BUILD] regex-lite ... OK+CLEANED (12.92s)
  Cleaned: regex-syntax
  [CLEAN+BUILD] regex-syntax ... OK+CLEANED (7.53s)
  Cleaned: regex-test
  [CLEAN+BUILD] regex-test ... OK+CLEANED (11.02s)
  Cleaned: regress
  [CLEAN+BUILD] regress ... OK+CLEANED (3.36s)
  Cleaned: gen-unicode
  [CLEAN+BUILD] gen-unicode ... OK+CLEANED (0.90s)
  Cleaned: regress-tool
  [CLEAN+BUILD] regress-tool ... OK+CLEANED (2.99s)
  Cleaned: relative-path
  [CLEAN+BUILD] relative-path ... OK+CLEANED (3.77s)
  Cleaned: relative-path
  [CLEAN+BUILD] relative-path ... OK+CLEANED (3.65s)
  Cleaned: relative-path-utils
  [CLEAN+BUILD] relative-path-utils ... OK+CLEANED (3.39s)
  Cleaned: remove_dir_all
  [CLEAN+BUILD] remove_dir_all ... OK+CLEANED (3.36s)
  Cleaned: rend
  [CLEAN+BUILD] rend ... OK+CLEANED (2.17s)
  Cleaned: reqwest
  [CLEAN+BUILD] reqwest ... FAILED: Build failed (see rusticate-mirify.errs) (4.14s)
  Cleaned: reqwest-middleware
  [CLEAN+BUILD] reqwest-middleware ... FAILED: Build failed (see rusticate-mirify.errs) (3.95s)
  Cleaned: reqwest-middleware
  [CLEAN+BUILD] reqwest-middleware ... FAILED: Build failed (see rusticate-mirify.errs) (3.29s)
  Cleaned: reqwest-retry
  [CLEAN+BUILD] reqwest-retry ... OK+CLEANED (11.64s)
  Cleaned: reqwest-tracing
  [CLEAN+BUILD] reqwest-tracing ... FAILED: Build failed (see rusticate-mirify.errs) (3.66s)
  Cleaned: resolv-conf
  [CLEAN+BUILD] resolv-conf ... OK+CLEANED (0.37s)
  Cleaned: retain_mut
  [CLEAN+BUILD] retain_mut ... OK+CLEANED (0.15s)
  Cleaned: retry-policies
  [CLEAN+BUILD] retry-policies ... OK+CLEANED (1.55s)
  Cleaned: ring
  [CLEAN+BUILD] ring ... OK+CLEANED (3.94s)
  Cleaned: bench
  [CLEAN+BUILD] bench ... OK+CLEANED (0.14s)
  Cleaned: cavp
  [CLEAN+BUILD] cavp ... OK+CLEANED (3.43s)
  Cleaned: ripgrep
  [CLEAN+BUILD] ripgrep ... OK+CLEANED (5.62s)
  Cleaned: fuzz
  [CLEAN+BUILD] fuzz ... OK+CLEANED (0.15s)
  Cleaned: rkyv
  [CLEAN+BUILD] rkyv ... OK+CLEANED (9.76s)
  Cleaned: benchlib
  [CLEAN+BUILD] benchlib ... OK+CLEANED (3.21s)
  Cleaned: rkyv
  [CLEAN+BUILD] rkyv ... OK+CLEANED (9.64s)
  Cleaned: rkyv_derive
  [CLEAN+BUILD] rkyv_derive ... OK+CLEANED (1.76s)
  [CLEAN+BUILD] rkyv_dyn ... FAILED: Cargo clean failed:
error: failed to parse manifest at `/home/milnes/projects/RustCodebases/rkyv/rkyv_dyn/Cargo.toml`

Caused by:
  error inheriting `rkyv_dyn_derive` from workspace root manifest's `workspace.dependencies.rkyv_dyn_derive`

Caused by:
  `dependency.rkyv_dyn_derive` was not found in `workspace.dependencies`
 (0.03s)
  [CLEAN+BUILD] rkyv_dyn_derive ... FAILED: Cargo clean failed:
error: current package believes it's in a workspace when it's not:
current:   /home/milnes/projects/RustCodebases/rkyv/rkyv_dyn_derive/Cargo.toml
workspace: /home/milnes/projects/RustCodebases/rkyv/Cargo.toml

this may be fixable by adding `rkyv_dyn_derive` to the `workspace.members` array of the manifest located at: /home/milnes/projects/RustCodebases/rkyv/Cargo.toml
Alternatively, to keep it out of the workspace, add the package to the `workspace.exclude` array, or add an empty `[workspace]` table to the package's manifest.
 (0.04s)
  [CLEAN+BUILD] rkyv_dyn_test ... FAILED: Cargo clean failed:
error: current package believes it's in a workspace when it's not:
current:   /home/milnes/projects/RustCodebases/rkyv/rkyv_dyn_test/Cargo.toml
workspace: /home/milnes/projects/RustCodebases/rkyv/Cargo.toml

this may be fixable by adding `rkyv_dyn_test` to the `workspace.members` array of the manifest located at: /home/milnes/projects/RustCodebases/rkyv/Cargo.toml
Alternatively, to keep it out of the workspace, add the package to the `workspace.exclude` array, or add an empty `[workspace]` table to the package's manifest.
 (0.04s)
  Cleaned: rle-decode-helper
  [CLEAN+BUILD] rle-decode-helper ... OK+CLEANED (0.19s)
  Cleaned: rngs
  [CLEAN+BUILD] rngs ... OK+CLEANED (1.76s)
  Cleaned: benches
  [CLEAN+BUILD] benches ... FAILED: Build failed (see rusticate-mirify.errs) (0.36s)
  Cleaned: rand_hc
  [CLEAN+BUILD] rand_hc ... OK+CLEANED (0.27s)
  Cleaned: rand_isaac
  [CLEAN+BUILD] rand_isaac ... OK+CLEANED (1.65s)
  Cleaned: rand_jitter
  [CLEAN+BUILD] rand_jitter ... OK+CLEANED (0.25s)
  Cleaned: rand_sfc
  [CLEAN+BUILD] rand_sfc ... OK+CLEANED (0.23s)
  Cleaned: rand_xorshift
  [CLEAN+BUILD] rand_xorshift ... OK+CLEANED (1.65s)
  Cleaned: rand_xoshiro
  [CLEAN+BUILD] rand_xoshiro ... OK+CLEANED (1.70s)
  Cleaned: roaring-rs
  [CLEAN+BUILD] roaring-rs ... OK+CLEANED (8.62s)
  Cleaned: benchmarks
  [CLEAN+BUILD] benchmarks ... OK+CLEANED (0.15s)
  Cleaned: fuzz
  [CLEAN+BUILD] fuzz ... OK+CLEANED (0.17s)
  Cleaned: roaring
  [CLEAN+BUILD] roaring ... OK+CLEANED (6.53s)
  Cleaned: ron
  [CLEAN+BUILD] ron ... OK+CLEANED (9.64s)
  Cleaned: fuzz
  [CLEAN+BUILD] fuzz ... OK+CLEANED (0.14s)
  Cleaned: roxmltree
  [CLEAN+BUILD] roxmltree ... OK+CLEANED (0.86s)
  Cleaned: benches
  [CLEAN+BUILD] benches ... OK+CLEANED (0.12s)
  Cleaned: rpassword
  [CLEAN+BUILD] rpassword ... FAILED: Build failed (see rusticate-mirify.errs) (0.10s)
  Cleaned: rstest
  [CLEAN+BUILD] rstest ... OK+CLEANED (12.90s)
  Cleaned: playground
  [CLEAN+BUILD] playground ... OK+CLEANED (6.88s)
  Cleaned: rstest
  [CLEAN+BUILD] rstest ... OK+CLEANED (8.13s)
  Cleaned: rstest_fixtures
  [CLEAN+BUILD] rstest_fixtures ... OK+CLEANED (0.18s)
  Cleaned: rstest_macros
  [CLEAN+BUILD] rstest_macros ... OK+CLEANED (8.50s)
  Cleaned: rstest_reuse
  [CLEAN+BUILD] rstest_reuse ... OK+CLEANED (7.16s)
  Cleaned: rstest_test
  [CLEAN+BUILD] rstest_test ... OK+CLEANED (6.12s)
  Cleaned: rtnetlink
  [CLEAN+BUILD] rtnetlink ... OK+CLEANED (8.28s)
  Cleaned: rusoto
  [CLEAN+BUILD] rusoto ... FAILED: Build failed (see rusticate-mirify.errs) (3.35s)
  Cleaned: integration_tests
  [CLEAN+BUILD] integration_tests ... FAILED: Build failed (see rusticate-mirify.errs) (3.39s)
  Cleaned: mock
  [CLEAN+BUILD] mock ... FAILED: Build failed (see rusticate-mirify.errs) (3.01s)
  Cleaned: service_crategen
  [CLEAN+BUILD] service_crategen ... OK+CLEANED (8.12s)
  Cleaned: skeptical
  [CLEAN+BUILD] skeptical ... FAILED: Build failed (see rusticate-mirify.errs) (2.98s)
  Cleaned: rusqlite
  [CLEAN+BUILD] rusqlite ... OK+CLEANED (4.29s)
  Cleaned: libsqlite3-sys
  [CLEAN+BUILD] libsqlite3-sys ... OK+CLEANED (0.65s)
  Cleaned: rusqlite-macros
  [CLEAN+BUILD] rusqlite-macros ... OK+CLEANED (2.61s)
  Cleaned: rust-aliasable
  [CLEAN+BUILD] rust-aliasable ... OK+CLEANED (0.27s)
  Cleaned: rust-alloc-no-stdlib
  [CLEAN+BUILD] rust-alloc-no-stdlib ... OK+CLEANED (7.55s)
  Cleaned: alloc-stdlib
  [CLEAN+BUILD] alloc-stdlib ... OK+CLEANED (7.16s)
  Cleaned: rust-ansi-term
  [CLEAN+BUILD] rust-ansi-term ... OK+CLEANED (2.76s)
  Cleaned: rust-argon2
  [CLEAN+BUILD] rust-argon2 ... OK+CLEANED (0.76s)
  Cleaned: rust-ascii
  [CLEAN+BUILD] rust-ascii ... FAILED: Build failed (see rusticate-mirify.errs) (0.31s)
  Cleaned: rust-base64
  [CLEAN+BUILD] rust-base64 ... OK+CLEANED (9.77s)
  Cleaned: fuzz
  [CLEAN+BUILD] fuzz ... OK+CLEANED (9.25s)
  Cleaned: rust-bech32
  [CLEAN+BUILD] rust-bech32 ... OK+CLEANED (0.94s)
  Cleaned: fuzz
  [CLEAN+BUILD] fuzz ... OK+CLEANED (0.71s)
  Cleaned: rust-bindgen
  [CLEAN+BUILD] rust-bindgen ... OK+CLEANED (8.47s)
  Cleaned: bindgen
  [CLEAN+BUILD] bindgen ... OK+CLEANED (5.09s)
  Cleaned: bindgen-cli
  [CLEAN+BUILD] bindgen-cli ... OK+CLEANED (7.10s)
  Cleaned: bindgen-integration
  [CLEAN+BUILD] bindgen-integration ... FAILED: Build failed (see rusticate-mirify.errs) (6.91s)
  Cleaned: bindgen-tests
  [CLEAN+BUILD] bindgen-tests ... OK+CLEANED (8.15s)
  Cleaned: rust-bit-field
  [CLEAN+BUILD] rust-bit-field ... OK+CLEANED (0.27s)
  Cleaned: rust-bitcoin
  [CLEAN+BUILD] rust-bitcoin ... OK+CLEANED (10.64s)
  Cleaned: addresses
  [CLEAN+BUILD] addresses ... OK+CLEANED (0.16s)
  Cleaned: base58
  [CLEAN+BUILD] base58 ... OK+CLEANED (1.03s)
  Cleaned: benches
  [CLEAN+BUILD] benches ... OK+CLEANED (0.16s)
  Cleaned: bitcoin
  [CLEAN+BUILD] bitcoin ... OK+CLEANED (7.09s)
  Cleaned: chacha20_poly1305
  [CLEAN+BUILD] chacha20_poly1305 ... OK+CLEANED (0.44s)
  Cleaned: consensus_encoding
  [CLEAN+BUILD] consensus_encoding ... OK+CLEANED (0.69s)
  Cleaned: crypto
  [CLEAN+BUILD] crypto ... OK+CLEANED (0.14s)
  Cleaned: fuzz
  [CLEAN+BUILD] fuzz ... OK+CLEANED (8.16s)
  Cleaned: hashes
  [CLEAN+BUILD] hashes ... OK+CLEANED (2.15s)
  Cleaned: internals
  [CLEAN+BUILD] internals ... OK+CLEANED (0.42s)
  Cleaned: io
  [CLEAN+BUILD] io ... OK+CLEANED (1.18s)
  Cleaned: p2p
  [CLEAN+BUILD] p2p ... OK+CLEANED (5.67s)
  Cleaned: primitives
  [CLEAN+BUILD] primitives ... OK+CLEANED (2.58s)
  Cleaned: units
  [CLEAN+BUILD] units ... OK+CLEANED (4.51s)
  Cleaned: rust-bitfield
  [CLEAN+BUILD] rust-bitfield ... OK+CLEANED (2.46s)
  Cleaned: bitfield-macros
  [CLEAN+BUILD] bitfield-macros ... OK+CLEANED (1.46s)
  Cleaned: rust-block
  [CLEAN+BUILD] rust-block ... FAILED: Build failed (see rusticate-mirify.errs) (0.44s)
  Cleaned: test_utils
  [CLEAN+BUILD] test_utils ... FAILED: Build failed (see rusticate-mirify.errs) (0.51s)
  Cleaned: rust-brotli
  [CLEAN+BUILD] rust-brotli ... OK+CLEANED (3.66s)
  Cleaned: c
  [CLEAN+BUILD] c ... OK+CLEANED (2.39s)
  Cleaned: rust-brotli-decompressor
  [CLEAN+BUILD] rust-brotli-decompressor ... OK+CLEANED (1.44s)
  Cleaned: c
  [CLEAN+BUILD] c ... OK+CLEANED (1.12s)
  Cleaned: fuzz
  [CLEAN+BUILD] fuzz ... OK+CLEANED (0.15s)
  Cleaned: rust-cexpr
  [CLEAN+BUILD] rust-cexpr ... FAILED: Build failed (see rusticate-mirify.errs) (1.22s)
  Cleaned: rust-cfb
  [CLEAN+BUILD] rust-cfb ... OK+CLEANED (4.21s)
  Cleaned: fuzz
  [CLEAN+BUILD] fuzz ... OK+CLEANED (0.14s)
  Cleaned: rust-chunked-transfer
  [CLEAN+BUILD] rust-chunked-transfer ... OK+CLEANED (5.97s)
  Cleaned: rust-cidr
  [CLEAN+BUILD] rust-cidr ... OK+CLEANED (6.24s)
  Cleaned: rust-conv
  [CLEAN+BUILD] rust-conv ... OK+CLEANED (2.24s)
  Cleaned: rust-cpuid
  [CLEAN+BUILD] rust-cpuid ... OK+CLEANED (3.75s)
  Cleaned: rust-crc16
  [CLEAN+BUILD] rust-crc16 ... OK+CLEANED (0.36s)
  Cleaned: rust-crc32fast
  [CLEAN+BUILD] rust-crc32fast ... OK+CLEANED (1.99s)
  Cleaned: fuzz
  [CLEAN+BUILD] fuzz ... OK+CLEANED (0.11s)
  Cleaned: rust-cssparser
  [CLEAN+BUILD] rust-cssparser ... OK+CLEANED (3.72s)
  Cleaned: color
  [CLEAN+BUILD] color ... OK+CLEANED (3.70s)
  Cleaned: fuzz
  [CLEAN+BUILD] fuzz ... OK+CLEANED (0.15s)
  Cleaned: macros
  [CLEAN+BUILD] macros ... OK+CLEANED (2.03s)
  Cleaned: rust-csv
  [CLEAN+BUILD] rust-csv ... OK+CLEANED (4.46s)
  Cleaned: csv-core
  [CLEAN+BUILD] csv-core ... OK+CLEANED (0.96s)
  Cleaned: csv-index
  [CLEAN+BUILD] csv-index ... OK+CLEANED (1.53s)
  Cleaned: rust-ctor
  [CLEAN+BUILD] rust-ctor ... OK+CLEANED (4.28s)
  Cleaned: ctor
  [CLEAN+BUILD] ctor ... OK+CLEANED (0.72s)
  Cleaned: ctor-proc-macro
  [CLEAN+BUILD] ctor-proc-macro ... OK+CLEANED (0.16s)
  Cleaned: dtor
  [CLEAN+BUILD] dtor ... OK+CLEANED (0.68s)
  Cleaned: dtor-proc-macro
  [CLEAN+BUILD] dtor-proc-macro ... OK+CLEANED (0.15s)
  Cleaned: shared
  [CLEAN+BUILD] shared ... OK+CLEANED (4.09s)
  Cleaned: rust-ctrlc
  [CLEAN+BUILD] rust-ctrlc ... OK+CLEANED (1.34s)
  Cleaned: rust-custom-derive
  [CLEAN+BUILD] rust-custom-derive ... FAILED: Build failed (see rusticate-mirify.errs) (0.33s)
  Cleaned: enum_derive
  [CLEAN+BUILD] enum_derive ... FAILED: Build failed (see rusticate-mirify.errs) (0.21s)
  Cleaned: newtype_derive
  [CLEAN+BUILD] newtype_derive ... FAILED: Build failed (see rusticate-mirify.errs) (0.23s)
  Cleaned: rust-debug-unreachable
  [CLEAN+BUILD] rust-debug-unreachable ... OK+CLEANED (0.17s)
  Cleaned: rust-debugid
  [CLEAN+BUILD] rust-debugid ... OK+CLEANED (1.70s)
  Cleaned: rust-decimal
  [CLEAN+BUILD] rust-decimal ... FAILED: Build failed (see rusticate-mirify.errs) (7.76s)
  Cleaned: fuzz
  [CLEAN+BUILD] fuzz ... OK+CLEANED (0.14s)
  Cleaned: macros
  [CLEAN+BUILD] macros ... OK+CLEANED (4.99s)
  Cleaned: rust-delegate
  [CLEAN+BUILD] rust-delegate ... OK+CLEANED (4.96s)
  Cleaned: rust-derivative
  [CLEAN+BUILD] rust-derivative ... OK+CLEANED (5.92s)
  Cleaned: rust-derive-builder
  [CLEAN+BUILD] rust-derive-builder ... OK+CLEANED (5.13s)
  Cleaned: derive_builder
  [CLEAN+BUILD] derive_builder ... OK+CLEANED (4.68s)
  Cleaned: derive_builder_core
  [CLEAN+BUILD] derive_builder_core ... OK+CLEANED (3.89s)
  Cleaned: derive_builder_macro
  [CLEAN+BUILD] derive_builder_macro ... OK+CLEANED (3.76s)
  Cleaned: derive_builder_no_alloc_tests
  [CLEAN+BUILD] derive_builder_no_alloc_tests ... OK+CLEANED (3.94s)
  Cleaned: derive_builder_no_std_tests
  [CLEAN+BUILD] derive_builder_no_std_tests ... OK+CLEANED (3.95s)
  Cleaned: rust-dispatch
  [CLEAN+BUILD] rust-dispatch ... OK+CLEANED (0.23s)
  Cleaned: rust-email_address
  [CLEAN+BUILD] rust-email_address ... OK+CLEANED (1.84s)
  Cleaned: rust-encoding
  [CLEAN+BUILD] rust-encoding ... FAILED: Build failed (see rusticate-mirify.errs) (1.60s)
  Cleaned: rust-errno
  [CLEAN+BUILD] rust-errno ... OK+CLEANED (0.73s)
  Cleaned: rust-fallible-iterator
  [CLEAN+BUILD] rust-fallible-iterator ... OK+CLEANED (0.68s)
  Cleaned: rust-field-offset
  [CLEAN+BUILD] rust-field-offset ... OK+CLEANED (0.55s)
  Cleaned: rust-float-ord
  [CLEAN+BUILD] rust-float-ord ... OK+CLEANED (3.07s)
  Cleaned: rust-fnv
  [CLEAN+BUILD] rust-fnv ... OK+CLEANED (0.22s)
  Cleaned: rust-hex
  [CLEAN+BUILD] rust-hex ... OK+CLEANED (7.96s)
  Cleaned: rust-hmac-sha512
  [CLEAN+BUILD] rust-hmac-sha512 ... OK+CLEANED (0.22s)
  Cleaned: rust-htmlescape
  [CLEAN+BUILD] rust-htmlescape ... OK+CLEANED (1.72s)
  Cleaned: rust-ini
  [CLEAN+BUILD] rust-ini ... OK+CLEANED (1.47s)
  Cleaned: rust-language-tags
  [CLEAN+BUILD] rust-language-tags ... OK+CLEANED (1.93s)
  Cleaned: rust-lexical
  [CLEAN+BUILD] rust-lexical ... OK+CLEANED (1.57s)
  Cleaned: extras
  [CLEAN+BUILD] extras ... OK+CLEANED (4.71s)
  Cleaned: fuzz
  [CLEAN+BUILD] fuzz ... OK+CLEANED (4.86s)
  Cleaned: lexical
  [CLEAN+BUILD] lexical ... OK+CLEANED (0.87s)
  Cleaned: lexical-core
  [CLEAN+BUILD] lexical-core ... OK+CLEANED (0.87s)
  Cleaned: lexical-parse-float
  [CLEAN+BUILD] lexical-parse-float ... OK+CLEANED (0.99s)
  Cleaned: lexical-parse-integer
  [CLEAN+BUILD] lexical-parse-integer ... OK+CLEANED (0.53s)
  Cleaned: lexical-util
  [CLEAN+BUILD] lexical-util ... OK+CLEANED (0.36s)
  Cleaned: lexical-write-float
  [CLEAN+BUILD] lexical-write-float ... OK+CLEANED (0.75s)
  Cleaned: lexical-write-integer
  [CLEAN+BUILD] lexical-write-integer ... OK+CLEANED (0.70s)
  Cleaned: rust-log-mdc
  [CLEAN+BUILD] rust-log-mdc ... OK+CLEANED (0.18s)
  Cleaned: rust-mac
  [CLEAN+BUILD] rust-mac ... FAILED: Build failed (see rusticate-mirify.errs) (0.14s)
  Cleaned: rust-more-asserts
  [CLEAN+BUILD] rust-more-asserts ... OK+CLEANED (0.19s)
  Cleaned: rust-multiaddr
  [CLEAN+BUILD] rust-multiaddr ... OK+CLEANED (6.61s)
  Cleaned: rust-multibase
  [CLEAN+BUILD] rust-multibase ... OK+CLEANED (7.79s)
  Cleaned: cli
  [CLEAN+BUILD] cli ... OK+CLEANED (3.68s)
  Cleaned: rust-multihash
  [CLEAN+BUILD] rust-multihash ... OK+CLEANED (3.20s)
  Cleaned: codetable
  [CLEAN+BUILD] codetable ... OK+CLEANED (7.16s)
  Cleaned: derive
  [CLEAN+BUILD] derive ... OK+CLEANED (5.56s)
  Cleaned: derive-impl
  [CLEAN+BUILD] derive-impl ... OK+CLEANED (1.93s)
  Cleaned: rust-native-tls
  [CLEAN+BUILD] rust-native-tls ... FAILED: Build failed (see rusticate-mirify.errs) (2.77s)
  Cleaned: rust-number-prefix
  [CLEAN+BUILD] rust-number-prefix ... OK+CLEANED (0.19s)
  Cleaned: rust-numpy
  [CLEAN+BUILD] rust-numpy ... OK+CLEANED (7.50s)
  Cleaned: rust-objc
  [CLEAN+BUILD] rust-objc ... OK+CLEANED (0.89s)
  Cleaned: rust-onig
  [CLEAN+BUILD] rust-onig ... FAILED: Build failed (see rusticate-mirify.errs) (6.23s)
  Cleaned: onig
  [CLEAN+BUILD] onig ... FAILED: Build failed (see rusticate-mirify.errs) (6.17s)
  Cleaned: onig_sys
  [CLEAN+BUILD] onig_sys ... FAILED: Build failed (see rusticate-mirify.errs) (6.14s)
  Cleaned: rust-openssl
  [CLEAN+BUILD] rust-openssl ... FAILED: Build failed (see rusticate-mirify.errs) (2.53s)
  Cleaned: openssl
  [CLEAN+BUILD] openssl ... FAILED: Build failed (see rusticate-mirify.errs) (2.31s)
  Cleaned: openssl-errors
  [CLEAN+BUILD] openssl-errors ... FAILED: Build failed (see rusticate-mirify.errs) (2.37s)
  Cleaned: openssl-macros
  [CLEAN+BUILD] openssl-macros ... OK+CLEANED (1.77s)
  Cleaned: openssl-sys
  [CLEAN+BUILD] openssl-sys ... FAILED: Build failed (see rusticate-mirify.errs) (1.04s)
  Cleaned: systest
  [CLEAN+BUILD] systest ... FAILED: Build failed (see rusticate-mirify.errs) (1.91s)
  Cleaned: rust-ordered-float
  [CLEAN+BUILD] rust-ordered-float ... OK+CLEANED (2.04s)
  Cleaned: rust-peg
  [CLEAN+BUILD] rust-peg ... OK+CLEANED (4.85s)
  Cleaned: peg-macros
  [CLEAN+BUILD] peg-macros ... OK+CLEANED (0.88s)
  Cleaned: peg-runtime
  [CLEAN+BUILD] peg-runtime ... OK+CLEANED (0.17s)
  Cleaned: xtask
  [CLEAN+BUILD] xtask ... OK+CLEANED (2.27s)
  Cleaned: rust-phf
  [CLEAN+BUILD] rust-phf ... OK+CLEANED (7.24s)
  Cleaned: phf
  [CLEAN+BUILD] phf ... OK+CLEANED (0.14s)
  Cleaned: phf_codegen
  [CLEAN+BUILD] phf_codegen ... OK+CLEANED (0.42s)
  Cleaned: phf_generator
  [CLEAN+BUILD] phf_generator ... OK+CLEANED (6.26s)
  Cleaned: phf_macros
  [CLEAN+BUILD] phf_macros ... OK+CLEANED (1.75s)
  Cleaned: phf_macros_test
  [CLEAN+BUILD] phf_macros_test ... OK+CLEANED (4.90s)
  Cleaned: phf_shared
  [CLEAN+BUILD] phf_shared ... OK+CLEANED (0.14s)
  Cleaned: rust-plist
  [CLEAN+BUILD] rust-plist ... OK+CLEANED (4.66s)
  Cleaned: fuzz
  [CLEAN+BUILD] fuzz ... OK+CLEANED (9.34s)
  Cleaned: rust-postgres
  [CLEAN+BUILD] rust-postgres ... FAILED: Build failed (see rusticate-mirify.errs) (3.04s)
  Cleaned: codegen
  [CLEAN+BUILD] codegen ... OK+CLEANED (2.63s)
  Cleaned: postgres
  [CLEAN+BUILD] postgres ... OK+CLEANED (8.12s)
  Cleaned: postgres-derive
  [CLEAN+BUILD] postgres-derive ... OK+CLEANED (0.16s)
  Cleaned: postgres-derive-test
  [CLEAN+BUILD] postgres-derive-test ... OK+CLEANED (6.48s)
  Cleaned: postgres-native-tls
  [CLEAN+BUILD] postgres-native-tls ... FAILED: Build failed (see rusticate-mirify.errs) (2.70s)
  Cleaned: postgres-openssl
  [CLEAN+BUILD] postgres-openssl ... FAILED: Build failed (see rusticate-mirify.errs) (2.80s)
  Cleaned: postgres-protocol
  [CLEAN+BUILD] postgres-protocol ... OK+CLEANED (2.02s)
  Cleaned: postgres-types
  [CLEAN+BUILD] postgres-types ... OK+CLEANED (2.07s)
  Cleaned: tokio-postgres
  [CLEAN+BUILD] tokio-postgres ... OK+CLEANED (10.65s)
  Cleaned: rust-pretty-assertions
  [CLEAN+BUILD] rust-pretty-assertions ... OK+CLEANED (6.08s)
  Cleaned: pretty_assertions
  [CLEAN+BUILD] pretty_assertions ... OK+CLEANED (0.40s)
  Cleaned: pretty_assertions_bench
  [CLEAN+BUILD] pretty_assertions_bench ... OK+CLEANED (5.86s)
  Cleaned: rust-prometheus
  [CLEAN+BUILD] rust-prometheus ... OK+CLEANED (7.88s)
  Cleaned: static-metric
  [CLEAN+BUILD] static-metric ... OK+CLEANED (7.59s)
  Cleaned: rust-protobuf
  [CLEAN+BUILD] rust-protobuf ... FAILED: Build failed (see rusticate-mirify.errs) (10.05s)
  Cleaned: ci-gen
  [CLEAN+BUILD] ci-gen ... OK+CLEANED (0.31s)
  Cleaned: protobuf
  [CLEAN+BUILD] protobuf ... OK+CLEANED (4.80s)
  Cleaned: protobuf-codegen
  [CLEAN+BUILD] protobuf-codegen ... OK+CLEANED (6.75s)
  Cleaned: protobuf-json-mapping
  [CLEAN+BUILD] protobuf-json-mapping ... OK+CLEANED (5.01s)
  Cleaned: protobuf-parse
  [CLEAN+BUILD] protobuf-parse ... OK+CLEANED (6.01s)
  Cleaned: protobuf-support
  [CLEAN+BUILD] protobuf-support ... OK+CLEANED (2.40s)
  Cleaned: protoc-bin
  [CLEAN+BUILD] protoc-bin ... OK+CLEANED (0.25s)
  Cleaned: rust-rdkafka
  [CLEAN+BUILD] rust-rdkafka ... OK+CLEANED (19.67s)
  Cleaned: rdkafka-sys
  [CLEAN+BUILD] rdkafka-sys ... OK+CLEANED (12.96s)
  Cleaned: rust-rgb
  [CLEAN+BUILD] rust-rgb ... OK+CLEANED (2.15s)
  Cleaned: rust-rocksdb
  [CLEAN+BUILD] rust-rocksdb ... FAILED: Build failed (see rusticate-mirify.errs) (9.83s)
  Cleaned: librocksdb-sys
  [CLEAN+BUILD] librocksdb-sys ... FAILED: Build failed (see rusticate-mirify.errs) (6.00s)
  Cleaned: rust-secp256k1
  [CLEAN+BUILD] rust-secp256k1 ... OK+CLEANED (3.14s)
  Cleaned: no_std_test
  [CLEAN+BUILD] no_std_test ... FAILED: Build failed (see rusticate-mirify.errs) (2.78s)
  Cleaned: secp256k1-sys
  [CLEAN+BUILD] secp256k1-sys ... OK+CLEANED (2.30s)
  Cleaned: rust-security-framework
  [CLEAN+BUILD] rust-security-framework ... FAILED: Build failed (see rusticate-mirify.errs) (7.70s)
  Cleaned: iostest
  [CLEAN+BUILD] iostest ... FAILED: Build failed (see rusticate-mirify.errs) (3.07s)
  Cleaned: security-framework
  [CLEAN+BUILD] security-framework ... OK+CLEANED (5.72s)
  Cleaned: security-framework-sys
  [CLEAN+BUILD] security-framework-sys ... OK+CLEANED (0.78s)
  Cleaned: systest
  [CLEAN+BUILD] systest ... FAILED: Build failed (see rusticate-mirify.errs) (8.79s)
  Cleaned: rust-shlex
  [CLEAN+BUILD] rust-shlex ... OK+CLEANED (0.28s)
  Cleaned: fuzz
  [CLEAN+BUILD] fuzz ... OK+CLEANED (0.13s)
  Cleaned: rust-simple_logger
  [CLEAN+BUILD] rust-simple_logger ... OK+CLEANED (1.48s)
  Cleaned: rust-siphash
  [CLEAN+BUILD] rust-siphash ... OK+CLEANED (0.26s)
  Cleaned: rust-sketches-ddsketch
  [CLEAN+BUILD] rust-sketches-ddsketch ... OK+CLEANED (1.91s)
  Cleaned: rust-smallvec
  [CLEAN+BUILD] rust-smallvec ... OK+CLEANED (1.93s)
  Cleaned: fuzz
  [CLEAN+BUILD] fuzz ... OK+CLEANED (0.35s)
  Cleaned: rust-smart-default
  [CLEAN+BUILD] rust-smart-default ... OK+CLEANED (1.97s)
  Cleaned: rust-snappy
  [CLEAN+BUILD] rust-snappy ... OK+CLEANED (0.45s)
  Cleaned: bench
  [CLEAN+BUILD] bench ... OK+CLEANED (6.01s)
  Cleaned: snappy-cpp
  [CLEAN+BUILD] snappy-cpp ... OK+CLEANED (0.83s)
  Cleaned: szip
  [CLEAN+BUILD] szip ... OK+CLEANED (1.56s)
  Cleaned: test
  [CLEAN+BUILD] test ... OK+CLEANED (2.30s)
  Cleaned: rust-sourcemap
  [CLEAN+BUILD] rust-sourcemap ... OK+CLEANED (7.47s)
  Cleaned: cli
  [CLEAN+BUILD] cli ... OK+CLEANED (5.57s)
  Cleaned: matches
  [CLEAN+BUILD] matches ... OK+CLEANED (0.16s)
  Cleaned: mod_path
  [CLEAN+BUILD] mod_path ... FAILED: Build failed (see rusticate-mirify.errs) (0.27s)
  Cleaned: ref_filter_map
  [CLEAN+BUILD] ref_filter_map ... OK+CLEANED (0.14s)
  Cleaned: return_if_ok
  [CLEAN+BUILD] return_if_ok ... OK+CLEANED (0.15s)
  Cleaned: show
  [CLEAN+BUILD] show ... OK+CLEANED (0.16s)
  Cleaned: text_writer
  [CLEAN+BUILD] text_writer ... OK+CLEANED (0.13s)
  Cleaned: triable
  [CLEAN+BUILD] triable ... OK+CLEANED (0.17s)
  Cleaned: zip_longest
  [CLEAN+BUILD] zip_longest ... OK+CLEANED (0.17s)
  Cleaned: rust-stringprep
  [CLEAN+BUILD] rust-stringprep ... OK+CLEANED (0.77s)
  Cleaned: codegen
  [CLEAN+BUILD] codegen ... OK+CLEANED (1.51s)
  Cleaned: rust-subprocess
  [CLEAN+BUILD] rust-subprocess ... OK+CLEANED (1.60s)
  Cleaned: rust-threadpool
  [CLEAN+BUILD] rust-threadpool ... OK+CLEANED (1.05s)
  Cleaned: rust-tokio-retry
  [CLEAN+BUILD] rust-tokio-retry ... OK+CLEANED (5.19s)
  Cleaned: rust-typed-arena
  [CLEAN+BUILD] rust-typed-arena ... OK+CLEANED (0.32s)
  Cleaned: benches
  [CLEAN+BUILD] benches ... OK+CLEANED (0.15s)
  Cleaned: rust-typed-builder
  [CLEAN+BUILD] rust-typed-builder ... OK+CLEANED (3.70s)
  Cleaned: typed-builder-macro
  [CLEAN+BUILD] typed-builder-macro ... OK+CLEANED (2.28s)
  Cleaned: rust-uname
  [CLEAN+BUILD] rust-uname ... OK+CLEANED (0.71s)
  Cleaned: rust-unic
  [CLEAN+BUILD] rust-unic ... FAILED: Build failed (see rusticate-mirify.errs) (7.45s)
  Cleaned: gen
  [CLEAN+BUILD] gen ... OK+CLEANED (2.42s)
  Cleaned: unic
  [CLEAN+BUILD] unic ... FAILED: Build failed (see rusticate-mirify.errs) (4.79s)
  Cleaned: rust-unreachable
  [CLEAN+BUILD] rust-unreachable ... OK+CLEANED (0.18s)
  Cleaned: rust-uritemplate
  [CLEAN+BUILD] rust-uritemplate ... OK+CLEANED (2.66s)
  Cleaned: rust-url
  [CLEAN+BUILD] rust-url ... OK+CLEANED (6.48s)
  Cleaned: data-url
  [CLEAN+BUILD] data-url ... OK+CLEANED (3.57s)
  Cleaned: form_urlencoded
  [CLEAN+BUILD] form_urlencoded ... OK+CLEANED (0.13s)
  Cleaned: idna
  [CLEAN+BUILD] idna ... OK+CLEANED (4.36s)
  Cleaned: percent_encoding
  [CLEAN+BUILD] percent_encoding ... OK+CLEANED (0.24s)
  Cleaned: url
  [CLEAN+BUILD] url ... OK+CLEANED (5.85s)
  Cleaned: url_debug_tests
  [CLEAN+BUILD] url_debug_tests ... OK+CLEANED (0.13s)
  Cleaned: rust-utf8
  [CLEAN+BUILD] rust-utf8 ... OK+CLEANED (0.25s)
  Cleaned: rust-void
  [CLEAN+BUILD] rust-void ... FAILED: Build failed (see rusticate-mirify.errs) (0.13s)
  Cleaned: rust_libloading
  [CLEAN+BUILD] rust_libloading ... OK+CLEANED (0.82s)
  Cleaned: rust_nibble_vec
  [CLEAN+BUILD] rust_nibble_vec ... OK+CLEANED (5.98s)
  Cleaned: rust_radix_trie
  [CLEAN+BUILD] rust_radix_trie ... OK+CLEANED (6.26s)
  Cleaned: rust_rdrand
  [CLEAN+BUILD] rust_rdrand ... OK+CLEANED (6.01s)
  Cleaned: rust_uds_windows
  [CLEAN+BUILD] rust_uds_windows ... OK+CLEANED (0.44s)
  Cleaned: rust_urlencoding
  [CLEAN+BUILD] rust_urlencoding ... OK+CLEANED (0.21s)
  Cleaned: rustc-demangle
  [CLEAN+BUILD] rustc-demangle ... OK+CLEANED (0.40s)
  Cleaned: fuzz
  [CLEAN+BUILD] fuzz ... OK+CLEANED (0.12s)
  Cleaned: rustc-hash
  [CLEAN+BUILD] rustc-hash ... OK+CLEANED (0.21s)
  Cleaned: rustc-hex
  [CLEAN+BUILD] rustc-hex ... OK+CLEANED (0.20s)
  Cleaned: rustc-serialize
  [CLEAN+BUILD] rustc-serialize ... FAILED: Build failed (see rusticate-mirify.errs) (1.76s)
  Cleaned: rustc-version-rs
  [CLEAN+BUILD] rustc-version-rs ... OK+CLEANED (0.43s)
  Cleaned: rustcommon
  [CLEAN+BUILD] rustcommon ... OK+CLEANED (6.63s)
  Cleaned: awaken
  [CLEAN+BUILD] awaken ... OK+CLEANED (0.78s)
  Cleaned: clocksource
  [CLEAN+BUILD] clocksource ... OK+CLEANED (1.54s)
  Cleaned: histogram
  [CLEAN+BUILD] histogram ... OK+CLEANED (6.43s)
  Cleaned: ratelimit
  [CLEAN+BUILD] ratelimit ... OK+CLEANED (2.39s)
  Cleaned: ringlog
  [CLEAN+BUILD] ringlog ... OK+CLEANED (1.45s)
  Cleaned: switchboard
  [CLEAN+BUILD] switchboard ... OK+CLEANED (2.44s)
  [CLEAN+BUILD] waterfall ... FAILED: Cargo clean failed:
error: current package believes it's in a workspace when it's not:
current:   /home/milnes/projects/RustCodebases/rustcommon/waterfall/Cargo.toml
workspace: /home/milnes/projects/RustCodebases/rustcommon/Cargo.toml

this may be fixable by adding `waterfall` to the `workspace.members` array of the manifest located at: /home/milnes/projects/RustCodebases/rustcommon/Cargo.toml
Alternatively, to keep it out of the workspace, add the package to the `workspace.exclude` array, or add an empty `[workspace]` table to the package's manifest.
 (0.04s)
  Cleaned: rusticata-macros
  [CLEAN+BUILD] rusticata-macros ... OK+CLEANED (1.85s)
  Cleaned: rustix
  [CLEAN+BUILD] rustix ... OK+CLEANED (3.26s)
  Cleaned: rustls
  [CLEAN+BUILD] rustls ... FAILED: Build failed (see rusticate-mirify.errs) (23.88s)
  Cleaned: bogo
  [CLEAN+BUILD] bogo ... OK+CLEANED (13.82s)
  Cleaned: ci-bench
  [CLEAN+BUILD] ci-bench ... FAILED: Build failed (see rusticate-mirify.errs) (3.12s)
  Cleaned: connect-tests
  [CLEAN+BUILD] connect-tests ... OK+CLEANED (4.78s)
  Cleaned: examples
  [CLEAN+BUILD] examples ... FAILED: Build failed (see rusticate-mirify.errs) (20.03s)
  Cleaned: fuzz
  [CLEAN+BUILD] fuzz ... OK+CLEANED (5.53s)
  Cleaned: openssl-tests
  [CLEAN+BUILD] openssl-tests ... FAILED: Build failed (see rusticate-mirify.errs) (2.58s)
  Cleaned: provider-example
  [CLEAN+BUILD] provider-example ... OK+CLEANED (13.87s)
  Cleaned: rustls
  [CLEAN+BUILD] rustls ... OK+CLEANED (14.73s)
  Cleaned: rustls-bench
  [CLEAN+BUILD] rustls-bench ... OK+CLEANED (19.03s)
  Cleaned: rustls-fuzzing-provider
  [CLEAN+BUILD] rustls-fuzzing-provider ... OK+CLEANED (3.38s)
  Cleaned: rustls-post-quantum
  [CLEAN+BUILD] rustls-post-quantum ... OK+CLEANED (15.96s)
  Cleaned: rustls-provider-test
  [CLEAN+BUILD] rustls-provider-test ... OK+CLEANED (15.36s)
  Cleaned: rustls-ring
  [CLEAN+BUILD] rustls-ring ... OK+CLEANED (5.81s)
  Cleaned: rustls-test
  [CLEAN+BUILD] rustls-test ... OK+CLEANED (5.74s)
  Cleaned: rustls-native-certs
  [CLEAN+BUILD] rustls-native-certs ... OK+CLEANED (14.63s)
  Cleaned: rustls-platform-verifier
  [CLEAN+BUILD] rustls-platform-verifier ... OK+CLEANED (4.70s)
  Cleaned: android-release-support
  [CLEAN+BUILD] android-release-support ... OK+CLEANED (0.14s)
  Cleaned: rustls-platform-verifier
  [CLEAN+BUILD] rustls-platform-verifier ... OK+CLEANED (4.57s)
  Cleaned: rustsec
  [CLEAN+BUILD] rustsec ... OK+CLEANED (23.31s)
  Cleaned: admin
  [CLEAN+BUILD] admin ... OK+CLEANED (22.50s)
  Cleaned: cargo-audit
  [CLEAN+BUILD] cargo-audit ... OK+CLEANED (21.13s)
  Cleaned: cargo-lock
  [CLEAN+BUILD] cargo-lock ... OK+CLEANED (5.34s)
  Cleaned: cvss
  [CLEAN+BUILD] cvss ... OK+CLEANED (0.62s)
  Cleaned: platforms
  [CLEAN+BUILD] platforms ... OK+CLEANED (0.33s)
  Cleaned: platforms-data-gen
  [CLEAN+BUILD] platforms-data-gen ... OK+CLEANED (1.91s)
  Cleaned: platforms-table-gen
  [CLEAN+BUILD] platforms-table-gen ... OK+CLEANED (0.31s)
  Cleaned: quitters
  [CLEAN+BUILD] quitters ... OK+CLEANED (2.40s)
  Cleaned: rustsec
  [CLEAN+BUILD] rustsec ... OK+CLEANED (18.45s)
  Cleaned: rustversion
  [CLEAN+BUILD] rustversion ... OK+CLEANED (4.20s)
  Cleaned: rusty-fork
  [CLEAN+BUILD] rusty-fork ... OK+CLEANED (1.35s)
  Cleaned: rusty_v8
  [CLEAN+BUILD] rusty_v8 ... FAILED: Build failed (see rusticate-mirify.errs) (28.22s)
  Cleaned: rustyline
  [CLEAN+BUILD] rustyline ... OK+CLEANED (2.94s)
  Cleaned: rustyline-derive
  [CLEAN+BUILD] rustyline-derive ... OK+CLEANED (1.39s)
  Cleaned: ryu
  [CLEAN+BUILD] ryu ... OK+CLEANED (1.67s)
  Cleaned: fuzz
  [CLEAN+BUILD] fuzz ... OK+CLEANED (0.16s)
  Cleaned: safe_arch
  [CLEAN+BUILD] safe_arch ... FAILED: Build failed (see rusticate-mirify.errs) (0.10s)
  Cleaned: safemem
  [CLEAN+BUILD] safemem ... OK+CLEANED (0.17s)
  Cleaned: same-file
  [CLEAN+BUILD] same-file ... OK+CLEANED (0.37s)
  Cleaned: scalable-concurrent-containers
  [CLEAN+BUILD] scalable-concurrent-containers ... OK+CLEANED (11.39s)
  Cleaned: examples
  [CLEAN+BUILD] examples ... OK+CLEANED (1.18s)
  Cleaned: extended_tests
  [CLEAN+BUILD] extended_tests ... OK+CLEANED (1.97s)
  Cleaned: scalable-delayed-dealloc
  [CLEAN+BUILD] scalable-delayed-dealloc ... OK+CLEANED (6.67s)
  Cleaned: examples
  [CLEAN+BUILD] examples ... OK+CLEANED (0.43s)
  Cleaned: scale-info
  [CLEAN+BUILD] scale-info ... OK+CLEANED (4.89s)
  Cleaned: derive
  [CLEAN+BUILD] derive ... OK+CLEANED (1.93s)
  Cleaned: test_suite
  [CLEAN+BUILD] test_suite ... OK+CLEANED (6.27s)
  Cleaned: schannel-rs
  [CLEAN+BUILD] schannel-rs ... OK+CLEANED (1.99s)
  Cleaned: scheduled-thread-pool
  [CLEAN+BUILD] scheduled-thread-pool ... OK+CLEANED (1.07s)
  Cleaned: schemars
  [CLEAN+BUILD] schemars ... OK+CLEANED (14.91s)
  Cleaned: schemars
  [CLEAN+BUILD] schemars ... OK+CLEANED (13.91s)
  Cleaned: schemars_derive
  [CLEAN+BUILD] schemars_derive ... OK+CLEANED (2.24s)
  Cleaned: scope
  [CLEAN+BUILD] scope ... OK+CLEANED (2.63s)
  Cleaned: scoped-threadpool-rs
  [CLEAN+BUILD] scoped-threadpool-rs ... OK+CLEANED (0.33s)
  Cleaned: scoped-tls
  [CLEAN+BUILD] scoped-tls ... OK+CLEANED (0.24s)
  Cleaned: scopeguard
  [CLEAN+BUILD] scopeguard ... OK+CLEANED (0.17s)
  Cleaned: scratch
  [CLEAN+BUILD] scratch ... OK+CLEANED (0.24s)
  Cleaned: scroll
  [CLEAN+BUILD] scroll ... OK+CLEANED (0.41s)
  Cleaned: scroll_derive
  [CLEAN+BUILD] scroll_derive ... OK+CLEANED (2.31s)
  Cleaned: sct.rs
  [CLEAN+BUILD] sct.rs ... OK+CLEANED (2.66s)
  Cleaned: sea-bae
  [CLEAN+BUILD] sea-bae ... OK+CLEANED (4.98s)
  Cleaned: sea-query
  [CLEAN+BUILD] sea-query ... FAILED: Build failed (see rusticate-mirify.errs) (7.96s)
  Cleaned: sea-query-derive
  [CLEAN+BUILD] sea-query-derive ... FAILED: Build failed (see rusticate-mirify.errs) (5.94s)
  Cleaned: sea-query-diesel
  [CLEAN+BUILD] sea-query-diesel ... FAILED: Build failed (see rusticate-mirify.errs) (10.11s)
  Cleaned: sea-query-postgres
  [CLEAN+BUILD] sea-query-postgres ... FAILED: Build failed (see rusticate-mirify.errs) (3.66s)
  Cleaned: sea-query-postgres-types
  [CLEAN+BUILD] sea-query-postgres-types ... OK+CLEANED (0.80s)
  Cleaned: sea-query-rbatis
  [CLEAN+BUILD] sea-query-rbatis ... FAILED: Build failed (see rusticate-mirify.errs) (4.69s)
  Cleaned: sea-query-rusqlite
  [CLEAN+BUILD] sea-query-rusqlite ... FAILED: Build failed (see rusticate-mirify.errs) (3.33s)
  Cleaned: sea-query-sqlx
  [CLEAN+BUILD] sea-query-sqlx ... FAILED: Build failed (see rusticate-mirify.errs) (3.26s)
  Cleaned: sealed-rs
  [CLEAN+BUILD] sealed-rs ... FAILED: Build failed (see rusticate-mirify.errs) (9.55s)
  Cleaned: demo
  [CLEAN+BUILD] demo ... OK+CLEANED (4.62s)
  Cleaned: self_cell
  [CLEAN+BUILD] self_cell ... OK+CLEANED (0.52s)
  Cleaned: benchmarks
  [CLEAN+BUILD] benchmarks ... OK+CLEANED (5.90s)
  Cleaned: examples
  [CLEAN+BUILD] examples ... OK+CLEANED (0.23s)
  Cleaned: tests-extra
  [CLEAN+BUILD] tests-extra ... OK+CLEANED (1.83s)
  Cleaned: semver
  [CLEAN+BUILD] semver ... OK+CLEANED (0.48s)
  Cleaned: fuzz
  [CLEAN+BUILD] fuzz ... OK+CLEANED (0.12s)
  Cleaned: semver-parser
  [CLEAN+BUILD] semver-parser ... OK+CLEANED (2.62s)
  Cleaned: fuzz
  [CLEAN+BUILD] fuzz ... OK+CLEANED (0.13s)
  Cleaned: send_wrapper
  [CLEAN+BUILD] send_wrapper ... OK+CLEANED (3.56s)
  Cleaned: sentry-rust
  [CLEAN+BUILD] sentry-rust ... FAILED: Build failed (see rusticate-mirify.errs) (7.50s)
  Cleaned: sentry
  [CLEAN+BUILD] sentry ... FAILED: Build failed (see rusticate-mirify.errs) (3.36s)
  Cleaned: sentry-actix
  [CLEAN+BUILD] sentry-actix ... FAILED: Build failed (see rusticate-mirify.errs) (3.37s)
  Cleaned: sentry-anyhow
  [CLEAN+BUILD] sentry-anyhow ... OK+CLEANED (8.67s)
  Cleaned: sentry-backtrace
  [CLEAN+BUILD] sentry-backtrace ... OK+CLEANED (8.20s)
  Cleaned: sentry-contexts
  [CLEAN+BUILD] sentry-contexts ... OK+CLEANED (8.24s)
  Cleaned: sentry-core
  [CLEAN+BUILD] sentry-core ... FAILED: Build failed (see rusticate-mirify.errs) (3.20s)
  Cleaned: sentry-debug-images
  [CLEAN+BUILD] sentry-debug-images ... OK+CLEANED (7.87s)
  Cleaned: sentry-log
  [CLEAN+BUILD] sentry-log ... OK+CLEANED (8.62s)
  Cleaned: sentry-opentelemetry
  [CLEAN+BUILD] sentry-opentelemetry ... FAILED: Build failed (see rusticate-mirify.errs) (3.14s)
  Cleaned: sentry-panic
  [CLEAN+BUILD] sentry-panic ... OK+CLEANED (8.50s)
  Cleaned: sentry-slog
  [CLEAN+BUILD] sentry-slog ... OK+CLEANED (8.28s)
  Cleaned: sentry-tower
  [CLEAN+BUILD] sentry-tower ... OK+CLEANED (11.29s)
  Cleaned: sentry-tracing
  [CLEAN+BUILD] sentry-tracing ... OK+CLEANED (9.99s)
  Cleaned: sentry-types
  [CLEAN+BUILD] sentry-types ... OK+CLEANED (10.31s)
  Cleaned: seq-macro
  [CLEAN+BUILD] seq-macro ... OK+CLEANED (4.25s)
  Cleaned: serde
  [CLEAN+BUILD] serde ... OK+CLEANED (7.65s)
  Cleaned: serde
  [CLEAN+BUILD] serde ... OK+CLEANED (1.69s)
  Cleaned: serde_core
  [CLEAN+BUILD] serde_core ... OK+CLEANED (4.31s)
  Cleaned: serde_derive
  [CLEAN+BUILD] serde_derive ... OK+CLEANED (2.60s)
  Cleaned: serde_derive_internals
  [CLEAN+BUILD] serde_derive_internals ... OK+CLEANED (1.57s)
  Cleaned: test_suite
  [CLEAN+BUILD] test_suite ... OK+CLEANED (6.65s)
  Cleaned: serde-aux
  [CLEAN+BUILD] serde-aux ... OK+CLEANED (4.16s)
  Cleaned: serde-big-array
  [CLEAN+BUILD] serde-big-array ... OK+CLEANED (3.28s)
  Cleaned: serde-ignored
  [CLEAN+BUILD] serde-ignored ... OK+CLEANED (3.32s)
  Cleaned: serde-plain
  [CLEAN+BUILD] serde-plain ... OK+CLEANED (3.14s)
  Cleaned: serde-regex
  [CLEAN+BUILD] serde-regex ... OK+CLEANED (3.53s)
  Cleaned: serde-repr
  [CLEAN+BUILD] serde-repr ... OK+CLEANED (4.25s)
  Cleaned: serde-untagged
  [CLEAN+BUILD] serde-untagged ... OK+CLEANED (3.53s)
  Cleaned: serde-value
  [CLEAN+BUILD] serde-value ... OK+CLEANED (3.36s)
  Cleaned: serde-wasm-bindgen
  [CLEAN+BUILD] serde-wasm-bindgen ... OK+CLEANED (5.99s)
  Cleaned: benchmarks
  [CLEAN+BUILD] benchmarks ... OK+CLEANED (5.52s)
  Cleaned: serde-xml-rs
  [CLEAN+BUILD] serde-xml-rs ... OK+CLEANED (8.77s)
  Cleaned: serde-yaml
  [CLEAN+BUILD] serde-yaml ... OK+CLEANED (3.82s)
  Cleaned: fuzz
  [CLEAN+BUILD] fuzz ... OK+CLEANED (0.16s)
  Cleaned: serde_fmt
  [CLEAN+BUILD] serde_fmt ... OK+CLEANED (3.17s)
  Cleaned: serde_qs
  [CLEAN+BUILD] serde_qs ... OK+CLEANED (8.56s)
  Cleaned: serde_tokenstream
  [CLEAN+BUILD] serde_tokenstream ... FAILED: Build failed (see rusticate-mirify.errs) (5.26s)
  Cleaned: testlib
  [CLEAN+BUILD] testlib ... FAILED: Build failed (see rusticate-mirify.errs) (7.12s)
  Cleaned: ui-tests
  [CLEAN+BUILD] ui-tests ... FAILED: Build failed (see rusticate-mirify.errs) (7.23s)
  Cleaned: serde_urlencoded
  [CLEAN+BUILD] serde_urlencoded ... OK+CLEANED (3.15s)
  Cleaned: serde_with
  [CLEAN+BUILD] serde_with ... OK+CLEANED (13.84s)
  Cleaned: serde_with
  [CLEAN+BUILD] serde_with ... OK+CLEANED (12.45s)
  Cleaned: serde_with_macros
  [CLEAN+BUILD] serde_with_macros ... OK+CLEANED (5.98s)
  Cleaned: serde_with_test
  [CLEAN+BUILD] serde_with_test ... OK+CLEANED (4.94s)
  Cleaned: serial_test
  [CLEAN+BUILD] serial_test ... OK+CLEANED (6.18s)
  Cleaned: serial_test
  [CLEAN+BUILD] serial_test ... OK+CLEANED (2.80s)
  Cleaned: serial_test_derive
  [CLEAN+BUILD] serial_test_derive ... OK+CLEANED (1.92s)
  Cleaned: serial_test_test
  [CLEAN+BUILD] serial_test_test ... OK+CLEANED (5.28s)
  Cleaned: sha1-smol
  [CLEAN+BUILD] sha1-smol ... FAILED: Build failed (see rusticate-mirify.errs) (2.69s)
  Cleaned: bench
  [CLEAN+BUILD] bench ... FAILED: Build failed (see rusticate-mirify.errs) (0.11s)
  Cleaned: legacy-shim
  [CLEAN+BUILD] legacy-shim ... OK+CLEANED (0.22s)
  Cleaned: sha256-rs
  [CLEAN+BUILD] sha256-rs ... OK+CLEANED (5.50s)
  Cleaned: sharded-slab
  [CLEAN+BUILD] sharded-slab ... OK+CLEANED (7.87s)
  Cleaned: shared_child.rs
  [CLEAN+BUILD] shared_child.rs ... OK+CLEANED (1.05s)
  Cleaned: shell-escape
  [CLEAN+BUILD] shell-escape ... OK+CLEANED (0.16s)
  Cleaned: shell-words
  [CLEAN+BUILD] shell-words ... OK+CLEANED (0.19s)
  Cleaned: signal-hook
  [CLEAN+BUILD] signal-hook ... OK+CLEANED (1.02s)
  Cleaned: serial_test
  [CLEAN+BUILD] serial_test ... OK+CLEANED (0.17s)
  Cleaned: signal-hook-async-std
  [CLEAN+BUILD] signal-hook-async-std ... OK+CLEANED (3.91s)
  Cleaned: signal-hook-mio
  [CLEAN+BUILD] signal-hook-mio ... OK+CLEANED (1.00s)
  Cleaned: signal-hook-registry
  [CLEAN+BUILD] signal-hook-registry ... OK+CLEANED (0.97s)
  Cleaned: signal-hook-tokio
  [CLEAN+BUILD] signal-hook-tokio ... OK+CLEANED (4.94s)
  Cleaned: signatures
  [CLEAN+BUILD] signatures ... OK+CLEANED (34.15s)
  Cleaned: dsa
  [CLEAN+BUILD] dsa ... OK+CLEANED (10.61s)
  Cleaned: ecdsa
  [CLEAN+BUILD] ecdsa ... OK+CLEANED (3.44s)
  Cleaned: ed25519
  [CLEAN+BUILD] ed25519 ... OK+CLEANED (1.93s)
  Cleaned: ed448
  [CLEAN+BUILD] ed448 ... OK+CLEANED (1.90s)
  Cleaned: lms
  [CLEAN+BUILD] lms ... OK+CLEANED (4.77s)
  Cleaned: ml-dsa
  [CLEAN+BUILD] ml-dsa ... OK+CLEANED (27.36s)
  Cleaned: rfc6979
  [CLEAN+BUILD] rfc6979 ... OK+CLEANED (2.80s)
  Cleaned: slh-dsa
  [CLEAN+BUILD] slh-dsa ... OK+CLEANED (29.93s)
  Cleaned: simba
  [CLEAN+BUILD] simba ... OK+CLEANED (3.56s)
  Cleaned: simd
  [CLEAN+BUILD] simd ... OK+CLEANED (2.49s)
  Cleaned: simd-adler32
  [CLEAN+BUILD] simd-adler32 ... OK+CLEANED (4.69s)
  Cleaned: fuzz
  [CLEAN+BUILD] fuzz ... OK+CLEANED (0.14s)
  Cleaned: simd_helpers
  [CLEAN+BUILD] simd_helpers ... OK+CLEANED (0.78s)
  Cleaned: simdutf8
  [CLEAN+BUILD] simdutf8 ... OK+CLEANED (0.80s)
  Cleaned: bench
  [CLEAN+BUILD] bench ... OK+CLEANED (6.53s)
  Cleaned: fuzzing
  [CLEAN+BUILD] fuzzing ... OK+CLEANED (0.16s)
  Cleaned: similar
  [CLEAN+BUILD] similar ... OK+CLEANED (2.32s)
  Cleaned: similar-asserts
  [CLEAN+BUILD] similar-asserts ... OK+CLEANED (3.58s)
  Cleaned: simple_asn1
  [CLEAN+BUILD] simple_asn1 ... OK+CLEANED (4.72s)
  Cleaned: fuzz
  [CLEAN+BUILD] fuzz ... OK+CLEANED (9.58s)
  Cleaned: simplelog.rs
  [CLEAN+BUILD] simplelog.rs ... OK+CLEANED (1.48s)
  Cleaned: sized-chunks
  [CLEAN+BUILD] sized-chunks ... FAILED: Build failed (see rusticate-mirify.errs) (0.54s)
  Cleaned: fuzz
  [CLEAN+BUILD] fuzz ... FAILED: Build failed (see rusticate-mirify.errs) (5.05s)
  Cleaned: slab
  [CLEAN+BUILD] slab ... OK+CLEANED (3.79s)
  Cleaned: sled
  [CLEAN+BUILD] sled ... OK+CLEANED (8.16s)
  Cleaned: fuzz
  [CLEAN+BUILD] fuzz ... OK+CLEANED (0.16s)
  Cleaned: slice-group-by
  [CLEAN+BUILD] slice-group-by ... OK+CLEANED (1.40s)
  Cleaned: slog
  [CLEAN+BUILD] slog ... OK+CLEANED (3.46s)
  Cleaned: slotmap
  [CLEAN+BUILD] slotmap ... OK+CLEANED (3.96s)
  Cleaned: fuzz
  [CLEAN+BUILD] fuzz ... OK+CLEANED (0.13s)
  Cleaned: slug-rs
  [CLEAN+BUILD] slug-rs ... OK+CLEANED (0.25s)
  Cleaned: smartstring
  [CLEAN+BUILD] smartstring ... OK+CLEANED (7.01s)
  Cleaned: fuzz
  [CLEAN+BUILD] fuzz ... OK+CLEANED (5.08s)
  Cleaned: smawk
  [CLEAN+BUILD] smawk ... OK+CLEANED (7.99s)
  [CLEAN+BUILD] examples ... FAILED: Cargo clean failed:
error: failed to load manifest for workspace member `/home/milnes/projects/RustCodebases/smithy-rs/examples/pokemon-service-common`
referenced by workspace at `/home/milnes/projects/RustCodebases/smithy-rs/examples/Cargo.toml`

Caused by:
  failed to load manifest for dependency `pokemon-service-client`

Caused by:
  failed to read `/home/milnes/projects/RustCodebases/smithy-rs/examples/pokemon-service-client/Cargo.toml`

Caused by:
  No such file or directory (os error 2)
 (0.04s)
  Cleaned: rust-runtime
  [CLEAN+BUILD] rust-runtime ... OK+CLEANED (42.73s)
  Cleaned: smol_str
  [CLEAN+BUILD] smol_str ... FAILED: Build failed (see rusticate-mirify.errs) (0.13s)
  Cleaned: snafu
  [CLEAN+BUILD] snafu ... OK+CLEANED (3.91s)
  Cleaned: snafu-derive
  [CLEAN+BUILD] snafu-derive ... OK+CLEANED (2.14s)
  Cleaned: snow
  [CLEAN+BUILD] snow ... OK+CLEANED (7.66s)
  Cleaned: hfuzz
  [CLEAN+BUILD] hfuzz ... OK+CLEANED (3.52s)
  Cleaned: socket2
  [CLEAN+BUILD] socket2 ... OK+CLEANED (1.04s)
  Cleaned: soketto
  [CLEAN+BUILD] soketto ... OK+CLEANED (8.43s)
  Cleaned: spin-rs
  [CLEAN+BUILD] spin-rs ... OK+CLEANED (6.70s)
  Cleaned: spinning_top
  [CLEAN+BUILD] spinning_top ... OK+CLEANED (1.67s)
  Cleaned: sponges
  [CLEAN+BUILD] sponges ... OK+CLEANED (0.23s)
  Cleaned: ascon
  [CLEAN+BUILD] ascon ... OK+CLEANED (0.19s)
  Cleaned: bash-f
  [CLEAN+BUILD] bash-f ... OK+CLEANED (0.18s)
  Cleaned: benches
  [CLEAN+BUILD] benches ... OK+CLEANED (0.14s)
  Cleaned: keccak
  [CLEAN+BUILD] keccak ... OK+CLEANED (0.19s)
  Cleaned: sqlformat-rs
  [CLEAN+BUILD] sqlformat-rs ... OK+CLEANED (7.09s)
  Cleaned: sqlparser-rs
  [CLEAN+BUILD] sqlparser-rs ... OK+CLEANED (11.81s)
  Cleaned: derive
  [CLEAN+BUILD] derive ... OK+CLEANED (1.43s)
  Cleaned: fuzz
  [CLEAN+BUILD] fuzz ... OK+CLEANED (8.59s)
  Cleaned: sqlparser_bench
  [CLEAN+BUILD] sqlparser_bench ... OK+CLEANED (0.17s)
  Cleaned: sqlx
  [CLEAN+BUILD] sqlx ... FAILED: Build failed (see rusticate-mirify.errs) (16.76s)
  Cleaned: sqlx-cli
  [CLEAN+BUILD] sqlx-cli ... FAILED: Build failed (see rusticate-mirify.errs) (3.63s)
  Cleaned: sqlx-core
  [CLEAN+BUILD] sqlx-core ... FAILED: Build failed (see rusticate-mirify.errs) (18.63s)
  Cleaned: sqlx-macros
  [CLEAN+BUILD] sqlx-macros ... FAILED: Build failed (see rusticate-mirify.errs) (8.07s)
  Cleaned: sqlx-macros-core
  [CLEAN+BUILD] sqlx-macros-core ... FAILED: Build failed (see rusticate-mirify.errs) (7.83s)
  Cleaned: sqlx-mysql
  [CLEAN+BUILD] sqlx-mysql ... FAILED: Build failed (see rusticate-mirify.errs) (9.98s)
  Cleaned: sqlx-postgres
  [CLEAN+BUILD] sqlx-postgres ... FAILED: Build failed (see rusticate-mirify.errs) (16.74s)
  Cleaned: sqlx-sqlite
  [CLEAN+BUILD] sqlx-sqlite ... FAILED: Build failed (see rusticate-mirify.errs) (14.53s)
  Cleaned: sqlx-test
  [CLEAN+BUILD] sqlx-test ... FAILED: Build failed (see rusticate-mirify.errs) (8.43s)
  Cleaned: ssh2-rs
  [CLEAN+BUILD] ssh2-rs ... FAILED: Build failed (see rusticate-mirify.errs) (1.43s)
  Cleaned: libssh2-sys
  [CLEAN+BUILD] libssh2-sys ... FAILED: Build failed (see rusticate-mirify.errs) (1.09s)
  Cleaned: systest
  [CLEAN+BUILD] systest ... FAILED: Build failed (see rusticate-mirify.errs) (2.00s)
  Cleaned: stable_deref_trait
  [CLEAN+BUILD] stable_deref_trait ... OK+CLEANED (0.15s)
  Cleaned: stacker
  [CLEAN+BUILD] stacker ... OK+CLEANED (2.36s)
  Cleaned: psm
  [CLEAN+BUILD] psm ... OK+CLEANED (2.12s)
  Cleaned: standback
  [CLEAN+BUILD] standback ... FAILED: Build failed (see rusticate-mirify.errs) (0.79s)
  Cleaned: state
  [CLEAN+BUILD] state ... OK+CLEANED (0.35s)
  Cleaned: bench
  [CLEAN+BUILD] bench ... FAILED: Build failed (see rusticate-mirify.errs) (0.26s)
  Cleaned: static-assertions-rs
  [CLEAN+BUILD] static-assertions-rs ... OK+CLEANED (0.23s)
  Cleaned: proc
  [CLEAN+BUILD] proc ... OK+CLEANED (0.24s)
  Cleaned: statrs
  [CLEAN+BUILD] statrs ... OK+CLEANED (10.44s)
  Cleaned: stats_alloc
  [CLEAN+BUILD] stats_alloc ... OK+CLEANED (0.21s)
  Cleaned: std
  [CLEAN+BUILD] std ... OK+CLEANED (1.67s)
  Cleaned: stdweb
  [CLEAN+BUILD] stdweb ... FAILED: Build failed (see rusticate-mirify.errs) (9.69s)
  Cleaned: benchmarks
  [CLEAN+BUILD] benchmarks ... FAILED: Build failed (see rusticate-mirify.errs) (8.25s)
  Cleaned: examples
  [CLEAN+BUILD] examples ... FAILED: Build failed (see rusticate-mirify.errs) (9.50s)
  Cleaned: standalone-tests
  [CLEAN+BUILD] standalone-tests ... FAILED: Build failed (see rusticate-mirify.errs) (8.15s)
  Cleaned: stdweb-derive
  [CLEAN+BUILD] stdweb-derive ... OK+CLEANED (3.21s)
  Cleaned: stdweb-internal-macros
  [CLEAN+BUILD] stdweb-internal-macros ... OK+CLEANED (3.58s)
  Cleaned: stdweb-internal-runtime
  [CLEAN+BUILD] stdweb-internal-runtime ... OK+CLEANED (0.26s)
  Cleaned: stdweb-internal-test-macro
  [CLEAN+BUILD] stdweb-internal-test-macro ... OK+CLEANED (0.62s)
  Cleaned: str_stack
  [CLEAN+BUILD] str_stack ... OK+CLEANED (0.20s)
  Cleaned: stream-ciphers
  [CLEAN+BUILD] stream-ciphers ... OK+CLEANED (8.60s)
  Cleaned: benches
  [CLEAN+BUILD] benches ... OK+CLEANED (6.33s)
  Cleaned: chacha20
  [CLEAN+BUILD] chacha20 ... OK+CLEANED (8.43s)
  Cleaned: hc-256
  [CLEAN+BUILD] hc-256 ... OK+CLEANED (1.89s)
  Cleaned: rabbit
  [CLEAN+BUILD] rabbit ... OK+CLEANED (1.97s)
  Cleaned: rc4
  [CLEAN+BUILD] rc4 ... OK+CLEANED (2.22s)
  Cleaned: salsa20
  [CLEAN+BUILD] salsa20 ... OK+CLEANED (2.10s)
  Cleaned: strength_reduce
  [CLEAN+BUILD] strength_reduce ... OK+CLEANED (3.37s)
  Cleaned: strict-num
  [CLEAN+BUILD] strict-num ... OK+CLEANED (1.70s)
  Cleaned: string-cache
  [CLEAN+BUILD] string-cache ... OK+CLEANED (1.62s)
  Cleaned: integration-tests
  [CLEAN+BUILD] integration-tests ... OK+CLEANED (2.13s)
  Cleaned: string-cache-codegen
  [CLEAN+BUILD] string-cache-codegen ... OK+CLEANED (0.80s)
  Cleaned: string-interner
  [CLEAN+BUILD] string-interner ... OK+CLEANED (6.68s)
  Cleaned: strip-ansi-escapes
  [CLEAN+BUILD] strip-ansi-escapes ... OK+CLEANED (0.49s)
  Cleaned: strsim-rs
  [CLEAN+BUILD] strsim-rs ... OK+CLEANED (0.33s)
  Cleaned: structmeta
  [CLEAN+BUILD] structmeta ... OK+CLEANED (8.21s)
  Cleaned: structmeta
  [CLEAN+BUILD] structmeta ... OK+CLEANED (2.36s)
  Cleaned: structmeta-derive
  [CLEAN+BUILD] structmeta-derive ... OK+CLEANED (1.73s)
  Cleaned: structmeta-tests
  [CLEAN+BUILD] structmeta-tests ... OK+CLEANED (7.92s)
  Cleaned: structopt
  [CLEAN+BUILD] structopt ... OK+CLEANED (5.50s)
  Cleaned: structopt-derive
  [CLEAN+BUILD] structopt-derive ... OK+CLEANED (2.00s)
  Cleaned: strum
  [CLEAN+BUILD] strum ... OK+CLEANED (4.11s)
  Cleaned: strum
  [CLEAN+BUILD] strum ... OK+CLEANED (2.66s)
  Cleaned: strum_macros
  [CLEAN+BUILD] strum_macros ... OK+CLEANED (1.80s)
  Cleaned: strum_nostd_tests
  [CLEAN+BUILD] strum_nostd_tests ... OK+CLEANED (2.75s)
  Cleaned: strum_tests
  [CLEAN+BUILD] strum_tests ... OK+CLEANED (3.91s)
  Cleaned: stylo
  [CLEAN+BUILD] stylo ... FAILED: Build failed (see rusticate-mirify.errs) (19.43s)
  Cleaned: malloc_size_of
  [CLEAN+BUILD] malloc_size_of ... OK+CLEANED (4.81s)
  Cleaned: selectors
  [CLEAN+BUILD] selectors ... OK+CLEANED (4.14s)
  Cleaned: servo_arc
  [CLEAN+BUILD] servo_arc ... OK+CLEANED (0.24s)
  Cleaned: style
  [CLEAN+BUILD] style ... FAILED: Build failed (see rusticate-mirify.errs) (18.99s)
  Cleaned: style_derive
  [CLEAN+BUILD] style_derive ... OK+CLEANED (3.81s)
  Cleaned: style_traits
  [CLEAN+BUILD] style_traits ... OK+CLEANED (6.29s)
  Cleaned: stylo_atoms
  [CLEAN+BUILD] stylo_atoms ... OK+CLEANED (1.74s)
  Cleaned: stylo_config
  [CLEAN+BUILD] stylo_config ... OK+CLEANED (0.20s)
  Cleaned: stylo_dom
  [CLEAN+BUILD] stylo_dom ... OK+CLEANED (4.87s)
  Cleaned: stylo_static_prefs
  [CLEAN+BUILD] stylo_static_prefs ... OK+CLEANED (0.16s)
  Cleaned: to_shmem
  [CLEAN+BUILD] to_shmem ... OK+CLEANED (0.17s)
  Cleaned: to_shmem_derive
  [CLEAN+BUILD] to_shmem_derive ... OK+CLEANED (3.45s)
  Cleaned: subtle
  [CLEAN+BUILD] subtle ... OK+CLEANED (1.74s)
  Cleaned: fuzz
  [CLEAN+BUILD] fuzz ... OK+CLEANED (4.43s)
  Cleaned: supports-color
  [CLEAN+BUILD] supports-color ... OK+CLEANED (0.28s)
  Cleaned: supports-hyperlinks
  [CLEAN+BUILD] supports-hyperlinks ... OK+CLEANED (0.14s)
  Cleaned: supports-unicode
  [CLEAN+BUILD] supports-unicode ... OK+CLEANED (0.15s)
  Cleaned: sval
  [CLEAN+BUILD] sval ... OK+CLEANED (2.47s)
  Cleaned: buffer
  [CLEAN+BUILD] buffer ... OK+CLEANED (2.52s)
  Cleaned: derive
  [CLEAN+BUILD] derive ... OK+CLEANED (2.22s)
  Cleaned: derive_macros
  [CLEAN+BUILD] derive_macros ... OK+CLEANED (1.65s)
  Cleaned: dynamic
  [CLEAN+BUILD] dynamic ... OK+CLEANED (0.39s)
  Cleaned: experiments
  [CLEAN+BUILD] experiments ... OK+CLEANED (2.28s)
  Cleaned: flatten
  [CLEAN+BUILD] flatten ... OK+CLEANED (2.60s)
  Cleaned: fmt
  [CLEAN+BUILD] fmt ... OK+CLEANED (0.43s)
  Cleaned: json
  [CLEAN+BUILD] json ... OK+CLEANED (0.38s)
  Cleaned: nested
  [CLEAN+BUILD] nested ... OK+CLEANED (2.72s)
  Cleaned: ref
  [CLEAN+BUILD] ref ... OK+CLEANED (0.68s)
  Cleaned: serde
  [CLEAN+BUILD] serde ... OK+CLEANED (1.17s)
  Cleaned: test
  [CLEAN+BUILD] test ... OK+CLEANED (0.76s)
  Cleaned: swc
  [CLEAN+BUILD] swc ... FAILED: Build failed (see rusticate-mirify.errs) (224.08s)
  Cleaned: xtask
  [CLEAN+BUILD] xtask ... OK+CLEANED (16.16s)
  Cleaned: symbolic
  [CLEAN+BUILD] symbolic ... OK+CLEANED (25.67s)
  Cleaned: symbolic
  [CLEAN+BUILD] symbolic ... OK+CLEANED (10.16s)
  Cleaned: symbolic-cabi
  [CLEAN+BUILD] symbolic-cabi ... OK+CLEANED (17.04s)
  Cleaned: symbolic-cfi
  [CLEAN+BUILD] symbolic-cfi ... OK+CLEANED (10.36s)
  Cleaned: symbolic-common
  [CLEAN+BUILD] symbolic-common ... OK+CLEANED (1.57s)
  Cleaned: symbolic-debuginfo
  [CLEAN+BUILD] symbolic-debuginfo ... OK+CLEANED (12.41s)
  Cleaned: symbolic-demangle
  [CLEAN+BUILD] symbolic-demangle ... OK+CLEANED (4.92s)
  Cleaned: symbolic-il2cpp
  [CLEAN+BUILD] symbolic-il2cpp ... OK+CLEANED (9.98s)
  Cleaned: symbolic-ppdb
  [CLEAN+BUILD] symbolic-ppdb ... OK+CLEANED (10.07s)
  Cleaned: symbolic-sourcemapcache
  [CLEAN+BUILD] symbolic-sourcemapcache ... OK+CLEANED (14.65s)
  Cleaned: symbolic-symcache
  [CLEAN+BUILD] symbolic-symcache ... OK+CLEANED (12.05s)
  Cleaned: symbolic-testutils
  [CLEAN+BUILD] symbolic-testutils ... OK+CLEANED (0.23s)
  Cleaned: symbolic-unreal
  [CLEAN+BUILD] symbolic-unreal ... OK+CLEANED (3.99s)
  Cleaned: syn
  [CLEAN+BUILD] syn ... FAILED: Build failed (see rusticate-mirify.errs) (3.43s)
  Cleaned: codegen
  [CLEAN+BUILD] codegen ... OK+CLEANED (4.42s)
  Cleaned: dev
  [CLEAN+BUILD] dev ... OK+CLEANED (2.70s)
  Cleaned: fuzz
  [CLEAN+BUILD] fuzz ... OK+CLEANED (0.14s)
  Cleaned: json
  [CLEAN+BUILD] json ... OK+CLEANED (3.33s)
  Cleaned: syn-mid
  [CLEAN+BUILD] syn-mid ... OK+CLEANED (1.40s)
  Cleaned: syn_derive
  [CLEAN+BUILD] syn_derive ... OK+CLEANED (1.63s)
  Cleaned: sync_wrapper
  [CLEAN+BUILD] sync_wrapper ... OK+CLEANED (3.87s)
  Cleaned: synstructure
  [CLEAN+BUILD] synstructure ... OK+CLEANED (1.98s)
  Cleaned: test_suite
  [CLEAN+BUILD] test_suite ... OK+CLEANED (2.05s)
  Cleaned: test_traits
  [CLEAN+BUILD] test_traits ... OK+CLEANED (0.13s)
  Cleaned: sys-info-rs
  [CLEAN+BUILD] sys-info-rs ... OK+CLEANED (1.11s)
  Cleaned: test
  [CLEAN+BUILD] test ... OK+CLEANED (1.12s)
  Cleaned: sysinfo
  [CLEAN+BUILD] sysinfo ... OK+CLEANED (2.65s)
  Cleaned: test-unknown
  [CLEAN+BUILD] test-unknown ... OK+CLEANED (3.67s)
  Cleaned: system-configuration-rs
  [CLEAN+BUILD] system-configuration-rs ... FAILED: Build failed (see rusticate-mirify.errs) (0.75s)
  Cleaned: system-configuration
  [CLEAN+BUILD] system-configuration ... FAILED: Build failed (see rusticate-mirify.errs) (0.73s)
  Cleaned: system-configuration-sys
  [CLEAN+BUILD] system-configuration-sys ... OK+CLEANED (0.52s)
  Cleaned: system-deps
  [CLEAN+BUILD] system-deps ... OK+CLEANED (1.80s)
  Cleaned: tabled
  [CLEAN+BUILD] tabled ... OK+CLEANED (9.28s)
  Cleaned: csv_to_table
  [CLEAN+BUILD] csv_to_table ... OK+CLEANED (2.13s)
  Cleaned: json_to_table
  [CLEAN+BUILD] json_to_table ... OK+CLEANED (2.44s)
  Cleaned: papergrid
  [CLEAN+BUILD] papergrid ... OK+CLEANED (2.08s)
  Cleaned: ron_to_table
  [CLEAN+BUILD] ron_to_table ... OK+CLEANED (4.01s)
  Cleaned: static_table
  [CLEAN+BUILD] static_table ... OK+CLEANED (2.75s)
  Cleaned: table_to_html
  [CLEAN+BUILD] table_to_html ... OK+CLEANED (4.43s)
  Cleaned: tabled
  [CLEAN+BUILD] tabled ... OK+CLEANED (7.77s)
  Cleaned: tabled_derive
  [CLEAN+BUILD] tabled_derive ... OK+CLEANED (2.35s)
  Cleaned: testing_table
  [CLEAN+BUILD] testing_table ... OK+CLEANED (0.24s)
  Cleaned: toml_to_table
  [CLEAN+BUILD] toml_to_table ... OK+CLEANED (3.11s)
  Cleaned: tagptr
  [CLEAN+BUILD] tagptr ... OK+CLEANED (0.22s)
  Cleaned: take_mut
  [CLEAN+BUILD] take_mut ... OK+CLEANED (0.18s)
  Cleaned: tap
  [CLEAN+BUILD] tap ... OK+CLEANED (0.21s)
  Cleaned: tar-rs
  [CLEAN+BUILD] tar-rs ... OK+CLEANED (1.94s)
  Cleaned: fuzz
  [CLEAN+BUILD] fuzz ... OK+CLEANED (0.14s)
  Cleaned: target-lexicon
  [CLEAN+BUILD] target-lexicon ... OK+CLEANED (2.03s)
  Cleaned: task-local-extensions
  [CLEAN+BUILD] task-local-extensions ... OK+CLEANED (4.96s)
  Cleaned: tempdir
  [CLEAN+BUILD] tempdir ... OK+CLEANED (1.12s)
  Cleaned: tempfile
  [CLEAN+BUILD] tempfile ... OK+CLEANED (1.35s)
  Cleaned: tendril
  [CLEAN+BUILD] tendril ... OK+CLEANED (1.28s)
  Cleaned: tera
  [CLEAN+BUILD] tera ... OK+CLEANED (9.81s)
  Cleaned: fuzz
  [CLEAN+BUILD] fuzz ... OK+CLEANED (13.45s)
  Cleaned: term
  [CLEAN+BUILD] term ... OK+CLEANED (0.41s)
  Cleaned: termcolor
  [CLEAN+BUILD] termcolor ... OK+CLEANED (0.30s)
  Cleaned: wincolor
  [CLEAN+BUILD] wincolor ... OK+CLEANED (0.36s)
  Cleaned: terminal-size
  [CLEAN+BUILD] terminal-size ... OK+CLEANED (0.70s)
  Cleaned: termios-rs
  [CLEAN+BUILD] termios-rs ... OK+CLEANED (0.73s)
  Cleaned: termtree
  [CLEAN+BUILD] termtree ... OK+CLEANED (1.02s)
  Cleaned: test
  [CLEAN+BUILD] test ... OK+CLEANED (3.30s)
  Cleaned: test-case
  [CLEAN+BUILD] test-case ... OK+CLEANED (3.70s)
  Cleaned: test-log
  [CLEAN+BUILD] test-log ... OK+CLEANED (5.56s)
  Cleaned: macros
  [CLEAN+BUILD] macros ... OK+CLEANED (1.69s)
  Cleaned: textwrap
  [CLEAN+BUILD] textwrap ... OK+CLEANED (6.59s)
  Cleaned: benchmarks
  [CLEAN+BUILD] benchmarks ... OK+CLEANED (0.48s)
  Cleaned: fuzz
  [CLEAN+BUILD] fuzz ... OK+CLEANED (0.14s)
  Cleaned: thiserror
  [CLEAN+BUILD] thiserror ... OK+CLEANED (4.59s)
  Cleaned: impl
  [CLEAN+BUILD] impl ... OK+CLEANED (1.61s)
  Cleaned: thread-id
  [CLEAN+BUILD] thread-id ... FAILED: Build failed (see rusticate-mirify.errs) (1.33s)
  Cleaned: thread_local-rs
  [CLEAN+BUILD] thread_local-rs ... OK+CLEANED (0.36s)
  Cleaned: benches
  [CLEAN+BUILD] benches ... OK+CLEANED (6.53s)
  Cleaned: time
  [CLEAN+BUILD] time ... OK+CLEANED (5.67s)
  Cleaned: time
  [CLEAN+BUILD] time ... OK+CLEANED (5.69s)
  Cleaned: time-core
  [CLEAN+BUILD] time-core ... OK+CLEANED (0.20s)
  Cleaned: time-macros
  [CLEAN+BUILD] time-macros ... OK+CLEANED (0.26s)
  Cleaned: tiny-bip39
  [CLEAN+BUILD] tiny-bip39 ... OK+CLEANED (3.89s)
  Cleaned: tiny-http
  [CLEAN+BUILD] tiny-http ... OK+CLEANED (1.39s)
  Cleaned: tiny-keccak
  [CLEAN+BUILD] tiny-keccak ... FAILED: Build failed (see rusticate-mirify.errs) (0.19s)
  Cleaned: comparison
  [CLEAN+BUILD] comparison ... OK+CLEANED (0.93s)
  Cleaned: tiny-skia
  [CLEAN+BUILD] tiny-skia ... OK+CLEANED (2.17s)
  Cleaned: benches
  [CLEAN+BUILD] benches ... FAILED: Build failed (see rusticate-mirify.errs) (0.39s)
  Cleaned: path
  [CLEAN+BUILD] path ... OK+CLEANED (0.54s)
  Cleaned: tinyjson
  [CLEAN+BUILD] tinyjson ... OK+CLEANED (0.42s)
  Cleaned: bench
  [CLEAN+BUILD] bench ... OK+CLEANED (6.35s)
  Cleaned: fuzz
  [CLEAN+BUILD] fuzz ... OK+CLEANED (8.68s)
  Cleaned: tinyvec
  [CLEAN+BUILD] tinyvec ... OK+CLEANED (6.58s)
  Cleaned: fuzz
  [CLEAN+BUILD] fuzz ... FAILED: Build failed (see rusticate-mirify.errs) (2.81s)
  Cleaned: tinyvec_macros
  [CLEAN+BUILD] tinyvec_macros ... OK+CLEANED (0.15s)
  Cleaned: tls
  [CLEAN+BUILD] tls ... FAILED: Build failed (see rusticate-mirify.errs) (2.62s)
  Cleaned: tokio-native-tls
  [CLEAN+BUILD] tokio-native-tls ... FAILED: Build failed (see rusticate-mirify.errs) (2.50s)
  Cleaned: tokio
  [CLEAN+BUILD] tokio ... OK+CLEANED (21.93s)
  Cleaned: benches
  [CLEAN+BUILD] benches ... OK+CLEANED (0.17s)
  Cleaned: examples
  [CLEAN+BUILD] examples ... OK+CLEANED (0.13s)
  Cleaned: stress-test
  [CLEAN+BUILD] stress-test ... OK+CLEANED (0.13s)
  Cleaned: tests-build
  [CLEAN+BUILD] tests-build ... OK+CLEANED (4.06s)
  Cleaned: tests-integration
  [CLEAN+BUILD] tests-integration ... OK+CLEANED (3.91s)
  Cleaned: tokio
  [CLEAN+BUILD] tokio ... FAILED: Build failed (see rusticate-mirify.errs) (6.24s)
  Cleaned: tokio-macros
  [CLEAN+BUILD] tokio-macros ... OK+CLEANED (5.43s)
  Cleaned: tokio-stream
  [CLEAN+BUILD] tokio-stream ... OK+CLEANED (6.50s)
  Cleaned: tokio-test
  [CLEAN+BUILD] tokio-test ... OK+CLEANED (5.94s)
  Cleaned: tokio-util
  [CLEAN+BUILD] tokio-util ... FAILED: Build failed (see rusticate-mirify.errs) (6.41s)
  Cleaned: tokio-io-timeout
  [CLEAN+BUILD] tokio-io-timeout ... OK+CLEANED (5.02s)
  Cleaned: tokio-metrics
  [CLEAN+BUILD] tokio-metrics ... OK+CLEANED (19.05s)
  Cleaned: tokio-openssl
  [CLEAN+BUILD] tokio-openssl ... FAILED: Build failed (see rusticate-mirify.errs) (2.45s)
  Cleaned: tokio-rustls
  [CLEAN+BUILD] tokio-rustls ... OK+CLEANED (14.90s)
  Cleaned: tokio-socks
  [CLEAN+BUILD] tokio-socks ... OK+CLEANED (3.89s)
  Cleaned: tokio-tungstenite
  [CLEAN+BUILD] tokio-tungstenite ... OK+CLEANED (5.87s)
  Cleaned: toml
  [CLEAN+BUILD] toml ... OK+CLEANED (10.35s)
  Cleaned: tonic
  [CLEAN+BUILD] tonic ... FAILED: Build failed (see rusticate-mirify.errs) (18.44s)
  Cleaned: codegen
  [CLEAN+BUILD] codegen ... OK+CLEANED (6.61s)
  Cleaned: examples
  [CLEAN+BUILD] examples ... FAILED: Build failed (see rusticate-mirify.errs) (9.48s)
  Cleaned: grpc
  [CLEAN+BUILD] grpc ... OK+CLEANED (13.20s)
  Cleaned: interop
  [CLEAN+BUILD] interop ... FAILED: Build failed (see rusticate-mirify.errs) (10.75s)
  Cleaned: tonic
  [CLEAN+BUILD] tonic ... OK+CLEANED (9.80s)
  Cleaned: tonic-build
  [CLEAN+BUILD] tonic-build ... OK+CLEANED (2.54s)
  Cleaned: tonic-health
  [CLEAN+BUILD] tonic-health ... OK+CLEANED (5.35s)
  Cleaned: tonic-prost
  [CLEAN+BUILD] tonic-prost ... OK+CLEANED (5.04s)
  Cleaned: tonic-prost-build
  [CLEAN+BUILD] tonic-prost-build ... OK+CLEANED (5.54s)
  Cleaned: tonic-protobuf
  [CLEAN+BUILD] tonic-protobuf ... OK+CLEANED (4.25s)
  Cleaned: tonic-protobuf-build
  [CLEAN+BUILD] tonic-protobuf-build ... FAILED: Build failed (see rusticate-mirify.errs) (1.97s)
  Cleaned: tonic-reflection
  [CLEAN+BUILD] tonic-reflection ... FAILED: Build failed (see rusticate-mirify.errs) (9.86s)
  Cleaned: tonic-types
  [CLEAN+BUILD] tonic-types ... OK+CLEANED (4.76s)
  Cleaned: tonic-web
  [CLEAN+BUILD] tonic-web ... OK+CLEANED (5.22s)
  Cleaned: xds-client
  [CLEAN+BUILD] xds-client ... OK+CLEANED (0.18s)
  Cleaned: tower
  [CLEAN+BUILD] tower ... OK+CLEANED (5.14s)
  [CLEAN+BUILD] examples ... FAILED: Cargo clean failed:
error: current package believes it's in a workspace when it's not:
current:   /home/milnes/projects/RustCodebases/tower/examples/Cargo.toml
workspace: /home/milnes/projects/RustCodebases/tower/Cargo.toml

this may be fixable by adding `examples` to the `workspace.members` array of the manifest located at: /home/milnes/projects/RustCodebases/tower/Cargo.toml
Alternatively, to keep it out of the workspace, add the package to the `workspace.exclude` array, or add an empty `[workspace]` table to the package's manifest.
 (0.03s)
  Cleaned: tower
  [CLEAN+BUILD] tower ... OK+CLEANED (4.74s)
  Cleaned: tower-layer
  [CLEAN+BUILD] tower-layer ... OK+CLEANED (0.30s)
  Cleaned: tower-service
  [CLEAN+BUILD] tower-service ... OK+CLEANED (3.87s)
  Cleaned: tower-test
  [CLEAN+BUILD] tower-test ... OK+CLEANED (3.98s)
  Cleaned: tower-http
  [CLEAN+BUILD] tower-http ... FAILED: Build failed (see rusticate-mirify.errs) (7.76s)
  Cleaned: tower-http
  [CLEAN+BUILD] tower-http ... OK+CLEANED (7.02s)
  Cleaned: tracing
  [CLEAN+BUILD] tracing ... OK+CLEANED (14.31s)
  Cleaned: examples
  [CLEAN+BUILD] examples ... OK+CLEANED (0.22s)
  Cleaned: tracing
  [CLEAN+BUILD] tracing ... OK+CLEANED (9.10s)
  Cleaned: tracing-appender
  [CLEAN+BUILD] tracing-appender ... OK+CLEANED (7.27s)
  Cleaned: tracing-attributes
  [CLEAN+BUILD] tracing-attributes ... OK+CLEANED (6.49s)
  Cleaned: tracing-core
  [CLEAN+BUILD] tracing-core ... OK+CLEANED (0.57s)
  Cleaned: tracing-error
  [CLEAN+BUILD] tracing-error ... OK+CLEANED (1.20s)
  Cleaned: tracing-flame
  [CLEAN+BUILD] tracing-flame ... OK+CLEANED (1.45s)
  Cleaned: tracing-futures
  [CLEAN+BUILD] tracing-futures ... OK+CLEANED (4.56s)
  Cleaned: tracing-journald
  [CLEAN+BUILD] tracing-journald ... OK+CLEANED (4.85s)
  Cleaned: tracing-log
  [CLEAN+BUILD] tracing-log ... OK+CLEANED (6.31s)
  Cleaned: tracing-macros
  [CLEAN+BUILD] tracing-macros ... OK+CLEANED (4.44s)
  Cleaned: tracing-mock
  [CLEAN+BUILD] tracing-mock ... OK+CLEANED (3.84s)
  Cleaned: tracing-serde
  [CLEAN+BUILD] tracing-serde ... OK+CLEANED (1.74s)
  Cleaned: tracing-subscriber
  [CLEAN+BUILD] tracing-subscriber ... OK+CLEANED (8.49s)
  Cleaned: tracing-test
  [CLEAN+BUILD] tracing-test ... OK+CLEANED (2.78s)
  Cleaned: tracing-tower
  [CLEAN+BUILD] tracing-tower ... OK+CLEANED (3.89s)
  Cleaned: tracing-opentelemetry
  [CLEAN+BUILD] tracing-opentelemetry ... FAILED: Build failed (see rusticate-mirify.errs) (12.68s)
  Cleaned: tracing-test
  [CLEAN+BUILD] tracing-test ... OK+CLEANED (3.78s)
  Cleaned: tracing-test
  [CLEAN+BUILD] tracing-test ... OK+CLEANED (3.46s)
  Cleaned: tracing-test-macro
  [CLEAN+BUILD] tracing-test-macro ... OK+CLEANED (1.77s)
  Cleaned: tracing-test-macro-tests
  [CLEAN+BUILD] tracing-test-macro-tests ... OK+CLEANED (3.55s)
  Cleaned: traits
  [CLEAN+BUILD] traits ... OK+CLEANED (2.30s)
  Cleaned: aead
  [CLEAN+BUILD] aead ... OK+CLEANED (1.41s)
  Cleaned: cipher
  [CLEAN+BUILD] cipher ... OK+CLEANED (1.49s)
  Cleaned: crypto
  [CLEAN+BUILD] crypto ... OK+CLEANED (1.38s)
  Cleaned: crypto-common
  [CLEAN+BUILD] crypto-common ... OK+CLEANED (1.26s)
  Cleaned: digest
  [CLEAN+BUILD] digest ... OK+CLEANED (1.44s)
  Cleaned: elliptic-curve
  [CLEAN+BUILD] elliptic-curve ... OK+CLEANED (2.01s)
  Cleaned: kem
  [CLEAN+BUILD] kem ... OK+CLEANED (1.38s)
  Cleaned: password-hash
  [CLEAN+BUILD] password-hash ... OK+CLEANED (0.41s)
  Cleaned: signature
  [CLEAN+BUILD] signature ... OK+CLEANED (0.14s)
  Cleaned: universal-hash
  [CLEAN+BUILD] universal-hash ... OK+CLEANED (1.38s)
  Cleaned: treediff-rs
  [CLEAN+BUILD] treediff-rs ... OK+CLEANED (3.31s)
  Cleaned: treeline
  [CLEAN+BUILD] treeline ... OK+CLEANED (0.18s)
  Cleaned: triomphe
  [CLEAN+BUILD] triomphe ... OK+CLEANED (1.49s)
  Cleaned: try-lock
  [CLEAN+BUILD] try-lock ... OK+CLEANED (0.16s)
  Cleaned: trybuild
  [CLEAN+BUILD] trybuild ... OK+CLEANED (4.27s)
  Cleaned: fuzz
  [CLEAN+BUILD] fuzz ... OK+CLEANED (0.12s)
  Cleaned: ttf-parser
  [CLEAN+BUILD] ttf-parser ... OK+CLEANED (1.92s)
  Cleaned: benches
  [CLEAN+BUILD] benches ... OK+CLEANED (0.12s)
  Cleaned: c-api
  [CLEAN+BUILD] c-api ... OK+CLEANED (1.04s)
  Cleaned: tungstenite-rs
  [CLEAN+BUILD] tungstenite-rs ... OK+CLEANED (7.69s)
  Cleaned: fuzz
  [CLEAN+BUILD] fuzz ... OK+CLEANED (9.81s)
  Cleaned: twoway
  [CLEAN+BUILD] twoway ... OK+CLEANED (1.84s)
  Cleaned: fuzz
  [CLEAN+BUILD] fuzz ... OK+CLEANED (8.95s)
  Cleaned: twox-hash
  [CLEAN+BUILD] twox-hash ... OK+CLEANED (2.11s)
  Cleaned: asmasm
  [CLEAN+BUILD] asmasm ... FAILED: Build failed (see rusticate-mirify.errs) (1.06s)
  Cleaned: comparison
  [CLEAN+BUILD] comparison ... FAILED: Build failed (see rusticate-mirify.errs) (4.39s)
  Cleaned: twox-hash-sum
  [CLEAN+BUILD] twox-hash-sum ... OK+CLEANED (1.68s)
  Cleaned: xx_hash-sys
  [CLEAN+BUILD] xx_hash-sys ... FAILED: Build failed (see rusticate-mirify.errs) (0.95s)
  Cleaned: typeid
  [CLEAN+BUILD] typeid ... OK+CLEANED (0.32s)
  Cleaned: typenum
  [CLEAN+BUILD] typenum ... OK+CLEANED (2.25s)
  Cleaned: generate
  [CLEAN+BUILD] generate ... OK+CLEANED (0.20s)
  Cleaned: typetag
  [CLEAN+BUILD] typetag ... OK+CLEANED (5.98s)
  Cleaned: impl
  [CLEAN+BUILD] impl ... OK+CLEANED (1.80s)
  Cleaned: typify
  [CLEAN+BUILD] typify ... OK+CLEANED (14.66s)
  Cleaned: cargo-typify
  [CLEAN+BUILD] cargo-typify ... OK+CLEANED (10.51s)
  Cleaned: example-build
  [CLEAN+BUILD] example-build ... OK+CLEANED (9.06s)
  Cleaned: example-macro
  [CLEAN+BUILD] example-macro ... OK+CLEANED (8.65s)
  Cleaned: typify
  [CLEAN+BUILD] typify ... OK+CLEANED (9.92s)
  Cleaned: typify-impl
  [CLEAN+BUILD] typify-impl ... OK+CLEANED (9.87s)
  Cleaned: typify-macro
  [CLEAN+BUILD] typify-macro ... OK+CLEANED (6.81s)
  Cleaned: typify-test
  [CLEAN+BUILD] typify-test ... FAILED: Build failed (see rusticate-mirify.errs) (9.17s)
  Cleaned: ucd-generate
  [CLEAN+BUILD] ucd-generate ... OK+CLEANED (1.83s)
  Cleaned: ucd-parse
  [CLEAN+BUILD] ucd-parse ... OK+CLEANED (0.82s)
  Cleaned: ucd-trie
  [CLEAN+BUILD] ucd-trie ... OK+CLEANED (0.37s)
  Cleaned: ucd-util
  [CLEAN+BUILD] ucd-util ... OK+CLEANED (0.22s)
  Cleaned: unarray
  [CLEAN+BUILD] unarray ... OK+CLEANED (4.51s)
  Cleaned: uncased
  [CLEAN+BUILD] uncased ... OK+CLEANED (0.42s)
  Cleaned: unicase
  [CLEAN+BUILD] unicase ... OK+CLEANED (0.26s)
  Cleaned: unicode-bidi
  [CLEAN+BUILD] unicode-bidi ... OK+CLEANED (2.01s)
  Cleaned: unicode-categories
  [CLEAN+BUILD] unicode-categories ... OK+CLEANED (0.22s)
  Cleaned: unicode-id
  [CLEAN+BUILD] unicode-id ... OK+CLEANED (0.21s)
  Cleaned: unicode-id-start
  [CLEAN+BUILD] unicode-id-start ... OK+CLEANED (5.78s)
  Cleaned: diagram
  [CLEAN+BUILD] diagram ... OK+CLEANED (10.87s)
  Cleaned: generate
  [CLEAN+BUILD] generate ... OK+CLEANED (0.22s)
  Cleaned: unicode-ident
  [CLEAN+BUILD] unicode-ident ... OK+CLEANED (6.11s)
  Cleaned: diagram
  [CLEAN+BUILD] diagram ... OK+CLEANED (11.26s)
  Cleaned: generate
  [CLEAN+BUILD] generate ... OK+CLEANED (2.48s)
  Cleaned: unicode-linebreak
  [CLEAN+BUILD] unicode-linebreak ... FAILED: Build failed (see rusticate-mirify.errs) (0.12s)
  Cleaned: gen-tables
  [CLEAN+BUILD] gen-tables ... OK+CLEANED (2.66s)
  Cleaned: unicode-normalization
  [CLEAN+BUILD] unicode-normalization ... OK+CLEANED (1.38s)
  Cleaned: fuzz
  [CLEAN+BUILD] fuzz ... OK+CLEANED (0.15s)
  Cleaned: unicode-properties
  [CLEAN+BUILD] unicode-properties ... OK+CLEANED (0.25s)
  Cleaned: unicode-script
  [CLEAN+BUILD] unicode-script ... OK+CLEANED (0.33s)
  Cleaned: unicode-segmentation
  [CLEAN+BUILD] unicode-segmentation ... OK+CLEANED (7.41s)
  Cleaned: fuzz
  [CLEAN+BUILD] fuzz ... OK+CLEANED (0.15s)
  Cleaned: unicode-width
  [CLEAN+BUILD] unicode-width ... OK+CLEANED (0.88s)
  Cleaned: unicode-xid
  [CLEAN+BUILD] unicode-xid ... OK+CLEANED (6.10s)
  Cleaned: universal-hashes
  [CLEAN+BUILD] universal-hashes ... OK+CLEANED (1.55s)
  Cleaned: ghash
  [CLEAN+BUILD] ghash ... OK+CLEANED (1.43s)
  Cleaned: poly1305
  [CLEAN+BUILD] poly1305 ... OK+CLEANED (1.45s)
  Cleaned: polyval
  [CLEAN+BUILD] polyval ... OK+CLEANED (1.44s)
  Cleaned: unsafe-libyaml
  [CLEAN+BUILD] unsafe-libyaml ... FAILED: Build failed (see rusticate-mirify.errs) (3.10s)
  Cleaned: fuzz
  [CLEAN+BUILD] fuzz ... OK+CLEANED (0.12s)
  Cleaned: unsigned-varint
  [CLEAN+BUILD] unsigned-varint ... OK+CLEANED (6.43s)
  Cleaned: untrusted
  [CLEAN+BUILD] untrusted ... OK+CLEANED (0.21s)
  Cleaned: ureq
  [CLEAN+BUILD] ureq ... OK+CLEANED (15.28s)
  Cleaned: uriparse-rs
  [CLEAN+BUILD] uriparse-rs ... OK+CLEANED (4.99s)
  Cleaned: fuzz
  [CLEAN+BUILD] fuzz ... OK+CLEANED (8.96s)
  Cleaned: utf16_iter
  [CLEAN+BUILD] utf16_iter ... OK+CLEANED (0.21s)
  Cleaned: fuzz
  [CLEAN+BUILD] fuzz ... OK+CLEANED (0.13s)
  Cleaned: utf8-ranges
  [CLEAN+BUILD] utf8-ranges ... OK+CLEANED (1.50s)
  Cleaned: utf8-width
  [CLEAN+BUILD] utf8-width ... OK+CLEANED (0.29s)
  Cleaned: utf8_iter
  [CLEAN+BUILD] utf8_iter ... OK+CLEANED (0.19s)
  Cleaned: fuzz
  [CLEAN+BUILD] fuzz ... OK+CLEANED (0.12s)
  Cleaned: utils
  [CLEAN+BUILD] utils ... OK+CLEANED (5.40s)
  Cleaned: aarch64-dit
  [CLEAN+BUILD] aarch64-dit ... FAILED: Build failed (see rusticate-mirify.errs) (0.15s)
  Cleaned: blobby
  [CLEAN+BUILD] blobby ... OK+CLEANED (0.18s)
  Cleaned: block-buffer
  [CLEAN+BUILD] block-buffer ... OK+CLEANED (1.20s)
  Cleaned: block-padding
  [CLEAN+BUILD] block-padding ... OK+CLEANED (0.84s)
  Cleaned: cmov
  [CLEAN+BUILD] cmov ... OK+CLEANED (0.27s)
  Cleaned: collectable
  [CLEAN+BUILD] collectable ... OK+CLEANED (0.14s)
  Cleaned: cpufeatures
  [CLEAN+BUILD] cpufeatures ... OK+CLEANED (0.18s)
  Cleaned: dbl
  [CLEAN+BUILD] dbl ... OK+CLEANED (0.83s)
  Cleaned: digest-io
  [CLEAN+BUILD] digest-io ... OK+CLEANED (2.50s)
  Cleaned: hex-literal
  [CLEAN+BUILD] hex-literal ... OK+CLEANED (0.21s)
  Cleaned: inout
  [CLEAN+BUILD] inout ... OK+CLEANED (1.10s)
  Cleaned: opaque-debug
  [CLEAN+BUILD] opaque-debug ... OK+CLEANED (0.19s)
  Cleaned: wycheproof2blb
  [CLEAN+BUILD] wycheproof2blb ... OK+CLEANED (3.74s)
  Cleaned: zeroize
  [CLEAN+BUILD] zeroize ... OK+CLEANED (0.35s)
  Cleaned: zeroize_derive
  [CLEAN+BUILD] zeroize_derive ... OK+CLEANED (3.19s)
  Cleaned: utoipa
  [CLEAN+BUILD] utoipa ... OK+CLEANED (37.66s)
  Cleaned: utoipa
  [CLEAN+BUILD] utoipa ... OK+CLEANED (9.81s)
  Cleaned: utoipa-actix-web
  [CLEAN+BUILD] utoipa-actix-web ... OK+CLEANED (12.36s)
  Cleaned: utoipa-axum
  [CLEAN+BUILD] utoipa-axum ... OK+CLEANED (8.55s)
  Cleaned: utoipa-config
  [CLEAN+BUILD] utoipa-config ... OK+CLEANED (3.51s)
  Cleaned: utoipa-gen
  [CLEAN+BUILD] utoipa-gen ... OK+CLEANED (23.05s)
  Cleaned: utoipa-rapidoc
  [CLEAN+BUILD] utoipa-rapidoc ... OK+CLEANED (18.69s)
  Cleaned: utoipa-redoc
  [CLEAN+BUILD] utoipa-redoc ... OK+CLEANED (21.99s)
  Cleaned: utoipa-scalar
  [CLEAN+BUILD] utoipa-scalar ... OK+CLEANED (17.95s)
  Cleaned: utoipa-swagger-ui
  [CLEAN+BUILD] utoipa-swagger-ui ... OK+CLEANED (23.26s)
  Cleaned: utoipa-swagger-ui-vendored
  [CLEAN+BUILD] utoipa-swagger-ui-vendored ... OK+CLEANED (0.50s)
  Cleaned: uuid
  [CLEAN+BUILD] uuid ... OK+CLEANED (4.52s)
  Cleaned: examples
  [CLEAN+BUILD] examples ... OK+CLEANED (0.14s)
  Cleaned: fuzz
  [CLEAN+BUILD] fuzz ... OK+CLEANED (0.12s)
  Cleaned: macros
  [CLEAN+BUILD] macros ... OK+CLEANED (1.48s)
  Cleaned: rng
  [CLEAN+BUILD] rng ... OK+CLEANED (0.15s)
  Cleaned: v_frame
  [CLEAN+BUILD] v_frame ... OK+CLEANED (6.48s)
  Cleaned: valico
  [CLEAN+BUILD] valico ... OK+CLEANED (7.46s)
  Cleaned: validator
  [CLEAN+BUILD] validator ... OK+CLEANED (7.46s)
  Cleaned: validator
  [CLEAN+BUILD] validator ... OK+CLEANED (5.01s)
  Cleaned: validator_derive
  [CLEAN+BUILD] validator_derive ... OK+CLEANED (3.68s)
  Cleaned: validator_derive_tests
  [CLEAN+BUILD] validator_derive_tests ... OK+CLEANED (7.23s)
  Cleaned: valuable
  [CLEAN+BUILD] valuable ... OK+CLEANED (6.50s)
  Cleaned: tests
  [CLEAN+BUILD] tests ... FAILED: Build failed (see rusticate-mirify.errs) (4.76s)
  Cleaned: valuable
  [CLEAN+BUILD] valuable ... OK+CLEANED (5.46s)
  Cleaned: valuable-derive
  [CLEAN+BUILD] valuable-derive ... OK+CLEANED (2.61s)
  Cleaned: valuable-serde
  [CLEAN+BUILD] valuable-serde ... OK+CLEANED (3.95s)
  Cleaned: value-bag
  [CLEAN+BUILD] value-bag ... OK+CLEANED (1.98s)
  Cleaned: vcpkg-rs
  [CLEAN+BUILD] vcpkg-rs ... OK+CLEANED (1.51s)
  Cleaned: systest
  [CLEAN+BUILD] systest ... FAILED: Build failed (see rusticate-mirify.errs) (1.11s)
  Cleaned: vcpkg_cli
  [CLEAN+BUILD] vcpkg_cli ... OK+CLEANED (1.85s)
  Cleaned: vec-map
  [CLEAN+BUILD] vec-map ... OK+CLEANED (3.65s)
  Cleaned: vergen
  [CLEAN+BUILD] vergen ... OK+CLEANED (19.45s)
  Cleaned: test_util
  [CLEAN+BUILD] test_util ... OK+CLEANED (3.01s)
  Cleaned: vergen
  [CLEAN+BUILD] vergen ... OK+CLEANED (6.58s)
  Cleaned: vergen-git2
  [CLEAN+BUILD] vergen-git2 ... OK+CLEANED (17.65s)
  Cleaned: vergen-gitcl
  [CLEAN+BUILD] vergen-gitcl ... OK+CLEANED (13.48s)
  Cleaned: vergen-gix
  [CLEAN+BUILD] vergen-gix ... OK+CLEANED (14.17s)
  Cleaned: vergen-lib
  [CLEAN+BUILD] vergen-lib ... OK+CLEANED (6.17s)
  Cleaned: vergen-pretty
  [CLEAN+BUILD] vergen-pretty ... OK+CLEANED (6.35s)
  Cleaned: version_check
  [CLEAN+BUILD] version_check ... OK+CLEANED (0.45s)
  Cleaned: virtue
  [CLEAN+BUILD] virtue ... OK+CLEANED (0.91s)
  Cleaned: test
  [CLEAN+BUILD] test ... OK+CLEANED (0.63s)
  Cleaned: vsdb
  [CLEAN+BUILD] vsdb ... OK+CLEANED (16.13s)
  Cleaned: core
  [CLEAN+BUILD] core ... OK+CLEANED (9.01s)
  Cleaned: wrappers
  [CLEAN+BUILD] wrappers ... OK+CLEANED (15.65s)
  Cleaned: vte
  [CLEAN+BUILD] vte ... OK+CLEANED (0.55s)
  Cleaned: wait-timeout
  [CLEAN+BUILD] wait-timeout ... OK+CLEANED (0.85s)
  Cleaned: waker-fn
  [CLEAN+BUILD] waker-fn ... OK+CLEANED (0.14s)
  Cleaned: walkdir
  [CLEAN+BUILD] walkdir ... OK+CLEANED (0.57s)
  Cleaned: walkdir-list
  [CLEAN+BUILD] walkdir-list ... OK+CLEANED (1.53s)
  Cleaned: want
  [CLEAN+BUILD] want ... OK+CLEANED (1.27s)
  Cleaned: warp
  [CLEAN+BUILD] warp ... OK+CLEANED (7.78s)
  Cleaned: wasi-rs
  [CLEAN+BUILD] wasi-rs ... OK+CLEANED (0.85s)
  Cleaned: wasite
  [CLEAN+BUILD] wasite ... FAILED: Build failed (see rusticate-mirify.errs) (0.50s)
  Cleaned: wasm-bindgen
  [CLEAN+BUILD] wasm-bindgen ... OK+CLEANED (6.80s)
  Cleaned: benchmarks
  [CLEAN+BUILD] benchmarks ... OK+CLEANED (5.68s)
  Cleaned: wasm-streams
  [CLEAN+BUILD] wasm-streams ... FAILED: Build failed (see rusticate-mirify.errs) (0.32s)
  Cleaned: wasm-timer
  [CLEAN+BUILD] wasm-timer ... OK+CLEANED (4.77s)
  Cleaned: wasm-tools
  [CLEAN+BUILD] wasm-tools ... OK+CLEANED (21.77s)
  Cleaned: fuzz
  [CLEAN+BUILD] fuzz ... OK+CLEANED (13.54s)
  Cleaned: wasmtime
  [CLEAN+BUILD] wasmtime ... FAILED: Build failed (see rusticate-mirify.errs) (0.82s)
  Cleaned: cranelift
  [CLEAN+BUILD] cranelift ... FAILED: Build failed (see rusticate-mirify.errs) (0.24s)
  Cleaned: fuzz
  [CLEAN+BUILD] fuzz ... OK+CLEANED (0.25s)
  Cleaned: pulley
  [CLEAN+BUILD] pulley ... FAILED: Build failed (see rusticate-mirify.errs) (0.19s)
  Cleaned: wayland-rs
  [CLEAN+BUILD] wayland-rs ... FAILED: Build failed (see rusticate-mirify.errs) (1.25s)
  Cleaned: wayland-backend
  [CLEAN+BUILD] wayland-backend ... FAILED: Build failed (see rusticate-mirify.errs) (1.42s)
  Cleaned: wayland-client
  [CLEAN+BUILD] wayland-client ... FAILED: Build failed (see rusticate-mirify.errs) (4.08s)
  Cleaned: wayland-cursor
  [CLEAN+BUILD] wayland-cursor ... OK+CLEANED (3.65s)
  Cleaned: wayland-egl
  [CLEAN+BUILD] wayland-egl ... FAILED: Build failed (see rusticate-mirify.errs) (0.89s)
  Cleaned: wayland-protocols
  [CLEAN+BUILD] wayland-protocols ... OK+CLEANED (2.83s)
  Cleaned: wayland-protocols-experimental
  [CLEAN+BUILD] wayland-protocols-experimental ... OK+CLEANED (2.94s)
  Cleaned: wayland-protocols-misc
  [CLEAN+BUILD] wayland-protocols-misc ... OK+CLEANED (2.95s)
  Cleaned: wayland-protocols-plasma
  [CLEAN+BUILD] wayland-protocols-plasma ... OK+CLEANED (2.86s)
  Cleaned: wayland-protocols-wlr
  [CLEAN+BUILD] wayland-protocols-wlr ... OK+CLEANED (2.87s)
  Cleaned: wayland-scanner
  [CLEAN+BUILD] wayland-scanner ... OK+CLEANED (1.21s)
  Cleaned: wayland-server
  [CLEAN+BUILD] wayland-server ... OK+CLEANED (3.41s)
  Cleaned: wayland-sys
  [CLEAN+BUILD] wayland-sys ... OK+CLEANED (0.46s)
  Cleaned: wayland-tests
  [CLEAN+BUILD] wayland-tests ... FAILED: Build failed (see rusticate-mirify.errs) (3.63s)
  Cleaned: web-time
  [CLEAN+BUILD] web-time ... OK+CLEANED (5.08s)
  Cleaned: tests-native
  [CLEAN+BUILD] tests-native ... OK+CLEANED (0.15s)
  Cleaned: tests-web
  [CLEAN+BUILD] tests-web ... OK+CLEANED (0.49s)
  Cleaned: webbrowser-rs
  [CLEAN+BUILD] webbrowser-rs ... OK+CLEANED (16.07s)
  Cleaned: webpki
  [CLEAN+BUILD] webpki ... OK+CLEANED (11.06s)
  Cleaned: webpki-roots
  [CLEAN+BUILD] webpki-roots ... OK+CLEANED (18.39s)
  Cleaned: webpki-ccadb
  [CLEAN+BUILD] webpki-ccadb ... OK+CLEANED (8.10s)
  Cleaned: webpki-root-certs
  [CLEAN+BUILD] webpki-root-certs ... OK+CLEANED (9.04s)
  Cleaned: webpki-roots
  [CLEAN+BUILD] webpki-roots ... OK+CLEANED (18.18s)
  Cleaned: weezl
  [CLEAN+BUILD] weezl ... OK+CLEANED (7.05s)
  Cleaned: fuzz
  [CLEAN+BUILD] fuzz ... OK+CLEANED (8.56s)
  Cleaned: wgpu
  [CLEAN+BUILD] wgpu ... OK+CLEANED (43.24s)
  Cleaned: benches
  [CLEAN+BUILD] benches ... OK+CLEANED (27.34s)
  Cleaned: cts_runner
  [CLEAN+BUILD] cts_runner ... OK+CLEANED (33.78s)
  Cleaned: deno_webgpu
  [CLEAN+BUILD] deno_webgpu ... OK+CLEANED (29.79s)
  Cleaned: lock-analyzer
  [CLEAN+BUILD] lock-analyzer ... OK+CLEANED (4.20s)
  Cleaned: naga
  [CLEAN+BUILD] naga ... OK+CLEANED (27.42s)
  Cleaned: naga-cli
  [CLEAN+BUILD] naga-cli ... OK+CLEANED (0.25s)
  Cleaned: naga-test
  [CLEAN+BUILD] naga-test ... OK+CLEANED (16.26s)
  Cleaned: player
  [CLEAN+BUILD] player ... OK+CLEANED (22.96s)
  Cleaned: tests
  [CLEAN+BUILD] tests ... OK+CLEANED (26.57s)
  Cleaned: wgpu
  [CLEAN+BUILD] wgpu ... OK+CLEANED (18.47s)
  Cleaned: wgpu-core
  [CLEAN+BUILD] wgpu-core ... OK+CLEANED (10.28s)
  Cleaned: wgpu-hal
  [CLEAN+BUILD] wgpu-hal ... OK+CLEANED (13.69s)
  Cleaned: wgpu-info
  [CLEAN+BUILD] wgpu-info ... OK+CLEANED (21.44s)
  Cleaned: wgpu-macros
  [CLEAN+BUILD] wgpu-macros ... OK+CLEANED (1.87s)
  Cleaned: wgpu-types
  [CLEAN+BUILD] wgpu-types ... OK+CLEANED (4.06s)
  Cleaned: xtask
  [CLEAN+BUILD] xtask ... OK+CLEANED (0.74s)
  Cleaned: which-rs
  [CLEAN+BUILD] which-rs ... OK+CLEANED (1.63s)
  Cleaned: whoami
  [CLEAN+BUILD] whoami ... OK+CLEANED (4.69s)
  Cleaned: example-web
  [CLEAN+BUILD] example-web ... OK+CLEANED (4.64s)
  Cleaned: whoami
  [CLEAN+BUILD] whoami ... OK+CLEANED (0.21s)
  Cleaned: xtask
  [CLEAN+BUILD] xtask ... OK+CLEANED (0.13s)
  Cleaned: wide
  [CLEAN+BUILD] wide ... FAILED: Build failed (see rusticate-mirify.errs) (0.13s)
  Cleaned: widestring-rs
  [CLEAN+BUILD] widestring-rs ... OK+CLEANED (3.29s)
  Cleaned: winapi-rs
  [CLEAN+BUILD] winapi-rs ... OK+CLEANED (0.61s)
  Cleaned: i686
  [CLEAN+BUILD] i686 ... OK+CLEANED (0.26s)
  Cleaned: x86_64
  [CLEAN+BUILD] x86_64 ... OK+CLEANED (0.28s)
  Cleaned: winapi-util
  [CLEAN+BUILD] winapi-util ... OK+CLEANED (0.14s)
  Cleaned: windows-rs
  [CLEAN+BUILD] windows-rs ... FAILED: Build failed (see rusticate-mirify.errs) (14.00s)
  Cleaned: winit
  [CLEAN+BUILD] winit ... FAILED: Build failed (see rusticate-mirify.errs) (0.29s)
  Cleaned: dpi
  [CLEAN+BUILD] dpi ... OK+CLEANED (0.32s)
  Cleaned: winit
  [CLEAN+BUILD] winit ... FAILED: Build failed (see rusticate-mirify.errs) (0.14s)
  Cleaned: winit-android
  [CLEAN+BUILD] winit-android ... FAILED: Build failed (see rusticate-mirify.errs) (0.14s)
  Cleaned: winit-appkit
  [CLEAN+BUILD] winit-appkit ... FAILED: Build failed (see rusticate-mirify.errs) (0.15s)
  Cleaned: winit-common
  [CLEAN+BUILD] winit-common ... FAILED: Build failed (see rusticate-mirify.errs) (0.13s)
  Cleaned: winit-core
  [CLEAN+BUILD] winit-core ... FAILED: Build failed (see rusticate-mirify.errs) (0.15s)
  Cleaned: winit-orbital
  [CLEAN+BUILD] winit-orbital ... FAILED: Build failed (see rusticate-mirify.errs) (0.14s)
  Cleaned: winit-uikit
  [CLEAN+BUILD] winit-uikit ... FAILED: Build failed (see rusticate-mirify.errs) (0.14s)
  Cleaned: winit-wayland
  [CLEAN+BUILD] winit-wayland ... FAILED: Build failed (see rusticate-mirify.errs) (0.15s)
  Cleaned: winit-web
  [CLEAN+BUILD] winit-web ... FAILED: Build failed (see rusticate-mirify.errs) (0.14s)
  Cleaned: winit-win32
  [CLEAN+BUILD] winit-win32 ... FAILED: Build failed (see rusticate-mirify.errs) (0.16s)
  Cleaned: winit-x11
  [CLEAN+BUILD] winit-x11 ... FAILED: Build failed (see rusticate-mirify.errs) (0.15s)
  Cleaned: winnow
  [CLEAN+BUILD] winnow ... OK+CLEANED (11.24s)
  Cleaned: fuzz
  [CLEAN+BUILD] fuzz ... OK+CLEANED (0.16s)
  Cleaned: winreg-rs
  [CLEAN+BUILD] winreg-rs ... FAILED: Build failed (see rusticate-mirify.errs) (3.60s)
  Cleaned: winsafe
  [CLEAN+BUILD] winsafe ... OK+CLEANED (0.15s)
  Cleaned: wiremock-rs
  [CLEAN+BUILD] wiremock-rs ... FAILED: Build failed (see rusticate-mirify.errs) (3.14s)
  Cleaned: wit-bindgen
  [CLEAN+BUILD] wit-bindgen ... OK+CLEANED (14.74s)
  Cleaned: write16
  [CLEAN+BUILD] write16 ... OK+CLEANED (0.14s)
  Cleaned: wyz
  [CLEAN+BUILD] wyz ... OK+CLEANED (0.28s)
  Cleaned: x11-rs
  [CLEAN+BUILD] x11-rs ... OK+CLEANED (2.14s)
  Cleaned: x11
  [CLEAN+BUILD] x11 ... OK+CLEANED (1.14s)
  Cleaned: x11-dl
  [CLEAN+BUILD] x11-dl ... OK+CLEANED (2.10s)
  Cleaned: x11rb
  [CLEAN+BUILD] x11rb ... FAILED: Build failed (see rusticate-mirify.errs) (15.70s)
  Cleaned: cairo-example
  [CLEAN+BUILD] cairo-example ... FAILED: Build failed (see rusticate-mirify.errs) (5.51s)
  Cleaned: extract-generated-code-doc
  [CLEAN+BUILD] extract-generated-code-doc ... OK+CLEANED (2.49s)
  Cleaned: generator
  [CLEAN+BUILD] generator ... OK+CLEANED (3.10s)
  Cleaned: x11rb
  [CLEAN+BUILD] x11rb ... OK+CLEANED (3.21s)
  Cleaned: x11rb-async
  [CLEAN+BUILD] x11rb-async ... OK+CLEANED (4.78s)
  Cleaned: x11rb-protocol
  [CLEAN+BUILD] x11rb-protocol ... OK+CLEANED (8.41s)
  Cleaned: xcbgen-rs
  [CLEAN+BUILD] xcbgen-rs ... OK+CLEANED (0.70s)
  Cleaned: xkbcommon-example
  [CLEAN+BUILD] xkbcommon-example ... OK+CLEANED (4.13s)
  Cleaned: xtrace-example
  [CLEAN+BUILD] xtrace-example ... OK+CLEANED (12.85s)
  Cleaned: x509-parser
  [CLEAN+BUILD] x509-parser ... OK+CLEANED (6.15s)
  Cleaned: fuzz
  [CLEAN+BUILD] fuzz ... FAILED: Build failed (see rusticate-mirify.errs) (1.27s)
  Cleaned: xattr
  [CLEAN+BUILD] xattr ... OK+CLEANED (1.31s)
  Cleaned: xcursor-rs
  [CLEAN+BUILD] xcursor-rs ... OK+CLEANED (0.25s)
  Cleaned: xdg-home
  [CLEAN+BUILD] xdg-home ... OK+CLEANED (0.73s)
  Cleaned: xml-rs
  [CLEAN+BUILD] xml-rs ... OK+CLEANED (0.78s)
  Cleaned: xmlparser
  [CLEAN+BUILD] xmlparser ... OK+CLEANED (0.72s)
  Cleaned: afl-fuzz
  [CLEAN+BUILD] afl-fuzz ... OK+CLEANED (3.72s)
  Cleaned: fuzz
  [CLEAN+BUILD] fuzz ... OK+CLEANED (9.02s)
  Cleaned: xxhash-rust
  [CLEAN+BUILD] xxhash-rust ... OK+CLEANED (1.44s)
  Cleaned: xz2-rs
  [CLEAN+BUILD] xz2-rs ... FAILED: Build failed (see rusticate-mirify.errs) (2.42s)
  Cleaned: lzma-sys
  [CLEAN+BUILD] lzma-sys ... FAILED: Build failed (see rusticate-mirify.errs) (0.97s)
  Cleaned: systest
  [CLEAN+BUILD] systest ... FAILED: Build failed (see rusticate-mirify.errs) (2.14s)
  Cleaned: yaml-rust
  [CLEAN+BUILD] yaml-rust ... OK+CLEANED (3.39s)
  Cleaned: yaml-rust2
  [CLEAN+BUILD] yaml-rust2 ... OK+CLEANED (4.23s)
  Cleaned: yamux
  [CLEAN+BUILD] yamux ... OK+CLEANED (8.01s)
  Cleaned: quickcheck-ext
  [CLEAN+BUILD] quickcheck-ext ... OK+CLEANED (2.92s)
  Cleaned: test-harness
  [CLEAN+BUILD] test-harness ... OK+CLEANED (7.98s)
  Cleaned: yamux
  [CLEAN+BUILD] yamux ... OK+CLEANED (3.94s)
  Cleaned: yansi
  [CLEAN+BUILD] yansi ... OK+CLEANED (0.44s)
  Cleaned: yasna.rs
  [CLEAN+BUILD] yasna.rs ... OK+CLEANED (1.16s)
  Cleaned: fuzz
  [CLEAN+BUILD] fuzz ... OK+CLEANED (0.11s)
  Cleaned: zbus
  [CLEAN+BUILD] zbus ... OK+CLEANED (20.99s)
  Cleaned: zbus
  [CLEAN+BUILD] zbus ... OK+CLEANED (17.68s)
  Cleaned: zbus_macros
  [CLEAN+BUILD] zbus_macros ... OK+CLEANED (14.71s)
  Cleaned: zbus_names
  [CLEAN+BUILD] zbus_names ... OK+CLEANED (7.89s)
  Cleaned: zbus_xml
  [CLEAN+BUILD] zbus_xml ... OK+CLEANED (7.43s)
  Cleaned: zbus_xmlgen
  [CLEAN+BUILD] zbus_xmlgen ... OK+CLEANED (13.77s)
  Cleaned: zvariant
  [CLEAN+BUILD] zvariant ... OK+CLEANED (9.14s)
  Cleaned: zvariant_derive
  [CLEAN+BUILD] zvariant_derive ... OK+CLEANED (7.28s)
  Cleaned: zvariant_utils
  [CLEAN+BUILD] zvariant_utils ... OK+CLEANED (6.87s)
  Cleaned: zerocopy
  [CLEAN+BUILD] zerocopy ... OK+CLEANED (11.74s)
  Cleaned: testutil
  [CLEAN+BUILD] testutil ... OK+CLEANED (5.06s)
  Cleaned: tools
  [CLEAN+BUILD] tools ... OK+CLEANED (3.04s)
  Cleaned: zerocopy-derive
  [CLEAN+BUILD] zerocopy-derive ... FAILED: Build failed (see rusticate-mirify.errs) (11.06s)
  Cleaned: zip2
  [CLEAN+BUILD] zip2 ... OK+CLEANED (9.43s)
  Cleaned: fuzz_read
  [CLEAN+BUILD] fuzz_read ... OK+CLEANED (18.31s)
  Cleaned: fuzz_write
  [CLEAN+BUILD] fuzz_write ... FAILED: Build failed (see rusticate-mirify.errs) (18.52s)
  Cleaned: zlib-rs
  [CLEAN+BUILD] zlib-rs ... FAILED: Build failed (see rusticate-mirify.errs) (1.93s)
  Cleaned: dynamic-libz-sys
  [CLEAN+BUILD] dynamic-libz-sys ... OK+CLEANED (0.30s)
  Cleaned: fuzz
  [CLEAN+BUILD] fuzz ... OK+CLEANED (0.14s)
  Cleaned: libz-rs-sys
  [CLEAN+BUILD] libz-rs-sys ... OK+CLEANED (2.72s)
  Cleaned: libz-rs-sys-cdylib
  [CLEAN+BUILD] libz-rs-sys-cdylib ... OK+CLEANED (1.99s)
  Cleaned: test-libz-rs-sys
  [CLEAN+BUILD] test-libz-rs-sys ... FAILED: Build failed (see rusticate-mirify.errs) (1.91s)
  Cleaned: zlib-rs
  [CLEAN+BUILD] zlib-rs ... OK+CLEANED (7.13s)
  Cleaned: zookeeper-client-rust
  [CLEAN+BUILD] zookeeper-client-rust ... OK+CLEANED (19.84s)
  Cleaned: zopfli
  [CLEAN+BUILD] zopfli ... OK+CLEANED (4.14s)
  Cleaned: zstd-rs
  [CLEAN+BUILD] zstd-rs ... FAILED: Build failed (see rusticate-mirify.errs) (2.49s)
  Cleaned: zstd-safe
  [CLEAN+BUILD] zstd-safe ... FAILED: Build failed (see rusticate-mirify.errs) (1.80s)
  Cleaned: zune-image
  [CLEAN+BUILD] zune-image ... OK+CLEANED (7.35s)
  Cleaned: benchmarks
  [CLEAN+BUILD] benchmarks ... OK+CLEANED (10.53s)
  Cleaned: tests
  [CLEAN+BUILD] tests ... OK+CLEANED (3.74s)

=== Summary ===
Total projects: 2682
  MIR cached:   0
  Compiled:     2258 (84.2%)
  Failed:       424

TOTAL TIME: 15760819 ms (15760.82 seconds)
Finished: Instant { tv_sec: 161688, tv_nsec: 735512881 }
